[0.444s] Invoking command in '/home/jbaghiro/testWS/build/turtlebot3_node': CMAKE_PREFIX_PATH=/home/jbaghiro/testWS/install/turtlebot3_msgs:/home/jbaghiro/testWS/install/dynamixel_sdk:/home/jbaghiro/testWS/install/turtlebot3:/home/jbaghiro/testWS/install/turtlebot3_simulations:/home/jbaghiro/testWS/install/turtlebot3_bringup:/home/jbaghiro/testWS/install/turtlebot3_node:/home/jbaghiro/testWS/install/turtlebot3_navigation2:/home/jbaghiro/testWS/install/turtlebot3_fake_node:/home/jbaghiro/testWS/install/turtlebot3_manipulation_gazebo:/home/jbaghiro/testWS/install/turtlebot3_gazebo:/home/jbaghiro/testWS/install/turtlebot3_description:/home/jbaghiro/testWS/install/turtlebot3_cartographer:/home/jbaghiro/testWS/install/ld08_driver:/home/jbaghiro/testWS/install/hls_lfcd_lds_driver:/home/jbaghiro/testWS/install/dynamixel_sdk_examples:/home/jbaghiro/testWS/install/dynamixel_sdk_custom_interfaces:/home/jbaghiro/testWS/install/turtlebot3_teleop:/home/jbaghiro/testWS/install/turtlebot3_example:/opt/ros/humble LD_LIBRARY_PATH=/home/jbaghiro/testWS/install/turtlebot3_msgs/lib:/home/jbaghiro/testWS/install/dynamixel_sdk/lib:/home/jbaghiro/testWS/install/dynamixel_sdk_custom_interfaces/lib:/usr/lib/x86_64-linux-gnu/gazebo-11/plugins:/opt/ros/humble/opt/rviz_ogre_vendor/lib:/opt/ros/humble/lib/x86_64-linux-gnu:/opt/ros/humble/lib /usr/bin/cmake --build /home/jbaghiro/testWS/build/turtlebot3_node -- -j16 -l16
[0.511s] [35m[1mConsolidate compiler generated dependencies of target turtlebot3_node_lib[0m
[0.585s] [ 85%] Built target turtlebot3_node_lib
[0.604s] [35m[1mConsolidate compiler generated dependencies of target turtlebot3_ros[0m
[0.642s] [100%] Built target turtlebot3_ros
[0.662s] Invoked command in '/home/jbaghiro/testWS/build/turtlebot3_node' returned '0': CMAKE_PREFIX_PATH=/home/jbaghiro/testWS/install/turtlebot3_msgs:/home/jbaghiro/testWS/install/dynamixel_sdk:/home/jbaghiro/testWS/install/turtlebot3:/home/jbaghiro/testWS/install/turtlebot3_simulations:/home/jbaghiro/testWS/install/turtlebot3_bringup:/home/jbaghiro/testWS/install/turtlebot3_node:/home/jbaghiro/testWS/install/turtlebot3_navigation2:/home/jbaghiro/testWS/install/turtlebot3_fake_node:/home/jbaghiro/testWS/install/turtlebot3_manipulation_gazebo:/home/jbaghiro/testWS/install/turtlebot3_gazebo:/home/jbaghiro/testWS/install/turtlebot3_description:/home/jbaghiro/testWS/install/turtlebot3_cartographer:/home/jbaghiro/testWS/install/ld08_driver:/home/jbaghiro/testWS/install/hls_lfcd_lds_driver:/home/jbaghiro/testWS/install/dynamixel_sdk_examples:/home/jbaghiro/testWS/install/dynamixel_sdk_custom_interfaces:/home/jbaghiro/testWS/install/turtlebot3_teleop:/home/jbaghiro/testWS/install/turtlebot3_example:/opt/ros/humble LD_LIBRARY_PATH=/home/jbaghiro/testWS/install/turtlebot3_msgs/lib:/home/jbaghiro/testWS/install/dynamixel_sdk/lib:/home/jbaghiro/testWS/install/dynamixel_sdk_custom_interfaces/lib:/usr/lib/x86_64-linux-gnu/gazebo-11/plugins:/opt/ros/humble/opt/rviz_ogre_vendor/lib:/opt/ros/humble/lib/x86_64-linux-gnu:/opt/ros/humble/lib /usr/bin/cmake --build /home/jbaghiro/testWS/build/turtlebot3_node -- -j16 -l16
[0.664s] Invoking command in '/home/jbaghiro/testWS/build/turtlebot3_node': CMAKE_PREFIX_PATH=/home/jbaghiro/testWS/install/turtlebot3_msgs:/home/jbaghiro/testWS/install/dynamixel_sdk:/home/jbaghiro/testWS/install/turtlebot3:/home/jbaghiro/testWS/install/turtlebot3_simulations:/home/jbaghiro/testWS/install/turtlebot3_bringup:/home/jbaghiro/testWS/install/turtlebot3_node:/home/jbaghiro/testWS/install/turtlebot3_navigation2:/home/jbaghiro/testWS/install/turtlebot3_fake_node:/home/jbaghiro/testWS/install/turtlebot3_manipulation_gazebo:/home/jbaghiro/testWS/install/turtlebot3_gazebo:/home/jbaghiro/testWS/install/turtlebot3_description:/home/jbaghiro/testWS/install/turtlebot3_cartographer:/home/jbaghiro/testWS/install/ld08_driver:/home/jbaghiro/testWS/install/hls_lfcd_lds_driver:/home/jbaghiro/testWS/install/dynamixel_sdk_examples:/home/jbaghiro/testWS/install/dynamixel_sdk_custom_interfaces:/home/jbaghiro/testWS/install/turtlebot3_teleop:/home/jbaghiro/testWS/install/turtlebot3_example:/opt/ros/humble LD_LIBRARY_PATH=/home/jbaghiro/testWS/install/turtlebot3_msgs/lib:/home/jbaghiro/testWS/install/dynamixel_sdk/lib:/home/jbaghiro/testWS/install/dynamixel_sdk_custom_interfaces/lib:/usr/lib/x86_64-linux-gnu/gazebo-11/plugins:/opt/ros/humble/opt/rviz_ogre_vendor/lib:/opt/ros/humble/lib/x86_64-linux-gnu:/opt/ros/humble/lib /usr/bin/cmake --install /home/jbaghiro/testWS/build/turtlebot3_node
[0.676s] -- Install configuration: ""
[0.676s] -- Up-to-date: /home/jbaghiro/testWS/install/turtlebot3_node/share/turtlebot3_node/param
[0.676s] -- Up-to-date: /home/jbaghiro/testWS/install/turtlebot3_node/share/turtlebot3_node/param/waffle.yaml
[0.676s] -- Up-to-date: /home/jbaghiro/testWS/install/turtlebot3_node/share/turtlebot3_node/param/waffle_pi.yaml
[0.677s] -- Up-to-date: /home/jbaghiro/testWS/install/turtlebot3_node/share/turtlebot3_node/param/burger.yaml
[0.678s] -- Up-to-date: /home/jbaghiro/testWS/install/turtlebot3_node/lib/turtlebot3_node/turtlebot3_ros
[0.678s] -- Up-to-date: /home/jbaghiro/testWS/install/turtlebot3_node/share/ament_index/resource_index/package_run_dependencies/turtlebot3_node
[0.679s] -- Up-to-date: /home/jbaghiro/testWS/install/turtlebot3_node/share/ament_index/resource_index/parent_prefix_path/turtlebot3_node
[0.679s] -- Up-to-date: /home/jbaghiro/testWS/install/turtlebot3_node/share/turtlebot3_node/environment/ament_prefix_path.sh
[0.679s] -- Up-to-date: /home/jbaghiro/testWS/install/turtlebot3_node/share/turtlebot3_node/environment/ament_prefix_path.dsv
[0.679s] -- Up-to-date: /home/jbaghiro/testWS/install/turtlebot3_node/share/turtlebot3_node/environment/path.sh
[0.680s] -- Up-to-date: /home/jbaghiro/testWS/install/turtlebot3_node/share/turtlebot3_node/environment/path.dsv
[0.680s] -- Up-to-date: /home/jbaghiro/testWS/install/turtlebot3_node/share/turtlebot3_node/local_setup.bash
[0.680s] -- Up-to-date: /home/jbaghiro/testWS/install/turtlebot3_node/share/turtlebot3_node/local_setup.sh
[0.680s] -- Up-to-date: /home/jbaghiro/testWS/install/turtlebot3_node/share/turtlebot3_node/local_setup.zsh
[0.680s] -- Up-to-date: /home/jbaghiro/testWS/install/turtlebot3_node/share/turtlebot3_node/local_setup.dsv
[0.680s] -- Installing: /home/jbaghiro/testWS/install/turtlebot3_node/share/turtlebot3_node/package.dsv
[0.680s] -- Up-to-date: /home/jbaghiro/testWS/install/turtlebot3_node/share/ament_index/resource_index/packages/turtlebot3_node
[0.680s] -- Up-to-date: /home/jbaghiro/testWS/install/turtlebot3_node/share/turtlebot3_node/cmake/ament_cmake_export_dependencies-extras.cmake
[0.681s] -- Up-to-date: /home/jbaghiro/testWS/install/turtlebot3_node/share/turtlebot3_node/cmake/ament_cmake_export_include_directories-extras.cmake
[0.681s] -- Up-to-date: /home/jbaghiro/testWS/install/turtlebot3_node/share/turtlebot3_node/cmake/turtlebot3_nodeConfig.cmake
[0.681s] -- Up-to-date: /home/jbaghiro/testWS/install/turtlebot3_node/share/turtlebot3_node/cmake/turtlebot3_nodeConfig-version.cmake
[0.682s] -- Up-to-date: /home/jbaghiro/testWS/install/turtlebot3_node/share/turtlebot3_node/package.xml
[0.685s] Invoked command in '/home/jbaghiro/testWS/build/turtlebot3_node' returned '0': CMAKE_PREFIX_PATH=/home/jbaghiro/testWS/install/turtlebot3_msgs:/home/jbaghiro/testWS/install/dynamixel_sdk:/home/jbaghiro/testWS/install/turtlebot3:/home/jbaghiro/testWS/install/turtlebot3_simulations:/home/jbaghiro/testWS/install/turtlebot3_bringup:/home/jbaghiro/testWS/install/turtlebot3_node:/home/jbaghiro/testWS/install/turtlebot3_navigation2:/home/jbaghiro/testWS/install/turtlebot3_fake_node:/home/jbaghiro/testWS/install/turtlebot3_manipulation_gazebo:/home/jbaghiro/testWS/install/turtlebot3_gazebo:/home/jbaghiro/testWS/install/turtlebot3_description:/home/jbaghiro/testWS/install/turtlebot3_cartographer:/home/jbaghiro/testWS/install/ld08_driver:/home/jbaghiro/testWS/install/hls_lfcd_lds_driver:/home/jbaghiro/testWS/install/dynamixel_sdk_examples:/home/jbaghiro/testWS/install/dynamixel_sdk_custom_interfaces:/home/jbaghiro/testWS/install/turtlebot3_teleop:/home/jbaghiro/testWS/install/turtlebot3_example:/opt/ros/humble LD_LIBRARY_PATH=/home/jbaghiro/testWS/install/turtlebot3_msgs/lib:/home/jbaghiro/testWS/install/dynamixel_sdk/lib:/home/jbaghiro/testWS/install/dynamixel_sdk_custom_interfaces/lib:/usr/lib/x86_64-linux-gnu/gazebo-11/plugins:/opt/ros/humble/opt/rviz_ogre_vendor/lib:/opt/ros/humble/lib/x86_64-linux-gnu:/opt/ros/humble/lib /usr/bin/cmake --install /home/jbaghiro/testWS/build/turtlebot3_node
