[0.065s] Invoking command in '/home/jbaghiro/testWS/build/turtlebot3_description': CMAKE_PREFIX_PATH=/opt/ros/humble /usr/bin/cmake /home/jbaghiro/testWS/src/turtlebot3/turtlebot3/turtlebot3_description -DCMAKE_INSTALL_PREFIX=/home/jbaghiro/testWS/install/turtlebot3_description
[0.483s] -- The C compiler identification is GNU 11.4.0
[1.171s] -- The CXX compiler identification is GNU 11.4.0
[1.789s] -- Detecting C compiler ABI info
[2.074s] -- Detecting C compiler ABI info - done
[2.081s] -- Check for working C compiler: /usr/bin/cc - skipped
[2.081s] -- Detecting C compile features
[2.081s] -- Detecting C compile features - done
[2.085s] -- Detecting CXX compiler ABI info
[2.354s] -- Detecting CXX compiler ABI info - done
[2.363s] -- Check for working CXX compiler: /usr/bin/c++ - skipped
[2.363s] -- Detecting CXX compile features
[2.364s] -- Detecting CXX compile features - done
[2.368s] -- Found ament_cmake: 1.3.12 (/opt/ros/humble/share/ament_cmake/cmake)
[2.598s] -- Found Python3: /usr/bin/python3 (found version "3.10.12") found components: Interpreter 
[2.740s] -- Found urdf: 2.6.1 (/opt/ros/humble/share/urdf/cmake)
[4.657s] -- Configuring done
[4.668s] -- Generating done
[4.671s] -- Build files have been written to: /home/jbaghiro/testWS/build/turtlebot3_description
[4.680s] Invoked command in '/home/jbaghiro/testWS/build/turtlebot3_description' returned '0': CMAKE_PREFIX_PATH=/opt/ros/humble /usr/bin/cmake /home/jbaghiro/testWS/src/turtlebot3/turtlebot3/turtlebot3_description -DCMAKE_INSTALL_PREFIX=/home/jbaghiro/testWS/install/turtlebot3_description
[4.682s] Invoking command in '/home/jbaghiro/testWS/build/turtlebot3_description': CMAKE_PREFIX_PATH=/opt/ros/humble /usr/bin/cmake --build /home/jbaghiro/testWS/build/turtlebot3_description -- -j16 -l16
[4.745s] Invoked command in '/home/jbaghiro/testWS/build/turtlebot3_description' returned '0': CMAKE_PREFIX_PATH=/opt/ros/humble /usr/bin/cmake --build /home/jbaghiro/testWS/build/turtlebot3_description -- -j16 -l16
[4.748s] Invoking command in '/home/jbaghiro/testWS/build/turtlebot3_description': CMAKE_PREFIX_PATH=/opt/ros/humble /usr/bin/cmake --install /home/jbaghiro/testWS/build/turtlebot3_description
[4.759s] -- Install configuration: ""
[4.759s] -- Installing: /home/jbaghiro/testWS/install/turtlebot3_description/share/turtlebot3_description/meshes
[4.761s] -- Installing: /home/jbaghiro/testWS/install/turtlebot3_description/share/turtlebot3_description/meshes/sensors
[4.761s] -- Installing: /home/jbaghiro/testWS/install/turtlebot3_description/share/turtlebot3_description/meshes/sensors/astra.jpg
[4.762s] -- Installing: /home/jbaghiro/testWS/install/turtlebot3_description/share/turtlebot3_description/meshes/sensors/r200.dae
[4.763s] -- Installing: /home/jbaghiro/testWS/install/turtlebot3_description/share/turtlebot3_description/meshes/sensors/astra.dae
[4.782s] -- Installing: /home/jbaghiro/testWS/install/turtlebot3_description/share/turtlebot3_description/meshes/sensors/lds.stl
[4.784s] -- Installing: /home/jbaghiro/testWS/install/turtlebot3_description/share/turtlebot3_description/meshes/sensors/r200.jpg
[4.784s] -- Installing: /home/jbaghiro/testWS/install/turtlebot3_description/share/turtlebot3_description/meshes/bases
[4.785s] -- Installing: /home/jbaghiro/testWS/install/turtlebot3_description/share/turtlebot3_description/meshes/bases/burger_base.stl
[4.795s] -- Installing: /home/jbaghiro/testWS/install/turtlebot3_description/share/turtlebot3_description/meshes/bases/waffle_base.stl
[4.832s] -- Installing: /home/jbaghiro/testWS/install/turtlebot3_description/share/turtlebot3_description/meshes/bases/waffle_pi_base.stl
[4.848s] -- Installing: /home/jbaghiro/testWS/install/turtlebot3_description/share/turtlebot3_description/meshes/wheels
[4.849s] -- Installing: /home/jbaghiro/testWS/install/turtlebot3_description/share/turtlebot3_description/meshes/wheels/right_tire.stl
[4.853s] -- Installing: /home/jbaghiro/testWS/install/turtlebot3_description/share/turtlebot3_description/meshes/wheels/left_tire.stl
[4.855s] -- Installing: /home/jbaghiro/testWS/install/turtlebot3_description/share/turtlebot3_description/rviz
[4.856s] -- Installing: /home/jbaghiro/testWS/install/turtlebot3_description/share/turtlebot3_description/rviz/model.rviz
[4.856s] -- Installing: /home/jbaghiro/testWS/install/turtlebot3_description/share/turtlebot3_description/urdf
[4.856s] -- Installing: /home/jbaghiro/testWS/install/turtlebot3_description/share/turtlebot3_description/urdf/turtlebot3_waffle.urdf
[4.857s] -- Installing: /home/jbaghiro/testWS/install/turtlebot3_description/share/turtlebot3_description/urdf/turtlebot3_waffle_pi.urdf
[4.857s] -- Installing: /home/jbaghiro/testWS/install/turtlebot3_description/share/turtlebot3_description/urdf/turtlebot3_burger.urdf
[4.857s] -- Installing: /home/jbaghiro/testWS/install/turtlebot3_description/share/turtlebot3_description/urdf/common_properties.urdf
[4.859s] -- Installing: /home/jbaghiro/testWS/install/turtlebot3_description/share/ament_index/resource_index/package_run_dependencies/turtlebot3_description
[4.860s] -- Installing: /home/jbaghiro/testWS/install/turtlebot3_description/share/ament_index/resource_index/parent_prefix_path/turtlebot3_description
[4.861s] -- Installing: /home/jbaghiro/testWS/install/turtlebot3_description/share/turtlebot3_description/environment/ament_prefix_path.sh
[4.861s] -- Installing: /home/jbaghiro/testWS/install/turtlebot3_description/share/turtlebot3_description/environment/ament_prefix_path.dsv
[4.861s] -- Installing: /home/jbaghiro/testWS/install/turtlebot3_description/share/turtlebot3_description/environment/path.sh
[4.862s] -- Installing: /home/jbaghiro/testWS/install/turtlebot3_description/share/turtlebot3_description/environment/path.dsv
[4.862s] -- Installing: /home/jbaghiro/testWS/install/turtlebot3_description/share/turtlebot3_description/local_setup.bash
[4.862s] -- Installing: /home/jbaghiro/testWS/install/turtlebot3_description/share/turtlebot3_description/local_setup.sh
[4.862s] -- Installing: /home/jbaghiro/testWS/install/turtlebot3_description/share/turtlebot3_description/local_setup.zsh
[4.863s] -- Installing: /home/jbaghiro/testWS/install/turtlebot3_description/share/turtlebot3_description/local_setup.dsv
[4.863s] -- Installing: /home/jbaghiro/testWS/install/turtlebot3_description/share/turtlebot3_description/package.dsv
[4.864s] -- Installing: /home/jbaghiro/testWS/install/turtlebot3_description/share/ament_index/resource_index/packages/turtlebot3_description
[4.865s] -- Installing: /home/jbaghiro/testWS/install/turtlebot3_description/share/turtlebot3_description/cmake/turtlebot3_descriptionConfig.cmake
[4.865s] -- Installing: /home/jbaghiro/testWS/install/turtlebot3_description/share/turtlebot3_description/cmake/turtlebot3_descriptionConfig-version.cmake
[4.865s] -- Installing: /home/jbaghiro/testWS/install/turtlebot3_description/share/turtlebot3_description/package.xml
[4.869s] Invoked command in '/home/jbaghiro/testWS/build/turtlebot3_description' returned '0': CMAKE_PREFIX_PATH=/opt/ros/humble /usr/bin/cmake --install /home/jbaghiro/testWS/build/turtlebot3_description
