[0.066s] Invoking command in '/home/jbaghiro/testWS/build/turtlebot3_cartographer': CMAKE_PREFIX_PATH=/opt/ros/humble /usr/bin/cmake /home/jbaghiro/testWS/src/turtlebot3/turtlebot3/turtlebot3_cartographer -DCMAKE_INSTALL_PREFIX=/home/jbaghiro/testWS/install/turtlebot3_cartographer
[0.478s] -- The C compiler identification is GNU 11.4.0
[1.133s] -- The CXX compiler identification is GNU 11.4.0
[1.646s] -- Detecting C compiler ABI info
[1.890s] -- Detecting C compiler ABI info - done
[1.902s] -- Check for working C compiler: /usr/bin/cc - skipped
[1.903s] -- Detecting C compile features
[1.904s] -- Detecting C compile features - done
[1.910s] -- Detecting CXX compiler ABI info
[2.167s] -- Detecting CXX compiler ABI info - done
[2.177s] -- Check for working CXX compiler: /usr/bin/c++ - skipped
[2.177s] -- Detecting CXX compile features
[2.177s] -- Detecting CXX compile features - done
[2.182s] -- Found ament_cmake: 1.3.12 (/opt/ros/humble/share/ament_cmake/cmake)
[2.430s] -- Found Python3: /usr/bin/python3 (found version "3.10.12") found components: Interpreter 
[2.680s] -- Configuring done
[2.690s] -- Generating done
[2.694s] -- Build files have been written to: /home/jbaghiro/testWS/build/turtlebot3_cartographer
[2.703s] Invoked command in '/home/jbaghiro/testWS/build/turtlebot3_cartographer' returned '0': CMAKE_PREFIX_PATH=/opt/ros/humble /usr/bin/cmake /home/jbaghiro/testWS/src/turtlebot3/turtlebot3/turtlebot3_cartographer -DCMAKE_INSTALL_PREFIX=/home/jbaghiro/testWS/install/turtlebot3_cartographer
[2.721s] Invoking command in '/home/jbaghiro/testWS/build/turtlebot3_cartographer': CMAKE_PREFIX_PATH=/opt/ros/humble /usr/bin/cmake --build /home/jbaghiro/testWS/build/turtlebot3_cartographer -- -j16 -l16
[2.780s] Invoked command in '/home/jbaghiro/testWS/build/turtlebot3_cartographer' returned '0': CMAKE_PREFIX_PATH=/opt/ros/humble /usr/bin/cmake --build /home/jbaghiro/testWS/build/turtlebot3_cartographer -- -j16 -l16
[2.800s] Invoking command in '/home/jbaghiro/testWS/build/turtlebot3_cartographer': CMAKE_PREFIX_PATH=/opt/ros/humble /usr/bin/cmake --install /home/jbaghiro/testWS/build/turtlebot3_cartographer
[2.813s] -- Install configuration: ""
[2.814s] -- Installing: /home/jbaghiro/testWS/install/turtlebot3_cartographer/share/turtlebot3_cartographer/config
[2.816s] -- Installing: /home/jbaghiro/testWS/install/turtlebot3_cartographer/share/turtlebot3_cartographer/config/turtlebot3_lds_2d.lua
[2.816s] -- Installing: /home/jbaghiro/testWS/install/turtlebot3_cartographer/share/turtlebot3_cartographer/launch
[2.817s] -- Installing: /home/jbaghiro/testWS/install/turtlebot3_cartographer/share/turtlebot3_cartographer/launch/occupancy_grid.launch.py
[2.818s] -- Installing: /home/jbaghiro/testWS/install/turtlebot3_cartographer/share/turtlebot3_cartographer/launch/cartographer.launch.py
[2.818s] -- Installing: /home/jbaghiro/testWS/install/turtlebot3_cartographer/share/turtlebot3_cartographer/rviz
[2.818s] -- Installing: /home/jbaghiro/testWS/install/turtlebot3_cartographer/share/turtlebot3_cartographer/rviz/tb3_cartographer.rviz
[2.821s] -- Installing: /home/jbaghiro/testWS/install/turtlebot3_cartographer/share/ament_index/resource_index/package_run_dependencies/turtlebot3_cartographer
[2.822s] -- Installing: /home/jbaghiro/testWS/install/turtlebot3_cartographer/share/ament_index/resource_index/parent_prefix_path/turtlebot3_cartographer
[2.823s] -- Installing: /home/jbaghiro/testWS/install/turtlebot3_cartographer/share/turtlebot3_cartographer/environment/ament_prefix_path.sh
[2.823s] -- Installing: /home/jbaghiro/testWS/install/turtlebot3_cartographer/share/turtlebot3_cartographer/environment/ament_prefix_path.dsv
[2.824s] -- Installing: /home/jbaghiro/testWS/install/turtlebot3_cartographer/share/turtlebot3_cartographer/environment/path.sh
[2.824s] -- Installing: /home/jbaghiro/testWS/install/turtlebot3_cartographer/share/turtlebot3_cartographer/environment/path.dsv
[2.824s] -- Installing: /home/jbaghiro/testWS/install/turtlebot3_cartographer/share/turtlebot3_cartographer/local_setup.bash
[2.825s] -- Installing: /home/jbaghiro/testWS/install/turtlebot3_cartographer/share/turtlebot3_cartographer/local_setup.sh
[2.825s] -- Installing: /home/jbaghiro/testWS/install/turtlebot3_cartographer/share/turtlebot3_cartographer/local_setup.zsh
[2.825s] -- Installing: /home/jbaghiro/testWS/install/turtlebot3_cartographer/share/turtlebot3_cartographer/local_setup.dsv
[2.826s] -- Installing: /home/jbaghiro/testWS/install/turtlebot3_cartographer/share/turtlebot3_cartographer/package.dsv
[2.828s] -- Installing: /home/jbaghiro/testWS/install/turtlebot3_cartographer/share/ament_index/resource_index/packages/turtlebot3_cartographer
[2.829s] -- Installing: /home/jbaghiro/testWS/install/turtlebot3_cartographer/share/turtlebot3_cartographer/cmake/turtlebot3_cartographerConfig.cmake
[2.829s] -- Installing: /home/jbaghiro/testWS/install/turtlebot3_cartographer/share/turtlebot3_cartographer/cmake/turtlebot3_cartographerConfig-version.cmake
[2.829s] -- Installing: /home/jbaghiro/testWS/install/turtlebot3_cartographer/share/turtlebot3_cartographer/package.xml
[2.834s] Invoked command in '/home/jbaghiro/testWS/build/turtlebot3_cartographer' returned '0': CMAKE_PREFIX_PATH=/opt/ros/humble /usr/bin/cmake --install /home/jbaghiro/testWS/build/turtlebot3_cartographer
