[1.265s] Invoking command in '/home/jbaghiro/testWS/src/turtlebot3/turtlebot3/turtlebot3_teleop': PYTHONPATH=/home/jbaghiro/testWS/build/turtlebot3_teleop/prefix_override:/usr/lib/python3/dist-packages/colcon_core/task/python/colcon_distutils_commands:/home/jbaghiro/testWS/install/turtlebot3_teleop/lib/python3.10/site-packages:${PYTHONPATH} /usr/bin/python3 -W ignore:setup.py install is deprecated -W ignore:easy_install command is deprecated setup.py egg_info --egg-base ../../../../build/turtlebot3_teleop build --build-base /home/jbaghiro/testWS/build/turtlebot3_teleop/build install --record /home/jbaghiro/testWS/build/turtlebot3_teleop/install.log --single-version-externally-managed install_data
[2.686s] running egg_info
[2.686s] creating ../../../../build/turtlebot3_teleop/turtlebot3_teleop.egg-info
[2.687s] writing ../../../../build/turtlebot3_teleop/turtlebot3_teleop.egg-info/PKG-INFO
[2.687s] writing dependency_links to ../../../../build/turtlebot3_teleop/turtlebot3_teleop.egg-info/dependency_links.txt
[2.687s] writing entry points to ../../../../build/turtlebot3_teleop/turtlebot3_teleop.egg-info/entry_points.txt
[2.687s] writing requirements to ../../../../build/turtlebot3_teleop/turtlebot3_teleop.egg-info/requires.txt
[2.687s] writing top-level names to ../../../../build/turtlebot3_teleop/turtlebot3_teleop.egg-info/top_level.txt
[2.687s] writing manifest file '../../../../build/turtlebot3_teleop/turtlebot3_teleop.egg-info/SOURCES.txt'
[2.688s] reading manifest file '../../../../build/turtlebot3_teleop/turtlebot3_teleop.egg-info/SOURCES.txt'
[2.688s] writing manifest file '../../../../build/turtlebot3_teleop/turtlebot3_teleop.egg-info/SOURCES.txt'
[2.688s] running build
[2.692s] running build_py
[2.694s] creating /home/jbaghiro/testWS/build/turtlebot3_teleop/build
[2.694s] creating /home/jbaghiro/testWS/build/turtlebot3_teleop/build/lib
[2.694s] creating /home/jbaghiro/testWS/build/turtlebot3_teleop/build/lib/turtlebot3_teleop
[2.694s] copying turtlebot3_teleop/__init__.py -> /home/jbaghiro/testWS/build/turtlebot3_teleop/build/lib/turtlebot3_teleop
[2.695s] creating /home/jbaghiro/testWS/build/turtlebot3_teleop/build/lib/turtlebot3_teleop/script
[2.695s] copying turtlebot3_teleop/script/__init__.py -> /home/jbaghiro/testWS/build/turtlebot3_teleop/build/lib/turtlebot3_teleop/script
[2.695s] copying turtlebot3_teleop/script/teleop_keyboard.py -> /home/jbaghiro/testWS/build/turtlebot3_teleop/build/lib/turtlebot3_teleop/script
[2.695s] running install
[2.696s] running install_lib
[2.696s] creating /home/jbaghiro/testWS/install/turtlebot3_teleop/lib/python3.10/site-packages/turtlebot3_teleop
[2.696s] creating /home/jbaghiro/testWS/install/turtlebot3_teleop/lib/python3.10/site-packages/turtlebot3_teleop/script
[2.697s] copying /home/jbaghiro/testWS/build/turtlebot3_teleop/build/lib/turtlebot3_teleop/script/__init__.py -> /home/jbaghiro/testWS/install/turtlebot3_teleop/lib/python3.10/site-packages/turtlebot3_teleop/script
[2.697s] copying /home/jbaghiro/testWS/build/turtlebot3_teleop/build/lib/turtlebot3_teleop/script/teleop_keyboard.py -> /home/jbaghiro/testWS/install/turtlebot3_teleop/lib/python3.10/site-packages/turtlebot3_teleop/script
[2.697s] copying /home/jbaghiro/testWS/build/turtlebot3_teleop/build/lib/turtlebot3_teleop/__init__.py -> /home/jbaghiro/testWS/install/turtlebot3_teleop/lib/python3.10/site-packages/turtlebot3_teleop
[2.697s] byte-compiling /home/jbaghiro/testWS/install/turtlebot3_teleop/lib/python3.10/site-packages/turtlebot3_teleop/script/__init__.py to __init__.cpython-310.pyc
[2.698s] byte-compiling /home/jbaghiro/testWS/install/turtlebot3_teleop/lib/python3.10/site-packages/turtlebot3_teleop/script/teleop_keyboard.py to teleop_keyboard.cpython-310.pyc
[2.698s] byte-compiling /home/jbaghiro/testWS/install/turtlebot3_teleop/lib/python3.10/site-packages/turtlebot3_teleop/__init__.py to __init__.cpython-310.pyc
[2.698s] running install_data
[2.698s] creating /home/jbaghiro/testWS/install/turtlebot3_teleop/share/ament_index
[2.699s] creating /home/jbaghiro/testWS/install/turtlebot3_teleop/share/ament_index/resource_index
[2.699s] creating /home/jbaghiro/testWS/install/turtlebot3_teleop/share/ament_index/resource_index/packages
[2.700s] copying resource/turtlebot3_teleop -> /home/jbaghiro/testWS/install/turtlebot3_teleop/share/ament_index/resource_index/packages
[2.700s] copying package.xml -> /home/jbaghiro/testWS/install/turtlebot3_teleop/share/turtlebot3_teleop
[2.700s] running install_egg_info
[2.700s] Copying ../../../../build/turtlebot3_teleop/turtlebot3_teleop.egg-info to /home/jbaghiro/testWS/install/turtlebot3_teleop/lib/python3.10/site-packages/turtlebot3_teleop-2.3.3-py3.10.egg-info
[2.700s] running install_scripts
[2.701s] Installing teleop_keyboard script to /home/jbaghiro/testWS/install/turtlebot3_teleop/lib/turtlebot3_teleop
[2.701s] writing list of installed files to '/home/jbaghiro/testWS/build/turtlebot3_teleop/install.log'
[2.702s] Invoked command in '/home/jbaghiro/testWS/src/turtlebot3/turtlebot3/turtlebot3_teleop' returned '0': PYTHONPATH=/home/jbaghiro/testWS/build/turtlebot3_teleop/prefix_override:/usr/lib/python3/dist-packages/colcon_core/task/python/colcon_distutils_commands:/home/jbaghiro/testWS/install/turtlebot3_teleop/lib/python3.10/site-packages:${PYTHONPATH} /usr/bin/python3 -W ignore:setup.py install is deprecated -W ignore:easy_install command is deprecated setup.py egg_info --egg-base ../../../../build/turtlebot3_teleop build --build-base /home/jbaghiro/testWS/build/turtlebot3_teleop/build install --record /home/jbaghiro/testWS/build/turtlebot3_teleop/install.log --single-version-externally-managed install_data
