[1.236s] Invoking command in '/home/jbaghiro/testWS/src/turtlebot3/turtlebot3/turtlebot3_example': AMENT_PREFIX_PATH=/home/jbaghiro/testWS/install/turtlebot3_msgs:${AMENT_PREFIX_PATH} CMAKE_PREFIX_PATH=/home/jbaghiro/testWS/install/turtlebot3_msgs LD_LIBRARY_PATH=/home/jbaghiro/testWS/install/turtlebot3_msgs/lib:/usr/lib/x86_64-linux-gnu/gazebo-11/plugins:/opt/ros/humble/opt/rviz_ogre_vendor/lib:/opt/ros/humble/lib/x86_64-linux-gnu:/opt/ros/humble/lib:/usr/lib/x86_64-linux-gnu/gazebo-11/plugins:/usr/lib/x86_64-linux-gnu/gazebo-11/plugins:/usr/lib/x86_64-linux-gnu/gazebo-11/plugins:/usr/lib/x86_64-linux-gnu/gazebo-11/plugins:/usr/lib/x86_64-linux-gnu/gazebo-11/plugins:/usr/lib/x86_64-linux-gnu/gazebo-11/plugins PYTHONPATH=/home/jbaghiro/testWS/build/turtlebot3_example/prefix_override:/usr/lib/python3/dist-packages/colcon_core/task/python/colcon_distutils_commands:/home/jbaghiro/testWS/install/turtlebot3_example/lib/python3.10/site-packages:/home/jbaghiro/testWS/install/turtlebot3_msgs/local/lib/python3.10/dist-packages:${PYTHONPATH} /usr/bin/python3 -W ignore:setup.py install is deprecated -W ignore:easy_install command is deprecated setup.py egg_info --egg-base ../../../../build/turtlebot3_example build --build-base /home/jbaghiro/testWS/build/turtlebot3_example/build install --record /home/jbaghiro/testWS/build/turtlebot3_example/install.log --single-version-externally-managed install_data
[1.514s] running egg_info
[1.515s] writing ../../../../build/turtlebot3_example/turtlebot3_example.egg-info/PKG-INFO
[1.515s] writing dependency_links to ../../../../build/turtlebot3_example/turtlebot3_example.egg-info/dependency_links.txt
[1.515s] writing entry points to ../../../../build/turtlebot3_example/turtlebot3_example.egg-info/entry_points.txt
[1.515s] writing requirements to ../../../../build/turtlebot3_example/turtlebot3_example.egg-info/requires.txt
[1.516s] writing top-level names to ../../../../build/turtlebot3_example/turtlebot3_example.egg-info/top_level.txt
[1.519s] reading manifest file '../../../../build/turtlebot3_example/turtlebot3_example.egg-info/SOURCES.txt'
[1.520s] writing manifest file '../../../../build/turtlebot3_example/turtlebot3_example.egg-info/SOURCES.txt'
[1.520s] running build
[1.520s] running build_py
[1.522s] running install
[1.522s] running install_lib
[1.525s] running install_data
[1.525s] running install_egg_info
[1.527s] removing '/home/jbaghiro/testWS/install/turtlebot3_example/lib/python3.10/site-packages/turtlebot3_example-2.3.3-py3.10.egg-info' (and everything under it)
[1.528s] Copying ../../../../build/turtlebot3_example/turtlebot3_example.egg-info to /home/jbaghiro/testWS/install/turtlebot3_example/lib/python3.10/site-packages/turtlebot3_example-2.3.3-py3.10.egg-info
[1.529s] running install_scripts
[1.553s] Installing turtlebot3_absolute_move script to /home/jbaghiro/testWS/install/turtlebot3_example/lib/turtlebot3_example
[1.553s] Installing turtlebot3_interactive_marker script to /home/jbaghiro/testWS/install/turtlebot3_example/lib/turtlebot3_example
[1.554s] Installing turtlebot3_obstacle_detection script to /home/jbaghiro/testWS/install/turtlebot3_example/lib/turtlebot3_example
[1.554s] Installing turtlebot3_patrol_client script to /home/jbaghiro/testWS/install/turtlebot3_example/lib/turtlebot3_example
[1.554s] Installing turtlebot3_patrol_server script to /home/jbaghiro/testWS/install/turtlebot3_example/lib/turtlebot3_example
[1.554s] Installing turtlebot3_relative_move script to /home/jbaghiro/testWS/install/turtlebot3_example/lib/turtlebot3_example
[1.555s] writing list of installed files to '/home/jbaghiro/testWS/build/turtlebot3_example/install.log'
[1.587s] Invoked command in '/home/jbaghiro/testWS/src/turtlebot3/turtlebot3/turtlebot3_example' returned '0': AMENT_PREFIX_PATH=/home/jbaghiro/testWS/install/turtlebot3_msgs:${AMENT_PREFIX_PATH} CMAKE_PREFIX_PATH=/home/jbaghiro/testWS/install/turtlebot3_msgs LD_LIBRARY_PATH=/home/jbaghiro/testWS/install/turtlebot3_msgs/lib:/usr/lib/x86_64-linux-gnu/gazebo-11/plugins:/opt/ros/humble/opt/rviz_ogre_vendor/lib:/opt/ros/humble/lib/x86_64-linux-gnu:/opt/ros/humble/lib:/usr/lib/x86_64-linux-gnu/gazebo-11/plugins:/usr/lib/x86_64-linux-gnu/gazebo-11/plugins:/usr/lib/x86_64-linux-gnu/gazebo-11/plugins:/usr/lib/x86_64-linux-gnu/gazebo-11/plugins:/usr/lib/x86_64-linux-gnu/gazebo-11/plugins:/usr/lib/x86_64-linux-gnu/gazebo-11/plugins PYTHONPATH=/home/jbaghiro/testWS/build/turtlebot3_example/prefix_override:/usr/lib/python3/dist-packages/colcon_core/task/python/colcon_distutils_commands:/home/jbaghiro/testWS/install/turtlebot3_example/lib/python3.10/site-packages:/home/jbaghiro/testWS/install/turtlebot3_msgs/local/lib/python3.10/dist-packages:${PYTHONPATH} /usr/bin/python3 -W ignore:setup.py install is deprecated -W ignore:easy_install command is deprecated setup.py egg_info --egg-base ../../../../build/turtlebot3_example build --build-base /home/jbaghiro/testWS/build/turtlebot3_example/build install --record /home/jbaghiro/testWS/build/turtlebot3_example/install.log --single-version-externally-managed install_data
