[0.099s] Invoking command in '/home/jbaghiro/testWS/build/turtlebot3_msgs': CMAKE_PREFIX_PATH=${CMAKE_PREFIX_PATH}:/home/jbaghiro/testWS/install/turtlebot3_teleop:/home/jbaghiro/testWS/install/turtlebot3_example:/opt/ros/humble /usr/bin/cmake --build /home/jbaghiro/testWS/build/turtlebot3_msgs -- -j16 -l16
[1.010s] [35m[1mConsolidate compiler generated dependencies of target turtlebot3_msgs__rosidl_generator_c[0m
[1.013s] [  1%] Built target turtlebot3_msgs__cpp
[1.013s] [35m[1mConsolidate compiler generated dependencies of target turtlebot3_msgs__rosidl_typesupport_fastrtps_cpp[0m
[1.013s] [  1%] Built target ament_cmake_python_copy_turtlebot3_msgs
[1.014s] [35m[1mConsolidate compiler generated dependencies of target turtlebot3_msgs__rosidl_typesupport_introspection_cpp[0m
[1.014s] [35m[1mConsolidate compiler generated dependencies of target turtlebot3_msgs__rosidl_typesupport_cpp[0m
[1.014s] [ 12%] Built target turtlebot3_msgs__rosidl_generator_c
[1.014s] [ 24%] Built target turtlebot3_msgs__rosidl_typesupport_fastrtps_cpp
[1.014s] [35m[1mConsolidate compiler generated dependencies of target turtlebot3_msgs__rosidl_typesupport_fastrtps_c[0m
[1.014s] [ 35%] Built target turtlebot3_msgs__rosidl_typesupport_cpp
[1.015s] [35m[1mConsolidate compiler generated dependencies of target turtlebot3_msgs__rosidl_typesupport_introspection_c[0m
[1.015s] [ 46%] Built target turtlebot3_msgs__rosidl_typesupport_introspection_cpp
[1.015s] [35m[1mConsolidate compiler generated dependencies of target turtlebot3_msgs__rosidl_typesupport_c[0m
[1.016s] [ 58%] Built target turtlebot3_msgs__rosidl_typesupport_c
[1.016s] [ 69%] Built target turtlebot3_msgs__rosidl_typesupport_introspection_c
[1.016s] [ 81%] Built target turtlebot3_msgs__rosidl_typesupport_fastrtps_c
[1.017s] [ 81%] Built target turtlebot3_msgs
[1.017s] [ 82%] Built target turtlebot3_msgs__py
[1.017s] [35m[1mConsolidate compiler generated dependencies of target turtlebot3_msgs__rosidl_generator_py[0m
[1.017s] [ 92%] Built target turtlebot3_msgs__rosidl_generator_py
[1.018s] [35m[1mConsolidate compiler generated dependencies of target turtlebot3_msgs__rosidl_typesupport_fastrtps_c__pyext[0m
[1.019s] [35m[1mConsolidate compiler generated dependencies of target turtlebot3_msgs__rosidl_typesupport_c__pyext[0m
[1.019s] [35m[1mConsolidate compiler generated dependencies of target turtlebot3_msgs__rosidl_typesupport_introspection_c__pyext[0m
[1.019s] [ 94%] Built target turtlebot3_msgs__rosidl_typesupport_introspection_c__pyext
[1.019s] [ 97%] Built target turtlebot3_msgs__rosidl_typesupport_fastrtps_c__pyext
[1.019s] [100%] Built target turtlebot3_msgs__rosidl_typesupport_c__pyext
[1.020s] running egg_info
[1.021s] writing turtlebot3_msgs.egg-info/PKG-INFO
[1.021s] writing dependency_links to turtlebot3_msgs.egg-info/dependency_links.txt
[1.021s] writing top-level names to turtlebot3_msgs.egg-info/top_level.txt
[1.021s] reading manifest file 'turtlebot3_msgs.egg-info/SOURCES.txt'
[1.021s] writing manifest file 'turtlebot3_msgs.egg-info/SOURCES.txt'
[1.021s] [100%] Built target ament_cmake_python_build_turtlebot3_msgs_egg
[1.064s] Invoked command in '/home/jbaghiro/testWS/build/turtlebot3_msgs' returned '0': CMAKE_PREFIX_PATH=${CMAKE_PREFIX_PATH}:/home/jbaghiro/testWS/install/turtlebot3_teleop:/home/jbaghiro/testWS/install/turtlebot3_example:/opt/ros/humble /usr/bin/cmake --build /home/jbaghiro/testWS/build/turtlebot3_msgs -- -j16 -l16
[1.067s] Invoking command in '/home/jbaghiro/testWS/build/turtlebot3_msgs': CMAKE_PREFIX_PATH=${CMAKE_PREFIX_PATH}:/home/jbaghiro/testWS/install/turtlebot3_teleop:/home/jbaghiro/testWS/install/turtlebot3_example:/opt/ros/humble /usr/bin/cmake --install /home/jbaghiro/testWS/build/turtlebot3_msgs
[1.240s] -- Install configuration: ""
[1.240s] -- Up-to-date: /home/jbaghiro/testWS/install/turtlebot3_msgs/share/ament_index/resource_index/rosidl_interfaces/turtlebot3_msgs
[1.241s] -- Up-to-date: /home/jbaghiro/testWS/install/turtlebot3_msgs/include/turtlebot3_msgs/turtlebot3_msgs
[1.242s] -- Up-to-date: /home/jbaghiro/testWS/install/turtlebot3_msgs/include/turtlebot3_msgs/turtlebot3_msgs/action
[1.242s] -- Up-to-date: /home/jbaghiro/testWS/install/turtlebot3_msgs/include/turtlebot3_msgs/turtlebot3_msgs/action/detail
[1.242s] -- Up-to-date: /home/jbaghiro/testWS/install/turtlebot3_msgs/include/turtlebot3_msgs/turtlebot3_msgs/action/detail/patrol__struct.h
[1.242s] -- Up-to-date: /home/jbaghiro/testWS/install/turtlebot3_msgs/include/turtlebot3_msgs/turtlebot3_msgs/action/detail/patrol__type_support.h
[1.242s] -- Up-to-date: /home/jbaghiro/testWS/install/turtlebot3_msgs/include/turtlebot3_msgs/turtlebot3_msgs/action/detail/patrol__functions.c
[1.243s] -- Up-to-date: /home/jbaghiro/testWS/install/turtlebot3_msgs/include/turtlebot3_msgs/turtlebot3_msgs/action/detail/patrol__functions.h
[1.243s] -- Up-to-date: /home/jbaghiro/testWS/install/turtlebot3_msgs/include/turtlebot3_msgs/turtlebot3_msgs/action/patrol.h
[1.243s] -- Up-to-date: /home/jbaghiro/testWS/install/turtlebot3_msgs/include/turtlebot3_msgs/turtlebot3_msgs/msg
[1.244s] -- Up-to-date: /home/jbaghiro/testWS/install/turtlebot3_msgs/include/turtlebot3_msgs/turtlebot3_msgs/msg/rosidl_generator_c__visibility_control.h
[1.244s] -- Up-to-date: /home/jbaghiro/testWS/install/turtlebot3_msgs/include/turtlebot3_msgs/turtlebot3_msgs/msg/detail
[1.244s] -- Up-to-date: /home/jbaghiro/testWS/install/turtlebot3_msgs/include/turtlebot3_msgs/turtlebot3_msgs/msg/detail/sensor_state__type_support.h
[1.244s] -- Up-to-date: /home/jbaghiro/testWS/install/turtlebot3_msgs/include/turtlebot3_msgs/turtlebot3_msgs/msg/detail/sensor_state__functions.h
[1.244s] -- Up-to-date: /home/jbaghiro/testWS/install/turtlebot3_msgs/include/turtlebot3_msgs/turtlebot3_msgs/msg/detail/version_info__type_support.h
[1.245s] -- Up-to-date: /home/jbaghiro/testWS/install/turtlebot3_msgs/include/turtlebot3_msgs/turtlebot3_msgs/msg/detail/sound__functions.c
[1.245s] -- Up-to-date: /home/jbaghiro/testWS/install/turtlebot3_msgs/include/turtlebot3_msgs/turtlebot3_msgs/msg/detail/sound__type_support.h
[1.246s] -- Up-to-date: /home/jbaghiro/testWS/install/turtlebot3_msgs/include/turtlebot3_msgs/turtlebot3_msgs/msg/detail/sensor_state__functions.c
[1.246s] -- Up-to-date: /home/jbaghiro/testWS/install/turtlebot3_msgs/include/turtlebot3_msgs/turtlebot3_msgs/msg/detail/version_info__struct.h
[1.246s] -- Up-to-date: /home/jbaghiro/testWS/install/turtlebot3_msgs/include/turtlebot3_msgs/turtlebot3_msgs/msg/detail/sound__struct.h
[1.247s] -- Up-to-date: /home/jbaghiro/testWS/install/turtlebot3_msgs/include/turtlebot3_msgs/turtlebot3_msgs/msg/detail/version_info__functions.h
[1.247s] -- Up-to-date: /home/jbaghiro/testWS/install/turtlebot3_msgs/include/turtlebot3_msgs/turtlebot3_msgs/msg/detail/version_info__functions.c
[1.247s] -- Up-to-date: /home/jbaghiro/testWS/install/turtlebot3_msgs/include/turtlebot3_msgs/turtlebot3_msgs/msg/detail/sensor_state__struct.h
[1.247s] -- Up-to-date: /home/jbaghiro/testWS/install/turtlebot3_msgs/include/turtlebot3_msgs/turtlebot3_msgs/msg/detail/sound__functions.h
[1.248s] -- Up-to-date: /home/jbaghiro/testWS/install/turtlebot3_msgs/include/turtlebot3_msgs/turtlebot3_msgs/msg/sensor_state.h
[1.248s] -- Up-to-date: /home/jbaghiro/testWS/install/turtlebot3_msgs/include/turtlebot3_msgs/turtlebot3_msgs/msg/sound.h
[1.248s] -- Up-to-date: /home/jbaghiro/testWS/install/turtlebot3_msgs/include/turtlebot3_msgs/turtlebot3_msgs/msg/version_info.h
[1.248s] -- Up-to-date: /home/jbaghiro/testWS/install/turtlebot3_msgs/include/turtlebot3_msgs/turtlebot3_msgs/srv
[1.249s] -- Up-to-date: /home/jbaghiro/testWS/install/turtlebot3_msgs/include/turtlebot3_msgs/turtlebot3_msgs/srv/dqn.h
[1.249s] -- Up-to-date: /home/jbaghiro/testWS/install/turtlebot3_msgs/include/turtlebot3_msgs/turtlebot3_msgs/srv/goal.h
[1.249s] -- Up-to-date: /home/jbaghiro/testWS/install/turtlebot3_msgs/include/turtlebot3_msgs/turtlebot3_msgs/srv/detail
[1.250s] -- Up-to-date: /home/jbaghiro/testWS/install/turtlebot3_msgs/include/turtlebot3_msgs/turtlebot3_msgs/srv/detail/dqn__struct.h
[1.250s] -- Up-to-date: /home/jbaghiro/testWS/install/turtlebot3_msgs/include/turtlebot3_msgs/turtlebot3_msgs/srv/detail/sound__functions.c
[1.250s] -- Up-to-date: /home/jbaghiro/testWS/install/turtlebot3_msgs/include/turtlebot3_msgs/turtlebot3_msgs/srv/detail/sound__type_support.h
[1.250s] -- Up-to-date: /home/jbaghiro/testWS/install/turtlebot3_msgs/include/turtlebot3_msgs/turtlebot3_msgs/srv/detail/dqn__type_support.h
[1.250s] -- Up-to-date: /home/jbaghiro/testWS/install/turtlebot3_msgs/include/turtlebot3_msgs/turtlebot3_msgs/srv/detail/goal__struct.h
[1.251s] -- Up-to-date: /home/jbaghiro/testWS/install/turtlebot3_msgs/include/turtlebot3_msgs/turtlebot3_msgs/srv/detail/goal__type_support.h
[1.251s] -- Up-to-date: /home/jbaghiro/testWS/install/turtlebot3_msgs/include/turtlebot3_msgs/turtlebot3_msgs/srv/detail/sound__struct.h
[1.251s] -- Up-to-date: /home/jbaghiro/testWS/install/turtlebot3_msgs/include/turtlebot3_msgs/turtlebot3_msgs/srv/detail/dqn__functions.c
[1.251s] -- Up-to-date: /home/jbaghiro/testWS/install/turtlebot3_msgs/include/turtlebot3_msgs/turtlebot3_msgs/srv/detail/dqn__functions.h
[1.251s] -- Up-to-date: /home/jbaghiro/testWS/install/turtlebot3_msgs/include/turtlebot3_msgs/turtlebot3_msgs/srv/detail/goal__functions.h
[1.251s] -- Up-to-date: /home/jbaghiro/testWS/install/turtlebot3_msgs/include/turtlebot3_msgs/turtlebot3_msgs/srv/detail/goal__functions.c
[1.252s] -- Up-to-date: /home/jbaghiro/testWS/install/turtlebot3_msgs/include/turtlebot3_msgs/turtlebot3_msgs/srv/detail/sound__functions.h
[1.252s] -- Up-to-date: /home/jbaghiro/testWS/install/turtlebot3_msgs/include/turtlebot3_msgs/turtlebot3_msgs/srv/sound.h
[1.253s] -- Up-to-date: /home/jbaghiro/testWS/install/turtlebot3_msgs/share/turtlebot3_msgs/environment/library_path.sh
[1.254s] -- Up-to-date: /home/jbaghiro/testWS/install/turtlebot3_msgs/share/turtlebot3_msgs/environment/library_path.dsv
[1.254s] -- Up-to-date: /home/jbaghiro/testWS/install/turtlebot3_msgs/lib/libturtlebot3_msgs__rosidl_generator_c.so
[1.255s] -- Up-to-date: /home/jbaghiro/testWS/install/turtlebot3_msgs/include/turtlebot3_msgs/turtlebot3_msgs
[1.256s] -- Up-to-date: /home/jbaghiro/testWS/install/turtlebot3_msgs/include/turtlebot3_msgs/turtlebot3_msgs/action
[1.256s] -- Up-to-date: /home/jbaghiro/testWS/install/turtlebot3_msgs/include/turtlebot3_msgs/turtlebot3_msgs/action/detail
[1.256s] -- Up-to-date: /home/jbaghiro/testWS/install/turtlebot3_msgs/include/turtlebot3_msgs/turtlebot3_msgs/action/detail/patrol__rosidl_typesupport_fastrtps_c.h
[1.256s] -- Up-to-date: /home/jbaghiro/testWS/install/turtlebot3_msgs/include/turtlebot3_msgs/turtlebot3_msgs/msg
[1.257s] -- Up-to-date: /home/jbaghiro/testWS/install/turtlebot3_msgs/include/turtlebot3_msgs/turtlebot3_msgs/msg/detail
[1.257s] -- Up-to-date: /home/jbaghiro/testWS/install/turtlebot3_msgs/include/turtlebot3_msgs/turtlebot3_msgs/msg/detail/version_info__rosidl_typesupport_fastrtps_c.h
[1.257s] -- Up-to-date: /home/jbaghiro/testWS/install/turtlebot3_msgs/include/turtlebot3_msgs/turtlebot3_msgs/msg/detail/sound__rosidl_typesupport_fastrtps_c.h
[1.257s] -- Up-to-date: /home/jbaghiro/testWS/install/turtlebot3_msgs/include/turtlebot3_msgs/turtlebot3_msgs/msg/detail/sensor_state__rosidl_typesupport_fastrtps_c.h
[1.258s] -- Up-to-date: /home/jbaghiro/testWS/install/turtlebot3_msgs/include/turtlebot3_msgs/turtlebot3_msgs/msg/rosidl_typesupport_fastrtps_c__visibility_control.h
[1.258s] -- Up-to-date: /home/jbaghiro/testWS/install/turtlebot3_msgs/include/turtlebot3_msgs/turtlebot3_msgs/srv
[1.258s] -- Up-to-date: /home/jbaghiro/testWS/install/turtlebot3_msgs/include/turtlebot3_msgs/turtlebot3_msgs/srv/detail
[1.258s] -- Up-to-date: /home/jbaghiro/testWS/install/turtlebot3_msgs/include/turtlebot3_msgs/turtlebot3_msgs/srv/detail/dqn__rosidl_typesupport_fastrtps_c.h
[1.258s] -- Up-to-date: /home/jbaghiro/testWS/install/turtlebot3_msgs/include/turtlebot3_msgs/turtlebot3_msgs/srv/detail/goal__rosidl_typesupport_fastrtps_c.h
[1.258s] -- Up-to-date: /home/jbaghiro/testWS/install/turtlebot3_msgs/include/turtlebot3_msgs/turtlebot3_msgs/srv/detail/sound__rosidl_typesupport_fastrtps_c.h
[1.259s] -- Up-to-date: /home/jbaghiro/testWS/install/turtlebot3_msgs/lib/libturtlebot3_msgs__rosidl_typesupport_fastrtps_c.so
[1.274s] -- Up-to-date: /home/jbaghiro/testWS/install/turtlebot3_msgs/include/turtlebot3_msgs/turtlebot3_msgs
[1.275s] -- Up-to-date: /home/jbaghiro/testWS/install/turtlebot3_msgs/include/turtlebot3_msgs/turtlebot3_msgs/action
[1.275s] -- Up-to-date: /home/jbaghiro/testWS/install/turtlebot3_msgs/include/turtlebot3_msgs/turtlebot3_msgs/action/detail
[1.275s] -- Up-to-date: /home/jbaghiro/testWS/install/turtlebot3_msgs/include/turtlebot3_msgs/turtlebot3_msgs/action/detail/patrol__struct.hpp
[1.275s] -- Up-to-date: /home/jbaghiro/testWS/install/turtlebot3_msgs/include/turtlebot3_msgs/turtlebot3_msgs/action/detail/patrol__traits.hpp
[1.275s] -- Up-to-date: /home/jbaghiro/testWS/install/turtlebot3_msgs/include/turtlebot3_msgs/turtlebot3_msgs/action/detail/patrol__type_support.hpp
[1.276s] -- Up-to-date: /home/jbaghiro/testWS/install/turtlebot3_msgs/include/turtlebot3_msgs/turtlebot3_msgs/action/detail/patrol__builder.hpp
[1.276s] -- Up-to-date: /home/jbaghiro/testWS/install/turtlebot3_msgs/include/turtlebot3_msgs/turtlebot3_msgs/action/patrol.hpp
[1.276s] -- Up-to-date: /home/jbaghiro/testWS/install/turtlebot3_msgs/include/turtlebot3_msgs/turtlebot3_msgs/msg
[1.276s] -- Up-to-date: /home/jbaghiro/testWS/install/turtlebot3_msgs/include/turtlebot3_msgs/turtlebot3_msgs/msg/sensor_state.hpp
[1.277s] -- Up-to-date: /home/jbaghiro/testWS/install/turtlebot3_msgs/include/turtlebot3_msgs/turtlebot3_msgs/msg/version_info.hpp
[1.277s] -- Up-to-date: /home/jbaghiro/testWS/install/turtlebot3_msgs/include/turtlebot3_msgs/turtlebot3_msgs/msg/sound.hpp
[1.277s] -- Up-to-date: /home/jbaghiro/testWS/install/turtlebot3_msgs/include/turtlebot3_msgs/turtlebot3_msgs/msg/rosidl_generator_cpp__visibility_control.hpp
[1.277s] -- Up-to-date: /home/jbaghiro/testWS/install/turtlebot3_msgs/include/turtlebot3_msgs/turtlebot3_msgs/msg/detail
[1.277s] -- Up-to-date: /home/jbaghiro/testWS/install/turtlebot3_msgs/include/turtlebot3_msgs/turtlebot3_msgs/msg/detail/sound__type_support.hpp
[1.278s] -- Up-to-date: /home/jbaghiro/testWS/install/turtlebot3_msgs/include/turtlebot3_msgs/turtlebot3_msgs/msg/detail/sound__struct.hpp
[1.278s] -- Up-to-date: /home/jbaghiro/testWS/install/turtlebot3_msgs/include/turtlebot3_msgs/turtlebot3_msgs/msg/detail/version_info__struct.hpp
[1.278s] -- Up-to-date: /home/jbaghiro/testWS/install/turtlebot3_msgs/include/turtlebot3_msgs/turtlebot3_msgs/msg/detail/version_info__traits.hpp
[1.278s] -- Up-to-date: /home/jbaghiro/testWS/install/turtlebot3_msgs/include/turtlebot3_msgs/turtlebot3_msgs/msg/detail/version_info__type_support.hpp
[1.279s] -- Up-to-date: /home/jbaghiro/testWS/install/turtlebot3_msgs/include/turtlebot3_msgs/turtlebot3_msgs/msg/detail/sound__traits.hpp
[1.279s] -- Up-to-date: /home/jbaghiro/testWS/install/turtlebot3_msgs/include/turtlebot3_msgs/turtlebot3_msgs/msg/detail/version_info__builder.hpp
[1.279s] -- Up-to-date: /home/jbaghiro/testWS/install/turtlebot3_msgs/include/turtlebot3_msgs/turtlebot3_msgs/msg/detail/sound__builder.hpp
[1.279s] -- Up-to-date: /home/jbaghiro/testWS/install/turtlebot3_msgs/include/turtlebot3_msgs/turtlebot3_msgs/msg/detail/sensor_state__builder.hpp
[1.279s] -- Up-to-date: /home/jbaghiro/testWS/install/turtlebot3_msgs/include/turtlebot3_msgs/turtlebot3_msgs/msg/detail/sensor_state__struct.hpp
[1.279s] -- Up-to-date: /home/jbaghiro/testWS/install/turtlebot3_msgs/include/turtlebot3_msgs/turtlebot3_msgs/msg/detail/sensor_state__type_support.hpp
[1.279s] -- Up-to-date: /home/jbaghiro/testWS/install/turtlebot3_msgs/include/turtlebot3_msgs/turtlebot3_msgs/msg/detail/sensor_state__traits.hpp
[1.280s] -- Up-to-date: /home/jbaghiro/testWS/install/turtlebot3_msgs/include/turtlebot3_msgs/turtlebot3_msgs/srv
[1.280s] -- Up-to-date: /home/jbaghiro/testWS/install/turtlebot3_msgs/include/turtlebot3_msgs/turtlebot3_msgs/srv/goal.hpp
[1.280s] -- Up-to-date: /home/jbaghiro/testWS/install/turtlebot3_msgs/include/turtlebot3_msgs/turtlebot3_msgs/srv/sound.hpp
[1.280s] -- Up-to-date: /home/jbaghiro/testWS/install/turtlebot3_msgs/include/turtlebot3_msgs/turtlebot3_msgs/srv/detail
[1.280s] -- Up-to-date: /home/jbaghiro/testWS/install/turtlebot3_msgs/include/turtlebot3_msgs/turtlebot3_msgs/srv/detail/sound__type_support.hpp
[1.280s] -- Up-to-date: /home/jbaghiro/testWS/install/turtlebot3_msgs/include/turtlebot3_msgs/turtlebot3_msgs/srv/detail/sound__struct.hpp
[1.280s] -- Up-to-date: /home/jbaghiro/testWS/install/turtlebot3_msgs/include/turtlebot3_msgs/turtlebot3_msgs/srv/detail/dqn__builder.hpp
[1.281s] -- Up-to-date: /home/jbaghiro/testWS/install/turtlebot3_msgs/include/turtlebot3_msgs/turtlebot3_msgs/srv/detail/goal__struct.hpp
[1.281s] -- Up-to-date: /home/jbaghiro/testWS/install/turtlebot3_msgs/include/turtlebot3_msgs/turtlebot3_msgs/srv/detail/goal__type_support.hpp
[1.281s] -- Up-to-date: /home/jbaghiro/testWS/install/turtlebot3_msgs/include/turtlebot3_msgs/turtlebot3_msgs/srv/detail/sound__traits.hpp
[1.281s] -- Up-to-date: /home/jbaghiro/testWS/install/turtlebot3_msgs/include/turtlebot3_msgs/turtlebot3_msgs/srv/detail/goal__traits.hpp
[1.281s] -- Up-to-date: /home/jbaghiro/testWS/install/turtlebot3_msgs/include/turtlebot3_msgs/turtlebot3_msgs/srv/detail/dqn__type_support.hpp
[1.281s] -- Up-to-date: /home/jbaghiro/testWS/install/turtlebot3_msgs/include/turtlebot3_msgs/turtlebot3_msgs/srv/detail/dqn__traits.hpp
[1.282s] -- Up-to-date: /home/jbaghiro/testWS/install/turtlebot3_msgs/include/turtlebot3_msgs/turtlebot3_msgs/srv/detail/sound__builder.hpp
[1.282s] -- Up-to-date: /home/jbaghiro/testWS/install/turtlebot3_msgs/include/turtlebot3_msgs/turtlebot3_msgs/srv/detail/dqn__struct.hpp
[1.282s] -- Up-to-date: /home/jbaghiro/testWS/install/turtlebot3_msgs/include/turtlebot3_msgs/turtlebot3_msgs/srv/detail/goal__builder.hpp
[1.282s] -- Up-to-date: /home/jbaghiro/testWS/install/turtlebot3_msgs/include/turtlebot3_msgs/turtlebot3_msgs/srv/dqn.hpp
[1.282s] -- Up-to-date: /home/jbaghiro/testWS/install/turtlebot3_msgs/include/turtlebot3_msgs/turtlebot3_msgs
[1.282s] -- Up-to-date: /home/jbaghiro/testWS/install/turtlebot3_msgs/include/turtlebot3_msgs/turtlebot3_msgs/action
[1.282s] -- Up-to-date: /home/jbaghiro/testWS/install/turtlebot3_msgs/include/turtlebot3_msgs/turtlebot3_msgs/action/detail
[1.283s] -- Up-to-date: /home/jbaghiro/testWS/install/turtlebot3_msgs/include/turtlebot3_msgs/turtlebot3_msgs/action/detail/patrol__rosidl_typesupport_fastrtps_cpp.hpp
[1.283s] -- Up-to-date: /home/jbaghiro/testWS/install/turtlebot3_msgs/include/turtlebot3_msgs/turtlebot3_msgs/action/detail/dds_fastrtps
[1.283s] -- Up-to-date: /home/jbaghiro/testWS/install/turtlebot3_msgs/include/turtlebot3_msgs/turtlebot3_msgs/msg
[1.283s] -- Up-to-date: /home/jbaghiro/testWS/install/turtlebot3_msgs/include/turtlebot3_msgs/turtlebot3_msgs/msg/rosidl_typesupport_fastrtps_cpp__visibility_control.h
[1.283s] -- Up-to-date: /home/jbaghiro/testWS/install/turtlebot3_msgs/include/turtlebot3_msgs/turtlebot3_msgs/msg/detail
[1.283s] -- Up-to-date: /home/jbaghiro/testWS/install/turtlebot3_msgs/include/turtlebot3_msgs/turtlebot3_msgs/msg/detail/sensor_state__rosidl_typesupport_fastrtps_cpp.hpp
[1.283s] -- Up-to-date: /home/jbaghiro/testWS/install/turtlebot3_msgs/include/turtlebot3_msgs/turtlebot3_msgs/msg/detail/dds_fastrtps
[1.284s] -- Up-to-date: /home/jbaghiro/testWS/install/turtlebot3_msgs/include/turtlebot3_msgs/turtlebot3_msgs/msg/detail/version_info__rosidl_typesupport_fastrtps_cpp.hpp
[1.284s] -- Up-to-date: /home/jbaghiro/testWS/install/turtlebot3_msgs/include/turtlebot3_msgs/turtlebot3_msgs/msg/detail/sound__rosidl_typesupport_fastrtps_cpp.hpp
[1.284s] -- Up-to-date: /home/jbaghiro/testWS/install/turtlebot3_msgs/include/turtlebot3_msgs/turtlebot3_msgs/srv
[1.284s] -- Up-to-date: /home/jbaghiro/testWS/install/turtlebot3_msgs/include/turtlebot3_msgs/turtlebot3_msgs/srv/detail
[1.284s] -- Up-to-date: /home/jbaghiro/testWS/install/turtlebot3_msgs/include/turtlebot3_msgs/turtlebot3_msgs/srv/detail/goal__rosidl_typesupport_fastrtps_cpp.hpp
[1.284s] -- Up-to-date: /home/jbaghiro/testWS/install/turtlebot3_msgs/include/turtlebot3_msgs/turtlebot3_msgs/srv/detail/dqn__rosidl_typesupport_fastrtps_cpp.hpp
[1.285s] -- Up-to-date: /home/jbaghiro/testWS/install/turtlebot3_msgs/include/turtlebot3_msgs/turtlebot3_msgs/srv/detail/dds_fastrtps
[1.285s] -- Up-to-date: /home/jbaghiro/testWS/install/turtlebot3_msgs/include/turtlebot3_msgs/turtlebot3_msgs/srv/detail/sound__rosidl_typesupport_fastrtps_cpp.hpp
[1.286s] -- Up-to-date: /home/jbaghiro/testWS/install/turtlebot3_msgs/lib/libturtlebot3_msgs__rosidl_typesupport_fastrtps_cpp.so
[1.286s] -- Up-to-date: /home/jbaghiro/testWS/install/turtlebot3_msgs/include/turtlebot3_msgs/turtlebot3_msgs
[1.286s] -- Up-to-date: /home/jbaghiro/testWS/install/turtlebot3_msgs/include/turtlebot3_msgs/turtlebot3_msgs/action
[1.287s] -- Up-to-date: /home/jbaghiro/testWS/install/turtlebot3_msgs/include/turtlebot3_msgs/turtlebot3_msgs/action/detail
[1.287s] -- Up-to-date: /home/jbaghiro/testWS/install/turtlebot3_msgs/include/turtlebot3_msgs/turtlebot3_msgs/action/detail/patrol__type_support.c
[1.287s] -- Up-to-date: /home/jbaghiro/testWS/install/turtlebot3_msgs/include/turtlebot3_msgs/turtlebot3_msgs/action/detail/patrol__rosidl_typesupport_introspection_c.h
[1.287s] -- Up-to-date: /home/jbaghiro/testWS/install/turtlebot3_msgs/include/turtlebot3_msgs/turtlebot3_msgs/msg
[1.287s] -- Up-to-date: /home/jbaghiro/testWS/install/turtlebot3_msgs/include/turtlebot3_msgs/turtlebot3_msgs/msg/rosidl_typesupport_introspection_c__visibility_control.h
[1.287s] -- Up-to-date: /home/jbaghiro/testWS/install/turtlebot3_msgs/include/turtlebot3_msgs/turtlebot3_msgs/msg/detail
[1.287s] -- Up-to-date: /home/jbaghiro/testWS/install/turtlebot3_msgs/include/turtlebot3_msgs/turtlebot3_msgs/msg/detail/version_info__rosidl_typesupport_introspection_c.h
[1.288s] -- Up-to-date: /home/jbaghiro/testWS/install/turtlebot3_msgs/include/turtlebot3_msgs/turtlebot3_msgs/msg/detail/version_info__type_support.c
[1.288s] -- Up-to-date: /home/jbaghiro/testWS/install/turtlebot3_msgs/include/turtlebot3_msgs/turtlebot3_msgs/msg/detail/sound__type_support.c
[1.288s] -- Up-to-date: /home/jbaghiro/testWS/install/turtlebot3_msgs/include/turtlebot3_msgs/turtlebot3_msgs/msg/detail/sensor_state__type_support.c
[1.288s] -- Up-to-date: /home/jbaghiro/testWS/install/turtlebot3_msgs/include/turtlebot3_msgs/turtlebot3_msgs/msg/detail/sensor_state__rosidl_typesupport_introspection_c.h
[1.288s] -- Up-to-date: /home/jbaghiro/testWS/install/turtlebot3_msgs/include/turtlebot3_msgs/turtlebot3_msgs/msg/detail/sound__rosidl_typesupport_introspection_c.h
[1.288s] -- Up-to-date: /home/jbaghiro/testWS/install/turtlebot3_msgs/include/turtlebot3_msgs/turtlebot3_msgs/srv
[1.289s] -- Up-to-date: /home/jbaghiro/testWS/install/turtlebot3_msgs/include/turtlebot3_msgs/turtlebot3_msgs/srv/detail
[1.289s] -- Up-to-date: /home/jbaghiro/testWS/install/turtlebot3_msgs/include/turtlebot3_msgs/turtlebot3_msgs/srv/detail/dqn__type_support.c
[1.289s] -- Up-to-date: /home/jbaghiro/testWS/install/turtlebot3_msgs/include/turtlebot3_msgs/turtlebot3_msgs/srv/detail/goal__rosidl_typesupport_introspection_c.h
[1.289s] -- Up-to-date: /home/jbaghiro/testWS/install/turtlebot3_msgs/include/turtlebot3_msgs/turtlebot3_msgs/srv/detail/goal__type_support.c
[1.289s] -- Up-to-date: /home/jbaghiro/testWS/install/turtlebot3_msgs/include/turtlebot3_msgs/turtlebot3_msgs/srv/detail/dqn__rosidl_typesupport_introspection_c.h
[1.290s] -- Up-to-date: /home/jbaghiro/testWS/install/turtlebot3_msgs/include/turtlebot3_msgs/turtlebot3_msgs/srv/detail/sound__type_support.c
[1.290s] -- Up-to-date: /home/jbaghiro/testWS/install/turtlebot3_msgs/include/turtlebot3_msgs/turtlebot3_msgs/srv/detail/sound__rosidl_typesupport_introspection_c.h
[1.290s] -- Up-to-date: /home/jbaghiro/testWS/install/turtlebot3_msgs/lib/libturtlebot3_msgs__rosidl_typesupport_introspection_c.so
[1.290s] -- Up-to-date: /home/jbaghiro/testWS/install/turtlebot3_msgs/lib/libturtlebot3_msgs__rosidl_typesupport_c.so
[1.290s] -- Up-to-date: /home/jbaghiro/testWS/install/turtlebot3_msgs/include/turtlebot3_msgs/turtlebot3_msgs
[1.290s] -- Up-to-date: /home/jbaghiro/testWS/install/turtlebot3_msgs/include/turtlebot3_msgs/turtlebot3_msgs/action
[1.291s] -- Up-to-date: /home/jbaghiro/testWS/install/turtlebot3_msgs/include/turtlebot3_msgs/turtlebot3_msgs/action/detail
[1.291s] -- Up-to-date: /home/jbaghiro/testWS/install/turtlebot3_msgs/include/turtlebot3_msgs/turtlebot3_msgs/action/detail/patrol__type_support.cpp
[1.291s] -- Up-to-date: /home/jbaghiro/testWS/install/turtlebot3_msgs/include/turtlebot3_msgs/turtlebot3_msgs/action/detail/patrol__rosidl_typesupport_introspection_cpp.hpp
[1.291s] -- Up-to-date: /home/jbaghiro/testWS/install/turtlebot3_msgs/include/turtlebot3_msgs/turtlebot3_msgs/msg
[1.291s] -- Up-to-date: /home/jbaghiro/testWS/install/turtlebot3_msgs/include/turtlebot3_msgs/turtlebot3_msgs/msg/detail
[1.291s] -- Up-to-date: /home/jbaghiro/testWS/install/turtlebot3_msgs/include/turtlebot3_msgs/turtlebot3_msgs/msg/detail/sound__rosidl_typesupport_introspection_cpp.hpp
[1.291s] -- Up-to-date: /home/jbaghiro/testWS/install/turtlebot3_msgs/include/turtlebot3_msgs/turtlebot3_msgs/msg/detail/sound__type_support.cpp
[1.292s] -- Up-to-date: /home/jbaghiro/testWS/install/turtlebot3_msgs/include/turtlebot3_msgs/turtlebot3_msgs/msg/detail/sensor_state__type_support.cpp
[1.292s] -- Up-to-date: /home/jbaghiro/testWS/install/turtlebot3_msgs/include/turtlebot3_msgs/turtlebot3_msgs/msg/detail/version_info__rosidl_typesupport_introspection_cpp.hpp
[1.292s] -- Up-to-date: /home/jbaghiro/testWS/install/turtlebot3_msgs/include/turtlebot3_msgs/turtlebot3_msgs/msg/detail/sensor_state__rosidl_typesupport_introspection_cpp.hpp
[1.292s] -- Up-to-date: /home/jbaghiro/testWS/install/turtlebot3_msgs/include/turtlebot3_msgs/turtlebot3_msgs/msg/detail/version_info__type_support.cpp
[1.292s] -- Up-to-date: /home/jbaghiro/testWS/install/turtlebot3_msgs/include/turtlebot3_msgs/turtlebot3_msgs/srv
[1.292s] -- Up-to-date: /home/jbaghiro/testWS/install/turtlebot3_msgs/include/turtlebot3_msgs/turtlebot3_msgs/srv/detail
[1.293s] -- Up-to-date: /home/jbaghiro/testWS/install/turtlebot3_msgs/include/turtlebot3_msgs/turtlebot3_msgs/srv/detail/sound__rosidl_typesupport_introspection_cpp.hpp
[1.293s] -- Up-to-date: /home/jbaghiro/testWS/install/turtlebot3_msgs/include/turtlebot3_msgs/turtlebot3_msgs/srv/detail/sound__type_support.cpp
[1.293s] -- Up-to-date: /home/jbaghiro/testWS/install/turtlebot3_msgs/include/turtlebot3_msgs/turtlebot3_msgs/srv/detail/goal__rosidl_typesupport_introspection_cpp.hpp
[1.293s] -- Up-to-date: /home/jbaghiro/testWS/install/turtlebot3_msgs/include/turtlebot3_msgs/turtlebot3_msgs/srv/detail/goal__type_support.cpp
[1.293s] -- Up-to-date: /home/jbaghiro/testWS/install/turtlebot3_msgs/include/turtlebot3_msgs/turtlebot3_msgs/srv/detail/dqn__type_support.cpp
[1.294s] -- Up-to-date: /home/jbaghiro/testWS/install/turtlebot3_msgs/include/turtlebot3_msgs/turtlebot3_msgs/srv/detail/dqn__rosidl_typesupport_introspection_cpp.hpp
[1.294s] -- Up-to-date: /home/jbaghiro/testWS/install/turtlebot3_msgs/lib/libturtlebot3_msgs__rosidl_typesupport_introspection_cpp.so
[1.294s] -- Up-to-date: /home/jbaghiro/testWS/install/turtlebot3_msgs/lib/libturtlebot3_msgs__rosidl_typesupport_cpp.so
[1.294s] -- Up-to-date: /home/jbaghiro/testWS/install/turtlebot3_msgs/share/turtlebot3_msgs/environment/pythonpath.sh
[1.294s] -- Up-to-date: /home/jbaghiro/testWS/install/turtlebot3_msgs/share/turtlebot3_msgs/environment/pythonpath.dsv
[1.295s] -- Up-to-date: /home/jbaghiro/testWS/install/turtlebot3_msgs/local/lib/python3.10/dist-packages/turtlebot3_msgs-2.4.0-py3.10.egg-info
[1.295s] -- Installing: /home/jbaghiro/testWS/install/turtlebot3_msgs/local/lib/python3.10/dist-packages/turtlebot3_msgs-2.4.0-py3.10.egg-info/top_level.txt
[1.295s] -- Installing: /home/jbaghiro/testWS/install/turtlebot3_msgs/local/lib/python3.10/dist-packages/turtlebot3_msgs-2.4.0-py3.10.egg-info/dependency_links.txt
[1.295s] -- Installing: /home/jbaghiro/testWS/install/turtlebot3_msgs/local/lib/python3.10/dist-packages/turtlebot3_msgs-2.4.0-py3.10.egg-info/PKG-INFO
[1.295s] -- Installing: /home/jbaghiro/testWS/install/turtlebot3_msgs/local/lib/python3.10/dist-packages/turtlebot3_msgs-2.4.0-py3.10.egg-info/SOURCES.txt
[1.295s] -- Up-to-date: /home/jbaghiro/testWS/install/turtlebot3_msgs/local/lib/python3.10/dist-packages/turtlebot3_msgs
[1.296s] -- Up-to-date: /home/jbaghiro/testWS/install/turtlebot3_msgs/local/lib/python3.10/dist-packages/turtlebot3_msgs/_turtlebot3_msgs_s.ep.rosidl_typesupport_introspection_c.c
[1.296s] -- Up-to-date: /home/jbaghiro/testWS/install/turtlebot3_msgs/local/lib/python3.10/dist-packages/turtlebot3_msgs/turtlebot3_msgs_s__rosidl_typesupport_c.cpython-310-x86_64-linux-gnu.so
[1.296s] -- Up-to-date: /home/jbaghiro/testWS/install/turtlebot3_msgs/local/lib/python3.10/dist-packages/turtlebot3_msgs/turtlebot3_msgs_s__rosidl_typesupport_introspection_c.cpython-310-x86_64-linux-gnu.so
[1.296s] -- Up-to-date: /home/jbaghiro/testWS/install/turtlebot3_msgs/local/lib/python3.10/dist-packages/turtlebot3_msgs/libturtlebot3_msgs__rosidl_generator_py.so
[1.296s] -- Up-to-date: /home/jbaghiro/testWS/install/turtlebot3_msgs/local/lib/python3.10/dist-packages/turtlebot3_msgs/action
[1.296s] -- Up-to-date: /home/jbaghiro/testWS/install/turtlebot3_msgs/local/lib/python3.10/dist-packages/turtlebot3_msgs/action/_patrol_s.c
[1.297s] -- Up-to-date: /home/jbaghiro/testWS/install/turtlebot3_msgs/local/lib/python3.10/dist-packages/turtlebot3_msgs/action/__init__.py
[1.297s] -- Up-to-date: /home/jbaghiro/testWS/install/turtlebot3_msgs/local/lib/python3.10/dist-packages/turtlebot3_msgs/action/_patrol.py
[1.297s] -- Up-to-date: /home/jbaghiro/testWS/install/turtlebot3_msgs/local/lib/python3.10/dist-packages/turtlebot3_msgs/_turtlebot3_msgs_s.ep.rosidl_typesupport_fastrtps_c.c
[1.297s] -- Up-to-date: /home/jbaghiro/testWS/install/turtlebot3_msgs/local/lib/python3.10/dist-packages/turtlebot3_msgs/__init__.py
[1.297s] -- Up-to-date: /home/jbaghiro/testWS/install/turtlebot3_msgs/local/lib/python3.10/dist-packages/turtlebot3_msgs/turtlebot3_msgs_s__rosidl_typesupport_fastrtps_c.cpython-310-x86_64-linux-gnu.so
[1.298s] -- Up-to-date: /home/jbaghiro/testWS/install/turtlebot3_msgs/local/lib/python3.10/dist-packages/turtlebot3_msgs/_turtlebot3_msgs_s.ep.rosidl_typesupport_c.c
[1.298s] -- Up-to-date: /home/jbaghiro/testWS/install/turtlebot3_msgs/local/lib/python3.10/dist-packages/turtlebot3_msgs/msg
[1.298s] -- Up-to-date: /home/jbaghiro/testWS/install/turtlebot3_msgs/local/lib/python3.10/dist-packages/turtlebot3_msgs/msg/_sound.py
[1.298s] -- Up-to-date: /home/jbaghiro/testWS/install/turtlebot3_msgs/local/lib/python3.10/dist-packages/turtlebot3_msgs/msg/_sound_s.c
[1.298s] -- Up-to-date: /home/jbaghiro/testWS/install/turtlebot3_msgs/local/lib/python3.10/dist-packages/turtlebot3_msgs/msg/_version_info_s.c
[1.298s] -- Up-to-date: /home/jbaghiro/testWS/install/turtlebot3_msgs/local/lib/python3.10/dist-packages/turtlebot3_msgs/msg/_sensor_state.py
[1.298s] -- Up-to-date: /home/jbaghiro/testWS/install/turtlebot3_msgs/local/lib/python3.10/dist-packages/turtlebot3_msgs/msg/_sensor_state_s.c
[1.299s] -- Up-to-date: /home/jbaghiro/testWS/install/turtlebot3_msgs/local/lib/python3.10/dist-packages/turtlebot3_msgs/msg/_version_info.py
[1.299s] -- Up-to-date: /home/jbaghiro/testWS/install/turtlebot3_msgs/local/lib/python3.10/dist-packages/turtlebot3_msgs/msg/__init__.py
[1.299s] -- Up-to-date: /home/jbaghiro/testWS/install/turtlebot3_msgs/local/lib/python3.10/dist-packages/turtlebot3_msgs/srv
[1.299s] -- Up-to-date: /home/jbaghiro/testWS/install/turtlebot3_msgs/local/lib/python3.10/dist-packages/turtlebot3_msgs/srv/_sound.py
[1.300s] -- Up-to-date: /home/jbaghiro/testWS/install/turtlebot3_msgs/local/lib/python3.10/dist-packages/turtlebot3_msgs/srv/_sound_s.c
[1.300s] -- Up-to-date: /home/jbaghiro/testWS/install/turtlebot3_msgs/local/lib/python3.10/dist-packages/turtlebot3_msgs/srv/_dqn.py
[1.300s] -- Up-to-date: /home/jbaghiro/testWS/install/turtlebot3_msgs/local/lib/python3.10/dist-packages/turtlebot3_msgs/srv/_dqn_s.c
[1.300s] -- Up-to-date: /home/jbaghiro/testWS/install/turtlebot3_msgs/local/lib/python3.10/dist-packages/turtlebot3_msgs/srv/_goal_s.c
[1.300s] -- Up-to-date: /home/jbaghiro/testWS/install/turtlebot3_msgs/local/lib/python3.10/dist-packages/turtlebot3_msgs/srv/__init__.py
[1.300s] -- Up-to-date: /home/jbaghiro/testWS/install/turtlebot3_msgs/local/lib/python3.10/dist-packages/turtlebot3_msgs/srv/_goal.py
[1.327s] Listing '/home/jbaghiro/testWS/install/turtlebot3_msgs/local/lib/python3.10/dist-packages/turtlebot3_msgs'...
[1.327s] Listing '/home/jbaghiro/testWS/install/turtlebot3_msgs/local/lib/python3.10/dist-packages/turtlebot3_msgs/action'...
[1.328s] Listing '/home/jbaghiro/testWS/install/turtlebot3_msgs/local/lib/python3.10/dist-packages/turtlebot3_msgs/msg'...
[1.328s] Listing '/home/jbaghiro/testWS/install/turtlebot3_msgs/local/lib/python3.10/dist-packages/turtlebot3_msgs/srv'...
[1.328s] -- Up-to-date: /home/jbaghiro/testWS/install/turtlebot3_msgs/local/lib/python3.10/dist-packages/turtlebot3_msgs/turtlebot3_msgs_s__rosidl_typesupport_fastrtps_c.cpython-310-x86_64-linux-gnu.so
[1.328s] -- Up-to-date: /home/jbaghiro/testWS/install/turtlebot3_msgs/local/lib/python3.10/dist-packages/turtlebot3_msgs/turtlebot3_msgs_s__rosidl_typesupport_introspection_c.cpython-310-x86_64-linux-gnu.so
[1.328s] -- Up-to-date: /home/jbaghiro/testWS/install/turtlebot3_msgs/local/lib/python3.10/dist-packages/turtlebot3_msgs/turtlebot3_msgs_s__rosidl_typesupport_c.cpython-310-x86_64-linux-gnu.so
[1.328s] -- Up-to-date: /home/jbaghiro/testWS/install/turtlebot3_msgs/lib/libturtlebot3_msgs__rosidl_generator_py.so
[1.328s] -- Up-to-date: /home/jbaghiro/testWS/install/turtlebot3_msgs/share/turtlebot3_msgs/msg/SensorState.idl
[1.328s] -- Up-to-date: /home/jbaghiro/testWS/install/turtlebot3_msgs/share/turtlebot3_msgs/msg/Sound.idl
[1.329s] -- Up-to-date: /home/jbaghiro/testWS/install/turtlebot3_msgs/share/turtlebot3_msgs/msg/VersionInfo.idl
[1.329s] -- Up-to-date: /home/jbaghiro/testWS/install/turtlebot3_msgs/share/turtlebot3_msgs/srv/Sound.idl
[1.329s] -- Up-to-date: /home/jbaghiro/testWS/install/turtlebot3_msgs/share/turtlebot3_msgs/srv/Dqn.idl
[1.329s] -- Up-to-date: /home/jbaghiro/testWS/install/turtlebot3_msgs/share/turtlebot3_msgs/srv/Goal.idl
[1.329s] -- Up-to-date: /home/jbaghiro/testWS/install/turtlebot3_msgs/share/turtlebot3_msgs/action/Patrol.idl
[1.329s] -- Up-to-date: /home/jbaghiro/testWS/install/turtlebot3_msgs/share/turtlebot3_msgs/msg/SensorState.msg
[1.330s] -- Up-to-date: /home/jbaghiro/testWS/install/turtlebot3_msgs/share/turtlebot3_msgs/msg/Sound.msg
[1.330s] -- Up-to-date: /home/jbaghiro/testWS/install/turtlebot3_msgs/share/turtlebot3_msgs/msg/VersionInfo.msg
[1.330s] -- Up-to-date: /home/jbaghiro/testWS/install/turtlebot3_msgs/share/turtlebot3_msgs/srv/Sound.srv
[1.330s] -- Up-to-date: /home/jbaghiro/testWS/install/turtlebot3_msgs/share/turtlebot3_msgs/srv/Sound_Request.msg
[1.330s] -- Up-to-date: /home/jbaghiro/testWS/install/turtlebot3_msgs/share/turtlebot3_msgs/srv/Sound_Response.msg
[1.331s] -- Up-to-date: /home/jbaghiro/testWS/install/turtlebot3_msgs/share/turtlebot3_msgs/srv/Dqn.srv
[1.331s] -- Up-to-date: /home/jbaghiro/testWS/install/turtlebot3_msgs/share/turtlebot3_msgs/srv/Dqn_Request.msg
[1.331s] -- Up-to-date: /home/jbaghiro/testWS/install/turtlebot3_msgs/share/turtlebot3_msgs/srv/Dqn_Response.msg
[1.331s] -- Up-to-date: /home/jbaghiro/testWS/install/turtlebot3_msgs/share/turtlebot3_msgs/srv/Goal.srv
[1.331s] -- Up-to-date: /home/jbaghiro/testWS/install/turtlebot3_msgs/share/turtlebot3_msgs/srv/Goal_Request.msg
[1.331s] -- Up-to-date: /home/jbaghiro/testWS/install/turtlebot3_msgs/share/turtlebot3_msgs/srv/Goal_Response.msg
[1.331s] -- Up-to-date: /home/jbaghiro/testWS/install/turtlebot3_msgs/share/turtlebot3_msgs/action/Patrol.action
[1.332s] -- Up-to-date: /home/jbaghiro/testWS/install/turtlebot3_msgs/share/ament_index/resource_index/package_run_dependencies/turtlebot3_msgs
[1.332s] -- Up-to-date: /home/jbaghiro/testWS/install/turtlebot3_msgs/share/ament_index/resource_index/parent_prefix_path/turtlebot3_msgs
[1.332s] -- Up-to-date: /home/jbaghiro/testWS/install/turtlebot3_msgs/share/turtlebot3_msgs/environment/ament_prefix_path.sh
[1.332s] -- Up-to-date: /home/jbaghiro/testWS/install/turtlebot3_msgs/share/turtlebot3_msgs/environment/ament_prefix_path.dsv
[1.333s] -- Up-to-date: /home/jbaghiro/testWS/install/turtlebot3_msgs/share/turtlebot3_msgs/environment/path.sh
[1.333s] -- Up-to-date: /home/jbaghiro/testWS/install/turtlebot3_msgs/share/turtlebot3_msgs/environment/path.dsv
[1.333s] -- Up-to-date: /home/jbaghiro/testWS/install/turtlebot3_msgs/share/turtlebot3_msgs/local_setup.bash
[1.333s] -- Up-to-date: /home/jbaghiro/testWS/install/turtlebot3_msgs/share/turtlebot3_msgs/local_setup.sh
[1.333s] -- Up-to-date: /home/jbaghiro/testWS/install/turtlebot3_msgs/share/turtlebot3_msgs/local_setup.zsh
[1.333s] -- Up-to-date: /home/jbaghiro/testWS/install/turtlebot3_msgs/share/turtlebot3_msgs/local_setup.dsv
[1.334s] -- Installing: /home/jbaghiro/testWS/install/turtlebot3_msgs/share/turtlebot3_msgs/package.dsv
[1.334s] -- Up-to-date: /home/jbaghiro/testWS/install/turtlebot3_msgs/share/ament_index/resource_index/packages/turtlebot3_msgs
[1.334s] -- Up-to-date: /home/jbaghiro/testWS/install/turtlebot3_msgs/share/turtlebot3_msgs/cmake/export_turtlebot3_msgs__rosidl_generator_cExport.cmake
[1.334s] -- Up-to-date: /home/jbaghiro/testWS/install/turtlebot3_msgs/share/turtlebot3_msgs/cmake/export_turtlebot3_msgs__rosidl_generator_cExport-noconfig.cmake
[1.334s] -- Up-to-date: /home/jbaghiro/testWS/install/turtlebot3_msgs/share/turtlebot3_msgs/cmake/export_turtlebot3_msgs__rosidl_typesupport_fastrtps_cExport.cmake
[1.335s] -- Up-to-date: /home/jbaghiro/testWS/install/turtlebot3_msgs/share/turtlebot3_msgs/cmake/export_turtlebot3_msgs__rosidl_typesupport_fastrtps_cExport-noconfig.cmake
[1.335s] -- Up-to-date: /home/jbaghiro/testWS/install/turtlebot3_msgs/share/turtlebot3_msgs/cmake/export_turtlebot3_msgs__rosidl_generator_cppExport.cmake
[1.335s] -- Up-to-date: /home/jbaghiro/testWS/install/turtlebot3_msgs/share/turtlebot3_msgs/cmake/export_turtlebot3_msgs__rosidl_typesupport_fastrtps_cppExport.cmake
[1.335s] -- Up-to-date: /home/jbaghiro/testWS/install/turtlebot3_msgs/share/turtlebot3_msgs/cmake/export_turtlebot3_msgs__rosidl_typesupport_fastrtps_cppExport-noconfig.cmake
[1.335s] -- Up-to-date: /home/jbaghiro/testWS/install/turtlebot3_msgs/share/turtlebot3_msgs/cmake/turtlebot3_msgs__rosidl_typesupport_introspection_cExport.cmake
[1.335s] -- Up-to-date: /home/jbaghiro/testWS/install/turtlebot3_msgs/share/turtlebot3_msgs/cmake/turtlebot3_msgs__rosidl_typesupport_introspection_cExport-noconfig.cmake
[1.335s] -- Up-to-date: /home/jbaghiro/testWS/install/turtlebot3_msgs/share/turtlebot3_msgs/cmake/turtlebot3_msgs__rosidl_typesupport_cExport.cmake
[1.336s] -- Up-to-date: /home/jbaghiro/testWS/install/turtlebot3_msgs/share/turtlebot3_msgs/cmake/turtlebot3_msgs__rosidl_typesupport_cExport-noconfig.cmake
[1.336s] -- Up-to-date: /home/jbaghiro/testWS/install/turtlebot3_msgs/share/turtlebot3_msgs/cmake/turtlebot3_msgs__rosidl_typesupport_introspection_cppExport.cmake
[1.336s] -- Up-to-date: /home/jbaghiro/testWS/install/turtlebot3_msgs/share/turtlebot3_msgs/cmake/turtlebot3_msgs__rosidl_typesupport_introspection_cppExport-noconfig.cmake
[1.336s] -- Up-to-date: /home/jbaghiro/testWS/install/turtlebot3_msgs/share/turtlebot3_msgs/cmake/turtlebot3_msgs__rosidl_typesupport_cppExport.cmake
[1.336s] -- Up-to-date: /home/jbaghiro/testWS/install/turtlebot3_msgs/share/turtlebot3_msgs/cmake/turtlebot3_msgs__rosidl_typesupport_cppExport-noconfig.cmake
[1.337s] -- Up-to-date: /home/jbaghiro/testWS/install/turtlebot3_msgs/share/turtlebot3_msgs/cmake/export_turtlebot3_msgs__rosidl_generator_pyExport.cmake
[1.337s] -- Up-to-date: /home/jbaghiro/testWS/install/turtlebot3_msgs/share/turtlebot3_msgs/cmake/export_turtlebot3_msgs__rosidl_generator_pyExport-noconfig.cmake
[1.337s] -- Up-to-date: /home/jbaghiro/testWS/install/turtlebot3_msgs/share/turtlebot3_msgs/cmake/rosidl_cmake-extras.cmake
[1.337s] -- Up-to-date: /home/jbaghiro/testWS/install/turtlebot3_msgs/share/turtlebot3_msgs/cmake/ament_cmake_export_dependencies-extras.cmake
[1.337s] -- Up-to-date: /home/jbaghiro/testWS/install/turtlebot3_msgs/share/turtlebot3_msgs/cmake/ament_cmake_export_include_directories-extras.cmake
[1.338s] -- Up-to-date: /home/jbaghiro/testWS/install/turtlebot3_msgs/share/turtlebot3_msgs/cmake/ament_cmake_export_libraries-extras.cmake
[1.338s] -- Up-to-date: /home/jbaghiro/testWS/install/turtlebot3_msgs/share/turtlebot3_msgs/cmake/ament_cmake_export_targets-extras.cmake
[1.338s] -- Up-to-date: /home/jbaghiro/testWS/install/turtlebot3_msgs/share/turtlebot3_msgs/cmake/rosidl_cmake_export_typesupport_targets-extras.cmake
[1.338s] -- Up-to-date: /home/jbaghiro/testWS/install/turtlebot3_msgs/share/turtlebot3_msgs/cmake/rosidl_cmake_export_typesupport_libraries-extras.cmake
[1.339s] -- Up-to-date: /home/jbaghiro/testWS/install/turtlebot3_msgs/share/turtlebot3_msgs/cmake/turtlebot3_msgsConfig.cmake
[1.339s] -- Up-to-date: /home/jbaghiro/testWS/install/turtlebot3_msgs/share/turtlebot3_msgs/cmake/turtlebot3_msgsConfig-version.cmake
[1.339s] -- Up-to-date: /home/jbaghiro/testWS/install/turtlebot3_msgs/share/turtlebot3_msgs/package.xml
[1.461s] Invoked command in '/home/jbaghiro/testWS/build/turtlebot3_msgs' returned '0': CMAKE_PREFIX_PATH=${CMAKE_PREFIX_PATH}:/home/jbaghiro/testWS/install/turtlebot3_teleop:/home/jbaghiro/testWS/install/turtlebot3_example:/opt/ros/humble /usr/bin/cmake --install /home/jbaghiro/testWS/build/turtlebot3_msgs
