[1.011s] Invoking command in '/home/jbaghiro/testWS/src/turtlebot3/turtlebot3/turtlebot3_example': AMENT_PREFIX_PATH=/home/jbaghiro/testWS/install/turtlebot3_msgs:${AMENT_PREFIX_PATH} CMAKE_PREFIX_PATH=/home/jbaghiro/testWS/install/turtlebot3_msgs LD_LIBRARY_PATH=/home/jbaghiro/testWS/install/turtlebot3_msgs/lib:${LD_LIBRARY_PATH} PYTHONPATH=/home/jbaghiro/testWS/build/turtlebot3_example/prefix_override:/usr/lib/python3/dist-packages/colcon_core/task/python/colcon_distutils_commands:/home/jbaghiro/testWS/install/turtlebot3_example/lib/python3.10/site-packages:/home/jbaghiro/testWS/install/turtlebot3_msgs/local/lib/python3.10/dist-packages:${PYTHONPATH} /usr/bin/python3 -W ignore:setup.py install is deprecated -W ignore:easy_install command is deprecated setup.py egg_info --egg-base ../../../../build/turtlebot3_example build --build-base /home/jbaghiro/testWS/build/turtlebot3_example/build install --record /home/jbaghiro/testWS/build/turtlebot3_example/install.log --single-version-externally-managed install_data
[1.315s] running egg_info
[1.316s] creating ../../../../build/turtlebot3_example/turtlebot3_example.egg-info
[1.317s] writing ../../../../build/turtlebot3_example/turtlebot3_example.egg-info/PKG-INFO
[1.317s] writing dependency_links to ../../../../build/turtlebot3_example/turtlebot3_example.egg-info/dependency_links.txt
[1.317s] writing entry points to ../../../../build/turtlebot3_example/turtlebot3_example.egg-info/entry_points.txt
[1.318s] writing requirements to ../../../../build/turtlebot3_example/turtlebot3_example.egg-info/requires.txt
[1.318s] writing top-level names to ../../../../build/turtlebot3_example/turtlebot3_example.egg-info/top_level.txt
[1.318s] writing manifest file '../../../../build/turtlebot3_example/turtlebot3_example.egg-info/SOURCES.txt'
[1.322s] reading manifest file '../../../../build/turtlebot3_example/turtlebot3_example.egg-info/SOURCES.txt'
[1.323s] writing manifest file '../../../../build/turtlebot3_example/turtlebot3_example.egg-info/SOURCES.txt'
[1.323s] running build
[1.324s] running build_py
[1.324s] creating /home/jbaghiro/testWS/build/turtlebot3_example/build
[1.324s] creating /home/jbaghiro/testWS/build/turtlebot3_example/build/lib
[1.325s] creating /home/jbaghiro/testWS/build/turtlebot3_example/build/lib/turtlebot3_example
[1.326s] copying turtlebot3_example/__init__.py -> /home/jbaghiro/testWS/build/turtlebot3_example/build/lib/turtlebot3_example
[1.326s] creating /home/jbaghiro/testWS/build/turtlebot3_example/build/lib/turtlebot3_example/turtlebot3_obstacle_detection
[1.327s] copying turtlebot3_example/turtlebot3_obstacle_detection/turtlebot3_obstacle_detection.py -> /home/jbaghiro/testWS/build/turtlebot3_example/build/lib/turtlebot3_example/turtlebot3_obstacle_detection
[1.327s] copying turtlebot3_example/turtlebot3_obstacle_detection/__init__.py -> /home/jbaghiro/testWS/build/turtlebot3_example/build/lib/turtlebot3_example/turtlebot3_obstacle_detection
[1.327s] creating /home/jbaghiro/testWS/build/turtlebot3_example/build/lib/turtlebot3_example/turtlebot3_absolute_move
[1.328s] copying turtlebot3_example/turtlebot3_absolute_move/__init__.py -> /home/jbaghiro/testWS/build/turtlebot3_example/build/lib/turtlebot3_example/turtlebot3_absolute_move
[1.328s] copying turtlebot3_example/turtlebot3_absolute_move/turtlebot3_absolute_move.py -> /home/jbaghiro/testWS/build/turtlebot3_example/build/lib/turtlebot3_example/turtlebot3_absolute_move
[1.329s] creating /home/jbaghiro/testWS/build/turtlebot3_example/build/lib/turtlebot3_example/turtlebot3_patrol
[1.329s] copying turtlebot3_example/turtlebot3_patrol/turtlebot3_patrol_server.py -> /home/jbaghiro/testWS/build/turtlebot3_example/build/lib/turtlebot3_example/turtlebot3_patrol
[1.329s] copying turtlebot3_example/turtlebot3_patrol/turtlebot3_patrol_client.py -> /home/jbaghiro/testWS/build/turtlebot3_example/build/lib/turtlebot3_example/turtlebot3_patrol
[1.330s] copying turtlebot3_example/turtlebot3_patrol/__init__.py -> /home/jbaghiro/testWS/build/turtlebot3_example/build/lib/turtlebot3_example/turtlebot3_patrol
[1.330s] creating /home/jbaghiro/testWS/build/turtlebot3_example/build/lib/turtlebot3_example/turtlebot3_interactive_marker
[1.330s] copying turtlebot3_example/turtlebot3_interactive_marker/turtlebot3_interactive_marker.py -> /home/jbaghiro/testWS/build/turtlebot3_example/build/lib/turtlebot3_example/turtlebot3_interactive_marker
[1.331s] copying turtlebot3_example/turtlebot3_interactive_marker/__init__.py -> /home/jbaghiro/testWS/build/turtlebot3_example/build/lib/turtlebot3_example/turtlebot3_interactive_marker
[1.331s] creating /home/jbaghiro/testWS/build/turtlebot3_example/build/lib/turtlebot3_example/turtlebot3_relative_move
[1.331s] copying turtlebot3_example/turtlebot3_relative_move/turtlebot3_relative_move.py -> /home/jbaghiro/testWS/build/turtlebot3_example/build/lib/turtlebot3_example/turtlebot3_relative_move
[1.332s] copying turtlebot3_example/turtlebot3_relative_move/__init__.py -> /home/jbaghiro/testWS/build/turtlebot3_example/build/lib/turtlebot3_example/turtlebot3_relative_move
[1.332s] running install
[1.333s] running install_lib
[1.334s] creating /home/jbaghiro/testWS/install/turtlebot3_example/lib/python3.10/site-packages/turtlebot3_example
[1.334s] creating /home/jbaghiro/testWS/install/turtlebot3_example/lib/python3.10/site-packages/turtlebot3_example/turtlebot3_obstacle_detection
[1.335s] copying /home/jbaghiro/testWS/build/turtlebot3_example/build/lib/turtlebot3_example/turtlebot3_obstacle_detection/turtlebot3_obstacle_detection.py -> /home/jbaghiro/testWS/install/turtlebot3_example/lib/python3.10/site-packages/turtlebot3_example/turtlebot3_obstacle_detection
[1.335s] copying /home/jbaghiro/testWS/build/turtlebot3_example/build/lib/turtlebot3_example/turtlebot3_obstacle_detection/__init__.py -> /home/jbaghiro/testWS/install/turtlebot3_example/lib/python3.10/site-packages/turtlebot3_example/turtlebot3_obstacle_detection
[1.336s] creating /home/jbaghiro/testWS/install/turtlebot3_example/lib/python3.10/site-packages/turtlebot3_example/turtlebot3_absolute_move
[1.336s] copying /home/jbaghiro/testWS/build/turtlebot3_example/build/lib/turtlebot3_example/turtlebot3_absolute_move/__init__.py -> /home/jbaghiro/testWS/install/turtlebot3_example/lib/python3.10/site-packages/turtlebot3_example/turtlebot3_absolute_move
[1.336s] copying /home/jbaghiro/testWS/build/turtlebot3_example/build/lib/turtlebot3_example/turtlebot3_absolute_move/turtlebot3_absolute_move.py -> /home/jbaghiro/testWS/install/turtlebot3_example/lib/python3.10/site-packages/turtlebot3_example/turtlebot3_absolute_move
[1.337s] creating /home/jbaghiro/testWS/install/turtlebot3_example/lib/python3.10/site-packages/turtlebot3_example/turtlebot3_patrol
[1.337s] copying /home/jbaghiro/testWS/build/turtlebot3_example/build/lib/turtlebot3_example/turtlebot3_patrol/turtlebot3_patrol_server.py -> /home/jbaghiro/testWS/install/turtlebot3_example/lib/python3.10/site-packages/turtlebot3_example/turtlebot3_patrol
[1.338s] copying /home/jbaghiro/testWS/build/turtlebot3_example/build/lib/turtlebot3_example/turtlebot3_patrol/turtlebot3_patrol_client.py -> /home/jbaghiro/testWS/install/turtlebot3_example/lib/python3.10/site-packages/turtlebot3_example/turtlebot3_patrol
[1.338s] copying /home/jbaghiro/testWS/build/turtlebot3_example/build/lib/turtlebot3_example/turtlebot3_patrol/__init__.py -> /home/jbaghiro/testWS/install/turtlebot3_example/lib/python3.10/site-packages/turtlebot3_example/turtlebot3_patrol
[1.338s] creating /home/jbaghiro/testWS/install/turtlebot3_example/lib/python3.10/site-packages/turtlebot3_example/turtlebot3_interactive_marker
[1.339s] copying /home/jbaghiro/testWS/build/turtlebot3_example/build/lib/turtlebot3_example/turtlebot3_interactive_marker/turtlebot3_interactive_marker.py -> /home/jbaghiro/testWS/install/turtlebot3_example/lib/python3.10/site-packages/turtlebot3_example/turtlebot3_interactive_marker
[1.339s] copying /home/jbaghiro/testWS/build/turtlebot3_example/build/lib/turtlebot3_example/turtlebot3_interactive_marker/__init__.py -> /home/jbaghiro/testWS/install/turtlebot3_example/lib/python3.10/site-packages/turtlebot3_example/turtlebot3_interactive_marker
[1.339s] copying /home/jbaghiro/testWS/build/turtlebot3_example/build/lib/turtlebot3_example/__init__.py -> /home/jbaghiro/testWS/install/turtlebot3_example/lib/python3.10/site-packages/turtlebot3_example
[1.339s] creating /home/jbaghiro/testWS/install/turtlebot3_example/lib/python3.10/site-packages/turtlebot3_example/turtlebot3_relative_move
[1.340s] copying /home/jbaghiro/testWS/build/turtlebot3_example/build/lib/turtlebot3_example/turtlebot3_relative_move/turtlebot3_relative_move.py -> /home/jbaghiro/testWS/install/turtlebot3_example/lib/python3.10/site-packages/turtlebot3_example/turtlebot3_relative_move
[1.340s] copying /home/jbaghiro/testWS/build/turtlebot3_example/build/lib/turtlebot3_example/turtlebot3_relative_move/__init__.py -> /home/jbaghiro/testWS/install/turtlebot3_example/lib/python3.10/site-packages/turtlebot3_example/turtlebot3_relative_move
[1.341s] byte-compiling /home/jbaghiro/testWS/install/turtlebot3_example/lib/python3.10/site-packages/turtlebot3_example/turtlebot3_obstacle_detection/turtlebot3_obstacle_detection.py to turtlebot3_obstacle_detection.cpython-310.pyc
[1.342s] byte-compiling /home/jbaghiro/testWS/install/turtlebot3_example/lib/python3.10/site-packages/turtlebot3_example/turtlebot3_obstacle_detection/__init__.py to __init__.cpython-310.pyc
[1.342s] byte-compiling /home/jbaghiro/testWS/install/turtlebot3_example/lib/python3.10/site-packages/turtlebot3_example/turtlebot3_absolute_move/__init__.py to __init__.cpython-310.pyc
[1.343s] byte-compiling /home/jbaghiro/testWS/install/turtlebot3_example/lib/python3.10/site-packages/turtlebot3_example/turtlebot3_absolute_move/turtlebot3_absolute_move.py to turtlebot3_absolute_move.cpython-310.pyc
[1.345s] byte-compiling /home/jbaghiro/testWS/install/turtlebot3_example/lib/python3.10/site-packages/turtlebot3_example/turtlebot3_patrol/turtlebot3_patrol_server.py to turtlebot3_patrol_server.cpython-310.pyc
[1.346s] byte-compiling /home/jbaghiro/testWS/install/turtlebot3_example/lib/python3.10/site-packages/turtlebot3_example/turtlebot3_patrol/turtlebot3_patrol_client.py to turtlebot3_patrol_client.cpython-310.pyc
[1.347s] byte-compiling /home/jbaghiro/testWS/install/turtlebot3_example/lib/python3.10/site-packages/turtlebot3_example/turtlebot3_patrol/__init__.py to __init__.cpython-310.pyc
[1.348s] byte-compiling /home/jbaghiro/testWS/install/turtlebot3_example/lib/python3.10/site-packages/turtlebot3_example/turtlebot3_interactive_marker/turtlebot3_interactive_marker.py to turtlebot3_interactive_marker.cpython-310.pyc
[1.349s] byte-compiling /home/jbaghiro/testWS/install/turtlebot3_example/lib/python3.10/site-packages/turtlebot3_example/turtlebot3_interactive_marker/__init__.py to __init__.cpython-310.pyc
[1.349s] byte-compiling /home/jbaghiro/testWS/install/turtlebot3_example/lib/python3.10/site-packages/turtlebot3_example/__init__.py to __init__.cpython-310.pyc
[1.350s] byte-compiling /home/jbaghiro/testWS/install/turtlebot3_example/lib/python3.10/site-packages/turtlebot3_example/turtlebot3_relative_move/turtlebot3_relative_move.py to turtlebot3_relative_move.cpython-310.pyc
[1.352s] byte-compiling /home/jbaghiro/testWS/install/turtlebot3_example/lib/python3.10/site-packages/turtlebot3_example/turtlebot3_relative_move/__init__.py to __init__.cpython-310.pyc
[1.352s] running install_data
[1.352s] creating /home/jbaghiro/testWS/install/turtlebot3_example/share/ament_index
[1.353s] creating /home/jbaghiro/testWS/install/turtlebot3_example/share/ament_index/resource_index
[1.353s] creating /home/jbaghiro/testWS/install/turtlebot3_example/share/ament_index/resource_index/packages
[1.354s] copying resource/turtlebot3_example -> /home/jbaghiro/testWS/install/turtlebot3_example/share/ament_index/resource_index/packages
[1.354s] copying package.xml -> /home/jbaghiro/testWS/install/turtlebot3_example/share/turtlebot3_example
[1.355s] running install_egg_info
[1.357s] Copying ../../../../build/turtlebot3_example/turtlebot3_example.egg-info to /home/jbaghiro/testWS/install/turtlebot3_example/lib/python3.10/site-packages/turtlebot3_example-2.3.3-py3.10.egg-info
[1.359s] running install_scripts
[1.385s] Installing turtlebot3_absolute_move script to /home/jbaghiro/testWS/install/turtlebot3_example/lib/turtlebot3_example
[1.387s] Installing turtlebot3_interactive_marker script to /home/jbaghiro/testWS/install/turtlebot3_example/lib/turtlebot3_example
[1.387s] Installing turtlebot3_obstacle_detection script to /home/jbaghiro/testWS/install/turtlebot3_example/lib/turtlebot3_example
[1.388s] Installing turtlebot3_patrol_client script to /home/jbaghiro/testWS/install/turtlebot3_example/lib/turtlebot3_example
[1.389s] Installing turtlebot3_patrol_server script to /home/jbaghiro/testWS/install/turtlebot3_example/lib/turtlebot3_example
[1.389s] Installing turtlebot3_relative_move script to /home/jbaghiro/testWS/install/turtlebot3_example/lib/turtlebot3_example
[1.389s] writing list of installed files to '/home/jbaghiro/testWS/build/turtlebot3_example/install.log'
[1.431s] Invoked command in '/home/jbaghiro/testWS/src/turtlebot3/turtlebot3/turtlebot3_example' returned '0': AMENT_PREFIX_PATH=/home/jbaghiro/testWS/install/turtlebot3_msgs:${AMENT_PREFIX_PATH} CMAKE_PREFIX_PATH=/home/jbaghiro/testWS/install/turtlebot3_msgs LD_LIBRARY_PATH=/home/jbaghiro/testWS/install/turtlebot3_msgs/lib:${LD_LIBRARY_PATH} PYTHONPATH=/home/jbaghiro/testWS/build/turtlebot3_example/prefix_override:/usr/lib/python3/dist-packages/colcon_core/task/python/colcon_distutils_commands:/home/jbaghiro/testWS/install/turtlebot3_example/lib/python3.10/site-packages:/home/jbaghiro/testWS/install/turtlebot3_msgs/local/lib/python3.10/dist-packages:${PYTHONPATH} /usr/bin/python3 -W ignore:setup.py install is deprecated -W ignore:easy_install command is deprecated setup.py egg_info --egg-base ../../../../build/turtlebot3_example build --build-base /home/jbaghiro/testWS/build/turtlebot3_example/build install --record /home/jbaghiro/testWS/build/turtlebot3_example/install.log --single-version-externally-managed install_data
