[0.425s] Invoking command in '/home/jbaghiro/testWS/build/turtlebot3_bringup': AMENT_PREFIX_PATH=/home/jbaghiro/testWS/install/turtlebot3_node:/home/jbaghiro/testWS/install/turtlebot3_msgs:/home/jbaghiro/testWS/install/turtlebot3_description:/home/jbaghiro/testWS/install/hls_lfcd_lds_driver:/home/jbaghiro/testWS/install/dynamixel_sdk:${AMENT_PREFIX_PATH} CMAKE_PREFIX_PATH=/home/jbaghiro/testWS/install/turtlebot3_node:/home/jbaghiro/testWS/install/turtlebot3_msgs:/home/jbaghiro/testWS/install/turtlebot3_description:/home/jbaghiro/testWS/install/hls_lfcd_lds_driver:/home/jbaghiro/testWS/install/dynamixel_sdk:/opt/ros/humble LD_LIBRARY_PATH=/home/jbaghiro/testWS/install/turtlebot3_msgs/lib:/home/jbaghiro/testWS/install/dynamixel_sdk/lib:/usr/lib/x86_64-linux-gnu/gazebo-11/plugins:/opt/ros/humble/opt/rviz_ogre_vendor/lib:/opt/ros/humble/lib/x86_64-linux-gnu:/opt/ros/humble/lib:/usr/lib/x86_64-linux-gnu/gazebo-11/plugins:/usr/lib/x86_64-linux-gnu/gazebo-11/plugins:/usr/lib/x86_64-linux-gnu/gazebo-11/plugins:/usr/lib/x86_64-linux-gnu/gazebo-11/plugins:/usr/lib/x86_64-linux-gnu/gazebo-11/plugins:/usr/lib/x86_64-linux-gnu/gazebo-11/plugins PYTHONPATH=/home/jbaghiro/testWS/install/turtlebot3_msgs/local/lib/python3.10/dist-packages:/home/jbaghiro/testWS/install/dynamixel_sdk/local/lib/python3.10/dist-packages:${PYTHONPATH} /usr/bin/cmake --build /home/jbaghiro/testWS/build/turtlebot3_bringup -- -j16 -l16
[0.495s] Invoked command in '/home/jbaghiro/testWS/build/turtlebot3_bringup' returned '0': AMENT_PREFIX_PATH=/home/jbaghiro/testWS/install/turtlebot3_node:/home/jbaghiro/testWS/install/turtlebot3_msgs:/home/jbaghiro/testWS/install/turtlebot3_description:/home/jbaghiro/testWS/install/hls_lfcd_lds_driver:/home/jbaghiro/testWS/install/dynamixel_sdk:${AMENT_PREFIX_PATH} CMAKE_PREFIX_PATH=/home/jbaghiro/testWS/install/turtlebot3_node:/home/jbaghiro/testWS/install/turtlebot3_msgs:/home/jbaghiro/testWS/install/turtlebot3_description:/home/jbaghiro/testWS/install/hls_lfcd_lds_driver:/home/jbaghiro/testWS/install/dynamixel_sdk:/opt/ros/humble LD_LIBRARY_PATH=/home/jbaghiro/testWS/install/turtlebot3_msgs/lib:/home/jbaghiro/testWS/install/dynamixel_sdk/lib:/usr/lib/x86_64-linux-gnu/gazebo-11/plugins:/opt/ros/humble/opt/rviz_ogre_vendor/lib:/opt/ros/humble/lib/x86_64-linux-gnu:/opt/ros/humble/lib:/usr/lib/x86_64-linux-gnu/gazebo-11/plugins:/usr/lib/x86_64-linux-gnu/gazebo-11/plugins:/usr/lib/x86_64-linux-gnu/gazebo-11/plugins:/usr/lib/x86_64-linux-gnu/gazebo-11/plugins:/usr/lib/x86_64-linux-gnu/gazebo-11/plugins:/usr/lib/x86_64-linux-gnu/gazebo-11/plugins PYTHONPATH=/home/jbaghiro/testWS/install/turtlebot3_msgs/local/lib/python3.10/dist-packages:/home/jbaghiro/testWS/install/dynamixel_sdk/local/lib/python3.10/dist-packages:${PYTHONPATH} /usr/bin/cmake --build /home/jbaghiro/testWS/build/turtlebot3_bringup -- -j16 -l16
[0.499s] Invoking command in '/home/jbaghiro/testWS/build/turtlebot3_bringup': AMENT_PREFIX_PATH=/home/jbaghiro/testWS/install/turtlebot3_node:/home/jbaghiro/testWS/install/turtlebot3_msgs:/home/jbaghiro/testWS/install/turtlebot3_description:/home/jbaghiro/testWS/install/hls_lfcd_lds_driver:/home/jbaghiro/testWS/install/dynamixel_sdk:${AMENT_PREFIX_PATH} CMAKE_PREFIX_PATH=/home/jbaghiro/testWS/install/turtlebot3_node:/home/jbaghiro/testWS/install/turtlebot3_msgs:/home/jbaghiro/testWS/install/turtlebot3_description:/home/jbaghiro/testWS/install/hls_lfcd_lds_driver:/home/jbaghiro/testWS/install/dynamixel_sdk:/opt/ros/humble LD_LIBRARY_PATH=/home/jbaghiro/testWS/install/turtlebot3_msgs/lib:/home/jbaghiro/testWS/install/dynamixel_sdk/lib:/usr/lib/x86_64-linux-gnu/gazebo-11/plugins:/opt/ros/humble/opt/rviz_ogre_vendor/lib:/opt/ros/humble/lib/x86_64-linux-gnu:/opt/ros/humble/lib:/usr/lib/x86_64-linux-gnu/gazebo-11/plugins:/usr/lib/x86_64-linux-gnu/gazebo-11/plugins:/usr/lib/x86_64-linux-gnu/gazebo-11/plugins:/usr/lib/x86_64-linux-gnu/gazebo-11/plugins:/usr/lib/x86_64-linux-gnu/gazebo-11/plugins:/usr/lib/x86_64-linux-gnu/gazebo-11/plugins PYTHONPATH=/home/jbaghiro/testWS/install/turtlebot3_msgs/local/lib/python3.10/dist-packages:/home/jbaghiro/testWS/install/dynamixel_sdk/local/lib/python3.10/dist-packages:${PYTHONPATH} /usr/bin/cmake --install /home/jbaghiro/testWS/build/turtlebot3_bringup
[0.510s] -- Install configuration: ""
[0.511s] -- Up-to-date: /home/jbaghiro/testWS/install/turtlebot3_bringup/share/turtlebot3_bringup/launch
[0.511s] -- Up-to-date: /home/jbaghiro/testWS/install/turtlebot3_bringup/share/turtlebot3_bringup/launch/camera.launch.py
[0.511s] -- Up-to-date: /home/jbaghiro/testWS/install/turtlebot3_bringup/share/turtlebot3_bringup/launch/turtlebot3_state_publisher.launch.py
[0.511s] -- Up-to-date: /home/jbaghiro/testWS/install/turtlebot3_bringup/share/turtlebot3_bringup/launch/rviz2.launch.py
[0.511s] -- Up-to-date: /home/jbaghiro/testWS/install/turtlebot3_bringup/share/turtlebot3_bringup/launch/robot.launch.py
[0.512s] -- Up-to-date: /home/jbaghiro/testWS/install/turtlebot3_bringup/share/turtlebot3_bringup/param
[0.512s] -- Up-to-date: /home/jbaghiro/testWS/install/turtlebot3_bringup/share/turtlebot3_bringup/param/waffle.yaml
[0.512s] -- Up-to-date: /home/jbaghiro/testWS/install/turtlebot3_bringup/share/turtlebot3_bringup/param/waffle_pi.yaml
[0.512s] -- Up-to-date: /home/jbaghiro/testWS/install/turtlebot3_bringup/share/turtlebot3_bringup/param/humble
[0.513s] -- Up-to-date: /home/jbaghiro/testWS/install/turtlebot3_bringup/share/turtlebot3_bringup/param/humble/waffle.yaml
[0.513s] -- Up-to-date: /home/jbaghiro/testWS/install/turtlebot3_bringup/share/turtlebot3_bringup/param/humble/waffle_pi.yaml
[0.513s] -- Up-to-date: /home/jbaghiro/testWS/install/turtlebot3_bringup/share/turtlebot3_bringup/param/humble/burger.yaml
[0.513s] -- Up-to-date: /home/jbaghiro/testWS/install/turtlebot3_bringup/share/turtlebot3_bringup/param/burger.yaml
[0.513s] -- Up-to-date: /home/jbaghiro/testWS/install/turtlebot3_bringup/share/turtlebot3_bringup/script
[0.513s] -- Up-to-date: /home/jbaghiro/testWS/install/turtlebot3_bringup/share/turtlebot3_bringup/script/create_udev_rules
[0.513s] -- Up-to-date: /home/jbaghiro/testWS/install/turtlebot3_bringup/share/turtlebot3_bringup/script/99-turtlebot3-cdc.rules
[0.513s] -- Up-to-date: /home/jbaghiro/testWS/install/turtlebot3_bringup/share/ament_index/resource_index/package_run_dependencies/turtlebot3_bringup
[0.513s] -- Up-to-date: /home/jbaghiro/testWS/install/turtlebot3_bringup/share/ament_index/resource_index/parent_prefix_path/turtlebot3_bringup
[0.513s] -- Up-to-date: /home/jbaghiro/testWS/install/turtlebot3_bringup/share/turtlebot3_bringup/environment/ament_prefix_path.sh
[0.513s] -- Up-to-date: /home/jbaghiro/testWS/install/turtlebot3_bringup/share/turtlebot3_bringup/environment/ament_prefix_path.dsv
[0.513s] -- Up-to-date: /home/jbaghiro/testWS/install/turtlebot3_bringup/share/turtlebot3_bringup/environment/path.sh
[0.513s] -- Up-to-date: /home/jbaghiro/testWS/install/turtlebot3_bringup/share/turtlebot3_bringup/environment/path.dsv
[0.513s] -- Up-to-date: /home/jbaghiro/testWS/install/turtlebot3_bringup/share/turtlebot3_bringup/local_setup.bash
[0.513s] -- Up-to-date: /home/jbaghiro/testWS/install/turtlebot3_bringup/share/turtlebot3_bringup/local_setup.sh
[0.513s] -- Up-to-date: /home/jbaghiro/testWS/install/turtlebot3_bringup/share/turtlebot3_bringup/local_setup.zsh
[0.514s] -- Up-to-date: /home/jbaghiro/testWS/install/turtlebot3_bringup/share/turtlebot3_bringup/local_setup.dsv
[0.514s] -- Up-to-date: /home/jbaghiro/testWS/install/turtlebot3_bringup/share/turtlebot3_bringup/package.dsv
[0.514s] -- Up-to-date: /home/jbaghiro/testWS/install/turtlebot3_bringup/share/ament_index/resource_index/packages/turtlebot3_bringup
[0.514s] -- Up-to-date: /home/jbaghiro/testWS/install/turtlebot3_bringup/share/turtlebot3_bringup/cmake/turtlebot3_bringupConfig.cmake
[0.514s] -- Up-to-date: /home/jbaghiro/testWS/install/turtlebot3_bringup/share/turtlebot3_bringup/cmake/turtlebot3_bringupConfig-version.cmake
[0.514s] -- Up-to-date: /home/jbaghiro/testWS/install/turtlebot3_bringup/share/turtlebot3_bringup/package.xml
[0.517s] Invoked command in '/home/jbaghiro/testWS/build/turtlebot3_bringup' returned '0': AMENT_PREFIX_PATH=/home/jbaghiro/testWS/install/turtlebot3_node:/home/jbaghiro/testWS/install/turtlebot3_msgs:/home/jbaghiro/testWS/install/turtlebot3_description:/home/jbaghiro/testWS/install/hls_lfcd_lds_driver:/home/jbaghiro/testWS/install/dynamixel_sdk:${AMENT_PREFIX_PATH} CMAKE_PREFIX_PATH=/home/jbaghiro/testWS/install/turtlebot3_node:/home/jbaghiro/testWS/install/turtlebot3_msgs:/home/jbaghiro/testWS/install/turtlebot3_description:/home/jbaghiro/testWS/install/hls_lfcd_lds_driver:/home/jbaghiro/testWS/install/dynamixel_sdk:/opt/ros/humble LD_LIBRARY_PATH=/home/jbaghiro/testWS/install/turtlebot3_msgs/lib:/home/jbaghiro/testWS/install/dynamixel_sdk/lib:/usr/lib/x86_64-linux-gnu/gazebo-11/plugins:/opt/ros/humble/opt/rviz_ogre_vendor/lib:/opt/ros/humble/lib/x86_64-linux-gnu:/opt/ros/humble/lib:/usr/lib/x86_64-linux-gnu/gazebo-11/plugins:/usr/lib/x86_64-linux-gnu/gazebo-11/plugins:/usr/lib/x86_64-linux-gnu/gazebo-11/plugins:/usr/lib/x86_64-linux-gnu/gazebo-11/plugins:/usr/lib/x86_64-linux-gnu/gazebo-11/plugins:/usr/lib/x86_64-linux-gnu/gazebo-11/plugins PYTHONPATH=/home/jbaghiro/testWS/install/turtlebot3_msgs/local/lib/python3.10/dist-packages:/home/jbaghiro/testWS/install/dynamixel_sdk/local/lib/python3.10/dist-packages:${PYTHONPATH} /usr/bin/cmake --install /home/jbaghiro/testWS/build/turtlebot3_bringup
