[0.068s] Invoking command in '/home/jbaghiro/testWS/build/turtlebot3_manipulation_gazebo': CMAKE_PREFIX_PATH=/opt/ros/humble /usr/bin/cmake --build /home/jbaghiro/testWS/build/turtlebot3_manipulation_gazebo -- -j16 -l16
[1.014s] Invoked command in '/home/jbaghiro/testWS/build/turtlebot3_manipulation_gazebo' returned '0': CMAKE_PREFIX_PATH=/opt/ros/humble /usr/bin/cmake --build /home/jbaghiro/testWS/build/turtlebot3_manipulation_gazebo -- -j16 -l16
[1.016s] Invoking command in '/home/jbaghiro/testWS/build/turtlebot3_manipulation_gazebo': CMAKE_PREFIX_PATH=/opt/ros/humble /usr/bin/cmake --install /home/jbaghiro/testWS/build/turtlebot3_manipulation_gazebo
[1.057s] -- Install configuration: ""
[1.058s] -- Up-to-date: /home/jbaghiro/testWS/install/turtlebot3_manipulation_gazebo/share/turtlebot3_manipulation_gazebo/config
[1.058s] -- Up-to-date: /home/jbaghiro/testWS/install/turtlebot3_manipulation_gazebo/share/turtlebot3_manipulation_gazebo/config/hardware_controller_manager.yaml
[1.058s] -- Up-to-date: /home/jbaghiro/testWS/install/turtlebot3_manipulation_gazebo/share/turtlebot3_manipulation_gazebo/config/gazebo_controller_manager.yaml
[1.059s] -- Up-to-date: /home/jbaghiro/testWS/install/turtlebot3_manipulation_gazebo/share/turtlebot3_manipulation_gazebo/gazebo
[1.059s] -- Up-to-date: /home/jbaghiro/testWS/install/turtlebot3_manipulation_gazebo/share/turtlebot3_manipulation_gazebo/gazebo/turtlebot3_waffle_pi.gazebo.xacro
[1.059s] -- Up-to-date: /home/jbaghiro/testWS/install/turtlebot3_manipulation_gazebo/share/turtlebot3_manipulation_gazebo/gazebo/materials.xacro
[1.059s] -- Up-to-date: /home/jbaghiro/testWS/install/turtlebot3_manipulation_gazebo/share/turtlebot3_manipulation_gazebo/gazebo/open_manipulator_x.gazebo.xacro
[1.059s] -- Up-to-date: /home/jbaghiro/testWS/install/turtlebot3_manipulation_gazebo/share/turtlebot3_manipulation_gazebo/launch
[1.059s] -- Up-to-date: /home/jbaghiro/testWS/install/turtlebot3_manipulation_gazebo/share/turtlebot3_manipulation_gazebo/launch/base.launch.py
[1.060s] -- Up-to-date: /home/jbaghiro/testWS/install/turtlebot3_manipulation_gazebo/share/turtlebot3_manipulation_gazebo/launch/turtlebot3_home_service_challenge.launch.py
[1.060s] -- Up-to-date: /home/jbaghiro/testWS/install/turtlebot3_manipulation_gazebo/share/turtlebot3_manipulation_gazebo/launch/gazebo.launch.py
[1.060s] -- Up-to-date: /home/jbaghiro/testWS/install/turtlebot3_manipulation_gazebo/share/turtlebot3_manipulation_gazebo/launch/fake.launch.py
[1.062s] -- Up-to-date: /home/jbaghiro/testWS/install/turtlebot3_manipulation_gazebo/share/turtlebot3_manipulation_gazebo/ros2_control
[1.063s] -- Up-to-date: /home/jbaghiro/testWS/install/turtlebot3_manipulation_gazebo/share/turtlebot3_manipulation_gazebo/ros2_control/turtlebot3_manipulation_system.ros2_control.xacro
[1.063s] -- Up-to-date: /home/jbaghiro/testWS/install/turtlebot3_manipulation_gazebo/share/turtlebot3_manipulation_gazebo/rviz
[1.063s] -- Up-to-date: /home/jbaghiro/testWS/install/turtlebot3_manipulation_gazebo/share/turtlebot3_manipulation_gazebo/rviz/turtlebot3_manipulation.rviz
[1.063s] -- Up-to-date: /home/jbaghiro/testWS/install/turtlebot3_manipulation_gazebo/share/turtlebot3_manipulation_gazebo/urdf
[1.063s] -- Up-to-date: /home/jbaghiro/testWS/install/turtlebot3_manipulation_gazebo/share/turtlebot3_manipulation_gazebo/urdf/turtlebot3_waffle_pi.urdf.xacro
[1.063s] -- Up-to-date: /home/jbaghiro/testWS/install/turtlebot3_manipulation_gazebo/share/turtlebot3_manipulation_gazebo/urdf/open_manipulator_x.urdf.xacro
[1.063s] -- Up-to-date: /home/jbaghiro/testWS/install/turtlebot3_manipulation_gazebo/share/turtlebot3_manipulation_gazebo/urdf/turtlebot3_manipulation.urdf.xacro
[1.064s] -- Up-to-date: /home/jbaghiro/testWS/install/turtlebot3_manipulation_gazebo/share/turtlebot3_manipulation_gazebo/worlds
[1.064s] -- Up-to-date: /home/jbaghiro/testWS/install/turtlebot3_manipulation_gazebo/share/turtlebot3_manipulation_gazebo/worlds/turtlebot3_home_service_challenge.world
[1.064s] -- Up-to-date: /home/jbaghiro/testWS/install/turtlebot3_manipulation_gazebo/share/turtlebot3_manipulation_gazebo/models
[1.065s] -- Up-to-date: /home/jbaghiro/testWS/install/turtlebot3_manipulation_gazebo/share/turtlebot3_manipulation_gazebo/models/turtlebot3_home_service_challenge
[1.066s] -- Up-to-date: /home/jbaghiro/testWS/install/turtlebot3_manipulation_gazebo/share/turtlebot3_manipulation_gazebo/models/turtlebot3_home_service_challenge/marker7
[1.066s] -- Up-to-date: /home/jbaghiro/testWS/install/turtlebot3_manipulation_gazebo/share/turtlebot3_manipulation_gazebo/models/turtlebot3_home_service_challenge/marker7/materials
[1.066s] -- Up-to-date: /home/jbaghiro/testWS/install/turtlebot3_manipulation_gazebo/share/turtlebot3_manipulation_gazebo/models/turtlebot3_home_service_challenge/marker7/materials/textures
[1.067s] -- Up-to-date: /home/jbaghiro/testWS/install/turtlebot3_manipulation_gazebo/share/turtlebot3_manipulation_gazebo/models/turtlebot3_home_service_challenge/marker7/materials/textures/Marker7.png
[1.067s] -- Up-to-date: /home/jbaghiro/testWS/install/turtlebot3_manipulation_gazebo/share/turtlebot3_manipulation_gazebo/models/turtlebot3_home_service_challenge/marker7/model-1_5.sdf
[1.067s] -- Up-to-date: /home/jbaghiro/testWS/install/turtlebot3_manipulation_gazebo/share/turtlebot3_manipulation_gazebo/models/turtlebot3_home_service_challenge/marker7/model.config
[1.067s] -- Up-to-date: /home/jbaghiro/testWS/install/turtlebot3_manipulation_gazebo/share/turtlebot3_manipulation_gazebo/models/turtlebot3_home_service_challenge/marker7/model.sdf
[1.067s] -- Up-to-date: /home/jbaghiro/testWS/install/turtlebot3_manipulation_gazebo/share/turtlebot3_manipulation_gazebo/models/turtlebot3_home_service_challenge/marker7/meshes
[1.067s] -- Up-to-date: /home/jbaghiro/testWS/install/turtlebot3_manipulation_gazebo/share/turtlebot3_manipulation_gazebo/models/turtlebot3_home_service_challenge/marker7/meshes/Marker7.dae
[1.067s] -- Up-to-date: /home/jbaghiro/testWS/install/turtlebot3_manipulation_gazebo/share/turtlebot3_manipulation_gazebo/models/turtlebot3_home_service_challenge/marker7/model-1_4.sdf
[1.068s] -- Up-to-date: /home/jbaghiro/testWS/install/turtlebot3_manipulation_gazebo/share/turtlebot3_manipulation_gazebo/models/turtlebot3_home_service_challenge/marker8
[1.068s] -- Up-to-date: /home/jbaghiro/testWS/install/turtlebot3_manipulation_gazebo/share/turtlebot3_manipulation_gazebo/models/turtlebot3_home_service_challenge/marker8/materials
[1.068s] -- Up-to-date: /home/jbaghiro/testWS/install/turtlebot3_manipulation_gazebo/share/turtlebot3_manipulation_gazebo/models/turtlebot3_home_service_challenge/marker8/materials/textures
[1.068s] -- Up-to-date: /home/jbaghiro/testWS/install/turtlebot3_manipulation_gazebo/share/turtlebot3_manipulation_gazebo/models/turtlebot3_home_service_challenge/marker8/materials/textures/Marker8.png
[1.068s] -- Up-to-date: /home/jbaghiro/testWS/install/turtlebot3_manipulation_gazebo/share/turtlebot3_manipulation_gazebo/models/turtlebot3_home_service_challenge/marker8/model-1_5.sdf
[1.068s] -- Up-to-date: /home/jbaghiro/testWS/install/turtlebot3_manipulation_gazebo/share/turtlebot3_manipulation_gazebo/models/turtlebot3_home_service_challenge/marker8/model.config
[1.069s] -- Up-to-date: /home/jbaghiro/testWS/install/turtlebot3_manipulation_gazebo/share/turtlebot3_manipulation_gazebo/models/turtlebot3_home_service_challenge/marker8/model.sdf
[1.069s] -- Up-to-date: /home/jbaghiro/testWS/install/turtlebot3_manipulation_gazebo/share/turtlebot3_manipulation_gazebo/models/turtlebot3_home_service_challenge/marker8/meshes
[1.069s] -- Up-to-date: /home/jbaghiro/testWS/install/turtlebot3_manipulation_gazebo/share/turtlebot3_manipulation_gazebo/models/turtlebot3_home_service_challenge/marker8/meshes/Marker8.dae
[1.069s] -- Up-to-date: /home/jbaghiro/testWS/install/turtlebot3_manipulation_gazebo/share/turtlebot3_manipulation_gazebo/models/turtlebot3_home_service_challenge/marker8/model-1_4.sdf
[1.070s] -- Up-to-date: /home/jbaghiro/testWS/install/turtlebot3_manipulation_gazebo/share/turtlebot3_manipulation_gazebo/models/turtlebot3_home_service_challenge/marker0
[1.070s] -- Up-to-date: /home/jbaghiro/testWS/install/turtlebot3_manipulation_gazebo/share/turtlebot3_manipulation_gazebo/models/turtlebot3_home_service_challenge/marker0/materials
[1.070s] -- Up-to-date: /home/jbaghiro/testWS/install/turtlebot3_manipulation_gazebo/share/turtlebot3_manipulation_gazebo/models/turtlebot3_home_service_challenge/marker0/materials/textures
[1.070s] -- Up-to-date: /home/jbaghiro/testWS/install/turtlebot3_manipulation_gazebo/share/turtlebot3_manipulation_gazebo/models/turtlebot3_home_service_challenge/marker0/materials/textures/Marker0.png
[1.071s] -- Up-to-date: /home/jbaghiro/testWS/install/turtlebot3_manipulation_gazebo/share/turtlebot3_manipulation_gazebo/models/turtlebot3_home_service_challenge/marker0/model-1_5.sdf
[1.071s] -- Up-to-date: /home/jbaghiro/testWS/install/turtlebot3_manipulation_gazebo/share/turtlebot3_manipulation_gazebo/models/turtlebot3_home_service_challenge/marker0/model.config
[1.071s] -- Up-to-date: /home/jbaghiro/testWS/install/turtlebot3_manipulation_gazebo/share/turtlebot3_manipulation_gazebo/models/turtlebot3_home_service_challenge/marker0/model.sdf
[1.071s] -- Up-to-date: /home/jbaghiro/testWS/install/turtlebot3_manipulation_gazebo/share/turtlebot3_manipulation_gazebo/models/turtlebot3_home_service_challenge/marker0/meshes
[1.071s] -- Up-to-date: /home/jbaghiro/testWS/install/turtlebot3_manipulation_gazebo/share/turtlebot3_manipulation_gazebo/models/turtlebot3_home_service_challenge/marker0/meshes/Marker0.dae
[1.071s] -- Up-to-date: /home/jbaghiro/testWS/install/turtlebot3_manipulation_gazebo/share/turtlebot3_manipulation_gazebo/models/turtlebot3_home_service_challenge/marker0/model-1_4.sdf
[1.072s] -- Up-to-date: /home/jbaghiro/testWS/install/turtlebot3_manipulation_gazebo/share/turtlebot3_manipulation_gazebo/models/turtlebot3_home_service_challenge/marker9
[1.072s] -- Up-to-date: /home/jbaghiro/testWS/install/turtlebot3_manipulation_gazebo/share/turtlebot3_manipulation_gazebo/models/turtlebot3_home_service_challenge/marker9/materials
[1.072s] -- Up-to-date: /home/jbaghiro/testWS/install/turtlebot3_manipulation_gazebo/share/turtlebot3_manipulation_gazebo/models/turtlebot3_home_service_challenge/marker9/materials/textures
[1.072s] -- Up-to-date: /home/jbaghiro/testWS/install/turtlebot3_manipulation_gazebo/share/turtlebot3_manipulation_gazebo/models/turtlebot3_home_service_challenge/marker9/materials/textures/Marker9.png
[1.072s] -- Up-to-date: /home/jbaghiro/testWS/install/turtlebot3_manipulation_gazebo/share/turtlebot3_manipulation_gazebo/models/turtlebot3_home_service_challenge/marker9/model-1_5.sdf
[1.072s] -- Up-to-date: /home/jbaghiro/testWS/install/turtlebot3_manipulation_gazebo/share/turtlebot3_manipulation_gazebo/models/turtlebot3_home_service_challenge/marker9/model.config
[1.072s] -- Up-to-date: /home/jbaghiro/testWS/install/turtlebot3_manipulation_gazebo/share/turtlebot3_manipulation_gazebo/models/turtlebot3_home_service_challenge/marker9/model.sdf
[1.073s] -- Up-to-date: /home/jbaghiro/testWS/install/turtlebot3_manipulation_gazebo/share/turtlebot3_manipulation_gazebo/models/turtlebot3_home_service_challenge/marker9/meshes
[1.074s] -- Up-to-date: /home/jbaghiro/testWS/install/turtlebot3_manipulation_gazebo/share/turtlebot3_manipulation_gazebo/models/turtlebot3_home_service_challenge/marker9/meshes/Marker9.dae
[1.074s] -- Up-to-date: /home/jbaghiro/testWS/install/turtlebot3_manipulation_gazebo/share/turtlebot3_manipulation_gazebo/models/turtlebot3_home_service_challenge/marker9/model-1_4.sdf
[1.074s] -- Up-to-date: /home/jbaghiro/testWS/install/turtlebot3_manipulation_gazebo/share/turtlebot3_manipulation_gazebo/models/turtlebot3_home_service_challenge/marker1
[1.074s] -- Up-to-date: /home/jbaghiro/testWS/install/turtlebot3_manipulation_gazebo/share/turtlebot3_manipulation_gazebo/models/turtlebot3_home_service_challenge/marker1/materials
[1.074s] -- Up-to-date: /home/jbaghiro/testWS/install/turtlebot3_manipulation_gazebo/share/turtlebot3_manipulation_gazebo/models/turtlebot3_home_service_challenge/marker1/materials/textures
[1.075s] -- Up-to-date: /home/jbaghiro/testWS/install/turtlebot3_manipulation_gazebo/share/turtlebot3_manipulation_gazebo/models/turtlebot3_home_service_challenge/marker1/materials/textures/Marker1.png
[1.075s] -- Up-to-date: /home/jbaghiro/testWS/install/turtlebot3_manipulation_gazebo/share/turtlebot3_manipulation_gazebo/models/turtlebot3_home_service_challenge/marker1/model-1_5.sdf
[1.076s] -- Up-to-date: /home/jbaghiro/testWS/install/turtlebot3_manipulation_gazebo/share/turtlebot3_manipulation_gazebo/models/turtlebot3_home_service_challenge/marker1/model.config
[1.076s] -- Up-to-date: /home/jbaghiro/testWS/install/turtlebot3_manipulation_gazebo/share/turtlebot3_manipulation_gazebo/models/turtlebot3_home_service_challenge/marker1/model.sdf
[1.076s] -- Up-to-date: /home/jbaghiro/testWS/install/turtlebot3_manipulation_gazebo/share/turtlebot3_manipulation_gazebo/models/turtlebot3_home_service_challenge/marker1/meshes
[1.077s] -- Up-to-date: /home/jbaghiro/testWS/install/turtlebot3_manipulation_gazebo/share/turtlebot3_manipulation_gazebo/models/turtlebot3_home_service_challenge/marker1/meshes/Marker1.dae
[1.079s] -- Up-to-date: /home/jbaghiro/testWS/install/turtlebot3_manipulation_gazebo/share/turtlebot3_manipulation_gazebo/models/turtlebot3_home_service_challenge/marker1/model-1_4.sdf
[1.079s] -- Up-to-date: /home/jbaghiro/testWS/install/turtlebot3_manipulation_gazebo/share/turtlebot3_manipulation_gazebo/models/turtlebot3_home_service_challenge/marker2
[1.079s] -- Up-to-date: /home/jbaghiro/testWS/install/turtlebot3_manipulation_gazebo/share/turtlebot3_manipulation_gazebo/models/turtlebot3_home_service_challenge/marker2/materials
[1.079s] -- Up-to-date: /home/jbaghiro/testWS/install/turtlebot3_manipulation_gazebo/share/turtlebot3_manipulation_gazebo/models/turtlebot3_home_service_challenge/marker2/materials/textures
[1.079s] -- Up-to-date: /home/jbaghiro/testWS/install/turtlebot3_manipulation_gazebo/share/turtlebot3_manipulation_gazebo/models/turtlebot3_home_service_challenge/marker2/materials/textures/Marker2.png
[1.079s] -- Up-to-date: /home/jbaghiro/testWS/install/turtlebot3_manipulation_gazebo/share/turtlebot3_manipulation_gazebo/models/turtlebot3_home_service_challenge/marker2/model-1_5.sdf
[1.079s] -- Up-to-date: /home/jbaghiro/testWS/install/turtlebot3_manipulation_gazebo/share/turtlebot3_manipulation_gazebo/models/turtlebot3_home_service_challenge/marker2/model.config
[1.080s] -- Up-to-date: /home/jbaghiro/testWS/install/turtlebot3_manipulation_gazebo/share/turtlebot3_manipulation_gazebo/models/turtlebot3_home_service_challenge/marker2/model.sdf
[1.080s] -- Up-to-date: /home/jbaghiro/testWS/install/turtlebot3_manipulation_gazebo/share/turtlebot3_manipulation_gazebo/models/turtlebot3_home_service_challenge/marker2/meshes
[1.080s] -- Up-to-date: /home/jbaghiro/testWS/install/turtlebot3_manipulation_gazebo/share/turtlebot3_manipulation_gazebo/models/turtlebot3_home_service_challenge/marker2/meshes/Marker2.dae
[1.080s] -- Up-to-date: /home/jbaghiro/testWS/install/turtlebot3_manipulation_gazebo/share/turtlebot3_manipulation_gazebo/models/turtlebot3_home_service_challenge/marker2/model-1_4.sdf
[1.080s] -- Up-to-date: /home/jbaghiro/testWS/install/turtlebot3_manipulation_gazebo/share/turtlebot3_manipulation_gazebo/models/turtlebot3_home_service_challenge/marker3
[1.080s] -- Up-to-date: /home/jbaghiro/testWS/install/turtlebot3_manipulation_gazebo/share/turtlebot3_manipulation_gazebo/models/turtlebot3_home_service_challenge/marker3/materials
[1.080s] -- Up-to-date: /home/jbaghiro/testWS/install/turtlebot3_manipulation_gazebo/share/turtlebot3_manipulation_gazebo/models/turtlebot3_home_service_challenge/marker3/materials/textures
[1.080s] -- Up-to-date: /home/jbaghiro/testWS/install/turtlebot3_manipulation_gazebo/share/turtlebot3_manipulation_gazebo/models/turtlebot3_home_service_challenge/marker3/materials/textures/Marker3.png
[1.081s] -- Up-to-date: /home/jbaghiro/testWS/install/turtlebot3_manipulation_gazebo/share/turtlebot3_manipulation_gazebo/models/turtlebot3_home_service_challenge/marker3/model-1_5.sdf
[1.081s] -- Up-to-date: /home/jbaghiro/testWS/install/turtlebot3_manipulation_gazebo/share/turtlebot3_manipulation_gazebo/models/turtlebot3_home_service_challenge/marker3/model.config
[1.081s] -- Up-to-date: /home/jbaghiro/testWS/install/turtlebot3_manipulation_gazebo/share/turtlebot3_manipulation_gazebo/models/turtlebot3_home_service_challenge/marker3/model.sdf
[1.081s] -- Up-to-date: /home/jbaghiro/testWS/install/turtlebot3_manipulation_gazebo/share/turtlebot3_manipulation_gazebo/models/turtlebot3_home_service_challenge/marker3/meshes
[1.081s] -- Up-to-date: /home/jbaghiro/testWS/install/turtlebot3_manipulation_gazebo/share/turtlebot3_manipulation_gazebo/models/turtlebot3_home_service_challenge/marker3/meshes/Marker3.dae
[1.082s] -- Up-to-date: /home/jbaghiro/testWS/install/turtlebot3_manipulation_gazebo/share/turtlebot3_manipulation_gazebo/models/turtlebot3_home_service_challenge/marker3/model-1_4.sdf
[1.082s] -- Up-to-date: /home/jbaghiro/testWS/install/turtlebot3_manipulation_gazebo/share/turtlebot3_manipulation_gazebo/models/turtlebot3_home_service_challenge/marker6
[1.082s] -- Up-to-date: /home/jbaghiro/testWS/install/turtlebot3_manipulation_gazebo/share/turtlebot3_manipulation_gazebo/models/turtlebot3_home_service_challenge/marker6/materials
[1.082s] -- Up-to-date: /home/jbaghiro/testWS/install/turtlebot3_manipulation_gazebo/share/turtlebot3_manipulation_gazebo/models/turtlebot3_home_service_challenge/marker6/materials/textures
[1.082s] -- Up-to-date: /home/jbaghiro/testWS/install/turtlebot3_manipulation_gazebo/share/turtlebot3_manipulation_gazebo/models/turtlebot3_home_service_challenge/marker6/materials/textures/Marker6.png
[1.082s] -- Up-to-date: /home/jbaghiro/testWS/install/turtlebot3_manipulation_gazebo/share/turtlebot3_manipulation_gazebo/models/turtlebot3_home_service_challenge/marker6/model-1_5.sdf
[1.082s] -- Up-to-date: /home/jbaghiro/testWS/install/turtlebot3_manipulation_gazebo/share/turtlebot3_manipulation_gazebo/models/turtlebot3_home_service_challenge/marker6/model.config
[1.083s] -- Up-to-date: /home/jbaghiro/testWS/install/turtlebot3_manipulation_gazebo/share/turtlebot3_manipulation_gazebo/models/turtlebot3_home_service_challenge/marker6/model.sdf
[1.083s] -- Up-to-date: /home/jbaghiro/testWS/install/turtlebot3_manipulation_gazebo/share/turtlebot3_manipulation_gazebo/models/turtlebot3_home_service_challenge/marker6/meshes
[1.083s] -- Up-to-date: /home/jbaghiro/testWS/install/turtlebot3_manipulation_gazebo/share/turtlebot3_manipulation_gazebo/models/turtlebot3_home_service_challenge/marker6/meshes/Marker6.dae
[1.083s] -- Up-to-date: /home/jbaghiro/testWS/install/turtlebot3_manipulation_gazebo/share/turtlebot3_manipulation_gazebo/models/turtlebot3_home_service_challenge/marker6/model-1_4.sdf
[1.083s] -- Up-to-date: /home/jbaghiro/testWS/install/turtlebot3_manipulation_gazebo/share/turtlebot3_manipulation_gazebo/models/turtlebot3_home_service_challenge/marker5
[1.090s] -- Up-to-date: /home/jbaghiro/testWS/install/turtlebot3_manipulation_gazebo/share/turtlebot3_manipulation_gazebo/models/turtlebot3_home_service_challenge/marker5/materials
[1.090s] -- Up-to-date: /home/jbaghiro/testWS/install/turtlebot3_manipulation_gazebo/share/turtlebot3_manipulation_gazebo/models/turtlebot3_home_service_challenge/marker5/materials/textures
[1.090s] -- Up-to-date: /home/jbaghiro/testWS/install/turtlebot3_manipulation_gazebo/share/turtlebot3_manipulation_gazebo/models/turtlebot3_home_service_challenge/marker5/materials/textures/Marker5.png
[1.091s] -- Up-to-date: /home/jbaghiro/testWS/install/turtlebot3_manipulation_gazebo/share/turtlebot3_manipulation_gazebo/models/turtlebot3_home_service_challenge/marker5/model-1_5.sdf
[1.091s] -- Up-to-date: /home/jbaghiro/testWS/install/turtlebot3_manipulation_gazebo/share/turtlebot3_manipulation_gazebo/models/turtlebot3_home_service_challenge/marker5/model.config
[1.091s] -- Up-to-date: /home/jbaghiro/testWS/install/turtlebot3_manipulation_gazebo/share/turtlebot3_manipulation_gazebo/models/turtlebot3_home_service_challenge/marker5/model.sdf
[1.091s] -- Up-to-date: /home/jbaghiro/testWS/install/turtlebot3_manipulation_gazebo/share/turtlebot3_manipulation_gazebo/models/turtlebot3_home_service_challenge/marker5/meshes
[1.091s] -- Up-to-date: /home/jbaghiro/testWS/install/turtlebot3_manipulation_gazebo/share/turtlebot3_manipulation_gazebo/models/turtlebot3_home_service_challenge/marker5/meshes/Marker5.dae
[1.096s] -- Up-to-date: /home/jbaghiro/testWS/install/turtlebot3_manipulation_gazebo/share/turtlebot3_manipulation_gazebo/models/turtlebot3_home_service_challenge/marker5/model-1_4.sdf
[1.096s] -- Up-to-date: /home/jbaghiro/testWS/install/turtlebot3_manipulation_gazebo/share/turtlebot3_manipulation_gazebo/models/turtlebot3_home_service_challenge/marker4
[1.096s] -- Up-to-date: /home/jbaghiro/testWS/install/turtlebot3_manipulation_gazebo/share/turtlebot3_manipulation_gazebo/models/turtlebot3_home_service_challenge/marker4/materials
[1.096s] -- Up-to-date: /home/jbaghiro/testWS/install/turtlebot3_manipulation_gazebo/share/turtlebot3_manipulation_gazebo/models/turtlebot3_home_service_challenge/marker4/materials/textures
[1.096s] -- Up-to-date: /home/jbaghiro/testWS/install/turtlebot3_manipulation_gazebo/share/turtlebot3_manipulation_gazebo/models/turtlebot3_home_service_challenge/marker4/materials/textures/Marker4.png
[1.096s] -- Up-to-date: /home/jbaghiro/testWS/install/turtlebot3_manipulation_gazebo/share/turtlebot3_manipulation_gazebo/models/turtlebot3_home_service_challenge/marker4/model-1_5.sdf
[1.096s] -- Up-to-date: /home/jbaghiro/testWS/install/turtlebot3_manipulation_gazebo/share/turtlebot3_manipulation_gazebo/models/turtlebot3_home_service_challenge/marker4/model.config
[1.096s] -- Up-to-date: /home/jbaghiro/testWS/install/turtlebot3_manipulation_gazebo/share/turtlebot3_manipulation_gazebo/models/turtlebot3_home_service_challenge/marker4/model.sdf
[1.096s] -- Up-to-date: /home/jbaghiro/testWS/install/turtlebot3_manipulation_gazebo/share/turtlebot3_manipulation_gazebo/models/turtlebot3_home_service_challenge/marker4/meshes
[1.097s] -- Up-to-date: /home/jbaghiro/testWS/install/turtlebot3_manipulation_gazebo/share/turtlebot3_manipulation_gazebo/models/turtlebot3_home_service_challenge/marker4/meshes/Marker4.dae
[1.097s] -- Up-to-date: /home/jbaghiro/testWS/install/turtlebot3_manipulation_gazebo/share/turtlebot3_manipulation_gazebo/models/turtlebot3_home_service_challenge/marker4/model-1_4.sdf
[1.097s] -- Up-to-date: /home/jbaghiro/testWS/install/turtlebot3_manipulation_gazebo/share/turtlebot3_manipulation_gazebo/meshes
[1.103s] -- Up-to-date: /home/jbaghiro/testWS/install/turtlebot3_manipulation_gazebo/share/turtlebot3_manipulation_gazebo/meshes/open_manipulator_x
[1.103s] -- Up-to-date: /home/jbaghiro/testWS/install/turtlebot3_manipulation_gazebo/share/turtlebot3_manipulation_gazebo/meshes/open_manipulator_x/link4.stl
[1.103s] -- Up-to-date: /home/jbaghiro/testWS/install/turtlebot3_manipulation_gazebo/share/turtlebot3_manipulation_gazebo/meshes/open_manipulator_x/gripper_right_palm.stl
[1.103s] -- Up-to-date: /home/jbaghiro/testWS/install/turtlebot3_manipulation_gazebo/share/turtlebot3_manipulation_gazebo/meshes/open_manipulator_x/link1.stl
[1.103s] -- Up-to-date: /home/jbaghiro/testWS/install/turtlebot3_manipulation_gazebo/share/turtlebot3_manipulation_gazebo/meshes/open_manipulator_x/link5.stl
[1.103s] -- Up-to-date: /home/jbaghiro/testWS/install/turtlebot3_manipulation_gazebo/share/turtlebot3_manipulation_gazebo/meshes/open_manipulator_x/link2.stl
[1.103s] -- Up-to-date: /home/jbaghiro/testWS/install/turtlebot3_manipulation_gazebo/share/turtlebot3_manipulation_gazebo/meshes/open_manipulator_x/gripper_left_palm.stl
[1.103s] -- Up-to-date: /home/jbaghiro/testWS/install/turtlebot3_manipulation_gazebo/share/turtlebot3_manipulation_gazebo/meshes/open_manipulator_x/link3.stl
[1.104s] -- Up-to-date: /home/jbaghiro/testWS/install/turtlebot3_manipulation_gazebo/share/turtlebot3_manipulation_gazebo/meshes/turtlebot3_waffle_pi
[1.104s] -- Up-to-date: /home/jbaghiro/testWS/install/turtlebot3_manipulation_gazebo/share/turtlebot3_manipulation_gazebo/meshes/turtlebot3_waffle_pi/ladar.stl
[1.104s] -- Up-to-date: /home/jbaghiro/testWS/install/turtlebot3_manipulation_gazebo/share/turtlebot3_manipulation_gazebo/meshes/turtlebot3_waffle_pi/base.stl
[1.104s] -- Up-to-date: /home/jbaghiro/testWS/install/turtlebot3_manipulation_gazebo/share/turtlebot3_manipulation_gazebo/meshes/turtlebot3_waffle_pi/right_tire.stl
[1.104s] -- Up-to-date: /home/jbaghiro/testWS/install/turtlebot3_manipulation_gazebo/share/turtlebot3_manipulation_gazebo/meshes/turtlebot3_waffle_pi/left_tire.stl
[1.120s] -- Up-to-date: /home/jbaghiro/testWS/install/turtlebot3_manipulation_gazebo/share/ament_index/resource_index/package_run_dependencies/turtlebot3_manipulation_gazebo
[1.120s] -- Up-to-date: /home/jbaghiro/testWS/install/turtlebot3_manipulation_gazebo/share/ament_index/resource_index/parent_prefix_path/turtlebot3_manipulation_gazebo
[1.121s] -- Up-to-date: /home/jbaghiro/testWS/install/turtlebot3_manipulation_gazebo/share/turtlebot3_manipulation_gazebo/environment/ament_prefix_path.sh
[1.121s] -- Up-to-date: /home/jbaghiro/testWS/install/turtlebot3_manipulation_gazebo/share/turtlebot3_manipulation_gazebo/environment/ament_prefix_path.dsv
[1.121s] -- Up-to-date: /home/jbaghiro/testWS/install/turtlebot3_manipulation_gazebo/share/turtlebot3_manipulation_gazebo/environment/path.sh
[1.122s] -- Up-to-date: /home/jbaghiro/testWS/install/turtlebot3_manipulation_gazebo/share/turtlebot3_manipulation_gazebo/environment/path.dsv
[1.122s] -- Up-to-date: /home/jbaghiro/testWS/install/turtlebot3_manipulation_gazebo/share/turtlebot3_manipulation_gazebo/local_setup.bash
[1.122s] -- Up-to-date: /home/jbaghiro/testWS/install/turtlebot3_manipulation_gazebo/share/turtlebot3_manipulation_gazebo/local_setup.sh
[1.123s] -- Up-to-date: /home/jbaghiro/testWS/install/turtlebot3_manipulation_gazebo/share/turtlebot3_manipulation_gazebo/local_setup.zsh
[1.123s] -- Up-to-date: /home/jbaghiro/testWS/install/turtlebot3_manipulation_gazebo/share/turtlebot3_manipulation_gazebo/local_setup.dsv
[1.123s] -- Up-to-date: /home/jbaghiro/testWS/install/turtlebot3_manipulation_gazebo/share/turtlebot3_manipulation_gazebo/package.dsv
[1.124s] -- Up-to-date: /home/jbaghiro/testWS/install/turtlebot3_manipulation_gazebo/share/ament_index/resource_index/packages/turtlebot3_manipulation_gazebo
[1.124s] -- Up-to-date: /home/jbaghiro/testWS/install/turtlebot3_manipulation_gazebo/share/turtlebot3_manipulation_gazebo/cmake/turtlebot3_manipulation_gazeboConfig.cmake
[1.124s] -- Up-to-date: /home/jbaghiro/testWS/install/turtlebot3_manipulation_gazebo/share/turtlebot3_manipulation_gazebo/cmake/turtlebot3_manipulation_gazeboConfig-version.cmake
[1.124s] -- Up-to-date: /home/jbaghiro/testWS/install/turtlebot3_manipulation_gazebo/share/turtlebot3_manipulation_gazebo/package.xml
[1.304s] Invoked command in '/home/jbaghiro/testWS/build/turtlebot3_manipulation_gazebo' returned '0': CMAKE_PREFIX_PATH=/opt/ros/humble /usr/bin/cmake --install /home/jbaghiro/testWS/build/turtlebot3_manipulation_gazebo
