running egg_info
writing ../../build/braitenberg/braitenberg.egg-info/PKG-INFO
writing dependency_links to ../../build/braitenberg/braitenberg.egg-info/dependency_links.txt
writing entry points to ../../build/braitenberg/braitenberg.egg-info/entry_points.txt
writing requirements to ../../build/braitenberg/braitenberg.egg-info/requires.txt
writing top-level names to ../../build/braitenberg/braitenberg.egg-info/top_level.txt
reading manifest file '../../build/braitenberg/braitenberg.egg-info/SOURCES.txt'
writing manifest file '../../build/braitenberg/braitenberg.egg-info/SOURCES.txt'
running build
running build_py
copying braitenberg/braitenberg_node.py -> /home/jbaghiro/testWS/build/braitenberg/build/lib/braitenberg
running install
running install_lib
copying /home/jbaghiro/testWS/build/braitenberg/build/lib/braitenberg/braitenberg_node.py -> /home/jbaghiro/testWS/install/braitenberg/lib/python3.10/site-packages/braitenberg
byte-compiling /home/jbaghiro/testWS/install/braitenberg/lib/python3.10/site-packages/braitenberg/braitenberg_node.py to braitenberg_node.cpython-310.pyc
running install_data
running install_egg_info
removing '/home/jbaghiro/testWS/install/braitenberg/lib/python3.10/site-packages/braitenberg-0.0.0-py3.10.egg-info' (and everything under it)
Copying ../../build/braitenberg/braitenberg.egg-info to /home/jbaghiro/testWS/install/braitenberg/lib/python3.10/site-packages/braitenberg-0.0.0-py3.10.egg-info
running install_scripts
Installing braitenberg_node script to /home/jbaghiro/testWS/install/braitenberg/lib/braitenberg
writing list of installed files to '/home/jbaghiro/testWS/build/braitenberg/install.log'
