[0.086s] Invoking command in '/home/jbaghiro/testWS/build/hls_lfcd_lds_driver': CMAKE_PREFIX_PATH=/opt/ros/humble /usr/bin/cmake /home/jbaghiro/testWS/src/utils/hls_lfcd_lds_driver -DCMAKE_INSTALL_PREFIX=/home/jbaghiro/testWS/install/hls_lfcd_lds_driver
[0.802s] -- The C compiler identification is GNU 11.4.0
[0.832s] -- The CXX compiler identification is GNU 11.4.0
[1.248s] -- Detecting C compiler ABI info
[1.479s] -- Detecting C compiler ABI info - done
[1.488s] -- Check for working C compiler: /usr/bin/cc - skipped
[1.488s] -- Detecting C compile features
[1.489s] -- Detecting C compile features - done
[1.494s] -- Detecting CXX compiler ABI info
[1.791s] -- Detecting CXX compiler ABI info - done
[1.802s] -- Check for working CXX compiler: /usr/bin/c++ - skipped
[1.802s] -- Detecting CXX compile features
[1.803s] -- Detecting CXX compile features - done
[1.810s] -- Found ament_cmake: 1.3.12 (/opt/ros/humble/share/ament_cmake/cmake)
[2.133s] -- Found Python3: /usr/bin/python3 (found version "3.10.12") found components: Interpreter 
[2.329s] -- Found rclcpp: 16.0.15 (/opt/ros/humble/share/rclcpp/cmake)
[2.683s] -- Found rosidl_generator_c: 3.1.7 (/opt/ros/humble/share/rosidl_generator_c/cmake)
[2.685s] -- Found rosidl_adapter: 3.1.7 (/opt/ros/humble/share/rosidl_adapter/cmake)
[2.703s] -- Found rosidl_generator_cpp: 3.1.7 (/opt/ros/humble/share/rosidl_generator_cpp/cmake)
[2.733s] -- Using all available rosidl_typesupport_c: rosidl_typesupport_fastrtps_c;rosidl_typesupport_introspection_c
[2.761s] -- Using all available rosidl_typesupport_cpp: rosidl_typesupport_fastrtps_cpp;rosidl_typesupport_introspection_cpp
[2.856s] -- Found rmw_implementation_cmake: 6.1.2 (/opt/ros/humble/share/rmw_implementation_cmake/cmake)
[2.883s] -- Found rmw_fastrtps_cpp: 6.2.8 (/opt/ros/humble/share/rmw_fastrtps_cpp/cmake)
[4.284s] -- Found OpenSSL: /usr/lib/x86_64-linux-gnu/libcrypto.so (found version "3.0.2")  
[6.055s] -- Found FastRTPS: /opt/ros/humble/include  
[10.903s] -- Using RMW implementation 'rmw_fastrtps_cpp' as default
[10.923s] -- Looking for pthread.h
[11.177s] -- Looking for pthread.h - found
[11.177s] -- Performing Test CMAKE_HAVE_LIBC_PTHREAD
[11.383s] -- Performing Test CMAKE_HAVE_LIBC_PTHREAD - Success
[11.384s] -- Found Threads: TRUE  
[11.438s] -- Found sensor_msgs: 4.9.0 (/opt/ros/humble/share/sensor_msgs/cmake)
[11.483s] -- Found Boost: /usr/lib/x86_64-linux-gnu/cmake/Boost-1.74.0/BoostConfig.cmake (found version "1.74.0") found components: system 
[11.561s] -- Configuring done
[11.586s] -- Generating done
[11.592s] -- Build files have been written to: /home/jbaghiro/testWS/build/hls_lfcd_lds_driver
[11.607s] Invoked command in '/home/jbaghiro/testWS/build/hls_lfcd_lds_driver' returned '0': CMAKE_PREFIX_PATH=/opt/ros/humble /usr/bin/cmake /home/jbaghiro/testWS/src/utils/hls_lfcd_lds_driver -DCMAKE_INSTALL_PREFIX=/home/jbaghiro/testWS/install/hls_lfcd_lds_driver
[11.609s] Invoking command in '/home/jbaghiro/testWS/build/hls_lfcd_lds_driver': CMAKE_PREFIX_PATH=/opt/ros/humble /usr/bin/cmake --build /home/jbaghiro/testWS/build/hls_lfcd_lds_driver -- -j16 -l16
[11.681s] [ 50%] [32mBuilding CXX object CMakeFiles/hlds_laser_publisher.dir/src/hlds_laser_publisher.cpp.o[0m
[22.276s] [100%] [32m[1mLinking CXX executable hlds_laser_publisher[0m
[22.655s] [100%] Built target hlds_laser_publisher
[22.672s] Invoked command in '/home/jbaghiro/testWS/build/hls_lfcd_lds_driver' returned '0': CMAKE_PREFIX_PATH=/opt/ros/humble /usr/bin/cmake --build /home/jbaghiro/testWS/build/hls_lfcd_lds_driver -- -j16 -l16
[22.674s] Invoking command in '/home/jbaghiro/testWS/build/hls_lfcd_lds_driver': CMAKE_PREFIX_PATH=/opt/ros/humble /usr/bin/cmake --install /home/jbaghiro/testWS/build/hls_lfcd_lds_driver
[22.685s] -- Install configuration: ""
[22.685s] -- Installing: /home/jbaghiro/testWS/install/hls_lfcd_lds_driver/share/hls_lfcd_lds_driver/launch
[22.687s] -- Installing: /home/jbaghiro/testWS/install/hls_lfcd_lds_driver/share/hls_lfcd_lds_driver/launch/hlds_laser.launch.py
[22.687s] -- Installing: /home/jbaghiro/testWS/install/hls_lfcd_lds_driver/share/hls_lfcd_lds_driver/launch/view_hlds_laser.launch.py
[22.688s] -- Installing: /home/jbaghiro/testWS/install/hls_lfcd_lds_driver/share/hls_lfcd_lds_driver/rviz
[22.688s] -- Installing: /home/jbaghiro/testWS/install/hls_lfcd_lds_driver/share/hls_lfcd_lds_driver/rviz/hlds_laser.rviz
[22.689s] -- Installing: /home/jbaghiro/testWS/install/hls_lfcd_lds_driver/lib/hls_lfcd_lds_driver/hlds_laser_publisher
[22.692s] -- Set runtime path of "/home/jbaghiro/testWS/install/hls_lfcd_lds_driver/lib/hls_lfcd_lds_driver/hlds_laser_publisher" to ""
[22.694s] -- Installing: /home/jbaghiro/testWS/install/hls_lfcd_lds_driver/share/ament_index/resource_index/package_run_dependencies/hls_lfcd_lds_driver
[22.695s] -- Installing: /home/jbaghiro/testWS/install/hls_lfcd_lds_driver/share/ament_index/resource_index/parent_prefix_path/hls_lfcd_lds_driver
[22.695s] -- Installing: /home/jbaghiro/testWS/install/hls_lfcd_lds_driver/share/hls_lfcd_lds_driver/environment/ament_prefix_path.sh
[22.696s] -- Installing: /home/jbaghiro/testWS/install/hls_lfcd_lds_driver/share/hls_lfcd_lds_driver/environment/ament_prefix_path.dsv
[22.696s] -- Installing: /home/jbaghiro/testWS/install/hls_lfcd_lds_driver/share/hls_lfcd_lds_driver/environment/path.sh
[22.696s] -- Installing: /home/jbaghiro/testWS/install/hls_lfcd_lds_driver/share/hls_lfcd_lds_driver/environment/path.dsv
[22.697s] -- Installing: /home/jbaghiro/testWS/install/hls_lfcd_lds_driver/share/hls_lfcd_lds_driver/local_setup.bash
[22.697s] -- Installing: /home/jbaghiro/testWS/install/hls_lfcd_lds_driver/share/hls_lfcd_lds_driver/local_setup.sh
[22.697s] -- Installing: /home/jbaghiro/testWS/install/hls_lfcd_lds_driver/share/hls_lfcd_lds_driver/local_setup.zsh
[22.697s] -- Installing: /home/jbaghiro/testWS/install/hls_lfcd_lds_driver/share/hls_lfcd_lds_driver/local_setup.dsv
[22.698s] -- Installing: /home/jbaghiro/testWS/install/hls_lfcd_lds_driver/share/hls_lfcd_lds_driver/package.dsv
[22.699s] -- Installing: /home/jbaghiro/testWS/install/hls_lfcd_lds_driver/share/ament_index/resource_index/packages/hls_lfcd_lds_driver
[22.699s] -- Installing: /home/jbaghiro/testWS/install/hls_lfcd_lds_driver/share/hls_lfcd_lds_driver/cmake/ament_cmake_export_dependencies-extras.cmake
[22.700s] -- Installing: /home/jbaghiro/testWS/install/hls_lfcd_lds_driver/share/hls_lfcd_lds_driver/cmake/ament_cmake_export_include_directories-extras.cmake
[22.700s] -- Installing: /home/jbaghiro/testWS/install/hls_lfcd_lds_driver/share/hls_lfcd_lds_driver/cmake/hls_lfcd_lds_driverConfig.cmake
[22.700s] -- Installing: /home/jbaghiro/testWS/install/hls_lfcd_lds_driver/share/hls_lfcd_lds_driver/cmake/hls_lfcd_lds_driverConfig-version.cmake
[22.701s] -- Installing: /home/jbaghiro/testWS/install/hls_lfcd_lds_driver/share/hls_lfcd_lds_driver/package.xml
[22.705s] Invoked command in '/home/jbaghiro/testWS/build/hls_lfcd_lds_driver' returned '0': CMAKE_PREFIX_PATH=/opt/ros/humble /usr/bin/cmake --install /home/jbaghiro/testWS/build/hls_lfcd_lds_driver
