[0.092s] Invoking command in '/home/jbaghiro/testWS/build/hls_lfcd_lds_driver': CMAKE_PREFIX_PATH=${CMAKE_PREFIX_PATH}:/home/jbaghiro/testWS/install/turtlebot3_teleop:/home/jbaghiro/testWS/install/turtlebot3_example:/opt/ros/humble /usr/bin/cmake --build /home/jbaghiro/testWS/build/hls_lfcd_lds_driver -- -j16 -l16
[1.008s] [35m[1mConsolidate compiler generated dependencies of target hlds_laser_publisher[0m
[1.008s] [100%] Built target hlds_laser_publisher
[1.041s] Invoked command in '/home/jbaghiro/testWS/build/hls_lfcd_lds_driver' returned '0': CMAKE_PREFIX_PATH=${CMAKE_PREFIX_PATH}:/home/jbaghiro/testWS/install/turtlebot3_teleop:/home/jbaghiro/testWS/install/turtlebot3_example:/opt/ros/humble /usr/bin/cmake --build /home/jbaghiro/testWS/build/hls_lfcd_lds_driver -- -j16 -l16
[1.043s] Invoking command in '/home/jbaghiro/testWS/build/hls_lfcd_lds_driver': CMAKE_PREFIX_PATH=${CMAKE_PREFIX_PATH}:/home/jbaghiro/testWS/install/turtlebot3_teleop:/home/jbaghiro/testWS/install/turtlebot3_example:/opt/ros/humble /usr/bin/cmake --install /home/jbaghiro/testWS/build/hls_lfcd_lds_driver
[1.175s] -- Install configuration: ""
[1.175s] -- Up-to-date: /home/jbaghiro/testWS/install/hls_lfcd_lds_driver/share/hls_lfcd_lds_driver/launch
[1.175s] -- Up-to-date: /home/jbaghiro/testWS/install/hls_lfcd_lds_driver/share/hls_lfcd_lds_driver/launch/hlds_laser.launch.py
[1.175s] -- Up-to-date: /home/jbaghiro/testWS/install/hls_lfcd_lds_driver/share/hls_lfcd_lds_driver/launch/view_hlds_laser.launch.py
[1.175s] -- Up-to-date: /home/jbaghiro/testWS/install/hls_lfcd_lds_driver/share/hls_lfcd_lds_driver/rviz
[1.176s] -- Up-to-date: /home/jbaghiro/testWS/install/hls_lfcd_lds_driver/share/hls_lfcd_lds_driver/rviz/hlds_laser.rviz
[1.176s] -- Up-to-date: /home/jbaghiro/testWS/install/hls_lfcd_lds_driver/lib/hls_lfcd_lds_driver/hlds_laser_publisher
[1.177s] -- Up-to-date: /home/jbaghiro/testWS/install/hls_lfcd_lds_driver/share/ament_index/resource_index/package_run_dependencies/hls_lfcd_lds_driver
[1.178s] -- Up-to-date: /home/jbaghiro/testWS/install/hls_lfcd_lds_driver/share/ament_index/resource_index/parent_prefix_path/hls_lfcd_lds_driver
[1.179s] -- Up-to-date: /home/jbaghiro/testWS/install/hls_lfcd_lds_driver/share/hls_lfcd_lds_driver/environment/ament_prefix_path.sh
[1.179s] -- Up-to-date: /home/jbaghiro/testWS/install/hls_lfcd_lds_driver/share/hls_lfcd_lds_driver/environment/ament_prefix_path.dsv
[1.179s] -- Up-to-date: /home/jbaghiro/testWS/install/hls_lfcd_lds_driver/share/hls_lfcd_lds_driver/environment/path.sh
[1.180s] -- Up-to-date: /home/jbaghiro/testWS/install/hls_lfcd_lds_driver/share/hls_lfcd_lds_driver/environment/path.dsv
[1.180s] -- Up-to-date: /home/jbaghiro/testWS/install/hls_lfcd_lds_driver/share/hls_lfcd_lds_driver/local_setup.bash
[1.180s] -- Up-to-date: /home/jbaghiro/testWS/install/hls_lfcd_lds_driver/share/hls_lfcd_lds_driver/local_setup.sh
[1.181s] -- Up-to-date: /home/jbaghiro/testWS/install/hls_lfcd_lds_driver/share/hls_lfcd_lds_driver/local_setup.zsh
[1.181s] -- Up-to-date: /home/jbaghiro/testWS/install/hls_lfcd_lds_driver/share/hls_lfcd_lds_driver/local_setup.dsv
[1.181s] -- Installing: /home/jbaghiro/testWS/install/hls_lfcd_lds_driver/share/hls_lfcd_lds_driver/package.dsv
[1.181s] -- Up-to-date: /home/jbaghiro/testWS/install/hls_lfcd_lds_driver/share/ament_index/resource_index/packages/hls_lfcd_lds_driver
[1.182s] -- Up-to-date: /home/jbaghiro/testWS/install/hls_lfcd_lds_driver/share/hls_lfcd_lds_driver/cmake/ament_cmake_export_dependencies-extras.cmake
[1.182s] -- Up-to-date: /home/jbaghiro/testWS/install/hls_lfcd_lds_driver/share/hls_lfcd_lds_driver/cmake/ament_cmake_export_include_directories-extras.cmake
[1.182s] -- Up-to-date: /home/jbaghiro/testWS/install/hls_lfcd_lds_driver/share/hls_lfcd_lds_driver/cmake/hls_lfcd_lds_driverConfig.cmake
[1.182s] -- Up-to-date: /home/jbaghiro/testWS/install/hls_lfcd_lds_driver/share/hls_lfcd_lds_driver/cmake/hls_lfcd_lds_driverConfig-version.cmake
[1.182s] -- Up-to-date: /home/jbaghiro/testWS/install/hls_lfcd_lds_driver/share/hls_lfcd_lds_driver/package.xml
[1.361s] Invoked command in '/home/jbaghiro/testWS/build/hls_lfcd_lds_driver' returned '0': CMAKE_PREFIX_PATH=${CMAKE_PREFIX_PATH}:/home/jbaghiro/testWS/install/turtlebot3_teleop:/home/jbaghiro/testWS/install/turtlebot3_example:/opt/ros/humble /usr/bin/cmake --install /home/jbaghiro/testWS/build/hls_lfcd_lds_driver
