[0.472s] Invoking command in '/home/jbaghiro/testWS/build/dynamixel_sdk_examples': AMENT_PREFIX_PATH=/home/jbaghiro/testWS/install/dynamixel_sdk_custom_interfaces:/home/jbaghiro/testWS/install/dynamixel_sdk:${AMENT_PREFIX_PATH} CMAKE_PREFIX_PATH=/home/jbaghiro/testWS/install/dynamixel_sdk_custom_interfaces:/home/jbaghiro/testWS/install/dynamixel_sdk:/opt/ros/humble LD_LIBRARY_PATH=/home/jbaghiro/testWS/install/dynamixel_sdk_custom_interfaces/lib:/home/jbaghiro/testWS/install/dynamixel_sdk/lib:/usr/lib/x86_64-linux-gnu/gazebo-11/plugins:/opt/ros/humble/opt/rviz_ogre_vendor/lib:/opt/ros/humble/lib/x86_64-linux-gnu:/opt/ros/humble/lib:/usr/lib/x86_64-linux-gnu/gazebo-11/plugins:/usr/lib/x86_64-linux-gnu/gazebo-11/plugins:/usr/lib/x86_64-linux-gnu/gazebo-11/plugins:/usr/lib/x86_64-linux-gnu/gazebo-11/plugins:/usr/lib/x86_64-linux-gnu/gazebo-11/plugins:/usr/lib/x86_64-linux-gnu/gazebo-11/plugins PYTHONPATH=/home/jbaghiro/testWS/install/dynamixel_sdk_custom_interfaces/local/lib/python3.10/dist-packages:/home/jbaghiro/testWS/install/dynamixel_sdk/local/lib/python3.10/dist-packages:${PYTHONPATH} /usr/bin/cmake --build /home/jbaghiro/testWS/build/dynamixel_sdk_examples -- -j16 -l16
[0.526s] [35m[1mConsolidate compiler generated dependencies of target read_write_node[0m
[0.560s] [100%] Built target read_write_node
[0.586s] Invoked command in '/home/jbaghiro/testWS/build/dynamixel_sdk_examples' returned '0': AMENT_PREFIX_PATH=/home/jbaghiro/testWS/install/dynamixel_sdk_custom_interfaces:/home/jbaghiro/testWS/install/dynamixel_sdk:${AMENT_PREFIX_PATH} CMAKE_PREFIX_PATH=/home/jbaghiro/testWS/install/dynamixel_sdk_custom_interfaces:/home/jbaghiro/testWS/install/dynamixel_sdk:/opt/ros/humble LD_LIBRARY_PATH=/home/jbaghiro/testWS/install/dynamixel_sdk_custom_interfaces/lib:/home/jbaghiro/testWS/install/dynamixel_sdk/lib:/usr/lib/x86_64-linux-gnu/gazebo-11/plugins:/opt/ros/humble/opt/rviz_ogre_vendor/lib:/opt/ros/humble/lib/x86_64-linux-gnu:/opt/ros/humble/lib:/usr/lib/x86_64-linux-gnu/gazebo-11/plugins:/usr/lib/x86_64-linux-gnu/gazebo-11/plugins:/usr/lib/x86_64-linux-gnu/gazebo-11/plugins:/usr/lib/x86_64-linux-gnu/gazebo-11/plugins:/usr/lib/x86_64-linux-gnu/gazebo-11/plugins:/usr/lib/x86_64-linux-gnu/gazebo-11/plugins PYTHONPATH=/home/jbaghiro/testWS/install/dynamixel_sdk_custom_interfaces/local/lib/python3.10/dist-packages:/home/jbaghiro/testWS/install/dynamixel_sdk/local/lib/python3.10/dist-packages:${PYTHONPATH} /usr/bin/cmake --build /home/jbaghiro/testWS/build/dynamixel_sdk_examples -- -j16 -l16
[0.590s] Invoking command in '/home/jbaghiro/testWS/build/dynamixel_sdk_examples': AMENT_PREFIX_PATH=/home/jbaghiro/testWS/install/dynamixel_sdk_custom_interfaces:/home/jbaghiro/testWS/install/dynamixel_sdk:${AMENT_PREFIX_PATH} CMAKE_PREFIX_PATH=/home/jbaghiro/testWS/install/dynamixel_sdk_custom_interfaces:/home/jbaghiro/testWS/install/dynamixel_sdk:/opt/ros/humble LD_LIBRARY_PATH=/home/jbaghiro/testWS/install/dynamixel_sdk_custom_interfaces/lib:/home/jbaghiro/testWS/install/dynamixel_sdk/lib:/usr/lib/x86_64-linux-gnu/gazebo-11/plugins:/opt/ros/humble/opt/rviz_ogre_vendor/lib:/opt/ros/humble/lib/x86_64-linux-gnu:/opt/ros/humble/lib:/usr/lib/x86_64-linux-gnu/gazebo-11/plugins:/usr/lib/x86_64-linux-gnu/gazebo-11/plugins:/usr/lib/x86_64-linux-gnu/gazebo-11/plugins:/usr/lib/x86_64-linux-gnu/gazebo-11/plugins:/usr/lib/x86_64-linux-gnu/gazebo-11/plugins:/usr/lib/x86_64-linux-gnu/gazebo-11/plugins PYTHONPATH=/home/jbaghiro/testWS/install/dynamixel_sdk_custom_interfaces/local/lib/python3.10/dist-packages:/home/jbaghiro/testWS/install/dynamixel_sdk/local/lib/python3.10/dist-packages:${PYTHONPATH} /usr/bin/cmake --install /home/jbaghiro/testWS/build/dynamixel_sdk_examples
[0.606s] -- Install configuration: ""
[0.608s] -- Up-to-date: /home/jbaghiro/testWS/install/dynamixel_sdk_examples/lib/dynamixel_sdk_examples/read_write_node
[0.611s] -- Up-to-date: /home/jbaghiro/testWS/install/dynamixel_sdk_examples/lib/dynamixel_sdk_examples/read_write_node.py
[0.612s] -- Up-to-date: /home/jbaghiro/testWS/install/dynamixel_sdk_examples/share/ament_index/resource_index/package_run_dependencies/dynamixel_sdk_examples
[0.612s] -- Up-to-date: /home/jbaghiro/testWS/install/dynamixel_sdk_examples/share/ament_index/resource_index/parent_prefix_path/dynamixel_sdk_examples
[0.613s] -- Up-to-date: /home/jbaghiro/testWS/install/dynamixel_sdk_examples/share/dynamixel_sdk_examples/environment/ament_prefix_path.sh
[0.613s] -- Up-to-date: /home/jbaghiro/testWS/install/dynamixel_sdk_examples/share/dynamixel_sdk_examples/environment/ament_prefix_path.dsv
[0.613s] -- Up-to-date: /home/jbaghiro/testWS/install/dynamixel_sdk_examples/share/dynamixel_sdk_examples/environment/path.sh
[0.614s] -- Up-to-date: /home/jbaghiro/testWS/install/dynamixel_sdk_examples/share/dynamixel_sdk_examples/environment/path.dsv
[0.614s] -- Up-to-date: /home/jbaghiro/testWS/install/dynamixel_sdk_examples/share/dynamixel_sdk_examples/local_setup.bash
[0.614s] -- Up-to-date: /home/jbaghiro/testWS/install/dynamixel_sdk_examples/share/dynamixel_sdk_examples/local_setup.sh
[0.615s] -- Up-to-date: /home/jbaghiro/testWS/install/dynamixel_sdk_examples/share/dynamixel_sdk_examples/local_setup.zsh
[0.615s] -- Up-to-date: /home/jbaghiro/testWS/install/dynamixel_sdk_examples/share/dynamixel_sdk_examples/local_setup.dsv
[0.615s] -- Installing: /home/jbaghiro/testWS/install/dynamixel_sdk_examples/share/dynamixel_sdk_examples/package.dsv
[0.615s] -- Up-to-date: /home/jbaghiro/testWS/install/dynamixel_sdk_examples/share/ament_index/resource_index/packages/dynamixel_sdk_examples
[0.616s] -- Up-to-date: /home/jbaghiro/testWS/install/dynamixel_sdk_examples/share/dynamixel_sdk_examples/cmake/dynamixel_sdk_examplesConfig.cmake
[0.616s] -- Up-to-date: /home/jbaghiro/testWS/install/dynamixel_sdk_examples/share/dynamixel_sdk_examples/cmake/dynamixel_sdk_examplesConfig-version.cmake
[0.616s] -- Up-to-date: /home/jbaghiro/testWS/install/dynamixel_sdk_examples/share/dynamixel_sdk_examples/package.xml
[0.648s] Invoked command in '/home/jbaghiro/testWS/build/dynamixel_sdk_examples' returned '0': AMENT_PREFIX_PATH=/home/jbaghiro/testWS/install/dynamixel_sdk_custom_interfaces:/home/jbaghiro/testWS/install/dynamixel_sdk:${AMENT_PREFIX_PATH} CMAKE_PREFIX_PATH=/home/jbaghiro/testWS/install/dynamixel_sdk_custom_interfaces:/home/jbaghiro/testWS/install/dynamixel_sdk:/opt/ros/humble LD_LIBRARY_PATH=/home/jbaghiro/testWS/install/dynamixel_sdk_custom_interfaces/lib:/home/jbaghiro/testWS/install/dynamixel_sdk/lib:/usr/lib/x86_64-linux-gnu/gazebo-11/plugins:/opt/ros/humble/opt/rviz_ogre_vendor/lib:/opt/ros/humble/lib/x86_64-linux-gnu:/opt/ros/humble/lib:/usr/lib/x86_64-linux-gnu/gazebo-11/plugins:/usr/lib/x86_64-linux-gnu/gazebo-11/plugins:/usr/lib/x86_64-linux-gnu/gazebo-11/plugins:/usr/lib/x86_64-linux-gnu/gazebo-11/plugins:/usr/lib/x86_64-linux-gnu/gazebo-11/plugins:/usr/lib/x86_64-linux-gnu/gazebo-11/plugins PYTHONPATH=/home/jbaghiro/testWS/install/dynamixel_sdk_custom_interfaces/local/lib/python3.10/dist-packages:/home/jbaghiro/testWS/install/dynamixel_sdk/local/lib/python3.10/dist-packages:${PYTHONPATH} /usr/bin/cmake --install /home/jbaghiro/testWS/build/dynamixel_sdk_examples
