[0.098s] Invoking command in '/home/jbaghiro/testWS/build/turtlebot3_msgs': CMAKE_PREFIX_PATH=/opt/ros/humble /usr/bin/cmake /home/jbaghiro/testWS/src/turtlebot3/turtlebot3_msgs -DCMAKE_INSTALL_PREFIX=/home/jbaghiro/testWS/install/turtlebot3_msgs
[0.818s] -- The C compiler identification is GNU 11.4.0
[0.878s] -- The CXX compiler identification is GNU 11.4.0
[1.308s] -- Detecting C compiler ABI info
[1.572s] -- Detecting C compiler ABI info - done
[1.580s] -- Check for working C compiler: /usr/bin/cc - skipped
[1.580s] -- Detecting C compile features
[1.581s] -- Detecting C compile features - done
[1.586s] -- Detecting CXX compiler ABI info
[1.915s] -- Detecting CXX compiler ABI info - done
[1.928s] -- Check for working CXX compiler: /usr/bin/c++ - skipped
[1.929s] -- Detecting CXX compile features
[1.929s] -- Detecting CXX compile features - done
[1.935s] -- Found action_msgs: 1.2.2 (/opt/ros/humble/share/action_msgs/cmake)
[2.252s] -- Found Python3: /usr/bin/python3 (found version "3.10.12") found components: Interpreter 
[2.773s] -- Found rosidl_generator_c: 3.1.7 (/opt/ros/humble/share/rosidl_generator_c/cmake)
[2.784s] -- Found rosidl_adapter: 3.1.7 (/opt/ros/humble/share/rosidl_adapter/cmake)
[2.804s] -- Found rosidl_generator_cpp: 3.1.7 (/opt/ros/humble/share/rosidl_generator_cpp/cmake)
[2.820s] -- Using all available rosidl_typesupport_c: rosidl_typesupport_fastrtps_c;rosidl_typesupport_introspection_c
[2.854s] -- Using all available rosidl_typesupport_cpp: rosidl_typesupport_fastrtps_cpp;rosidl_typesupport_introspection_cpp
[2.964s] -- Found rosidl_default_generators: 1.2.0 (/opt/ros/humble/share/rosidl_default_generators/cmake)
[2.989s] -- Found std_msgs: 4.9.0 (/opt/ros/humble/share/std_msgs/cmake)
[3.019s] -- Found geometry_msgs: 4.9.0 (/opt/ros/humble/share/geometry_msgs/cmake)
[3.827s] -- Found ament_cmake_cppcheck: 0.12.14 (/opt/ros/humble/share/ament_cmake_cppcheck/cmake)
[3.831s] -- Found ament_cmake_cpplint: 0.12.14 (/opt/ros/humble/share/ament_cmake_cpplint/cmake)
[3.836s] -- Found ament_cmake_uncrustify: 0.12.14 (/opt/ros/humble/share/ament_cmake_uncrustify/cmake)
[3.840s] -- Found ament_cmake_ros: 0.10.0 (/opt/ros/humble/share/ament_cmake_ros/cmake)
[4.413s] -- Using all available rosidl_typesupport_c: rosidl_typesupport_fastrtps_c;rosidl_typesupport_introspection_c
[4.640s] -- Using all available rosidl_typesupport_cpp: rosidl_typesupport_fastrtps_cpp;rosidl_typesupport_introspection_cpp
[4.800s] -- Found PythonInterp: /usr/bin/python3 (found suitable version "3.10.12", minimum required is "3.6") 
[4.802s] -- Found python_cmake_module: 0.10.0 (/opt/ros/humble/share/python_cmake_module/cmake)
[5.246s] -- Found PythonLibs: /usr/lib/x86_64-linux-gnu/libpython3.10.so (found suitable version "3.10.12", minimum required is "3.5") 
[5.247s] -- Using PYTHON_EXECUTABLE: /usr/bin/python3
[5.247s] -- Using PYTHON_INCLUDE_DIRS: /usr/include/python3.10
[5.247s] -- Using PYTHON_LIBRARIES: /usr/lib/x86_64-linux-gnu/libpython3.10.so
[5.276s] -- Found PythonExtra: .so  
[5.399s] -- Found ament_cmake_flake8: 0.12.14 (/opt/ros/humble/share/ament_cmake_flake8/cmake)
[5.402s] -- Found ament_cmake_pep257: 0.12.14 (/opt/ros/humble/share/ament_cmake_pep257/cmake)
[5.419s] -- Configuring done
[5.583s] -- Generating done
[5.611s] -- Build files have been written to: /home/jbaghiro/testWS/build/turtlebot3_msgs
[5.638s] Invoked command in '/home/jbaghiro/testWS/build/turtlebot3_msgs' returned '0': CMAKE_PREFIX_PATH=/opt/ros/humble /usr/bin/cmake /home/jbaghiro/testWS/src/turtlebot3/turtlebot3_msgs -DCMAKE_INSTALL_PREFIX=/home/jbaghiro/testWS/install/turtlebot3_msgs
[5.640s] Invoking command in '/home/jbaghiro/testWS/build/turtlebot3_msgs': CMAKE_PREFIX_PATH=/opt/ros/humble /usr/bin/cmake --build /home/jbaghiro/testWS/build/turtlebot3_msgs -- -j16 -l16
[5.721s] [  1%] [34m[1mGenerating C code for ROS interfaces[0m
[5.739s] [  2%] [34m[1mGenerating C++ code for ROS interfaces[0m
[5.755s] [  2%] Built target ament_cmake_python_copy_turtlebot3_msgs
[6.107s] running egg_info
[6.108s] creating turtlebot3_msgs.egg-info
[6.109s] writing turtlebot3_msgs.egg-info/PKG-INFO
[6.109s] writing dependency_links to turtlebot3_msgs.egg-info/dependency_links.txt
[6.110s] writing top-level names to turtlebot3_msgs.egg-info/top_level.txt
[6.110s] writing manifest file 'turtlebot3_msgs.egg-info/SOURCES.txt'
[6.113s] reading manifest file 'turtlebot3_msgs.egg-info/SOURCES.txt'
[6.113s] writing manifest file 'turtlebot3_msgs.egg-info/SOURCES.txt'
[6.167s] [  2%] Built target ament_cmake_python_build_turtlebot3_msgs_egg
[7.455s] [  2%] Built target turtlebot3_msgs__cpp
[7.478s] [  5%] [34m[1mGenerating C++ introspection for ROS interfaces[0m
[7.478s] [  5%] [34m[1mGenerating C++ type support dispatch for ROS interfaces[0m
[7.478s] [  6%] [34m[1mGenerating C++ type support for eProsima Fast-RTPS[0m
[7.499s] [  7%] [32mBuilding C object CMakeFiles/turtlebot3_msgs__rosidl_generator_c.dir/rosidl_generator_c/turtlebot3_msgs/msg/detail/sound__functions.c.o[0m
[7.500s] [  8%] [32mBuilding C object CMakeFiles/turtlebot3_msgs__rosidl_generator_c.dir/rosidl_generator_c/turtlebot3_msgs/msg/detail/version_info__functions.c.o[0m
[7.500s] [ 10%] [32mBuilding C object CMakeFiles/turtlebot3_msgs__rosidl_generator_c.dir/rosidl_generator_c/turtlebot3_msgs/srv/detail/sound__functions.c.o[0m
[7.501s] [ 11%] [32mBuilding C object CMakeFiles/turtlebot3_msgs__rosidl_generator_c.dir/rosidl_generator_c/turtlebot3_msgs/msg/detail/sensor_state__functions.c.o[0m
[7.503s] [ 13%] [32mBuilding C object CMakeFiles/turtlebot3_msgs__rosidl_generator_c.dir/rosidl_generator_c/turtlebot3_msgs/action/detail/patrol__functions.c.o[0m
[7.503s] [ 13%] [32mBuilding C object CMakeFiles/turtlebot3_msgs__rosidl_generator_c.dir/rosidl_generator_c/turtlebot3_msgs/srv/detail/goal__functions.c.o[0m
[7.508s] [ 15%] [32mBuilding C object CMakeFiles/turtlebot3_msgs__rosidl_generator_c.dir/rosidl_generator_c/turtlebot3_msgs/srv/detail/dqn__functions.c.o[0m
[7.724s] [ 16%] [32m[1mLinking C shared library libturtlebot3_msgs__rosidl_generator_c.so[0m
[7.912s] [ 16%] Built target turtlebot3_msgs__rosidl_generator_c
[7.931s] [ 17%] [34m[1mGenerating C introspection for ROS interfaces[0m
[7.931s] [ 18%] [34m[1mGenerating C type support for eProsima Fast-RTPS[0m
[7.932s] [ 20%] [34m[1mGenerating C type support dispatch for ROS interfaces[0m
[8.587s] [ 21%] [32mBuilding CXX object CMakeFiles/turtlebot3_msgs__rosidl_typesupport_cpp.dir/rosidl_typesupport_cpp/turtlebot3_msgs/msg/sensor_state__type_support.cpp.o[0m
[8.587s] [ 24%] [32mBuilding CXX object CMakeFiles/turtlebot3_msgs__rosidl_typesupport_cpp.dir/rosidl_typesupport_cpp/turtlebot3_msgs/srv/goal__type_support.cpp.o[0m
[8.587s] [ 24%] [32mBuilding CXX object CMakeFiles/turtlebot3_msgs__rosidl_typesupport_cpp.dir/rosidl_typesupport_cpp/turtlebot3_msgs/srv/sound__type_support.cpp.o[0m
[8.587s] [ 25%] [32mBuilding CXX object CMakeFiles/turtlebot3_msgs__rosidl_typesupport_cpp.dir/rosidl_typesupport_cpp/turtlebot3_msgs/msg/version_info__type_support.cpp.o[0m
[8.587s] [ 26%] [32mBuilding CXX object CMakeFiles/turtlebot3_msgs__rosidl_typesupport_cpp.dir/rosidl_typesupport_cpp/turtlebot3_msgs/msg/sound__type_support.cpp.o[0m
[8.594s] [ 29%] [32mBuilding CXX object CMakeFiles/turtlebot3_msgs__rosidl_typesupport_cpp.dir/rosidl_typesupport_cpp/turtlebot3_msgs/action/patrol__type_support.cpp.o[0m
[8.595s] [ 29%] [32mBuilding CXX object CMakeFiles/turtlebot3_msgs__rosidl_typesupport_cpp.dir/rosidl_typesupport_cpp/turtlebot3_msgs/srv/dqn__type_support.cpp.o[0m
[8.900s] [ 30%] [32mBuilding CXX object CMakeFiles/turtlebot3_msgs__rosidl_typesupport_introspection_cpp.dir/rosidl_typesupport_introspection_cpp/turtlebot3_msgs/msg/detail/version_info__type_support.cpp.o[0m
[8.900s] [ 31%] [32mBuilding CXX object CMakeFiles/turtlebot3_msgs__rosidl_typesupport_introspection_cpp.dir/rosidl_typesupport_introspection_cpp/turtlebot3_msgs/msg/detail/sensor_state__type_support.cpp.o[0m
[8.901s] [ 32%] [32mBuilding CXX object CMakeFiles/turtlebot3_msgs__rosidl_typesupport_introspection_cpp.dir/rosidl_typesupport_introspection_cpp/turtlebot3_msgs/srv/detail/sound__type_support.cpp.o[0m
[8.903s] [ 34%] [32mBuilding CXX object CMakeFiles/turtlebot3_msgs__rosidl_typesupport_introspection_cpp.dir/rosidl_typesupport_introspection_cpp/turtlebot3_msgs/msg/detail/sound__type_support.cpp.o[0m
[8.918s] [ 35%] [32mBuilding CXX object CMakeFiles/turtlebot3_msgs__rosidl_typesupport_introspection_cpp.dir/rosidl_typesupport_introspection_cpp/turtlebot3_msgs/srv/detail/dqn__type_support.cpp.o[0m
[9.284s] [ 36%] [32mBuilding CXX object CMakeFiles/turtlebot3_msgs__rosidl_typesupport_introspection_cpp.dir/rosidl_typesupport_introspection_cpp/turtlebot3_msgs/srv/detail/goal__type_support.cpp.o[0m
[9.311s] [ 37%] [32mBuilding CXX object CMakeFiles/turtlebot3_msgs__rosidl_typesupport_introspection_cpp.dir/rosidl_typesupport_introspection_cpp/turtlebot3_msgs/action/detail/patrol__type_support.cpp.o[0m
[9.373s] [ 39%] [32mBuilding CXX object CMakeFiles/turtlebot3_msgs__rosidl_typesupport_c.dir/rosidl_typesupport_c/turtlebot3_msgs/msg/sensor_state__type_support.cpp.o[0m
[9.380s] [ 41%] [32mBuilding CXX object CMakeFiles/turtlebot3_msgs__rosidl_typesupport_c.dir/rosidl_typesupport_c/turtlebot3_msgs/msg/sound__type_support.cpp.o[0m
[9.381s] [ 41%] [32mBuilding CXX object CMakeFiles/turtlebot3_msgs__rosidl_typesupport_c.dir/rosidl_typesupport_c/turtlebot3_msgs/msg/version_info__type_support.cpp.o[0m
[9.387s] [ 43%] [32mBuilding CXX object CMakeFiles/turtlebot3_msgs__rosidl_typesupport_c.dir/rosidl_typesupport_c/turtlebot3_msgs/srv/dqn__type_support.cpp.o[0m
[9.397s] [ 44%] [32mBuilding CXX object CMakeFiles/turtlebot3_msgs__rosidl_typesupport_c.dir/rosidl_typesupport_c/turtlebot3_msgs/srv/sound__type_support.cpp.o[0m
[9.454s] [ 45%] [32mBuilding CXX object CMakeFiles/turtlebot3_msgs__rosidl_typesupport_c.dir/rosidl_typesupport_c/turtlebot3_msgs/srv/goal__type_support.cpp.o[0m
[9.463s] [ 46%] [32mBuilding CXX object CMakeFiles/turtlebot3_msgs__rosidl_typesupport_fastrtps_cpp.dir/rosidl_typesupport_fastrtps_cpp/turtlebot3_msgs/msg/detail/dds_fastrtps/sensor_state__type_support.cpp.o[0m
[9.467s] [ 48%] [32mBuilding CXX object CMakeFiles/turtlebot3_msgs__rosidl_typesupport_fastrtps_cpp.dir/rosidl_typesupport_fastrtps_cpp/turtlebot3_msgs/msg/detail/dds_fastrtps/sound__type_support.cpp.o[0m
[9.499s] [ 49%] [32mBuilding CXX object CMakeFiles/turtlebot3_msgs__rosidl_typesupport_fastrtps_cpp.dir/rosidl_typesupport_fastrtps_cpp/turtlebot3_msgs/msg/detail/dds_fastrtps/version_info__type_support.cpp.o[0m
[9.500s] [ 50%] [32mBuilding CXX object CMakeFiles/turtlebot3_msgs__rosidl_typesupport_c.dir/rosidl_typesupport_c/turtlebot3_msgs/action/patrol__type_support.cpp.o[0m
[9.530s] [ 51%] [32mBuilding CXX object CMakeFiles/turtlebot3_msgs__rosidl_typesupport_fastrtps_cpp.dir/rosidl_typesupport_fastrtps_cpp/turtlebot3_msgs/srv/detail/dds_fastrtps/sound__type_support.cpp.o[0m
[9.573s] [ 53%] [32mBuilding CXX object CMakeFiles/turtlebot3_msgs__rosidl_typesupport_fastrtps_cpp.dir/rosidl_typesupport_fastrtps_cpp/turtlebot3_msgs/srv/detail/dds_fastrtps/dqn__type_support.cpp.o[0m
[9.702s] [ 54%] [32m[1mLinking CXX shared library libturtlebot3_msgs__rosidl_typesupport_cpp.so[0m
[9.726s] [ 55%] [32m[1mLinking CXX shared library libturtlebot3_msgs__rosidl_typesupport_c.so[0m
[9.798s] [ 56%] [32mBuilding CXX object CMakeFiles/turtlebot3_msgs__rosidl_typesupport_fastrtps_cpp.dir/rosidl_typesupport_fastrtps_cpp/turtlebot3_msgs/srv/detail/dds_fastrtps/goal__type_support.cpp.o[0m
[9.841s] [ 58%] [32mBuilding CXX object CMakeFiles/turtlebot3_msgs__rosidl_typesupport_fastrtps_cpp.dir/rosidl_typesupport_fastrtps_cpp/turtlebot3_msgs/action/detail/dds_fastrtps/patrol__type_support.cpp.o[0m
[9.933s] [ 59%] [32mBuilding CXX object CMakeFiles/turtlebot3_msgs__rosidl_typesupport_fastrtps_c.dir/rosidl_typesupport_fastrtps_c/turtlebot3_msgs/msg/detail/sensor_state__type_support_c.cpp.o[0m
[9.954s] [ 60%] [32mBuilding C object CMakeFiles/turtlebot3_msgs__rosidl_typesupport_introspection_c.dir/rosidl_typesupport_introspection_c/turtlebot3_msgs/msg/detail/sensor_state__type_support.c.o[0m
[9.954s] [ 62%] [32mBuilding CXX object CMakeFiles/turtlebot3_msgs__rosidl_typesupport_fastrtps_c.dir/rosidl_typesupport_fastrtps_c/turtlebot3_msgs/msg/detail/sound__type_support_c.cpp.o[0m
[9.956s] [ 63%] [32mBuilding CXX object CMakeFiles/turtlebot3_msgs__rosidl_typesupport_fastrtps_c.dir/rosidl_typesupport_fastrtps_c/turtlebot3_msgs/msg/detail/version_info__type_support_c.cpp.o[0m
[9.961s] [ 64%] [32mBuilding CXX object CMakeFiles/turtlebot3_msgs__rosidl_typesupport_fastrtps_c.dir/rosidl_typesupport_fastrtps_c/turtlebot3_msgs/srv/detail/sound__type_support_c.cpp.o[0m
[10.139s] [ 65%] [32mBuilding C object CMakeFiles/turtlebot3_msgs__rosidl_typesupport_introspection_c.dir/rosidl_typesupport_introspection_c/turtlebot3_msgs/msg/detail/sound__type_support.c.o[0m
[10.204s] [ 67%] [32mBuilding CXX object CMakeFiles/turtlebot3_msgs__rosidl_typesupport_fastrtps_c.dir/rosidl_typesupport_fastrtps_c/turtlebot3_msgs/srv/detail/dqn__type_support_c.cpp.o[0m
[10.259s] [ 67%] Built target turtlebot3_msgs__rosidl_typesupport_c
[10.266s] [ 68%] [32mBuilding C object CMakeFiles/turtlebot3_msgs__rosidl_typesupport_introspection_c.dir/rosidl_typesupport_introspection_c/turtlebot3_msgs/msg/detail/version_info__type_support.c.o[0m
[10.285s] [ 69%] [32mBuilding C object CMakeFiles/turtlebot3_msgs__rosidl_typesupport_introspection_c.dir/rosidl_typesupport_introspection_c/turtlebot3_msgs/srv/detail/sound__type_support.c.o[0m
[10.326s] [ 69%] Built target turtlebot3_msgs__rosidl_typesupport_cpp
[10.333s] [ 70%] [32mBuilding CXX object CMakeFiles/turtlebot3_msgs__rosidl_typesupport_fastrtps_c.dir/rosidl_typesupport_fastrtps_c/turtlebot3_msgs/srv/detail/goal__type_support_c.cpp.o[0m
[10.354s] [ 72%] [32mBuilding C object CMakeFiles/turtlebot3_msgs__rosidl_typesupport_introspection_c.dir/rosidl_typesupport_introspection_c/turtlebot3_msgs/srv/detail/dqn__type_support.c.o[0m
[10.373s] [ 73%] [32mBuilding C object CMakeFiles/turtlebot3_msgs__rosidl_typesupport_introspection_c.dir/rosidl_typesupport_introspection_c/turtlebot3_msgs/srv/detail/goal__type_support.c.o[0m
[10.396s] [ 74%] [32mBuilding CXX object CMakeFiles/turtlebot3_msgs__rosidl_typesupport_fastrtps_c.dir/rosidl_typesupport_fastrtps_c/turtlebot3_msgs/action/detail/patrol__type_support_c.cpp.o[0m
[10.505s] [ 75%] [32mBuilding C object CMakeFiles/turtlebot3_msgs__rosidl_typesupport_introspection_c.dir/rosidl_typesupport_introspection_c/turtlebot3_msgs/action/detail/patrol__type_support.c.o[0m
[10.662s] [ 77%] [32m[1mLinking C shared library libturtlebot3_msgs__rosidl_typesupport_introspection_c.so[0m
[10.795s] [ 78%] [32m[1mLinking CXX shared library libturtlebot3_msgs__rosidl_typesupport_introspection_cpp.so[0m
[10.945s] [ 78%] Built target turtlebot3_msgs__rosidl_typesupport_introspection_c
[11.111s] [ 79%] [32m[1mLinking CXX shared library libturtlebot3_msgs__rosidl_typesupport_fastrtps_cpp.so[0m
[11.141s] [ 79%] Built target turtlebot3_msgs__rosidl_typesupport_introspection_cpp
[11.197s] [ 81%] [32m[1mLinking CXX shared library libturtlebot3_msgs__rosidl_typesupport_fastrtps_c.so[0m
[11.352s] [ 81%] Built target turtlebot3_msgs__rosidl_typesupport_fastrtps_cpp
[11.415s] [ 81%] Built target turtlebot3_msgs__rosidl_typesupport_fastrtps_c
[11.445s] [ 81%] Built target turtlebot3_msgs
[11.477s] [ 82%] [34m[1mGenerating Python code for ROS interfaces[0m
[13.149s] [ 82%] Built target turtlebot3_msgs__py
[13.183s] [ 86%] [32mBuilding C object CMakeFiles/turtlebot3_msgs__rosidl_generator_py.dir/rosidl_generator_py/turtlebot3_msgs/msg/_sound_s.c.o[0m
[13.183s] [ 86%] [32mBuilding C object CMakeFiles/turtlebot3_msgs__rosidl_generator_py.dir/rosidl_generator_py/turtlebot3_msgs/srv/_sound_s.c.o[0m
[13.184s] [ 87%] [32mBuilding C object CMakeFiles/turtlebot3_msgs__rosidl_generator_py.dir/rosidl_generator_py/turtlebot3_msgs/msg/_version_info_s.c.o[0m
[13.184s] [ 87%] [32mBuilding C object CMakeFiles/turtlebot3_msgs__rosidl_generator_py.dir/rosidl_generator_py/turtlebot3_msgs/msg/_sensor_state_s.c.o[0m
[13.184s] [ 88%] [32mBuilding C object CMakeFiles/turtlebot3_msgs__rosidl_generator_py.dir/rosidl_generator_py/turtlebot3_msgs/srv/_dqn_s.c.o[0m
[13.184s] [ 89%] [32mBuilding C object CMakeFiles/turtlebot3_msgs__rosidl_generator_py.dir/rosidl_generator_py/turtlebot3_msgs/srv/_goal_s.c.o[0m
[13.184s] [ 91%] [32mBuilding C object CMakeFiles/turtlebot3_msgs__rosidl_generator_py.dir/rosidl_generator_py/turtlebot3_msgs/action/_patrol_s.c.o[0m
[13.433s] [ 92%] [32m[1mLinking C shared library rosidl_generator_py/turtlebot3_msgs/libturtlebot3_msgs__rosidl_generator_py.so[0m
[13.619s] [ 92%] Built target turtlebot3_msgs__rosidl_generator_py
[13.658s] [ 93%] [32mBuilding C object CMakeFiles/turtlebot3_msgs__rosidl_typesupport_introspection_c__pyext.dir/rosidl_generator_py/turtlebot3_msgs/_turtlebot3_msgs_s.ep.rosidl_typesupport_introspection_c.c.o[0m
[13.658s] [ 94%] [32mBuilding C object CMakeFiles/turtlebot3_msgs__rosidl_typesupport_c__pyext.dir/rosidl_generator_py/turtlebot3_msgs/_turtlebot3_msgs_s.ep.rosidl_typesupport_c.c.o[0m
[13.663s] [ 96%] [32mBuilding C object CMakeFiles/turtlebot3_msgs__rosidl_typesupport_fastrtps_c__pyext.dir/rosidl_generator_py/turtlebot3_msgs/_turtlebot3_msgs_s.ep.rosidl_typesupport_fastrtps_c.c.o[0m
[13.923s] [ 97%] [32m[1mLinking C shared library rosidl_generator_py/turtlebot3_msgs/turtlebot3_msgs_s__rosidl_typesupport_introspection_c.cpython-310-x86_64-linux-gnu.so[0m
[13.932s] [ 98%] [32m[1mLinking C shared library rosidl_generator_py/turtlebot3_msgs/turtlebot3_msgs_s__rosidl_typesupport_c.cpython-310-x86_64-linux-gnu.so[0m
[13.932s] [100%] [32m[1mLinking C shared library rosidl_generator_py/turtlebot3_msgs/turtlebot3_msgs_s__rosidl_typesupport_fastrtps_c.cpython-310-x86_64-linux-gnu.so[0m
[14.096s] [100%] Built target turtlebot3_msgs__rosidl_typesupport_introspection_c__pyext
[14.097s] [100%] Built target turtlebot3_msgs__rosidl_typesupport_c__pyext
[14.097s] [100%] Built target turtlebot3_msgs__rosidl_typesupport_fastrtps_c__pyext
[14.129s] Invoked command in '/home/jbaghiro/testWS/build/turtlebot3_msgs' returned '0': CMAKE_PREFIX_PATH=/opt/ros/humble /usr/bin/cmake --build /home/jbaghiro/testWS/build/turtlebot3_msgs -- -j16 -l16
[14.132s] Invoking command in '/home/jbaghiro/testWS/build/turtlebot3_msgs': CMAKE_PREFIX_PATH=/opt/ros/humble /usr/bin/cmake --install /home/jbaghiro/testWS/build/turtlebot3_msgs
[14.150s] -- Install configuration: ""
[14.154s] -- Installing: /home/jbaghiro/testWS/install/turtlebot3_msgs/share/ament_index/resource_index/rosidl_interfaces/turtlebot3_msgs
[14.155s] -- Installing: /home/jbaghiro/testWS/install/turtlebot3_msgs/include/turtlebot3_msgs/turtlebot3_msgs
[14.157s] -- Installing: /home/jbaghiro/testWS/install/turtlebot3_msgs/include/turtlebot3_msgs/turtlebot3_msgs/action
[14.157s] -- Installing: /home/jbaghiro/testWS/install/turtlebot3_msgs/include/turtlebot3_msgs/turtlebot3_msgs/action/detail
[14.158s] -- Installing: /home/jbaghiro/testWS/install/turtlebot3_msgs/include/turtlebot3_msgs/turtlebot3_msgs/action/detail/patrol__struct.h
[14.159s] -- Installing: /home/jbaghiro/testWS/install/turtlebot3_msgs/include/turtlebot3_msgs/turtlebot3_msgs/action/detail/patrol__type_support.h
[14.159s] -- Installing: /home/jbaghiro/testWS/install/turtlebot3_msgs/include/turtlebot3_msgs/turtlebot3_msgs/action/detail/patrol__functions.c
[14.159s] -- Installing: /home/jbaghiro/testWS/install/turtlebot3_msgs/include/turtlebot3_msgs/turtlebot3_msgs/action/detail/patrol__functions.h
[14.160s] -- Installing: /home/jbaghiro/testWS/install/turtlebot3_msgs/include/turtlebot3_msgs/turtlebot3_msgs/action/patrol.h
[14.160s] -- Installing: /home/jbaghiro/testWS/install/turtlebot3_msgs/include/turtlebot3_msgs/turtlebot3_msgs/msg
[14.161s] -- Installing: /home/jbaghiro/testWS/install/turtlebot3_msgs/include/turtlebot3_msgs/turtlebot3_msgs/msg/rosidl_generator_c__visibility_control.h
[14.162s] -- Installing: /home/jbaghiro/testWS/install/turtlebot3_msgs/include/turtlebot3_msgs/turtlebot3_msgs/msg/detail
[14.163s] -- Installing: /home/jbaghiro/testWS/install/turtlebot3_msgs/include/turtlebot3_msgs/turtlebot3_msgs/msg/detail/sensor_state__type_support.h
[14.163s] -- Installing: /home/jbaghiro/testWS/install/turtlebot3_msgs/include/turtlebot3_msgs/turtlebot3_msgs/msg/detail/sensor_state__functions.h
[14.163s] -- Installing: /home/jbaghiro/testWS/install/turtlebot3_msgs/include/turtlebot3_msgs/turtlebot3_msgs/msg/detail/version_info__type_support.h
[14.164s] -- Installing: /home/jbaghiro/testWS/install/turtlebot3_msgs/include/turtlebot3_msgs/turtlebot3_msgs/msg/detail/sound__functions.c
[14.164s] -- Installing: /home/jbaghiro/testWS/install/turtlebot3_msgs/include/turtlebot3_msgs/turtlebot3_msgs/msg/detail/sound__type_support.h
[14.164s] -- Installing: /home/jbaghiro/testWS/install/turtlebot3_msgs/include/turtlebot3_msgs/turtlebot3_msgs/msg/detail/sensor_state__functions.c
[14.164s] -- Installing: /home/jbaghiro/testWS/install/turtlebot3_msgs/include/turtlebot3_msgs/turtlebot3_msgs/msg/detail/version_info__struct.h
[14.165s] -- Installing: /home/jbaghiro/testWS/install/turtlebot3_msgs/include/turtlebot3_msgs/turtlebot3_msgs/msg/detail/sound__struct.h
[14.165s] -- Installing: /home/jbaghiro/testWS/install/turtlebot3_msgs/include/turtlebot3_msgs/turtlebot3_msgs/msg/detail/version_info__functions.h
[14.165s] -- Installing: /home/jbaghiro/testWS/install/turtlebot3_msgs/include/turtlebot3_msgs/turtlebot3_msgs/msg/detail/version_info__functions.c
[14.166s] -- Installing: /home/jbaghiro/testWS/install/turtlebot3_msgs/include/turtlebot3_msgs/turtlebot3_msgs/msg/detail/sensor_state__struct.h
[14.166s] -- Installing: /home/jbaghiro/testWS/install/turtlebot3_msgs/include/turtlebot3_msgs/turtlebot3_msgs/msg/detail/sound__functions.h
[14.166s] -- Installing: /home/jbaghiro/testWS/install/turtlebot3_msgs/include/turtlebot3_msgs/turtlebot3_msgs/msg/sensor_state.h
[14.167s] -- Installing: /home/jbaghiro/testWS/install/turtlebot3_msgs/include/turtlebot3_msgs/turtlebot3_msgs/msg/sound.h
[14.167s] -- Installing: /home/jbaghiro/testWS/install/turtlebot3_msgs/include/turtlebot3_msgs/turtlebot3_msgs/msg/version_info.h
[14.167s] -- Installing: /home/jbaghiro/testWS/install/turtlebot3_msgs/include/turtlebot3_msgs/turtlebot3_msgs/srv
[14.168s] -- Installing: /home/jbaghiro/testWS/install/turtlebot3_msgs/include/turtlebot3_msgs/turtlebot3_msgs/srv/dqn.h
[14.168s] -- Installing: /home/jbaghiro/testWS/install/turtlebot3_msgs/include/turtlebot3_msgs/turtlebot3_msgs/srv/goal.h
[14.169s] -- Installing: /home/jbaghiro/testWS/install/turtlebot3_msgs/include/turtlebot3_msgs/turtlebot3_msgs/srv/detail
[14.169s] -- Installing: /home/jbaghiro/testWS/install/turtlebot3_msgs/include/turtlebot3_msgs/turtlebot3_msgs/srv/detail/dqn__struct.h
[14.170s] -- Installing: /home/jbaghiro/testWS/install/turtlebot3_msgs/include/turtlebot3_msgs/turtlebot3_msgs/srv/detail/sound__functions.c
[14.170s] -- Installing: /home/jbaghiro/testWS/install/turtlebot3_msgs/include/turtlebot3_msgs/turtlebot3_msgs/srv/detail/sound__type_support.h
[14.170s] -- Installing: /home/jbaghiro/testWS/install/turtlebot3_msgs/include/turtlebot3_msgs/turtlebot3_msgs/srv/detail/dqn__type_support.h
[14.170s] -- Installing: /home/jbaghiro/testWS/install/turtlebot3_msgs/include/turtlebot3_msgs/turtlebot3_msgs/srv/detail/goal__struct.h
[14.171s] -- Installing: /home/jbaghiro/testWS/install/turtlebot3_msgs/include/turtlebot3_msgs/turtlebot3_msgs/srv/detail/goal__type_support.h
[14.171s] -- Installing: /home/jbaghiro/testWS/install/turtlebot3_msgs/include/turtlebot3_msgs/turtlebot3_msgs/srv/detail/sound__struct.h
[14.171s] -- Installing: /home/jbaghiro/testWS/install/turtlebot3_msgs/include/turtlebot3_msgs/turtlebot3_msgs/srv/detail/dqn__functions.c
[14.171s] -- Installing: /home/jbaghiro/testWS/install/turtlebot3_msgs/include/turtlebot3_msgs/turtlebot3_msgs/srv/detail/dqn__functions.h
[14.172s] -- Installing: /home/jbaghiro/testWS/install/turtlebot3_msgs/include/turtlebot3_msgs/turtlebot3_msgs/srv/detail/goal__functions.h
[14.172s] -- Installing: /home/jbaghiro/testWS/install/turtlebot3_msgs/include/turtlebot3_msgs/turtlebot3_msgs/srv/detail/goal__functions.c
[14.172s] -- Installing: /home/jbaghiro/testWS/install/turtlebot3_msgs/include/turtlebot3_msgs/turtlebot3_msgs/srv/detail/sound__functions.h
[14.172s] -- Installing: /home/jbaghiro/testWS/install/turtlebot3_msgs/include/turtlebot3_msgs/turtlebot3_msgs/srv/sound.h
[14.174s] -- Installing: /home/jbaghiro/testWS/install/turtlebot3_msgs/share/turtlebot3_msgs/environment/library_path.sh
[14.174s] -- Installing: /home/jbaghiro/testWS/install/turtlebot3_msgs/share/turtlebot3_msgs/environment/library_path.dsv
[14.175s] -- Installing: /home/jbaghiro/testWS/install/turtlebot3_msgs/lib/libturtlebot3_msgs__rosidl_generator_c.so
[14.176s] -- Set runtime path of "/home/jbaghiro/testWS/install/turtlebot3_msgs/lib/libturtlebot3_msgs__rosidl_generator_c.so" to ""
[14.176s] -- Up-to-date: /home/jbaghiro/testWS/install/turtlebot3_msgs/include/turtlebot3_msgs/turtlebot3_msgs
[14.177s] -- Up-to-date: /home/jbaghiro/testWS/install/turtlebot3_msgs/include/turtlebot3_msgs/turtlebot3_msgs/action
[14.177s] -- Up-to-date: /home/jbaghiro/testWS/install/turtlebot3_msgs/include/turtlebot3_msgs/turtlebot3_msgs/action/detail
[14.177s] -- Installing: /home/jbaghiro/testWS/install/turtlebot3_msgs/include/turtlebot3_msgs/turtlebot3_msgs/action/detail/patrol__rosidl_typesupport_fastrtps_c.h
[14.177s] -- Up-to-date: /home/jbaghiro/testWS/install/turtlebot3_msgs/include/turtlebot3_msgs/turtlebot3_msgs/msg
[14.177s] -- Up-to-date: /home/jbaghiro/testWS/install/turtlebot3_msgs/include/turtlebot3_msgs/turtlebot3_msgs/msg/detail
[14.178s] -- Installing: /home/jbaghiro/testWS/install/turtlebot3_msgs/include/turtlebot3_msgs/turtlebot3_msgs/msg/detail/version_info__rosidl_typesupport_fastrtps_c.h
[14.178s] -- Installing: /home/jbaghiro/testWS/install/turtlebot3_msgs/include/turtlebot3_msgs/turtlebot3_msgs/msg/detail/sound__rosidl_typesupport_fastrtps_c.h
[14.178s] -- Installing: /home/jbaghiro/testWS/install/turtlebot3_msgs/include/turtlebot3_msgs/turtlebot3_msgs/msg/detail/sensor_state__rosidl_typesupport_fastrtps_c.h
[14.178s] -- Installing: /home/jbaghiro/testWS/install/turtlebot3_msgs/include/turtlebot3_msgs/turtlebot3_msgs/msg/rosidl_typesupport_fastrtps_c__visibility_control.h
[14.179s] -- Up-to-date: /home/jbaghiro/testWS/install/turtlebot3_msgs/include/turtlebot3_msgs/turtlebot3_msgs/srv
[14.179s] -- Up-to-date: /home/jbaghiro/testWS/install/turtlebot3_msgs/include/turtlebot3_msgs/turtlebot3_msgs/srv/detail
[14.179s] -- Installing: /home/jbaghiro/testWS/install/turtlebot3_msgs/include/turtlebot3_msgs/turtlebot3_msgs/srv/detail/dqn__rosidl_typesupport_fastrtps_c.h
[14.179s] -- Installing: /home/jbaghiro/testWS/install/turtlebot3_msgs/include/turtlebot3_msgs/turtlebot3_msgs/srv/detail/goal__rosidl_typesupport_fastrtps_c.h
[14.179s] -- Installing: /home/jbaghiro/testWS/install/turtlebot3_msgs/include/turtlebot3_msgs/turtlebot3_msgs/srv/detail/sound__rosidl_typesupport_fastrtps_c.h
[14.179s] -- Installing: /home/jbaghiro/testWS/install/turtlebot3_msgs/lib/libturtlebot3_msgs__rosidl_typesupport_fastrtps_c.so
[14.180s] -- Set runtime path of "/home/jbaghiro/testWS/install/turtlebot3_msgs/lib/libturtlebot3_msgs__rosidl_typesupport_fastrtps_c.so" to ""
[14.180s] -- Up-to-date: /home/jbaghiro/testWS/install/turtlebot3_msgs/include/turtlebot3_msgs/turtlebot3_msgs
[14.180s] -- Up-to-date: /home/jbaghiro/testWS/install/turtlebot3_msgs/include/turtlebot3_msgs/turtlebot3_msgs/action
[14.180s] -- Up-to-date: /home/jbaghiro/testWS/install/turtlebot3_msgs/include/turtlebot3_msgs/turtlebot3_msgs/action/detail
[14.181s] -- Installing: /home/jbaghiro/testWS/install/turtlebot3_msgs/include/turtlebot3_msgs/turtlebot3_msgs/action/detail/patrol__struct.hpp
[14.181s] -- Installing: /home/jbaghiro/testWS/install/turtlebot3_msgs/include/turtlebot3_msgs/turtlebot3_msgs/action/detail/patrol__traits.hpp
[14.181s] -- Installing: /home/jbaghiro/testWS/install/turtlebot3_msgs/include/turtlebot3_msgs/turtlebot3_msgs/action/detail/patrol__type_support.hpp
[14.181s] -- Installing: /home/jbaghiro/testWS/install/turtlebot3_msgs/include/turtlebot3_msgs/turtlebot3_msgs/action/detail/patrol__builder.hpp
[14.182s] -- Installing: /home/jbaghiro/testWS/install/turtlebot3_msgs/include/turtlebot3_msgs/turtlebot3_msgs/action/patrol.hpp
[14.182s] -- Up-to-date: /home/jbaghiro/testWS/install/turtlebot3_msgs/include/turtlebot3_msgs/turtlebot3_msgs/msg
[14.182s] -- Installing: /home/jbaghiro/testWS/install/turtlebot3_msgs/include/turtlebot3_msgs/turtlebot3_msgs/msg/sensor_state.hpp
[14.183s] -- Installing: /home/jbaghiro/testWS/install/turtlebot3_msgs/include/turtlebot3_msgs/turtlebot3_msgs/msg/version_info.hpp
[14.183s] -- Installing: /home/jbaghiro/testWS/install/turtlebot3_msgs/include/turtlebot3_msgs/turtlebot3_msgs/msg/sound.hpp
[14.183s] -- Installing: /home/jbaghiro/testWS/install/turtlebot3_msgs/include/turtlebot3_msgs/turtlebot3_msgs/msg/rosidl_generator_cpp__visibility_control.hpp
[14.183s] -- Up-to-date: /home/jbaghiro/testWS/install/turtlebot3_msgs/include/turtlebot3_msgs/turtlebot3_msgs/msg/detail
[14.183s] -- Installing: /home/jbaghiro/testWS/install/turtlebot3_msgs/include/turtlebot3_msgs/turtlebot3_msgs/msg/detail/sound__type_support.hpp
[14.184s] -- Installing: /home/jbaghiro/testWS/install/turtlebot3_msgs/include/turtlebot3_msgs/turtlebot3_msgs/msg/detail/sound__struct.hpp
[14.184s] -- Installing: /home/jbaghiro/testWS/install/turtlebot3_msgs/include/turtlebot3_msgs/turtlebot3_msgs/msg/detail/version_info__struct.hpp
[14.184s] -- Installing: /home/jbaghiro/testWS/install/turtlebot3_msgs/include/turtlebot3_msgs/turtlebot3_msgs/msg/detail/version_info__traits.hpp
[14.185s] -- Installing: /home/jbaghiro/testWS/install/turtlebot3_msgs/include/turtlebot3_msgs/turtlebot3_msgs/msg/detail/version_info__type_support.hpp
[14.185s] -- Installing: /home/jbaghiro/testWS/install/turtlebot3_msgs/include/turtlebot3_msgs/turtlebot3_msgs/msg/detail/sound__traits.hpp
[14.185s] -- Installing: /home/jbaghiro/testWS/install/turtlebot3_msgs/include/turtlebot3_msgs/turtlebot3_msgs/msg/detail/version_info__builder.hpp
[14.185s] -- Installing: /home/jbaghiro/testWS/install/turtlebot3_msgs/include/turtlebot3_msgs/turtlebot3_msgs/msg/detail/sound__builder.hpp
[14.186s] -- Installing: /home/jbaghiro/testWS/install/turtlebot3_msgs/include/turtlebot3_msgs/turtlebot3_msgs/msg/detail/sensor_state__builder.hpp
[14.187s] -- Installing: /home/jbaghiro/testWS/install/turtlebot3_msgs/include/turtlebot3_msgs/turtlebot3_msgs/msg/detail/sensor_state__struct.hpp
[14.187s] -- Installing: /home/jbaghiro/testWS/install/turtlebot3_msgs/include/turtlebot3_msgs/turtlebot3_msgs/msg/detail/sensor_state__type_support.hpp
[14.187s] -- Installing: /home/jbaghiro/testWS/install/turtlebot3_msgs/include/turtlebot3_msgs/turtlebot3_msgs/msg/detail/sensor_state__traits.hpp
[14.187s] -- Up-to-date: /home/jbaghiro/testWS/install/turtlebot3_msgs/include/turtlebot3_msgs/turtlebot3_msgs/srv
[14.188s] -- Installing: /home/jbaghiro/testWS/install/turtlebot3_msgs/include/turtlebot3_msgs/turtlebot3_msgs/srv/goal.hpp
[14.188s] -- Installing: /home/jbaghiro/testWS/install/turtlebot3_msgs/include/turtlebot3_msgs/turtlebot3_msgs/srv/sound.hpp
[14.188s] -- Up-to-date: /home/jbaghiro/testWS/install/turtlebot3_msgs/include/turtlebot3_msgs/turtlebot3_msgs/srv/detail
[14.188s] -- Installing: /home/jbaghiro/testWS/install/turtlebot3_msgs/include/turtlebot3_msgs/turtlebot3_msgs/srv/detail/sound__type_support.hpp
[14.189s] -- Installing: /home/jbaghiro/testWS/install/turtlebot3_msgs/include/turtlebot3_msgs/turtlebot3_msgs/srv/detail/sound__struct.hpp
[14.189s] -- Installing: /home/jbaghiro/testWS/install/turtlebot3_msgs/include/turtlebot3_msgs/turtlebot3_msgs/srv/detail/dqn__builder.hpp
[14.189s] -- Installing: /home/jbaghiro/testWS/install/turtlebot3_msgs/include/turtlebot3_msgs/turtlebot3_msgs/srv/detail/goal__struct.hpp
[14.189s] -- Installing: /home/jbaghiro/testWS/install/turtlebot3_msgs/include/turtlebot3_msgs/turtlebot3_msgs/srv/detail/goal__type_support.hpp
[14.190s] -- Installing: /home/jbaghiro/testWS/install/turtlebot3_msgs/include/turtlebot3_msgs/turtlebot3_msgs/srv/detail/sound__traits.hpp
[14.190s] -- Installing: /home/jbaghiro/testWS/install/turtlebot3_msgs/include/turtlebot3_msgs/turtlebot3_msgs/srv/detail/goal__traits.hpp
[14.190s] -- Installing: /home/jbaghiro/testWS/install/turtlebot3_msgs/include/turtlebot3_msgs/turtlebot3_msgs/srv/detail/dqn__type_support.hpp
[14.191s] -- Installing: /home/jbaghiro/testWS/install/turtlebot3_msgs/include/turtlebot3_msgs/turtlebot3_msgs/srv/detail/dqn__traits.hpp
[14.191s] -- Installing: /home/jbaghiro/testWS/install/turtlebot3_msgs/include/turtlebot3_msgs/turtlebot3_msgs/srv/detail/sound__builder.hpp
[14.191s] -- Installing: /home/jbaghiro/testWS/install/turtlebot3_msgs/include/turtlebot3_msgs/turtlebot3_msgs/srv/detail/dqn__struct.hpp
[14.191s] -- Installing: /home/jbaghiro/testWS/install/turtlebot3_msgs/include/turtlebot3_msgs/turtlebot3_msgs/srv/detail/goal__builder.hpp
[14.192s] -- Installing: /home/jbaghiro/testWS/install/turtlebot3_msgs/include/turtlebot3_msgs/turtlebot3_msgs/srv/dqn.hpp
[14.192s] -- Up-to-date: /home/jbaghiro/testWS/install/turtlebot3_msgs/include/turtlebot3_msgs/turtlebot3_msgs
[14.192s] -- Up-to-date: /home/jbaghiro/testWS/install/turtlebot3_msgs/include/turtlebot3_msgs/turtlebot3_msgs/action
[14.193s] -- Up-to-date: /home/jbaghiro/testWS/install/turtlebot3_msgs/include/turtlebot3_msgs/turtlebot3_msgs/action/detail
[14.193s] -- Installing: /home/jbaghiro/testWS/install/turtlebot3_msgs/include/turtlebot3_msgs/turtlebot3_msgs/action/detail/patrol__rosidl_typesupport_fastrtps_cpp.hpp
[14.193s] -- Installing: /home/jbaghiro/testWS/install/turtlebot3_msgs/include/turtlebot3_msgs/turtlebot3_msgs/action/detail/dds_fastrtps
[14.193s] -- Up-to-date: /home/jbaghiro/testWS/install/turtlebot3_msgs/include/turtlebot3_msgs/turtlebot3_msgs/msg
[14.194s] -- Installing: /home/jbaghiro/testWS/install/turtlebot3_msgs/include/turtlebot3_msgs/turtlebot3_msgs/msg/rosidl_typesupport_fastrtps_cpp__visibility_control.h
[14.194s] -- Up-to-date: /home/jbaghiro/testWS/install/turtlebot3_msgs/include/turtlebot3_msgs/turtlebot3_msgs/msg/detail
[14.194s] -- Installing: /home/jbaghiro/testWS/install/turtlebot3_msgs/include/turtlebot3_msgs/turtlebot3_msgs/msg/detail/sensor_state__rosidl_typesupport_fastrtps_cpp.hpp
[14.194s] -- Installing: /home/jbaghiro/testWS/install/turtlebot3_msgs/include/turtlebot3_msgs/turtlebot3_msgs/msg/detail/dds_fastrtps
[14.195s] -- Installing: /home/jbaghiro/testWS/install/turtlebot3_msgs/include/turtlebot3_msgs/turtlebot3_msgs/msg/detail/version_info__rosidl_typesupport_fastrtps_cpp.hpp
[14.195s] -- Installing: /home/jbaghiro/testWS/install/turtlebot3_msgs/include/turtlebot3_msgs/turtlebot3_msgs/msg/detail/sound__rosidl_typesupport_fastrtps_cpp.hpp
[14.195s] -- Up-to-date: /home/jbaghiro/testWS/install/turtlebot3_msgs/include/turtlebot3_msgs/turtlebot3_msgs/srv
[14.196s] -- Up-to-date: /home/jbaghiro/testWS/install/turtlebot3_msgs/include/turtlebot3_msgs/turtlebot3_msgs/srv/detail
[14.196s] -- Installing: /home/jbaghiro/testWS/install/turtlebot3_msgs/include/turtlebot3_msgs/turtlebot3_msgs/srv/detail/goal__rosidl_typesupport_fastrtps_cpp.hpp
[14.196s] -- Installing: /home/jbaghiro/testWS/install/turtlebot3_msgs/include/turtlebot3_msgs/turtlebot3_msgs/srv/detail/dqn__rosidl_typesupport_fastrtps_cpp.hpp
[14.196s] -- Installing: /home/jbaghiro/testWS/install/turtlebot3_msgs/include/turtlebot3_msgs/turtlebot3_msgs/srv/detail/dds_fastrtps
[14.197s] -- Installing: /home/jbaghiro/testWS/install/turtlebot3_msgs/include/turtlebot3_msgs/turtlebot3_msgs/srv/detail/sound__rosidl_typesupport_fastrtps_cpp.hpp
[14.197s] -- Installing: /home/jbaghiro/testWS/install/turtlebot3_msgs/lib/libturtlebot3_msgs__rosidl_typesupport_fastrtps_cpp.so
[14.199s] -- Set runtime path of "/home/jbaghiro/testWS/install/turtlebot3_msgs/lib/libturtlebot3_msgs__rosidl_typesupport_fastrtps_cpp.so" to ""
[14.199s] -- Up-to-date: /home/jbaghiro/testWS/install/turtlebot3_msgs/include/turtlebot3_msgs/turtlebot3_msgs
[14.199s] -- Up-to-date: /home/jbaghiro/testWS/install/turtlebot3_msgs/include/turtlebot3_msgs/turtlebot3_msgs/action
[14.199s] -- Up-to-date: /home/jbaghiro/testWS/install/turtlebot3_msgs/include/turtlebot3_msgs/turtlebot3_msgs/action/detail
[14.200s] -- Installing: /home/jbaghiro/testWS/install/turtlebot3_msgs/include/turtlebot3_msgs/turtlebot3_msgs/action/detail/patrol__type_support.c
[14.200s] -- Installing: /home/jbaghiro/testWS/install/turtlebot3_msgs/include/turtlebot3_msgs/turtlebot3_msgs/action/detail/patrol__rosidl_typesupport_introspection_c.h
[14.200s] -- Up-to-date: /home/jbaghiro/testWS/install/turtlebot3_msgs/include/turtlebot3_msgs/turtlebot3_msgs/msg
[14.200s] -- Installing: /home/jbaghiro/testWS/install/turtlebot3_msgs/include/turtlebot3_msgs/turtlebot3_msgs/msg/rosidl_typesupport_introspection_c__visibility_control.h
[14.201s] -- Up-to-date: /home/jbaghiro/testWS/install/turtlebot3_msgs/include/turtlebot3_msgs/turtlebot3_msgs/msg/detail
[14.201s] -- Installing: /home/jbaghiro/testWS/install/turtlebot3_msgs/include/turtlebot3_msgs/turtlebot3_msgs/msg/detail/version_info__rosidl_typesupport_introspection_c.h
[14.201s] -- Installing: /home/jbaghiro/testWS/install/turtlebot3_msgs/include/turtlebot3_msgs/turtlebot3_msgs/msg/detail/version_info__type_support.c
[14.201s] -- Installing: /home/jbaghiro/testWS/install/turtlebot3_msgs/include/turtlebot3_msgs/turtlebot3_msgs/msg/detail/sound__type_support.c
[14.202s] -- Installing: /home/jbaghiro/testWS/install/turtlebot3_msgs/include/turtlebot3_msgs/turtlebot3_msgs/msg/detail/sensor_state__type_support.c
[14.202s] -- Installing: /home/jbaghiro/testWS/install/turtlebot3_msgs/include/turtlebot3_msgs/turtlebot3_msgs/msg/detail/sensor_state__rosidl_typesupport_introspection_c.h
[14.202s] -- Installing: /home/jbaghiro/testWS/install/turtlebot3_msgs/include/turtlebot3_msgs/turtlebot3_msgs/msg/detail/sound__rosidl_typesupport_introspection_c.h
[14.202s] -- Up-to-date: /home/jbaghiro/testWS/install/turtlebot3_msgs/include/turtlebot3_msgs/turtlebot3_msgs/srv
[14.203s] -- Up-to-date: /home/jbaghiro/testWS/install/turtlebot3_msgs/include/turtlebot3_msgs/turtlebot3_msgs/srv/detail
[14.203s] -- Installing: /home/jbaghiro/testWS/install/turtlebot3_msgs/include/turtlebot3_msgs/turtlebot3_msgs/srv/detail/dqn__type_support.c
[14.203s] -- Installing: /home/jbaghiro/testWS/install/turtlebot3_msgs/include/turtlebot3_msgs/turtlebot3_msgs/srv/detail/goal__rosidl_typesupport_introspection_c.h
[14.203s] -- Installing: /home/jbaghiro/testWS/install/turtlebot3_msgs/include/turtlebot3_msgs/turtlebot3_msgs/srv/detail/goal__type_support.c
[14.203s] -- Installing: /home/jbaghiro/testWS/install/turtlebot3_msgs/include/turtlebot3_msgs/turtlebot3_msgs/srv/detail/dqn__rosidl_typesupport_introspection_c.h
[14.203s] -- Installing: /home/jbaghiro/testWS/install/turtlebot3_msgs/include/turtlebot3_msgs/turtlebot3_msgs/srv/detail/sound__type_support.c
[14.204s] -- Installing: /home/jbaghiro/testWS/install/turtlebot3_msgs/include/turtlebot3_msgs/turtlebot3_msgs/srv/detail/sound__rosidl_typesupport_introspection_c.h
[14.204s] -- Installing: /home/jbaghiro/testWS/install/turtlebot3_msgs/lib/libturtlebot3_msgs__rosidl_typesupport_introspection_c.so
[14.205s] -- Set runtime path of "/home/jbaghiro/testWS/install/turtlebot3_msgs/lib/libturtlebot3_msgs__rosidl_typesupport_introspection_c.so" to ""
[14.206s] -- Installing: /home/jbaghiro/testWS/install/turtlebot3_msgs/lib/libturtlebot3_msgs__rosidl_typesupport_c.so
[14.207s] -- Set runtime path of "/home/jbaghiro/testWS/install/turtlebot3_msgs/lib/libturtlebot3_msgs__rosidl_typesupport_c.so" to ""
[14.207s] -- Up-to-date: /home/jbaghiro/testWS/install/turtlebot3_msgs/include/turtlebot3_msgs/turtlebot3_msgs
[14.207s] -- Up-to-date: /home/jbaghiro/testWS/install/turtlebot3_msgs/include/turtlebot3_msgs/turtlebot3_msgs/action
[14.208s] -- Up-to-date: /home/jbaghiro/testWS/install/turtlebot3_msgs/include/turtlebot3_msgs/turtlebot3_msgs/action/detail
[14.208s] -- Installing: /home/jbaghiro/testWS/install/turtlebot3_msgs/include/turtlebot3_msgs/turtlebot3_msgs/action/detail/patrol__type_support.cpp
[14.208s] -- Installing: /home/jbaghiro/testWS/install/turtlebot3_msgs/include/turtlebot3_msgs/turtlebot3_msgs/action/detail/patrol__rosidl_typesupport_introspection_cpp.hpp
[14.208s] -- Up-to-date: /home/jbaghiro/testWS/install/turtlebot3_msgs/include/turtlebot3_msgs/turtlebot3_msgs/msg
[14.208s] -- Up-to-date: /home/jbaghiro/testWS/install/turtlebot3_msgs/include/turtlebot3_msgs/turtlebot3_msgs/msg/detail
[14.209s] -- Installing: /home/jbaghiro/testWS/install/turtlebot3_msgs/include/turtlebot3_msgs/turtlebot3_msgs/msg/detail/sound__rosidl_typesupport_introspection_cpp.hpp
[14.209s] -- Installing: /home/jbaghiro/testWS/install/turtlebot3_msgs/include/turtlebot3_msgs/turtlebot3_msgs/msg/detail/sound__type_support.cpp
[14.209s] -- Installing: /home/jbaghiro/testWS/install/turtlebot3_msgs/include/turtlebot3_msgs/turtlebot3_msgs/msg/detail/sensor_state__type_support.cpp
[14.209s] -- Installing: /home/jbaghiro/testWS/install/turtlebot3_msgs/include/turtlebot3_msgs/turtlebot3_msgs/msg/detail/version_info__rosidl_typesupport_introspection_cpp.hpp
[14.210s] -- Installing: /home/jbaghiro/testWS/install/turtlebot3_msgs/include/turtlebot3_msgs/turtlebot3_msgs/msg/detail/sensor_state__rosidl_typesupport_introspection_cpp.hpp
[14.210s] -- Installing: /home/jbaghiro/testWS/install/turtlebot3_msgs/include/turtlebot3_msgs/turtlebot3_msgs/msg/detail/version_info__type_support.cpp
[14.210s] -- Up-to-date: /home/jbaghiro/testWS/install/turtlebot3_msgs/include/turtlebot3_msgs/turtlebot3_msgs/srv
[14.211s] -- Up-to-date: /home/jbaghiro/testWS/install/turtlebot3_msgs/include/turtlebot3_msgs/turtlebot3_msgs/srv/detail
[14.211s] -- Installing: /home/jbaghiro/testWS/install/turtlebot3_msgs/include/turtlebot3_msgs/turtlebot3_msgs/srv/detail/sound__rosidl_typesupport_introspection_cpp.hpp
[14.211s] -- Installing: /home/jbaghiro/testWS/install/turtlebot3_msgs/include/turtlebot3_msgs/turtlebot3_msgs/srv/detail/sound__type_support.cpp
[14.211s] -- Installing: /home/jbaghiro/testWS/install/turtlebot3_msgs/include/turtlebot3_msgs/turtlebot3_msgs/srv/detail/goal__rosidl_typesupport_introspection_cpp.hpp
[14.212s] -- Installing: /home/jbaghiro/testWS/install/turtlebot3_msgs/include/turtlebot3_msgs/turtlebot3_msgs/srv/detail/goal__type_support.cpp
[14.212s] -- Installing: /home/jbaghiro/testWS/install/turtlebot3_msgs/include/turtlebot3_msgs/turtlebot3_msgs/srv/detail/dqn__type_support.cpp
[14.212s] -- Installing: /home/jbaghiro/testWS/install/turtlebot3_msgs/include/turtlebot3_msgs/turtlebot3_msgs/srv/detail/dqn__rosidl_typesupport_introspection_cpp.hpp
[14.213s] -- Installing: /home/jbaghiro/testWS/install/turtlebot3_msgs/lib/libturtlebot3_msgs__rosidl_typesupport_introspection_cpp.so
[14.214s] -- Set runtime path of "/home/jbaghiro/testWS/install/turtlebot3_msgs/lib/libturtlebot3_msgs__rosidl_typesupport_introspection_cpp.so" to ""
[14.214s] -- Installing: /home/jbaghiro/testWS/install/turtlebot3_msgs/lib/libturtlebot3_msgs__rosidl_typesupport_cpp.so
[14.215s] -- Set runtime path of "/home/jbaghiro/testWS/install/turtlebot3_msgs/lib/libturtlebot3_msgs__rosidl_typesupport_cpp.so" to ""
[14.215s] -- Installing: /home/jbaghiro/testWS/install/turtlebot3_msgs/share/turtlebot3_msgs/environment/pythonpath.sh
[14.215s] -- Installing: /home/jbaghiro/testWS/install/turtlebot3_msgs/share/turtlebot3_msgs/environment/pythonpath.dsv
[14.216s] -- Installing: /home/jbaghiro/testWS/install/turtlebot3_msgs/local/lib/python3.10/dist-packages/turtlebot3_msgs-2.4.0-py3.10.egg-info
[14.220s] -- Installing: /home/jbaghiro/testWS/install/turtlebot3_msgs/local/lib/python3.10/dist-packages/turtlebot3_msgs-2.4.0-py3.10.egg-info/top_level.txt
[14.221s] -- Installing: /home/jbaghiro/testWS/install/turtlebot3_msgs/local/lib/python3.10/dist-packages/turtlebot3_msgs-2.4.0-py3.10.egg-info/dependency_links.txt
[14.221s] -- Installing: /home/jbaghiro/testWS/install/turtlebot3_msgs/local/lib/python3.10/dist-packages/turtlebot3_msgs-2.4.0-py3.10.egg-info/PKG-INFO
[14.221s] -- Installing: /home/jbaghiro/testWS/install/turtlebot3_msgs/local/lib/python3.10/dist-packages/turtlebot3_msgs-2.4.0-py3.10.egg-info/SOURCES.txt
[14.222s] -- Installing: /home/jbaghiro/testWS/install/turtlebot3_msgs/local/lib/python3.10/dist-packages/turtlebot3_msgs
[14.223s] -- Installing: /home/jbaghiro/testWS/install/turtlebot3_msgs/local/lib/python3.10/dist-packages/turtlebot3_msgs/_turtlebot3_msgs_s.ep.rosidl_typesupport_introspection_c.c
[14.223s] -- Installing: /home/jbaghiro/testWS/install/turtlebot3_msgs/local/lib/python3.10/dist-packages/turtlebot3_msgs/turtlebot3_msgs_s__rosidl_typesupport_c.cpython-310-x86_64-linux-gnu.so
[14.224s] -- Installing: /home/jbaghiro/testWS/install/turtlebot3_msgs/local/lib/python3.10/dist-packages/turtlebot3_msgs/turtlebot3_msgs_s__rosidl_typesupport_introspection_c.cpython-310-x86_64-linux-gnu.so
[14.224s] -- Installing: /home/jbaghiro/testWS/install/turtlebot3_msgs/local/lib/python3.10/dist-packages/turtlebot3_msgs/libturtlebot3_msgs__rosidl_generator_py.so
[14.225s] -- Installing: /home/jbaghiro/testWS/install/turtlebot3_msgs/local/lib/python3.10/dist-packages/turtlebot3_msgs/action
[14.226s] -- Installing: /home/jbaghiro/testWS/install/turtlebot3_msgs/local/lib/python3.10/dist-packages/turtlebot3_msgs/action/_patrol_s.c
[14.227s] -- Installing: /home/jbaghiro/testWS/install/turtlebot3_msgs/local/lib/python3.10/dist-packages/turtlebot3_msgs/action/__init__.py
[14.227s] -- Installing: /home/jbaghiro/testWS/install/turtlebot3_msgs/local/lib/python3.10/dist-packages/turtlebot3_msgs/action/_patrol.py
[14.227s] -- Installing: /home/jbaghiro/testWS/install/turtlebot3_msgs/local/lib/python3.10/dist-packages/turtlebot3_msgs/_turtlebot3_msgs_s.ep.rosidl_typesupport_fastrtps_c.c
[14.228s] -- Installing: /home/jbaghiro/testWS/install/turtlebot3_msgs/local/lib/python3.10/dist-packages/turtlebot3_msgs/__init__.py
[14.228s] -- Installing: /home/jbaghiro/testWS/install/turtlebot3_msgs/local/lib/python3.10/dist-packages/turtlebot3_msgs/turtlebot3_msgs_s__rosidl_typesupport_fastrtps_c.cpython-310-x86_64-linux-gnu.so
[14.229s] -- Installing: /home/jbaghiro/testWS/install/turtlebot3_msgs/local/lib/python3.10/dist-packages/turtlebot3_msgs/_turtlebot3_msgs_s.ep.rosidl_typesupport_c.c
[14.229s] -- Installing: /home/jbaghiro/testWS/install/turtlebot3_msgs/local/lib/python3.10/dist-packages/turtlebot3_msgs/msg
[14.230s] -- Installing: /home/jbaghiro/testWS/install/turtlebot3_msgs/local/lib/python3.10/dist-packages/turtlebot3_msgs/msg/_sound.py
[14.231s] -- Installing: /home/jbaghiro/testWS/install/turtlebot3_msgs/local/lib/python3.10/dist-packages/turtlebot3_msgs/msg/_sound_s.c
[14.231s] -- Installing: /home/jbaghiro/testWS/install/turtlebot3_msgs/local/lib/python3.10/dist-packages/turtlebot3_msgs/msg/_version_info_s.c
[14.231s] -- Installing: /home/jbaghiro/testWS/install/turtlebot3_msgs/local/lib/python3.10/dist-packages/turtlebot3_msgs/msg/_sensor_state.py
[14.231s] -- Installing: /home/jbaghiro/testWS/install/turtlebot3_msgs/local/lib/python3.10/dist-packages/turtlebot3_msgs/msg/_sensor_state_s.c
[14.231s] -- Installing: /home/jbaghiro/testWS/install/turtlebot3_msgs/local/lib/python3.10/dist-packages/turtlebot3_msgs/msg/_version_info.py
[14.232s] -- Installing: /home/jbaghiro/testWS/install/turtlebot3_msgs/local/lib/python3.10/dist-packages/turtlebot3_msgs/msg/__init__.py
[14.232s] -- Installing: /home/jbaghiro/testWS/install/turtlebot3_msgs/local/lib/python3.10/dist-packages/turtlebot3_msgs/srv
[14.233s] -- Installing: /home/jbaghiro/testWS/install/turtlebot3_msgs/local/lib/python3.10/dist-packages/turtlebot3_msgs/srv/_sound.py
[14.233s] -- Installing: /home/jbaghiro/testWS/install/turtlebot3_msgs/local/lib/python3.10/dist-packages/turtlebot3_msgs/srv/_sound_s.c
[14.233s] -- Installing: /home/jbaghiro/testWS/install/turtlebot3_msgs/local/lib/python3.10/dist-packages/turtlebot3_msgs/srv/_dqn.py
[14.233s] -- Installing: /home/jbaghiro/testWS/install/turtlebot3_msgs/local/lib/python3.10/dist-packages/turtlebot3_msgs/srv/_dqn_s.c
[14.234s] -- Installing: /home/jbaghiro/testWS/install/turtlebot3_msgs/local/lib/python3.10/dist-packages/turtlebot3_msgs/srv/_goal_s.c
[14.234s] -- Installing: /home/jbaghiro/testWS/install/turtlebot3_msgs/local/lib/python3.10/dist-packages/turtlebot3_msgs/srv/__init__.py
[14.234s] -- Installing: /home/jbaghiro/testWS/install/turtlebot3_msgs/local/lib/python3.10/dist-packages/turtlebot3_msgs/srv/_goal.py
[14.315s] Listing '/home/jbaghiro/testWS/install/turtlebot3_msgs/local/lib/python3.10/dist-packages/turtlebot3_msgs'...
[14.315s] Compiling '/home/jbaghiro/testWS/install/turtlebot3_msgs/local/lib/python3.10/dist-packages/turtlebot3_msgs/__init__.py'...
[14.315s] Listing '/home/jbaghiro/testWS/install/turtlebot3_msgs/local/lib/python3.10/dist-packages/turtlebot3_msgs/action'...
[14.315s] Compiling '/home/jbaghiro/testWS/install/turtlebot3_msgs/local/lib/python3.10/dist-packages/turtlebot3_msgs/action/__init__.py'...
[14.316s] Compiling '/home/jbaghiro/testWS/install/turtlebot3_msgs/local/lib/python3.10/dist-packages/turtlebot3_msgs/action/_patrol.py'...
[14.316s] Listing '/home/jbaghiro/testWS/install/turtlebot3_msgs/local/lib/python3.10/dist-packages/turtlebot3_msgs/msg'...
[14.316s] Compiling '/home/jbaghiro/testWS/install/turtlebot3_msgs/local/lib/python3.10/dist-packages/turtlebot3_msgs/msg/__init__.py'...
[14.317s] Compiling '/home/jbaghiro/testWS/install/turtlebot3_msgs/local/lib/python3.10/dist-packages/turtlebot3_msgs/msg/_sensor_state.py'...
[14.317s] Compiling '/home/jbaghiro/testWS/install/turtlebot3_msgs/local/lib/python3.10/dist-packages/turtlebot3_msgs/msg/_sound.py'...
[14.317s] Compiling '/home/jbaghiro/testWS/install/turtlebot3_msgs/local/lib/python3.10/dist-packages/turtlebot3_msgs/msg/_version_info.py'...
[14.317s] Listing '/home/jbaghiro/testWS/install/turtlebot3_msgs/local/lib/python3.10/dist-packages/turtlebot3_msgs/srv'...
[14.317s] Compiling '/home/jbaghiro/testWS/install/turtlebot3_msgs/local/lib/python3.10/dist-packages/turtlebot3_msgs/srv/__init__.py'...
[14.317s] Compiling '/home/jbaghiro/testWS/install/turtlebot3_msgs/local/lib/python3.10/dist-packages/turtlebot3_msgs/srv/_dqn.py'...
[14.317s] Compiling '/home/jbaghiro/testWS/install/turtlebot3_msgs/local/lib/python3.10/dist-packages/turtlebot3_msgs/srv/_goal.py'...
[14.317s] Compiling '/home/jbaghiro/testWS/install/turtlebot3_msgs/local/lib/python3.10/dist-packages/turtlebot3_msgs/srv/_sound.py'...
[14.335s] -- Installing: /home/jbaghiro/testWS/install/turtlebot3_msgs/local/lib/python3.10/dist-packages/turtlebot3_msgs/turtlebot3_msgs_s__rosidl_typesupport_fastrtps_c.cpython-310-x86_64-linux-gnu.so
[14.335s] -- Set runtime path of "/home/jbaghiro/testWS/install/turtlebot3_msgs/local/lib/python3.10/dist-packages/turtlebot3_msgs/turtlebot3_msgs_s__rosidl_typesupport_fastrtps_c.cpython-310-x86_64-linux-gnu.so" to ""
[14.336s] -- Installing: /home/jbaghiro/testWS/install/turtlebot3_msgs/local/lib/python3.10/dist-packages/turtlebot3_msgs/turtlebot3_msgs_s__rosidl_typesupport_introspection_c.cpython-310-x86_64-linux-gnu.so
[14.339s] -- Set runtime path of "/home/jbaghiro/testWS/install/turtlebot3_msgs/local/lib/python3.10/dist-packages/turtlebot3_msgs/turtlebot3_msgs_s__rosidl_typesupport_introspection_c.cpython-310-x86_64-linux-gnu.so" to ""
[14.339s] -- Installing: /home/jbaghiro/testWS/install/turtlebot3_msgs/local/lib/python3.10/dist-packages/turtlebot3_msgs/turtlebot3_msgs_s__rosidl_typesupport_c.cpython-310-x86_64-linux-gnu.so
[14.340s] -- Set runtime path of "/home/jbaghiro/testWS/install/turtlebot3_msgs/local/lib/python3.10/dist-packages/turtlebot3_msgs/turtlebot3_msgs_s__rosidl_typesupport_c.cpython-310-x86_64-linux-gnu.so" to ""
[14.340s] -- Installing: /home/jbaghiro/testWS/install/turtlebot3_msgs/lib/libturtlebot3_msgs__rosidl_generator_py.so
[14.343s] -- Set runtime path of "/home/jbaghiro/testWS/install/turtlebot3_msgs/lib/libturtlebot3_msgs__rosidl_generator_py.so" to ""
[14.345s] -- Installing: /home/jbaghiro/testWS/install/turtlebot3_msgs/share/turtlebot3_msgs/msg/SensorState.idl
[14.346s] -- Installing: /home/jbaghiro/testWS/install/turtlebot3_msgs/share/turtlebot3_msgs/msg/Sound.idl
[14.348s] -- Installing: /home/jbaghiro/testWS/install/turtlebot3_msgs/share/turtlebot3_msgs/msg/VersionInfo.idl
[14.350s] -- Installing: /home/jbaghiro/testWS/install/turtlebot3_msgs/share/turtlebot3_msgs/srv/Sound.idl
[14.350s] -- Installing: /home/jbaghiro/testWS/install/turtlebot3_msgs/share/turtlebot3_msgs/srv/Dqn.idl
[14.350s] -- Installing: /home/jbaghiro/testWS/install/turtlebot3_msgs/share/turtlebot3_msgs/srv/Goal.idl
[14.352s] -- Installing: /home/jbaghiro/testWS/install/turtlebot3_msgs/share/turtlebot3_msgs/action/Patrol.idl
[14.352s] -- Installing: /home/jbaghiro/testWS/install/turtlebot3_msgs/share/turtlebot3_msgs/msg/SensorState.msg
[14.353s] -- Installing: /home/jbaghiro/testWS/install/turtlebot3_msgs/share/turtlebot3_msgs/msg/Sound.msg
[14.353s] -- Installing: /home/jbaghiro/testWS/install/turtlebot3_msgs/share/turtlebot3_msgs/msg/VersionInfo.msg
[14.353s] -- Installing: /home/jbaghiro/testWS/install/turtlebot3_msgs/share/turtlebot3_msgs/srv/Sound.srv
[14.354s] -- Installing: /home/jbaghiro/testWS/install/turtlebot3_msgs/share/turtlebot3_msgs/srv/Sound_Request.msg
[14.357s] -- Installing: /home/jbaghiro/testWS/install/turtlebot3_msgs/share/turtlebot3_msgs/srv/Sound_Response.msg
[14.357s] -- Installing: /home/jbaghiro/testWS/install/turtlebot3_msgs/share/turtlebot3_msgs/srv/Dqn.srv
[14.358s] -- Installing: /home/jbaghiro/testWS/install/turtlebot3_msgs/share/turtlebot3_msgs/srv/Dqn_Request.msg
[14.358s] -- Installing: /home/jbaghiro/testWS/install/turtlebot3_msgs/share/turtlebot3_msgs/srv/Dqn_Response.msg
[14.358s] -- Installing: /home/jbaghiro/testWS/install/turtlebot3_msgs/share/turtlebot3_msgs/srv/Goal.srv
[14.358s] -- Installing: /home/jbaghiro/testWS/install/turtlebot3_msgs/share/turtlebot3_msgs/srv/Goal_Request.msg
[14.358s] -- Installing: /home/jbaghiro/testWS/install/turtlebot3_msgs/share/turtlebot3_msgs/srv/Goal_Response.msg
[14.358s] -- Installing: /home/jbaghiro/testWS/install/turtlebot3_msgs/share/turtlebot3_msgs/action/Patrol.action
[14.372s] -- Installing: /home/jbaghiro/testWS/install/turtlebot3_msgs/share/ament_index/resource_index/package_run_dependencies/turtlebot3_msgs
[14.372s] -- Installing: /home/jbaghiro/testWS/install/turtlebot3_msgs/share/ament_index/resource_index/parent_prefix_path/turtlebot3_msgs
[14.372s] -- Installing: /home/jbaghiro/testWS/install/turtlebot3_msgs/share/turtlebot3_msgs/environment/ament_prefix_path.sh
[14.372s] -- Installing: /home/jbaghiro/testWS/install/turtlebot3_msgs/share/turtlebot3_msgs/environment/ament_prefix_path.dsv
[14.372s] -- Installing: /home/jbaghiro/testWS/install/turtlebot3_msgs/share/turtlebot3_msgs/environment/path.sh
[14.373s] -- Installing: /home/jbaghiro/testWS/install/turtlebot3_msgs/share/turtlebot3_msgs/environment/path.dsv
[14.373s] -- Installing: /home/jbaghiro/testWS/install/turtlebot3_msgs/share/turtlebot3_msgs/local_setup.bash
[14.373s] -- Installing: /home/jbaghiro/testWS/install/turtlebot3_msgs/share/turtlebot3_msgs/local_setup.sh
[14.373s] -- Installing: /home/jbaghiro/testWS/install/turtlebot3_msgs/share/turtlebot3_msgs/local_setup.zsh
[14.373s] -- Installing: /home/jbaghiro/testWS/install/turtlebot3_msgs/share/turtlebot3_msgs/local_setup.dsv
[14.373s] -- Installing: /home/jbaghiro/testWS/install/turtlebot3_msgs/share/turtlebot3_msgs/package.dsv
[14.375s] -- Installing: /home/jbaghiro/testWS/install/turtlebot3_msgs/share/ament_index/resource_index/packages/turtlebot3_msgs
[14.375s] -- Installing: /home/jbaghiro/testWS/install/turtlebot3_msgs/share/turtlebot3_msgs/cmake/export_turtlebot3_msgs__rosidl_generator_cExport.cmake
[14.375s] -- Installing: /home/jbaghiro/testWS/install/turtlebot3_msgs/share/turtlebot3_msgs/cmake/export_turtlebot3_msgs__rosidl_generator_cExport-noconfig.cmake
[14.375s] -- Installing: /home/jbaghiro/testWS/install/turtlebot3_msgs/share/turtlebot3_msgs/cmake/export_turtlebot3_msgs__rosidl_typesupport_fastrtps_cExport.cmake
[14.376s] -- Installing: /home/jbaghiro/testWS/install/turtlebot3_msgs/share/turtlebot3_msgs/cmake/export_turtlebot3_msgs__rosidl_typesupport_fastrtps_cExport-noconfig.cmake
[14.376s] -- Installing: /home/jbaghiro/testWS/install/turtlebot3_msgs/share/turtlebot3_msgs/cmake/export_turtlebot3_msgs__rosidl_generator_cppExport.cmake
[14.376s] -- Installing: /home/jbaghiro/testWS/install/turtlebot3_msgs/share/turtlebot3_msgs/cmake/export_turtlebot3_msgs__rosidl_typesupport_fastrtps_cppExport.cmake
[14.376s] -- Installing: /home/jbaghiro/testWS/install/turtlebot3_msgs/share/turtlebot3_msgs/cmake/export_turtlebot3_msgs__rosidl_typesupport_fastrtps_cppExport-noconfig.cmake
[14.377s] -- Installing: /home/jbaghiro/testWS/install/turtlebot3_msgs/share/turtlebot3_msgs/cmake/turtlebot3_msgs__rosidl_typesupport_introspection_cExport.cmake
[14.377s] -- Installing: /home/jbaghiro/testWS/install/turtlebot3_msgs/share/turtlebot3_msgs/cmake/turtlebot3_msgs__rosidl_typesupport_introspection_cExport-noconfig.cmake
[14.377s] -- Installing: /home/jbaghiro/testWS/install/turtlebot3_msgs/share/turtlebot3_msgs/cmake/turtlebot3_msgs__rosidl_typesupport_cExport.cmake
[14.377s] -- Installing: /home/jbaghiro/testWS/install/turtlebot3_msgs/share/turtlebot3_msgs/cmake/turtlebot3_msgs__rosidl_typesupport_cExport-noconfig.cmake
[14.377s] -- Installing: /home/jbaghiro/testWS/install/turtlebot3_msgs/share/turtlebot3_msgs/cmake/turtlebot3_msgs__rosidl_typesupport_introspection_cppExport.cmake
[14.377s] -- Installing: /home/jbaghiro/testWS/install/turtlebot3_msgs/share/turtlebot3_msgs/cmake/turtlebot3_msgs__rosidl_typesupport_introspection_cppExport-noconfig.cmake
[14.378s] -- Installing: /home/jbaghiro/testWS/install/turtlebot3_msgs/share/turtlebot3_msgs/cmake/turtlebot3_msgs__rosidl_typesupport_cppExport.cmake
[14.378s] -- Installing: /home/jbaghiro/testWS/install/turtlebot3_msgs/share/turtlebot3_msgs/cmake/turtlebot3_msgs__rosidl_typesupport_cppExport-noconfig.cmake
[14.378s] -- Installing: /home/jbaghiro/testWS/install/turtlebot3_msgs/share/turtlebot3_msgs/cmake/export_turtlebot3_msgs__rosidl_generator_pyExport.cmake
[14.378s] -- Installing: /home/jbaghiro/testWS/install/turtlebot3_msgs/share/turtlebot3_msgs/cmake/export_turtlebot3_msgs__rosidl_generator_pyExport-noconfig.cmake
[14.378s] -- Installing: /home/jbaghiro/testWS/install/turtlebot3_msgs/share/turtlebot3_msgs/cmake/rosidl_cmake-extras.cmake
[14.378s] -- Installing: /home/jbaghiro/testWS/install/turtlebot3_msgs/share/turtlebot3_msgs/cmake/ament_cmake_export_dependencies-extras.cmake
[14.379s] -- Installing: /home/jbaghiro/testWS/install/turtlebot3_msgs/share/turtlebot3_msgs/cmake/ament_cmake_export_include_directories-extras.cmake
[14.379s] -- Installing: /home/jbaghiro/testWS/install/turtlebot3_msgs/share/turtlebot3_msgs/cmake/ament_cmake_export_libraries-extras.cmake
[14.379s] -- Installing: /home/jbaghiro/testWS/install/turtlebot3_msgs/share/turtlebot3_msgs/cmake/ament_cmake_export_targets-extras.cmake
[14.379s] -- Installing: /home/jbaghiro/testWS/install/turtlebot3_msgs/share/turtlebot3_msgs/cmake/rosidl_cmake_export_typesupport_targets-extras.cmake
[14.379s] -- Installing: /home/jbaghiro/testWS/install/turtlebot3_msgs/share/turtlebot3_msgs/cmake/rosidl_cmake_export_typesupport_libraries-extras.cmake
[14.380s] -- Installing: /home/jbaghiro/testWS/install/turtlebot3_msgs/share/turtlebot3_msgs/cmake/turtlebot3_msgsConfig.cmake
[14.380s] -- Installing: /home/jbaghiro/testWS/install/turtlebot3_msgs/share/turtlebot3_msgs/cmake/turtlebot3_msgsConfig-version.cmake
[14.381s] -- Installing: /home/jbaghiro/testWS/install/turtlebot3_msgs/share/turtlebot3_msgs/package.xml
[14.391s] Invoked command in '/home/jbaghiro/testWS/build/turtlebot3_msgs' returned '0': CMAKE_PREFIX_PATH=/opt/ros/humble /usr/bin/cmake --install /home/jbaghiro/testWS/build/turtlebot3_msgs
