[0.465s] Invoking command in '/home/jbaghiro/testWS/build/turtlebot3_bringup': AMENT_PREFIX_PATH=/home/jbaghiro/testWS/install/turtlebot3_node:/home/jbaghiro/testWS/install/turtlebot3_msgs:/home/jbaghiro/testWS/install/turtlebot3_description:/home/jbaghiro/testWS/install/hls_lfcd_lds_driver:/home/jbaghiro/testWS/install/dynamixel_sdk:${AMENT_PREFIX_PATH} CMAKE_PREFIX_PATH=/home/jbaghiro/testWS/install/turtlebot3_node:/home/jbaghiro/testWS/install/turtlebot3_msgs:/home/jbaghiro/testWS/install/turtlebot3_description:/home/jbaghiro/testWS/install/hls_lfcd_lds_driver:/home/jbaghiro/testWS/install/dynamixel_sdk:/opt/ros/humble LD_LIBRARY_PATH=/home/jbaghiro/testWS/install/turtlebot3_msgs/lib:/home/jbaghiro/testWS/install/dynamixel_sdk/lib:/usr/lib/x86_64-linux-gnu/gazebo-11/plugins:/opt/ros/humble/opt/rviz_ogre_vendor/lib:/opt/ros/humble/lib/x86_64-linux-gnu:/opt/ros/humble/lib:/usr/lib/x86_64-linux-gnu/gazebo-11/plugins:/usr/lib/x86_64-linux-gnu/gazebo-11/plugins:/usr/lib/x86_64-linux-gnu/gazebo-11/plugins PYTHONPATH=/home/jbaghiro/testWS/install/turtlebot3_msgs/local/lib/python3.10/dist-packages:/home/jbaghiro/testWS/install/dynamixel_sdk/local/lib/python3.10/dist-packages:${PYTHONPATH} /usr/bin/cmake /home/jbaghiro/testWS/src/turtlebot3/turtlebot3/turtlebot3_bringup -DCMAKE_INSTALL_PREFIX=/home/jbaghiro/testWS/install/turtlebot3_bringup
[0.676s] -- The C compiler identification is GNU 11.4.0
[1.345s] -- The CXX compiler identification is GNU 11.4.0
[1.956s] -- Detecting C compiler ABI info
[2.219s] -- Detecting C compiler ABI info - done
[2.226s] -- Check for working C compiler: /usr/bin/cc - skipped
[2.227s] -- Detecting C compile features
[2.227s] -- Detecting C compile features - done
[2.231s] -- Detecting CXX compiler ABI info
[2.469s] -- Detecting CXX compiler ABI info - done
[2.477s] -- Check for working CXX compiler: /usr/bin/c++ - skipped
[2.477s] -- Detecting CXX compile features
[2.477s] -- Detecting CXX compile features - done
[2.482s] -- Found ament_cmake: 1.3.12 (/opt/ros/humble/share/ament_cmake/cmake)
[2.775s] -- Found Python3: /usr/bin/python3 (found version "3.10.12") found components: Interpreter 
[3.038s] -- Configuring done
[3.048s] -- Generating done
[3.051s] -- Build files have been written to: /home/jbaghiro/testWS/build/turtlebot3_bringup
[3.060s] Invoked command in '/home/jbaghiro/testWS/build/turtlebot3_bringup' returned '0': AMENT_PREFIX_PATH=/home/jbaghiro/testWS/install/turtlebot3_node:/home/jbaghiro/testWS/install/turtlebot3_msgs:/home/jbaghiro/testWS/install/turtlebot3_description:/home/jbaghiro/testWS/install/hls_lfcd_lds_driver:/home/jbaghiro/testWS/install/dynamixel_sdk:${AMENT_PREFIX_PATH} CMAKE_PREFIX_PATH=/home/jbaghiro/testWS/install/turtlebot3_node:/home/jbaghiro/testWS/install/turtlebot3_msgs:/home/jbaghiro/testWS/install/turtlebot3_description:/home/jbaghiro/testWS/install/hls_lfcd_lds_driver:/home/jbaghiro/testWS/install/dynamixel_sdk:/opt/ros/humble LD_LIBRARY_PATH=/home/jbaghiro/testWS/install/turtlebot3_msgs/lib:/home/jbaghiro/testWS/install/dynamixel_sdk/lib:/usr/lib/x86_64-linux-gnu/gazebo-11/plugins:/opt/ros/humble/opt/rviz_ogre_vendor/lib:/opt/ros/humble/lib/x86_64-linux-gnu:/opt/ros/humble/lib:/usr/lib/x86_64-linux-gnu/gazebo-11/plugins:/usr/lib/x86_64-linux-gnu/gazebo-11/plugins:/usr/lib/x86_64-linux-gnu/gazebo-11/plugins PYTHONPATH=/home/jbaghiro/testWS/install/turtlebot3_msgs/local/lib/python3.10/dist-packages:/home/jbaghiro/testWS/install/dynamixel_sdk/local/lib/python3.10/dist-packages:${PYTHONPATH} /usr/bin/cmake /home/jbaghiro/testWS/src/turtlebot3/turtlebot3/turtlebot3_bringup -DCMAKE_INSTALL_PREFIX=/home/jbaghiro/testWS/install/turtlebot3_bringup
[3.063s] Invoking command in '/home/jbaghiro/testWS/build/turtlebot3_bringup': AMENT_PREFIX_PATH=/home/jbaghiro/testWS/install/turtlebot3_node:/home/jbaghiro/testWS/install/turtlebot3_msgs:/home/jbaghiro/testWS/install/turtlebot3_description:/home/jbaghiro/testWS/install/hls_lfcd_lds_driver:/home/jbaghiro/testWS/install/dynamixel_sdk:${AMENT_PREFIX_PATH} CMAKE_PREFIX_PATH=/home/jbaghiro/testWS/install/turtlebot3_node:/home/jbaghiro/testWS/install/turtlebot3_msgs:/home/jbaghiro/testWS/install/turtlebot3_description:/home/jbaghiro/testWS/install/hls_lfcd_lds_driver:/home/jbaghiro/testWS/install/dynamixel_sdk:/opt/ros/humble LD_LIBRARY_PATH=/home/jbaghiro/testWS/install/turtlebot3_msgs/lib:/home/jbaghiro/testWS/install/dynamixel_sdk/lib:/usr/lib/x86_64-linux-gnu/gazebo-11/plugins:/opt/ros/humble/opt/rviz_ogre_vendor/lib:/opt/ros/humble/lib/x86_64-linux-gnu:/opt/ros/humble/lib:/usr/lib/x86_64-linux-gnu/gazebo-11/plugins:/usr/lib/x86_64-linux-gnu/gazebo-11/plugins:/usr/lib/x86_64-linux-gnu/gazebo-11/plugins PYTHONPATH=/home/jbaghiro/testWS/install/turtlebot3_msgs/local/lib/python3.10/dist-packages:/home/jbaghiro/testWS/install/dynamixel_sdk/local/lib/python3.10/dist-packages:${PYTHONPATH} /usr/bin/cmake --build /home/jbaghiro/testWS/build/turtlebot3_bringup -- -j16 -l16
[3.132s] Invoked command in '/home/jbaghiro/testWS/build/turtlebot3_bringup' returned '0': AMENT_PREFIX_PATH=/home/jbaghiro/testWS/install/turtlebot3_node:/home/jbaghiro/testWS/install/turtlebot3_msgs:/home/jbaghiro/testWS/install/turtlebot3_description:/home/jbaghiro/testWS/install/hls_lfcd_lds_driver:/home/jbaghiro/testWS/install/dynamixel_sdk:${AMENT_PREFIX_PATH} CMAKE_PREFIX_PATH=/home/jbaghiro/testWS/install/turtlebot3_node:/home/jbaghiro/testWS/install/turtlebot3_msgs:/home/jbaghiro/testWS/install/turtlebot3_description:/home/jbaghiro/testWS/install/hls_lfcd_lds_driver:/home/jbaghiro/testWS/install/dynamixel_sdk:/opt/ros/humble LD_LIBRARY_PATH=/home/jbaghiro/testWS/install/turtlebot3_msgs/lib:/home/jbaghiro/testWS/install/dynamixel_sdk/lib:/usr/lib/x86_64-linux-gnu/gazebo-11/plugins:/opt/ros/humble/opt/rviz_ogre_vendor/lib:/opt/ros/humble/lib/x86_64-linux-gnu:/opt/ros/humble/lib:/usr/lib/x86_64-linux-gnu/gazebo-11/plugins:/usr/lib/x86_64-linux-gnu/gazebo-11/plugins:/usr/lib/x86_64-linux-gnu/gazebo-11/plugins PYTHONPATH=/home/jbaghiro/testWS/install/turtlebot3_msgs/local/lib/python3.10/dist-packages:/home/jbaghiro/testWS/install/dynamixel_sdk/local/lib/python3.10/dist-packages:${PYTHONPATH} /usr/bin/cmake --build /home/jbaghiro/testWS/build/turtlebot3_bringup -- -j16 -l16
[3.135s] Invoking command in '/home/jbaghiro/testWS/build/turtlebot3_bringup': AMENT_PREFIX_PATH=/home/jbaghiro/testWS/install/turtlebot3_node:/home/jbaghiro/testWS/install/turtlebot3_msgs:/home/jbaghiro/testWS/install/turtlebot3_description:/home/jbaghiro/testWS/install/hls_lfcd_lds_driver:/home/jbaghiro/testWS/install/dynamixel_sdk:${AMENT_PREFIX_PATH} CMAKE_PREFIX_PATH=/home/jbaghiro/testWS/install/turtlebot3_node:/home/jbaghiro/testWS/install/turtlebot3_msgs:/home/jbaghiro/testWS/install/turtlebot3_description:/home/jbaghiro/testWS/install/hls_lfcd_lds_driver:/home/jbaghiro/testWS/install/dynamixel_sdk:/opt/ros/humble LD_LIBRARY_PATH=/home/jbaghiro/testWS/install/turtlebot3_msgs/lib:/home/jbaghiro/testWS/install/dynamixel_sdk/lib:/usr/lib/x86_64-linux-gnu/gazebo-11/plugins:/opt/ros/humble/opt/rviz_ogre_vendor/lib:/opt/ros/humble/lib/x86_64-linux-gnu:/opt/ros/humble/lib:/usr/lib/x86_64-linux-gnu/gazebo-11/plugins:/usr/lib/x86_64-linux-gnu/gazebo-11/plugins:/usr/lib/x86_64-linux-gnu/gazebo-11/plugins PYTHONPATH=/home/jbaghiro/testWS/install/turtlebot3_msgs/local/lib/python3.10/dist-packages:/home/jbaghiro/testWS/install/dynamixel_sdk/local/lib/python3.10/dist-packages:${PYTHONPATH} /usr/bin/cmake --install /home/jbaghiro/testWS/build/turtlebot3_bringup
[3.151s] -- Install configuration: ""
[3.151s] -- Installing: /home/jbaghiro/testWS/install/turtlebot3_bringup/share/turtlebot3_bringup/launch
[3.154s] -- Installing: /home/jbaghiro/testWS/install/turtlebot3_bringup/share/turtlebot3_bringup/launch/camera.launch.py
[3.155s] -- Installing: /home/jbaghiro/testWS/install/turtlebot3_bringup/share/turtlebot3_bringup/launch/turtlebot3_state_publisher.launch.py
[3.155s] -- Installing: /home/jbaghiro/testWS/install/turtlebot3_bringup/share/turtlebot3_bringup/launch/rviz2.launch.py
[3.155s] -- Installing: /home/jbaghiro/testWS/install/turtlebot3_bringup/share/turtlebot3_bringup/launch/robot.launch.py
[3.156s] -- Installing: /home/jbaghiro/testWS/install/turtlebot3_bringup/share/turtlebot3_bringup/param
[3.156s] -- Installing: /home/jbaghiro/testWS/install/turtlebot3_bringup/share/turtlebot3_bringup/param/waffle.yaml
[3.157s] -- Installing: /home/jbaghiro/testWS/install/turtlebot3_bringup/share/turtlebot3_bringup/param/waffle_pi.yaml
[3.157s] -- Installing: /home/jbaghiro/testWS/install/turtlebot3_bringup/share/turtlebot3_bringup/param/humble
[3.158s] -- Installing: /home/jbaghiro/testWS/install/turtlebot3_bringup/share/turtlebot3_bringup/param/humble/waffle.yaml
[3.158s] -- Installing: /home/jbaghiro/testWS/install/turtlebot3_bringup/share/turtlebot3_bringup/param/humble/waffle_pi.yaml
[3.158s] -- Installing: /home/jbaghiro/testWS/install/turtlebot3_bringup/share/turtlebot3_bringup/param/humble/burger.yaml
[3.159s] -- Installing: /home/jbaghiro/testWS/install/turtlebot3_bringup/share/turtlebot3_bringup/param/burger.yaml
[3.159s] -- Installing: /home/jbaghiro/testWS/install/turtlebot3_bringup/share/turtlebot3_bringup/script
[3.160s] -- Installing: /home/jbaghiro/testWS/install/turtlebot3_bringup/share/turtlebot3_bringup/script/create_udev_rules
[3.160s] -- Installing: /home/jbaghiro/testWS/install/turtlebot3_bringup/share/turtlebot3_bringup/script/99-turtlebot3-cdc.rules
[3.162s] -- Installing: /home/jbaghiro/testWS/install/turtlebot3_bringup/share/ament_index/resource_index/package_run_dependencies/turtlebot3_bringup
[3.163s] -- Installing: /home/jbaghiro/testWS/install/turtlebot3_bringup/share/ament_index/resource_index/parent_prefix_path/turtlebot3_bringup
[3.164s] -- Installing: /home/jbaghiro/testWS/install/turtlebot3_bringup/share/turtlebot3_bringup/environment/ament_prefix_path.sh
[3.164s] -- Installing: /home/jbaghiro/testWS/install/turtlebot3_bringup/share/turtlebot3_bringup/environment/ament_prefix_path.dsv
[3.165s] -- Installing: /home/jbaghiro/testWS/install/turtlebot3_bringup/share/turtlebot3_bringup/environment/path.sh
[3.165s] -- Installing: /home/jbaghiro/testWS/install/turtlebot3_bringup/share/turtlebot3_bringup/environment/path.dsv
[3.166s] -- Installing: /home/jbaghiro/testWS/install/turtlebot3_bringup/share/turtlebot3_bringup/local_setup.bash
[3.166s] -- Installing: /home/jbaghiro/testWS/install/turtlebot3_bringup/share/turtlebot3_bringup/local_setup.sh
[3.166s] -- Installing: /home/jbaghiro/testWS/install/turtlebot3_bringup/share/turtlebot3_bringup/local_setup.zsh
[3.166s] -- Installing: /home/jbaghiro/testWS/install/turtlebot3_bringup/share/turtlebot3_bringup/local_setup.dsv
[3.167s] -- Installing: /home/jbaghiro/testWS/install/turtlebot3_bringup/share/turtlebot3_bringup/package.dsv
[3.168s] -- Installing: /home/jbaghiro/testWS/install/turtlebot3_bringup/share/ament_index/resource_index/packages/turtlebot3_bringup
[3.168s] -- Installing: /home/jbaghiro/testWS/install/turtlebot3_bringup/share/turtlebot3_bringup/cmake/turtlebot3_bringupConfig.cmake
[3.169s] -- Installing: /home/jbaghiro/testWS/install/turtlebot3_bringup/share/turtlebot3_bringup/cmake/turtlebot3_bringupConfig-version.cmake
[3.169s] -- Installing: /home/jbaghiro/testWS/install/turtlebot3_bringup/share/turtlebot3_bringup/package.xml
[3.173s] Invoked command in '/home/jbaghiro/testWS/build/turtlebot3_bringup' returned '0': AMENT_PREFIX_PATH=/home/jbaghiro/testWS/install/turtlebot3_node:/home/jbaghiro/testWS/install/turtlebot3_msgs:/home/jbaghiro/testWS/install/turtlebot3_description:/home/jbaghiro/testWS/install/hls_lfcd_lds_driver:/home/jbaghiro/testWS/install/dynamixel_sdk:${AMENT_PREFIX_PATH} CMAKE_PREFIX_PATH=/home/jbaghiro/testWS/install/turtlebot3_node:/home/jbaghiro/testWS/install/turtlebot3_msgs:/home/jbaghiro/testWS/install/turtlebot3_description:/home/jbaghiro/testWS/install/hls_lfcd_lds_driver:/home/jbaghiro/testWS/install/dynamixel_sdk:/opt/ros/humble LD_LIBRARY_PATH=/home/jbaghiro/testWS/install/turtlebot3_msgs/lib:/home/jbaghiro/testWS/install/dynamixel_sdk/lib:/usr/lib/x86_64-linux-gnu/gazebo-11/plugins:/opt/ros/humble/opt/rviz_ogre_vendor/lib:/opt/ros/humble/lib/x86_64-linux-gnu:/opt/ros/humble/lib:/usr/lib/x86_64-linux-gnu/gazebo-11/plugins:/usr/lib/x86_64-linux-gnu/gazebo-11/plugins:/usr/lib/x86_64-linux-gnu/gazebo-11/plugins PYTHONPATH=/home/jbaghiro/testWS/install/turtlebot3_msgs/local/lib/python3.10/dist-packages:/home/jbaghiro/testWS/install/dynamixel_sdk/local/lib/python3.10/dist-packages:${PYTHONPATH} /usr/bin/cmake --install /home/jbaghiro/testWS/build/turtlebot3_bringup
