[0.313s] Invoking command in '/home/jbaghiro/testWS/build/turtlebot3_simulations': AMENT_PREFIX_PATH=/home/jbaghiro/testWS/install/turtlebot3_fake_node:/home/jbaghiro/testWS/install/turtlebot3_msgs:/home/jbaghiro/testWS/install/turtlebot3_manipulation_gazebo:/home/jbaghiro/testWS/install/turtlebot3_gazebo:${AMENT_PREFIX_PATH} CMAKE_PREFIX_PATH=/home/jbaghiro/testWS/install/turtlebot3_fake_node:/home/jbaghiro/testWS/install/turtlebot3_msgs:/home/jbaghiro/testWS/install/turtlebot3_manipulation_gazebo:/home/jbaghiro/testWS/install/turtlebot3_gazebo:/opt/ros/humble LD_LIBRARY_PATH=/home/jbaghiro/testWS/install/turtlebot3_msgs/lib:${LD_LIBRARY_PATH} PYTHONPATH=/home/jbaghiro/testWS/install/turtlebot3_msgs/local/lib/python3.10/dist-packages:${PYTHONPATH} /usr/bin/cmake /home/jbaghiro/testWS/src/turtlebot3/turtlebot3_simulations/turtlebot3_simulations -DCMAKE_INSTALL_PREFIX=/home/jbaghiro/testWS/install/turtlebot3_simulations
[0.526s] -- The C compiler identification is GNU 11.4.0
[1.334s] -- The CXX compiler identification is GNU 11.4.0
[2.056s] -- Detecting C compiler ABI info
[2.288s] -- Detecting C compiler ABI info - done
[2.296s] -- Check for working C compiler: /usr/bin/cc - skipped
[2.296s] -- Detecting C compile features
[2.296s] -- Detecting C compile features - done
[2.300s] -- Detecting CXX compiler ABI info
[2.583s] -- Detecting CXX compiler ABI info - done
[2.592s] -- Check for working CXX compiler: /usr/bin/c++ - skipped
[2.592s] -- Detecting CXX compile features
[2.593s] -- Detecting CXX compile features - done
[2.599s] -- Found ament_cmake: 1.3.12 (/opt/ros/humble/share/ament_cmake/cmake)
[2.807s] -- Found Python3: /usr/bin/python3 (found version "3.10.12") found components: Interpreter 
[3.011s] -- Configuring done
[3.021s] -- Generating done
[3.024s] -- Build files have been written to: /home/jbaghiro/testWS/build/turtlebot3_simulations
[3.031s] Invoked command in '/home/jbaghiro/testWS/build/turtlebot3_simulations' returned '0': AMENT_PREFIX_PATH=/home/jbaghiro/testWS/install/turtlebot3_fake_node:/home/jbaghiro/testWS/install/turtlebot3_msgs:/home/jbaghiro/testWS/install/turtlebot3_manipulation_gazebo:/home/jbaghiro/testWS/install/turtlebot3_gazebo:${AMENT_PREFIX_PATH} CMAKE_PREFIX_PATH=/home/jbaghiro/testWS/install/turtlebot3_fake_node:/home/jbaghiro/testWS/install/turtlebot3_msgs:/home/jbaghiro/testWS/install/turtlebot3_manipulation_gazebo:/home/jbaghiro/testWS/install/turtlebot3_gazebo:/opt/ros/humble LD_LIBRARY_PATH=/home/jbaghiro/testWS/install/turtlebot3_msgs/lib:${LD_LIBRARY_PATH} PYTHONPATH=/home/jbaghiro/testWS/install/turtlebot3_msgs/local/lib/python3.10/dist-packages:${PYTHONPATH} /usr/bin/cmake /home/jbaghiro/testWS/src/turtlebot3/turtlebot3_simulations/turtlebot3_simulations -DCMAKE_INSTALL_PREFIX=/home/jbaghiro/testWS/install/turtlebot3_simulations
[3.033s] Invoking command in '/home/jbaghiro/testWS/build/turtlebot3_simulations': AMENT_PREFIX_PATH=/home/jbaghiro/testWS/install/turtlebot3_fake_node:/home/jbaghiro/testWS/install/turtlebot3_msgs:/home/jbaghiro/testWS/install/turtlebot3_manipulation_gazebo:/home/jbaghiro/testWS/install/turtlebot3_gazebo:${AMENT_PREFIX_PATH} CMAKE_PREFIX_PATH=/home/jbaghiro/testWS/install/turtlebot3_fake_node:/home/jbaghiro/testWS/install/turtlebot3_msgs:/home/jbaghiro/testWS/install/turtlebot3_manipulation_gazebo:/home/jbaghiro/testWS/install/turtlebot3_gazebo:/opt/ros/humble LD_LIBRARY_PATH=/home/jbaghiro/testWS/install/turtlebot3_msgs/lib:${LD_LIBRARY_PATH} PYTHONPATH=/home/jbaghiro/testWS/install/turtlebot3_msgs/local/lib/python3.10/dist-packages:${PYTHONPATH} /usr/bin/cmake --build /home/jbaghiro/testWS/build/turtlebot3_simulations -- -j16 -l16
[3.101s] Invoked command in '/home/jbaghiro/testWS/build/turtlebot3_simulations' returned '0': AMENT_PREFIX_PATH=/home/jbaghiro/testWS/install/turtlebot3_fake_node:/home/jbaghiro/testWS/install/turtlebot3_msgs:/home/jbaghiro/testWS/install/turtlebot3_manipulation_gazebo:/home/jbaghiro/testWS/install/turtlebot3_gazebo:${AMENT_PREFIX_PATH} CMAKE_PREFIX_PATH=/home/jbaghiro/testWS/install/turtlebot3_fake_node:/home/jbaghiro/testWS/install/turtlebot3_msgs:/home/jbaghiro/testWS/install/turtlebot3_manipulation_gazebo:/home/jbaghiro/testWS/install/turtlebot3_gazebo:/opt/ros/humble LD_LIBRARY_PATH=/home/jbaghiro/testWS/install/turtlebot3_msgs/lib:${LD_LIBRARY_PATH} PYTHONPATH=/home/jbaghiro/testWS/install/turtlebot3_msgs/local/lib/python3.10/dist-packages:${PYTHONPATH} /usr/bin/cmake --build /home/jbaghiro/testWS/build/turtlebot3_simulations -- -j16 -l16
[3.103s] Invoking command in '/home/jbaghiro/testWS/build/turtlebot3_simulations': AMENT_PREFIX_PATH=/home/jbaghiro/testWS/install/turtlebot3_fake_node:/home/jbaghiro/testWS/install/turtlebot3_msgs:/home/jbaghiro/testWS/install/turtlebot3_manipulation_gazebo:/home/jbaghiro/testWS/install/turtlebot3_gazebo:${AMENT_PREFIX_PATH} CMAKE_PREFIX_PATH=/home/jbaghiro/testWS/install/turtlebot3_fake_node:/home/jbaghiro/testWS/install/turtlebot3_msgs:/home/jbaghiro/testWS/install/turtlebot3_manipulation_gazebo:/home/jbaghiro/testWS/install/turtlebot3_gazebo:/opt/ros/humble LD_LIBRARY_PATH=/home/jbaghiro/testWS/install/turtlebot3_msgs/lib:${LD_LIBRARY_PATH} PYTHONPATH=/home/jbaghiro/testWS/install/turtlebot3_msgs/local/lib/python3.10/dist-packages:${PYTHONPATH} /usr/bin/cmake --install /home/jbaghiro/testWS/build/turtlebot3_simulations
[3.115s] -- Install configuration: ""
[3.118s] -- Installing: /home/jbaghiro/testWS/install/turtlebot3_simulations/share/ament_index/resource_index/package_run_dependencies/turtlebot3_simulations
[3.119s] -- Installing: /home/jbaghiro/testWS/install/turtlebot3_simulations/share/ament_index/resource_index/parent_prefix_path/turtlebot3_simulations
[3.120s] -- Installing: /home/jbaghiro/testWS/install/turtlebot3_simulations/share/turtlebot3_simulations/environment/ament_prefix_path.sh
[3.120s] -- Installing: /home/jbaghiro/testWS/install/turtlebot3_simulations/share/turtlebot3_simulations/environment/ament_prefix_path.dsv
[3.120s] -- Installing: /home/jbaghiro/testWS/install/turtlebot3_simulations/share/turtlebot3_simulations/environment/path.sh
[3.121s] -- Installing: /home/jbaghiro/testWS/install/turtlebot3_simulations/share/turtlebot3_simulations/environment/path.dsv
[3.121s] -- Installing: /home/jbaghiro/testWS/install/turtlebot3_simulations/share/turtlebot3_simulations/local_setup.bash
[3.121s] -- Installing: /home/jbaghiro/testWS/install/turtlebot3_simulations/share/turtlebot3_simulations/local_setup.sh
[3.121s] -- Installing: /home/jbaghiro/testWS/install/turtlebot3_simulations/share/turtlebot3_simulations/local_setup.zsh
[3.122s] -- Installing: /home/jbaghiro/testWS/install/turtlebot3_simulations/share/turtlebot3_simulations/local_setup.dsv
[3.122s] -- Installing: /home/jbaghiro/testWS/install/turtlebot3_simulations/share/turtlebot3_simulations/package.dsv
[3.123s] -- Installing: /home/jbaghiro/testWS/install/turtlebot3_simulations/share/ament_index/resource_index/packages/turtlebot3_simulations
[3.124s] -- Installing: /home/jbaghiro/testWS/install/turtlebot3_simulations/share/turtlebot3_simulations/cmake/turtlebot3_simulationsConfig.cmake
[3.124s] -- Installing: /home/jbaghiro/testWS/install/turtlebot3_simulations/share/turtlebot3_simulations/cmake/turtlebot3_simulationsConfig-version.cmake
[3.124s] -- Installing: /home/jbaghiro/testWS/install/turtlebot3_simulations/share/turtlebot3_simulations/package.xml
[3.129s] Invoked command in '/home/jbaghiro/testWS/build/turtlebot3_simulations' returned '0': AMENT_PREFIX_PATH=/home/jbaghiro/testWS/install/turtlebot3_fake_node:/home/jbaghiro/testWS/install/turtlebot3_msgs:/home/jbaghiro/testWS/install/turtlebot3_manipulation_gazebo:/home/jbaghiro/testWS/install/turtlebot3_gazebo:${AMENT_PREFIX_PATH} CMAKE_PREFIX_PATH=/home/jbaghiro/testWS/install/turtlebot3_fake_node:/home/jbaghiro/testWS/install/turtlebot3_msgs:/home/jbaghiro/testWS/install/turtlebot3_manipulation_gazebo:/home/jbaghiro/testWS/install/turtlebot3_gazebo:/opt/ros/humble LD_LIBRARY_PATH=/home/jbaghiro/testWS/install/turtlebot3_msgs/lib:${LD_LIBRARY_PATH} PYTHONPATH=/home/jbaghiro/testWS/install/turtlebot3_msgs/local/lib/python3.10/dist-packages:${PYTHONPATH} /usr/bin/cmake --install /home/jbaghiro/testWS/build/turtlebot3_simulations
