[0.998s] Invoking command in '/home/jbaghiro/testWS/build/ld08_driver': CMAKE_PREFIX_PATH=${CMAKE_PREFIX_PATH}:/home/jbaghiro/testWS/install/turtlebot3_teleop:/home/jbaghiro/testWS/install/turtlebot3_example:/opt/ros/humble /usr/bin/cmake --build /home/jbaghiro/testWS/build/ld08_driver -- -j16 -l16
[1.244s] [35m[1mConsolidate compiler generated dependencies of target ld08_driver[0m
[1.267s] [100%] Built target ld08_driver
[1.447s] Invoked command in '/home/jbaghiro/testWS/build/ld08_driver' returned '0': CMAKE_PREFIX_PATH=${CMAKE_PREFIX_PATH}:/home/jbaghiro/testWS/install/turtlebot3_teleop:/home/jbaghiro/testWS/install/turtlebot3_example:/opt/ros/humble /usr/bin/cmake --build /home/jbaghiro/testWS/build/ld08_driver -- -j16 -l16
[1.451s] Invoking command in '/home/jbaghiro/testWS/build/ld08_driver': CMAKE_PREFIX_PATH=${CMAKE_PREFIX_PATH}:/home/jbaghiro/testWS/install/turtlebot3_teleop:/home/jbaghiro/testWS/install/turtlebot3_example:/opt/ros/humble /usr/bin/cmake --install /home/jbaghiro/testWS/build/ld08_driver
[1.474s] -- Install configuration: ""
[1.474s] -- Up-to-date: /home/jbaghiro/testWS/install/ld08_driver/share/ld08_driver/launch
[1.474s] -- Up-to-date: /home/jbaghiro/testWS/install/ld08_driver/share/ld08_driver/launch/ld08.launch.py
[1.475s] -- Up-to-date: /home/jbaghiro/testWS/install/ld08_driver/lib/ld08_driver/ld08_driver
[1.475s] -- Up-to-date: /home/jbaghiro/testWS/install/ld08_driver/share/ament_index/resource_index/package_run_dependencies/ld08_driver
[1.475s] -- Up-to-date: /home/jbaghiro/testWS/install/ld08_driver/share/ament_index/resource_index/parent_prefix_path/ld08_driver
[1.475s] -- Up-to-date: /home/jbaghiro/testWS/install/ld08_driver/share/ld08_driver/environment/ament_prefix_path.sh
[1.475s] -- Up-to-date: /home/jbaghiro/testWS/install/ld08_driver/share/ld08_driver/environment/ament_prefix_path.dsv
[1.476s] -- Up-to-date: /home/jbaghiro/testWS/install/ld08_driver/share/ld08_driver/environment/path.sh
[1.476s] -- Up-to-date: /home/jbaghiro/testWS/install/ld08_driver/share/ld08_driver/environment/path.dsv
[1.476s] -- Up-to-date: /home/jbaghiro/testWS/install/ld08_driver/share/ld08_driver/local_setup.bash
[1.476s] -- Up-to-date: /home/jbaghiro/testWS/install/ld08_driver/share/ld08_driver/local_setup.sh
[1.476s] -- Up-to-date: /home/jbaghiro/testWS/install/ld08_driver/share/ld08_driver/local_setup.zsh
[1.476s] -- Up-to-date: /home/jbaghiro/testWS/install/ld08_driver/share/ld08_driver/local_setup.dsv
[1.476s] -- Installing: /home/jbaghiro/testWS/install/ld08_driver/share/ld08_driver/package.dsv
[1.477s] -- Up-to-date: /home/jbaghiro/testWS/install/ld08_driver/share/ament_index/resource_index/packages/ld08_driver
[1.477s] -- Up-to-date: /home/jbaghiro/testWS/install/ld08_driver/share/ld08_driver/cmake/ament_cmake_export_dependencies-extras.cmake
[1.477s] -- Up-to-date: /home/jbaghiro/testWS/install/ld08_driver/share/ld08_driver/cmake/ament_cmake_export_include_directories-extras.cmake
[1.477s] -- Up-to-date: /home/jbaghiro/testWS/install/ld08_driver/share/ld08_driver/cmake/ld08_driverConfig.cmake
[1.477s] -- Up-to-date: /home/jbaghiro/testWS/install/ld08_driver/share/ld08_driver/cmake/ld08_driverConfig-version.cmake
[1.477s] -- Up-to-date: /home/jbaghiro/testWS/install/ld08_driver/share/ld08_driver/package.xml
[1.486s] Invoked command in '/home/jbaghiro/testWS/build/ld08_driver' returned '0': CMAKE_PREFIX_PATH=${CMAKE_PREFIX_PATH}:/home/jbaghiro/testWS/install/turtlebot3_teleop:/home/jbaghiro/testWS/install/turtlebot3_example:/opt/ros/humble /usr/bin/cmake --install /home/jbaghiro/testWS/build/ld08_driver
