[1.890s] Invoking command in '/home/jbaghiro/testWS/src/turtlebot3/turtlebot3/turtlebot3_teleop': PYTHONPATH=/home/jbaghiro/testWS/build/turtlebot3_teleop/prefix_override:/usr/lib/python3/dist-packages/colcon_core/task/python/colcon_distutils_commands:/home/jbaghiro/testWS/install/turtlebot3_teleop/lib/python3.10/site-packages:${PYTHONPATH} /usr/bin/python3 -W ignore:setup.py install is deprecated -W ignore:easy_install command is deprecated setup.py egg_info --egg-base ../../../../build/turtlebot3_teleop build --build-base /home/jbaghiro/testWS/build/turtlebot3_teleop/build install --record /home/jbaghiro/testWS/build/turtlebot3_teleop/install.log --single-version-externally-managed install_data
[2.200s] running egg_info
[2.201s] writing ../../../../build/turtlebot3_teleop/turtlebot3_teleop.egg-info/PKG-INFO
[2.202s] writing dependency_links to ../../../../build/turtlebot3_teleop/turtlebot3_teleop.egg-info/dependency_links.txt
[2.202s] writing entry points to ../../../../build/turtlebot3_teleop/turtlebot3_teleop.egg-info/entry_points.txt
[2.202s] writing requirements to ../../../../build/turtlebot3_teleop/turtlebot3_teleop.egg-info/requires.txt
[2.202s] writing top-level names to ../../../../build/turtlebot3_teleop/turtlebot3_teleop.egg-info/top_level.txt
[2.204s] reading manifest file '../../../../build/turtlebot3_teleop/turtlebot3_teleop.egg-info/SOURCES.txt'
[2.205s] writing manifest file '../../../../build/turtlebot3_teleop/turtlebot3_teleop.egg-info/SOURCES.txt'
[2.205s] running build
[2.205s] running build_py
[2.206s] running install
[2.206s] running install_lib
[2.208s] running install_data
[2.208s] running install_egg_info
[2.210s] removing '/home/jbaghiro/testWS/install/turtlebot3_teleop/lib/python3.10/site-packages/turtlebot3_teleop-2.3.3-py3.10.egg-info' (and everything under it)
[2.210s] Copying ../../../../build/turtlebot3_teleop/turtlebot3_teleop.egg-info to /home/jbaghiro/testWS/install/turtlebot3_teleop/lib/python3.10/site-packages/turtlebot3_teleop-2.3.3-py3.10.egg-info
[2.212s] running install_scripts
[2.235s] Installing teleop_keyboard script to /home/jbaghiro/testWS/install/turtlebot3_teleop/lib/turtlebot3_teleop
[2.235s] writing list of installed files to '/home/jbaghiro/testWS/build/turtlebot3_teleop/install.log'
[2.276s] Invoked command in '/home/jbaghiro/testWS/src/turtlebot3/turtlebot3/turtlebot3_teleop' returned '0': PYTHONPATH=/home/jbaghiro/testWS/build/turtlebot3_teleop/prefix_override:/usr/lib/python3/dist-packages/colcon_core/task/python/colcon_distutils_commands:/home/jbaghiro/testWS/install/turtlebot3_teleop/lib/python3.10/site-packages:${PYTHONPATH} /usr/bin/python3 -W ignore:setup.py install is deprecated -W ignore:easy_install command is deprecated setup.py egg_info --egg-base ../../../../build/turtlebot3_teleop build --build-base /home/jbaghiro/testWS/build/turtlebot3_teleop/build install --record /home/jbaghiro/testWS/build/turtlebot3_teleop/install.log --single-version-externally-managed install_data
