[0.761s] Invoking command in '/home/jbaghiro/testWS/build/turtlebot3_fake_node': AMENT_PREFIX_PATH=/home/jbaghiro/testWS/install/turtlebot3_msgs:${AMENT_PREFIX_PATH} CMAKE_PREFIX_PATH=/home/jbaghiro/testWS/install/turtlebot3_msgs:/opt/ros/humble LD_LIBRARY_PATH=/home/jbaghiro/testWS/install/turtlebot3_msgs/lib:/usr/lib/x86_64-linux-gnu/gazebo-11/plugins:/opt/ros/humble/opt/rviz_ogre_vendor/lib:/opt/ros/humble/lib/x86_64-linux-gnu:/opt/ros/humble/lib:/usr/lib/x86_64-linux-gnu/gazebo-11/plugins:/usr/lib/x86_64-linux-gnu/gazebo-11/plugins:/usr/lib/x86_64-linux-gnu/gazebo-11/plugins PYTHONPATH=/home/jbaghiro/testWS/install/turtlebot3_msgs/local/lib/python3.10/dist-packages:${PYTHONPATH} /usr/bin/cmake /home/jbaghiro/testWS/src/turtlebot3/turtlebot3_simulations/turtlebot3_fake_node -DCMAKE_INSTALL_PREFIX=/home/jbaghiro/testWS/install/turtlebot3_fake_node
[0.982s] -- The C compiler identification is GNU 11.4.0
[1.607s] -- The CXX compiler identification is GNU 11.4.0
[2.012s] -- Detecting C compiler ABI info
[2.268s] -- Detecting C compiler ABI info - done
[2.282s] -- Check for working C compiler: /usr/bin/cc - skipped
[2.282s] -- Detecting C compile features
[2.283s] -- Detecting C compile features - done
[2.288s] -- Detecting CXX compiler ABI info
[2.594s] -- Detecting CXX compiler ABI info - done
[2.607s] -- Check for working CXX compiler: /usr/bin/c++ - skipped
[2.607s] -- Detecting CXX compile features
[2.608s] -- Detecting CXX compile features - done
[2.614s] -- Found ament_cmake: 1.3.12 (/opt/ros/humble/share/ament_cmake/cmake)
[2.920s] -- Found Python3: /usr/bin/python3 (found version "3.10.12") found components: Interpreter 
[3.117s] -- Found geometry_msgs: 4.9.0 (/opt/ros/humble/share/geometry_msgs/cmake)
[3.387s] -- Found rosidl_generator_c: 3.1.7 (/opt/ros/humble/share/rosidl_generator_c/cmake)
[3.399s] -- Found rosidl_adapter: 3.1.7 (/opt/ros/humble/share/rosidl_adapter/cmake)
[3.419s] -- Found rosidl_generator_cpp: 3.1.7 (/opt/ros/humble/share/rosidl_generator_cpp/cmake)
[3.447s] -- Using all available rosidl_typesupport_c: rosidl_typesupport_fastrtps_c;rosidl_typesupport_introspection_c
[3.484s] -- Using all available rosidl_typesupport_cpp: rosidl_typesupport_fastrtps_cpp;rosidl_typesupport_introspection_cpp
[3.569s] -- Found nav_msgs: 4.9.0 (/opt/ros/humble/share/nav_msgs/cmake)
[3.604s] -- Found rclcpp: 16.0.15 (/opt/ros/humble/share/rclcpp/cmake)
[3.681s] -- Found rmw_implementation_cmake: 6.1.2 (/opt/ros/humble/share/rmw_implementation_cmake/cmake)
[3.686s] -- Found rmw_fastrtps_cpp: 6.2.8 (/opt/ros/humble/share/rmw_fastrtps_cpp/cmake)
[4.907s] -- Found OpenSSL: /usr/lib/x86_64-linux-gnu/libcrypto.so (found version "3.0.2")  
[6.650s] -- Found FastRTPS: /opt/ros/humble/include  
[9.556s] -- Using RMW implementation 'rmw_fastrtps_cpp' as default
[9.566s] -- Looking for pthread.h
[9.738s] -- Looking for pthread.h - found
[9.739s] -- Performing Test CMAKE_HAVE_LIBC_PTHREAD
[9.938s] -- Performing Test CMAKE_HAVE_LIBC_PTHREAD - Success
[9.940s] -- Found Threads: TRUE  
[9.985s] -- Found sensor_msgs: 4.9.0 (/opt/ros/humble/share/sensor_msgs/cmake)
[10.010s] -- Found tf2: 0.25.16 (/opt/ros/humble/share/tf2/cmake)
[10.024s] -- Found tf2_msgs: 0.25.16 (/opt/ros/humble/share/tf2_msgs/cmake)
[10.072s] -- Found turtlebot3_msgs: 2.4.0 (/home/jbaghiro/testWS/install/turtlebot3_msgs/share/turtlebot3_msgs/cmake)
[10.172s] -- Configuring done
[10.197s] -- Generating done
[10.206s] -- Build files have been written to: /home/jbaghiro/testWS/build/turtlebot3_fake_node
[10.225s] Invoked command in '/home/jbaghiro/testWS/build/turtlebot3_fake_node' returned '0': AMENT_PREFIX_PATH=/home/jbaghiro/testWS/install/turtlebot3_msgs:${AMENT_PREFIX_PATH} CMAKE_PREFIX_PATH=/home/jbaghiro/testWS/install/turtlebot3_msgs:/opt/ros/humble LD_LIBRARY_PATH=/home/jbaghiro/testWS/install/turtlebot3_msgs/lib:/usr/lib/x86_64-linux-gnu/gazebo-11/plugins:/opt/ros/humble/opt/rviz_ogre_vendor/lib:/opt/ros/humble/lib/x86_64-linux-gnu:/opt/ros/humble/lib:/usr/lib/x86_64-linux-gnu/gazebo-11/plugins:/usr/lib/x86_64-linux-gnu/gazebo-11/plugins:/usr/lib/x86_64-linux-gnu/gazebo-11/plugins PYTHONPATH=/home/jbaghiro/testWS/install/turtlebot3_msgs/local/lib/python3.10/dist-packages:${PYTHONPATH} /usr/bin/cmake /home/jbaghiro/testWS/src/turtlebot3/turtlebot3_simulations/turtlebot3_fake_node -DCMAKE_INSTALL_PREFIX=/home/jbaghiro/testWS/install/turtlebot3_fake_node
[10.228s] Invoking command in '/home/jbaghiro/testWS/build/turtlebot3_fake_node': AMENT_PREFIX_PATH=/home/jbaghiro/testWS/install/turtlebot3_msgs:${AMENT_PREFIX_PATH} CMAKE_PREFIX_PATH=/home/jbaghiro/testWS/install/turtlebot3_msgs:/opt/ros/humble LD_LIBRARY_PATH=/home/jbaghiro/testWS/install/turtlebot3_msgs/lib:/usr/lib/x86_64-linux-gnu/gazebo-11/plugins:/opt/ros/humble/opt/rviz_ogre_vendor/lib:/opt/ros/humble/lib/x86_64-linux-gnu:/opt/ros/humble/lib:/usr/lib/x86_64-linux-gnu/gazebo-11/plugins:/usr/lib/x86_64-linux-gnu/gazebo-11/plugins:/usr/lib/x86_64-linux-gnu/gazebo-11/plugins PYTHONPATH=/home/jbaghiro/testWS/install/turtlebot3_msgs/local/lib/python3.10/dist-packages:${PYTHONPATH} /usr/bin/cmake --build /home/jbaghiro/testWS/build/turtlebot3_fake_node -- -j16 -l16
[10.307s] [ 50%] [32mBuilding CXX object CMakeFiles/turtlebot3_fake_node.dir/src/turtlebot3_fake_node.cpp.o[0m
[25.101s] [100%] [32m[1mLinking CXX executable turtlebot3_fake_node[0m
[25.777s] [100%] Built target turtlebot3_fake_node
[25.795s] Invoked command in '/home/jbaghiro/testWS/build/turtlebot3_fake_node' returned '0': AMENT_PREFIX_PATH=/home/jbaghiro/testWS/install/turtlebot3_msgs:${AMENT_PREFIX_PATH} CMAKE_PREFIX_PATH=/home/jbaghiro/testWS/install/turtlebot3_msgs:/opt/ros/humble LD_LIBRARY_PATH=/home/jbaghiro/testWS/install/turtlebot3_msgs/lib:/usr/lib/x86_64-linux-gnu/gazebo-11/plugins:/opt/ros/humble/opt/rviz_ogre_vendor/lib:/opt/ros/humble/lib/x86_64-linux-gnu:/opt/ros/humble/lib:/usr/lib/x86_64-linux-gnu/gazebo-11/plugins:/usr/lib/x86_64-linux-gnu/gazebo-11/plugins:/usr/lib/x86_64-linux-gnu/gazebo-11/plugins PYTHONPATH=/home/jbaghiro/testWS/install/turtlebot3_msgs/local/lib/python3.10/dist-packages:${PYTHONPATH} /usr/bin/cmake --build /home/jbaghiro/testWS/build/turtlebot3_fake_node -- -j16 -l16
[25.798s] Invoking command in '/home/jbaghiro/testWS/build/turtlebot3_fake_node': AMENT_PREFIX_PATH=/home/jbaghiro/testWS/install/turtlebot3_msgs:${AMENT_PREFIX_PATH} CMAKE_PREFIX_PATH=/home/jbaghiro/testWS/install/turtlebot3_msgs:/opt/ros/humble LD_LIBRARY_PATH=/home/jbaghiro/testWS/install/turtlebot3_msgs/lib:/usr/lib/x86_64-linux-gnu/gazebo-11/plugins:/opt/ros/humble/opt/rviz_ogre_vendor/lib:/opt/ros/humble/lib/x86_64-linux-gnu:/opt/ros/humble/lib:/usr/lib/x86_64-linux-gnu/gazebo-11/plugins:/usr/lib/x86_64-linux-gnu/gazebo-11/plugins:/usr/lib/x86_64-linux-gnu/gazebo-11/plugins PYTHONPATH=/home/jbaghiro/testWS/install/turtlebot3_msgs/local/lib/python3.10/dist-packages:${PYTHONPATH} /usr/bin/cmake --install /home/jbaghiro/testWS/build/turtlebot3_fake_node
[25.809s] -- Install configuration: ""
[25.811s] -- Installing: /home/jbaghiro/testWS/install/turtlebot3_fake_node/lib/turtlebot3_fake_node/turtlebot3_fake_node
[25.820s] -- Set runtime path of "/home/jbaghiro/testWS/install/turtlebot3_fake_node/lib/turtlebot3_fake_node/turtlebot3_fake_node" to ""
[25.820s] -- Installing: /home/jbaghiro/testWS/install/turtlebot3_fake_node/share/turtlebot3_fake_node/launch
[25.822s] -- Installing: /home/jbaghiro/testWS/install/turtlebot3_fake_node/share/turtlebot3_fake_node/launch/rviz2.launch.py
[25.823s] -- Installing: /home/jbaghiro/testWS/install/turtlebot3_fake_node/share/turtlebot3_fake_node/launch/turtlebot3_fake_node.launch.py
[25.823s] -- Installing: /home/jbaghiro/testWS/install/turtlebot3_fake_node/share/turtlebot3_fake_node/param
[25.824s] -- Installing: /home/jbaghiro/testWS/install/turtlebot3_fake_node/share/turtlebot3_fake_node/param/waffle.yaml
[25.824s] -- Installing: /home/jbaghiro/testWS/install/turtlebot3_fake_node/share/turtlebot3_fake_node/param/waffle_pi.yaml
[25.824s] -- Installing: /home/jbaghiro/testWS/install/turtlebot3_fake_node/share/turtlebot3_fake_node/param/burger.yaml
[25.824s] -- Installing: /home/jbaghiro/testWS/install/turtlebot3_fake_node/include/
[25.825s] -- Installing: /home/jbaghiro/testWS/install/turtlebot3_fake_node/include//turtlebot3_fake_node
[25.826s] -- Installing: /home/jbaghiro/testWS/install/turtlebot3_fake_node/include//turtlebot3_fake_node/turtlebot3_fake_node.hpp
[25.828s] -- Installing: /home/jbaghiro/testWS/install/turtlebot3_fake_node/share/ament_index/resource_index/package_run_dependencies/turtlebot3_fake_node
[25.829s] -- Installing: /home/jbaghiro/testWS/install/turtlebot3_fake_node/share/ament_index/resource_index/parent_prefix_path/turtlebot3_fake_node
[25.830s] -- Installing: /home/jbaghiro/testWS/install/turtlebot3_fake_node/share/turtlebot3_fake_node/environment/ament_prefix_path.sh
[25.830s] -- Installing: /home/jbaghiro/testWS/install/turtlebot3_fake_node/share/turtlebot3_fake_node/environment/ament_prefix_path.dsv
[25.831s] -- Installing: /home/jbaghiro/testWS/install/turtlebot3_fake_node/share/turtlebot3_fake_node/environment/path.sh
[25.831s] -- Installing: /home/jbaghiro/testWS/install/turtlebot3_fake_node/share/turtlebot3_fake_node/environment/path.dsv
[25.831s] -- Installing: /home/jbaghiro/testWS/install/turtlebot3_fake_node/share/turtlebot3_fake_node/local_setup.bash
[25.832s] -- Installing: /home/jbaghiro/testWS/install/turtlebot3_fake_node/share/turtlebot3_fake_node/local_setup.sh
[25.832s] -- Installing: /home/jbaghiro/testWS/install/turtlebot3_fake_node/share/turtlebot3_fake_node/local_setup.zsh
[25.832s] -- Installing: /home/jbaghiro/testWS/install/turtlebot3_fake_node/share/turtlebot3_fake_node/local_setup.dsv
[25.833s] -- Installing: /home/jbaghiro/testWS/install/turtlebot3_fake_node/share/turtlebot3_fake_node/package.dsv
[25.834s] -- Installing: /home/jbaghiro/testWS/install/turtlebot3_fake_node/share/ament_index/resource_index/packages/turtlebot3_fake_node
[25.835s] -- Installing: /home/jbaghiro/testWS/install/turtlebot3_fake_node/share/turtlebot3_fake_node/cmake/ament_cmake_export_include_directories-extras.cmake
[25.835s] -- Installing: /home/jbaghiro/testWS/install/turtlebot3_fake_node/share/turtlebot3_fake_node/cmake/ament_cmake_export_dependencies-extras.cmake
[25.835s] -- Installing: /home/jbaghiro/testWS/install/turtlebot3_fake_node/share/turtlebot3_fake_node/cmake/turtlebot3_fake_nodeConfig.cmake
[25.836s] -- Installing: /home/jbaghiro/testWS/install/turtlebot3_fake_node/share/turtlebot3_fake_node/cmake/turtlebot3_fake_nodeConfig-version.cmake
[25.836s] -- Installing: /home/jbaghiro/testWS/install/turtlebot3_fake_node/share/turtlebot3_fake_node/package.xml
[25.840s] Invoked command in '/home/jbaghiro/testWS/build/turtlebot3_fake_node' returned '0': AMENT_PREFIX_PATH=/home/jbaghiro/testWS/install/turtlebot3_msgs:${AMENT_PREFIX_PATH} CMAKE_PREFIX_PATH=/home/jbaghiro/testWS/install/turtlebot3_msgs:/opt/ros/humble LD_LIBRARY_PATH=/home/jbaghiro/testWS/install/turtlebot3_msgs/lib:/usr/lib/x86_64-linux-gnu/gazebo-11/plugins:/opt/ros/humble/opt/rviz_ogre_vendor/lib:/opt/ros/humble/lib/x86_64-linux-gnu:/opt/ros/humble/lib:/usr/lib/x86_64-linux-gnu/gazebo-11/plugins:/usr/lib/x86_64-linux-gnu/gazebo-11/plugins:/usr/lib/x86_64-linux-gnu/gazebo-11/plugins PYTHONPATH=/home/jbaghiro/testWS/install/turtlebot3_msgs/local/lib/python3.10/dist-packages:${PYTHONPATH} /usr/bin/cmake --install /home/jbaghiro/testWS/build/turtlebot3_fake_node
