[0.316s] Invoking command in '/home/jbaghiro/testWS/build/turtlebot3_bringup': CMAKE_PREFIX_PATH=/home/jbaghiro/testWS/install/turtlebot3_node:/home/jbaghiro/testWS/install/turtlebot3_msgs:/home/jbaghiro/testWS/install/turtlebot3_description:/home/jbaghiro/testWS/install/hls_lfcd_lds_driver:/home/jbaghiro/testWS/install/dynamixel_sdk:/home/jbaghiro/testWS/install/turtlebot3:/home/jbaghiro/testWS/install/turtlebot3_simulations:/home/jbaghiro/testWS/install/turtlebot3_bringup:/home/jbaghiro/testWS/install/turtlebot3_navigation2:/home/jbaghiro/testWS/install/turtlebot3_fake_node:/home/jbaghiro/testWS/install/turtlebot3_manipulation_gazebo:/home/jbaghiro/testWS/install/turtlebot3_gazebo:/home/jbaghiro/testWS/install/turtlebot3_cartographer:/home/jbaghiro/testWS/install/ld08_driver:/home/jbaghiro/testWS/install/dynamixel_sdk_examples:/home/jbaghiro/testWS/install/dynamixel_sdk_custom_interfaces:/home/jbaghiro/testWS/install/turtlebot3_teleop:/home/jbaghiro/testWS/install/turtlebot3_example:/opt/ros/humble LD_LIBRARY_PATH=/home/jbaghiro/testWS/install/turtlebot3_msgs/lib:/home/jbaghiro/testWS/install/dynamixel_sdk/lib:/home/jbaghiro/testWS/install/dynamixel_sdk_custom_interfaces/lib:/usr/lib/x86_64-linux-gnu/gazebo-11/plugins:/opt/ros/humble/opt/rviz_ogre_vendor/lib:/opt/ros/humble/lib/x86_64-linux-gnu:/opt/ros/humble/lib /usr/bin/cmake --build /home/jbaghiro/testWS/build/turtlebot3_bringup -- -j16 -l16
[0.375s] Invoked command in '/home/jbaghiro/testWS/build/turtlebot3_bringup' returned '0': CMAKE_PREFIX_PATH=/home/jbaghiro/testWS/install/turtlebot3_node:/home/jbaghiro/testWS/install/turtlebot3_msgs:/home/jbaghiro/testWS/install/turtlebot3_description:/home/jbaghiro/testWS/install/hls_lfcd_lds_driver:/home/jbaghiro/testWS/install/dynamixel_sdk:/home/jbaghiro/testWS/install/turtlebot3:/home/jbaghiro/testWS/install/turtlebot3_simulations:/home/jbaghiro/testWS/install/turtlebot3_bringup:/home/jbaghiro/testWS/install/turtlebot3_navigation2:/home/jbaghiro/testWS/install/turtlebot3_fake_node:/home/jbaghiro/testWS/install/turtlebot3_manipulation_gazebo:/home/jbaghiro/testWS/install/turtlebot3_gazebo:/home/jbaghiro/testWS/install/turtlebot3_cartographer:/home/jbaghiro/testWS/install/ld08_driver:/home/jbaghiro/testWS/install/dynamixel_sdk_examples:/home/jbaghiro/testWS/install/dynamixel_sdk_custom_interfaces:/home/jbaghiro/testWS/install/turtlebot3_teleop:/home/jbaghiro/testWS/install/turtlebot3_example:/opt/ros/humble LD_LIBRARY_PATH=/home/jbaghiro/testWS/install/turtlebot3_msgs/lib:/home/jbaghiro/testWS/install/dynamixel_sdk/lib:/home/jbaghiro/testWS/install/dynamixel_sdk_custom_interfaces/lib:/usr/lib/x86_64-linux-gnu/gazebo-11/plugins:/opt/ros/humble/opt/rviz_ogre_vendor/lib:/opt/ros/humble/lib/x86_64-linux-gnu:/opt/ros/humble/lib /usr/bin/cmake --build /home/jbaghiro/testWS/build/turtlebot3_bringup -- -j16 -l16
[0.377s] Invoking command in '/home/jbaghiro/testWS/build/turtlebot3_bringup': CMAKE_PREFIX_PATH=/home/jbaghiro/testWS/install/turtlebot3_node:/home/jbaghiro/testWS/install/turtlebot3_msgs:/home/jbaghiro/testWS/install/turtlebot3_description:/home/jbaghiro/testWS/install/hls_lfcd_lds_driver:/home/jbaghiro/testWS/install/dynamixel_sdk:/home/jbaghiro/testWS/install/turtlebot3:/home/jbaghiro/testWS/install/turtlebot3_simulations:/home/jbaghiro/testWS/install/turtlebot3_bringup:/home/jbaghiro/testWS/install/turtlebot3_navigation2:/home/jbaghiro/testWS/install/turtlebot3_fake_node:/home/jbaghiro/testWS/install/turtlebot3_manipulation_gazebo:/home/jbaghiro/testWS/install/turtlebot3_gazebo:/home/jbaghiro/testWS/install/turtlebot3_cartographer:/home/jbaghiro/testWS/install/ld08_driver:/home/jbaghiro/testWS/install/dynamixel_sdk_examples:/home/jbaghiro/testWS/install/dynamixel_sdk_custom_interfaces:/home/jbaghiro/testWS/install/turtlebot3_teleop:/home/jbaghiro/testWS/install/turtlebot3_example:/opt/ros/humble LD_LIBRARY_PATH=/home/jbaghiro/testWS/install/turtlebot3_msgs/lib:/home/jbaghiro/testWS/install/dynamixel_sdk/lib:/home/jbaghiro/testWS/install/dynamixel_sdk_custom_interfaces/lib:/usr/lib/x86_64-linux-gnu/gazebo-11/plugins:/opt/ros/humble/opt/rviz_ogre_vendor/lib:/opt/ros/humble/lib/x86_64-linux-gnu:/opt/ros/humble/lib /usr/bin/cmake --install /home/jbaghiro/testWS/build/turtlebot3_bringup
[0.389s] -- Install configuration: ""
[0.389s] -- Up-to-date: /home/jbaghiro/testWS/install/turtlebot3_bringup/share/turtlebot3_bringup/launch
[0.389s] -- Up-to-date: /home/jbaghiro/testWS/install/turtlebot3_bringup/share/turtlebot3_bringup/launch/camera.launch.py
[0.390s] -- Up-to-date: /home/jbaghiro/testWS/install/turtlebot3_bringup/share/turtlebot3_bringup/launch/turtlebot3_state_publisher.launch.py
[0.390s] -- Up-to-date: /home/jbaghiro/testWS/install/turtlebot3_bringup/share/turtlebot3_bringup/launch/rviz2.launch.py
[0.390s] -- Up-to-date: /home/jbaghiro/testWS/install/turtlebot3_bringup/share/turtlebot3_bringup/launch/robot.launch.py
[0.390s] -- Up-to-date: /home/jbaghiro/testWS/install/turtlebot3_bringup/share/turtlebot3_bringup/param
[0.391s] -- Up-to-date: /home/jbaghiro/testWS/install/turtlebot3_bringup/share/turtlebot3_bringup/param/waffle.yaml
[0.391s] -- Up-to-date: /home/jbaghiro/testWS/install/turtlebot3_bringup/share/turtlebot3_bringup/param/waffle_pi.yaml
[0.391s] -- Up-to-date: /home/jbaghiro/testWS/install/turtlebot3_bringup/share/turtlebot3_bringup/param/humble
[0.391s] -- Up-to-date: /home/jbaghiro/testWS/install/turtlebot3_bringup/share/turtlebot3_bringup/param/humble/waffle.yaml
[0.391s] -- Up-to-date: /home/jbaghiro/testWS/install/turtlebot3_bringup/share/turtlebot3_bringup/param/humble/waffle_pi.yaml
[0.391s] -- Up-to-date: /home/jbaghiro/testWS/install/turtlebot3_bringup/share/turtlebot3_bringup/param/humble/burger.yaml
[0.391s] -- Up-to-date: /home/jbaghiro/testWS/install/turtlebot3_bringup/share/turtlebot3_bringup/param/burger.yaml
[0.392s] -- Up-to-date: /home/jbaghiro/testWS/install/turtlebot3_bringup/share/turtlebot3_bringup/script
[0.392s] -- Up-to-date: /home/jbaghiro/testWS/install/turtlebot3_bringup/share/turtlebot3_bringup/script/create_udev_rules
[0.392s] -- Up-to-date: /home/jbaghiro/testWS/install/turtlebot3_bringup/share/turtlebot3_bringup/script/99-turtlebot3-cdc.rules
[0.392s] -- Up-to-date: /home/jbaghiro/testWS/install/turtlebot3_bringup/share/ament_index/resource_index/package_run_dependencies/turtlebot3_bringup
[0.392s] -- Up-to-date: /home/jbaghiro/testWS/install/turtlebot3_bringup/share/ament_index/resource_index/parent_prefix_path/turtlebot3_bringup
[0.392s] -- Up-to-date: /home/jbaghiro/testWS/install/turtlebot3_bringup/share/turtlebot3_bringup/environment/ament_prefix_path.sh
[0.392s] -- Up-to-date: /home/jbaghiro/testWS/install/turtlebot3_bringup/share/turtlebot3_bringup/environment/ament_prefix_path.dsv
[0.392s] -- Up-to-date: /home/jbaghiro/testWS/install/turtlebot3_bringup/share/turtlebot3_bringup/environment/path.sh
[0.392s] -- Up-to-date: /home/jbaghiro/testWS/install/turtlebot3_bringup/share/turtlebot3_bringup/environment/path.dsv
[0.392s] -- Up-to-date: /home/jbaghiro/testWS/install/turtlebot3_bringup/share/turtlebot3_bringup/local_setup.bash
[0.392s] -- Up-to-date: /home/jbaghiro/testWS/install/turtlebot3_bringup/share/turtlebot3_bringup/local_setup.sh
[0.392s] -- Up-to-date: /home/jbaghiro/testWS/install/turtlebot3_bringup/share/turtlebot3_bringup/local_setup.zsh
[0.392s] -- Up-to-date: /home/jbaghiro/testWS/install/turtlebot3_bringup/share/turtlebot3_bringup/local_setup.dsv
[0.392s] -- Up-to-date: /home/jbaghiro/testWS/install/turtlebot3_bringup/share/turtlebot3_bringup/package.dsv
[0.392s] -- Up-to-date: /home/jbaghiro/testWS/install/turtlebot3_bringup/share/ament_index/resource_index/packages/turtlebot3_bringup
[0.392s] -- Up-to-date: /home/jbaghiro/testWS/install/turtlebot3_bringup/share/turtlebot3_bringup/cmake/turtlebot3_bringupConfig.cmake
[0.392s] -- Up-to-date: /home/jbaghiro/testWS/install/turtlebot3_bringup/share/turtlebot3_bringup/cmake/turtlebot3_bringupConfig-version.cmake
[0.393s] -- Up-to-date: /home/jbaghiro/testWS/install/turtlebot3_bringup/share/turtlebot3_bringup/package.xml
[0.394s] Invoked command in '/home/jbaghiro/testWS/build/turtlebot3_bringup' returned '0': CMAKE_PREFIX_PATH=/home/jbaghiro/testWS/install/turtlebot3_node:/home/jbaghiro/testWS/install/turtlebot3_msgs:/home/jbaghiro/testWS/install/turtlebot3_description:/home/jbaghiro/testWS/install/hls_lfcd_lds_driver:/home/jbaghiro/testWS/install/dynamixel_sdk:/home/jbaghiro/testWS/install/turtlebot3:/home/jbaghiro/testWS/install/turtlebot3_simulations:/home/jbaghiro/testWS/install/turtlebot3_bringup:/home/jbaghiro/testWS/install/turtlebot3_navigation2:/home/jbaghiro/testWS/install/turtlebot3_fake_node:/home/jbaghiro/testWS/install/turtlebot3_manipulation_gazebo:/home/jbaghiro/testWS/install/turtlebot3_gazebo:/home/jbaghiro/testWS/install/turtlebot3_cartographer:/home/jbaghiro/testWS/install/ld08_driver:/home/jbaghiro/testWS/install/dynamixel_sdk_examples:/home/jbaghiro/testWS/install/dynamixel_sdk_custom_interfaces:/home/jbaghiro/testWS/install/turtlebot3_teleop:/home/jbaghiro/testWS/install/turtlebot3_example:/opt/ros/humble LD_LIBRARY_PATH=/home/jbaghiro/testWS/install/turtlebot3_msgs/lib:/home/jbaghiro/testWS/install/dynamixel_sdk/lib:/home/jbaghiro/testWS/install/dynamixel_sdk_custom_interfaces/lib:/usr/lib/x86_64-linux-gnu/gazebo-11/plugins:/opt/ros/humble/opt/rviz_ogre_vendor/lib:/opt/ros/humble/lib/x86_64-linux-gnu:/opt/ros/humble/lib /usr/bin/cmake --install /home/jbaghiro/testWS/build/turtlebot3_bringup
