[0.070s] Invoking command in '/home/jbaghiro/testWS/build/turtlebot3_description': CMAKE_PREFIX_PATH=/opt/ros/humble /usr/bin/cmake --build /home/jbaghiro/testWS/build/turtlebot3_description -- -j16 -l16
[1.016s] Invoked command in '/home/jbaghiro/testWS/build/turtlebot3_description' returned '0': CMAKE_PREFIX_PATH=/opt/ros/humble /usr/bin/cmake --build /home/jbaghiro/testWS/build/turtlebot3_description -- -j16 -l16
[1.029s] Invoking command in '/home/jbaghiro/testWS/build/turtlebot3_description': CMAKE_PREFIX_PATH=/opt/ros/humble /usr/bin/cmake --install /home/jbaghiro/testWS/build/turtlebot3_description
[1.062s] -- Install configuration: ""
[1.063s] -- Up-to-date: /home/jbaghiro/testWS/install/turtlebot3_description/share/turtlebot3_description/meshes
[1.063s] -- Up-to-date: /home/jbaghiro/testWS/install/turtlebot3_description/share/turtlebot3_description/meshes/sensors
[1.063s] -- Up-to-date: /home/jbaghiro/testWS/install/turtlebot3_description/share/turtlebot3_description/meshes/sensors/astra.jpg
[1.064s] -- Up-to-date: /home/jbaghiro/testWS/install/turtlebot3_description/share/turtlebot3_description/meshes/sensors/r200.dae
[1.064s] -- Up-to-date: /home/jbaghiro/testWS/install/turtlebot3_description/share/turtlebot3_description/meshes/sensors/astra.dae
[1.064s] -- Up-to-date: /home/jbaghiro/testWS/install/turtlebot3_description/share/turtlebot3_description/meshes/sensors/lds.stl
[1.065s] -- Up-to-date: /home/jbaghiro/testWS/install/turtlebot3_description/share/turtlebot3_description/meshes/sensors/r200.jpg
[1.066s] -- Up-to-date: /home/jbaghiro/testWS/install/turtlebot3_description/share/turtlebot3_description/meshes/bases
[1.067s] -- Up-to-date: /home/jbaghiro/testWS/install/turtlebot3_description/share/turtlebot3_description/meshes/bases/burger_base.stl
[1.067s] -- Up-to-date: /home/jbaghiro/testWS/install/turtlebot3_description/share/turtlebot3_description/meshes/bases/waffle_base.stl
[1.067s] -- Up-to-date: /home/jbaghiro/testWS/install/turtlebot3_description/share/turtlebot3_description/meshes/bases/waffle_pi_base.stl
[1.068s] -- Up-to-date: /home/jbaghiro/testWS/install/turtlebot3_description/share/turtlebot3_description/meshes/wheels
[1.069s] -- Up-to-date: /home/jbaghiro/testWS/install/turtlebot3_description/share/turtlebot3_description/meshes/wheels/right_tire.stl
[1.069s] -- Up-to-date: /home/jbaghiro/testWS/install/turtlebot3_description/share/turtlebot3_description/meshes/wheels/left_tire.stl
[1.070s] -- Up-to-date: /home/jbaghiro/testWS/install/turtlebot3_description/share/turtlebot3_description/rviz
[1.070s] -- Up-to-date: /home/jbaghiro/testWS/install/turtlebot3_description/share/turtlebot3_description/rviz/model.rviz
[1.071s] -- Up-to-date: /home/jbaghiro/testWS/install/turtlebot3_description/share/turtlebot3_description/urdf
[1.071s] -- Up-to-date: /home/jbaghiro/testWS/install/turtlebot3_description/share/turtlebot3_description/urdf/turtlebot3_waffle.urdf
[1.071s] -- Up-to-date: /home/jbaghiro/testWS/install/turtlebot3_description/share/turtlebot3_description/urdf/turtlebot3_waffle_pi.urdf
[1.071s] -- Up-to-date: /home/jbaghiro/testWS/install/turtlebot3_description/share/turtlebot3_description/urdf/turtlebot3_burger.urdf
[1.071s] -- Up-to-date: /home/jbaghiro/testWS/install/turtlebot3_description/share/turtlebot3_description/urdf/common_properties.urdf
[1.072s] -- Up-to-date: /home/jbaghiro/testWS/install/turtlebot3_description/share/ament_index/resource_index/package_run_dependencies/turtlebot3_description
[1.072s] -- Up-to-date: /home/jbaghiro/testWS/install/turtlebot3_description/share/ament_index/resource_index/parent_prefix_path/turtlebot3_description
[1.072s] -- Up-to-date: /home/jbaghiro/testWS/install/turtlebot3_description/share/turtlebot3_description/environment/ament_prefix_path.sh
[1.072s] -- Up-to-date: /home/jbaghiro/testWS/install/turtlebot3_description/share/turtlebot3_description/environment/ament_prefix_path.dsv
[1.073s] -- Up-to-date: /home/jbaghiro/testWS/install/turtlebot3_description/share/turtlebot3_description/environment/path.sh
[1.073s] -- Up-to-date: /home/jbaghiro/testWS/install/turtlebot3_description/share/turtlebot3_description/environment/path.dsv
[1.073s] -- Up-to-date: /home/jbaghiro/testWS/install/turtlebot3_description/share/turtlebot3_description/local_setup.bash
[1.074s] -- Up-to-date: /home/jbaghiro/testWS/install/turtlebot3_description/share/turtlebot3_description/local_setup.sh
[1.074s] -- Up-to-date: /home/jbaghiro/testWS/install/turtlebot3_description/share/turtlebot3_description/local_setup.zsh
[1.074s] -- Up-to-date: /home/jbaghiro/testWS/install/turtlebot3_description/share/turtlebot3_description/local_setup.dsv
[1.074s] -- Up-to-date: /home/jbaghiro/testWS/install/turtlebot3_description/share/turtlebot3_description/package.dsv
[1.075s] -- Up-to-date: /home/jbaghiro/testWS/install/turtlebot3_description/share/ament_index/resource_index/packages/turtlebot3_description
[1.075s] -- Up-to-date: /home/jbaghiro/testWS/install/turtlebot3_description/share/turtlebot3_description/cmake/turtlebot3_descriptionConfig.cmake
[1.076s] -- Up-to-date: /home/jbaghiro/testWS/install/turtlebot3_description/share/turtlebot3_description/cmake/turtlebot3_descriptionConfig-version.cmake
[1.076s] -- Up-to-date: /home/jbaghiro/testWS/install/turtlebot3_description/share/turtlebot3_description/package.xml
[1.249s] Invoked command in '/home/jbaghiro/testWS/build/turtlebot3_description' returned '0': CMAKE_PREFIX_PATH=/opt/ros/humble /usr/bin/cmake --install /home/jbaghiro/testWS/build/turtlebot3_description
