[0.066s] Invoking command in '/home/jbaghiro/testWS/build/hls_lfcd_lds_driver': CMAKE_PREFIX_PATH=/opt/ros/humble /usr/bin/cmake /home/jbaghiro/testWS/src/utils/hls_lfcd_lds_driver -DCMAKE_INSTALL_PREFIX=/home/jbaghiro/testWS/install/hls_lfcd_lds_driver
[0.489s] -- The C compiler identification is GNU 11.4.0
[1.147s] -- The CXX compiler identification is GNU 11.4.0
[1.668s] -- Detecting C compiler ABI info
[1.907s] -- Detecting C compiler ABI info - done
[1.918s] -- Check for working C compiler: /usr/bin/cc - skipped
[1.919s] -- Detecting C compile features
[1.920s] -- Detecting C compile features - done
[1.927s] -- Detecting CXX compiler ABI info
[2.183s] -- Detecting CXX compiler ABI info - done
[2.197s] -- Check for working CXX compiler: /usr/bin/c++ - skipped
[2.197s] -- Detecting CXX compile features
[2.199s] -- Detecting CXX compile features - done
[2.205s] -- Found ament_cmake: 1.3.12 (/opt/ros/humble/share/ament_cmake/cmake)
[2.435s] -- Found Python3: /usr/bin/python3 (found version "3.10.12") found components: Interpreter 
[2.590s] -- Found rclcpp: 16.0.15 (/opt/ros/humble/share/rclcpp/cmake)
[2.927s] -- Found rosidl_generator_c: 3.1.7 (/opt/ros/humble/share/rosidl_generator_c/cmake)
[2.934s] -- Found rosidl_adapter: 3.1.7 (/opt/ros/humble/share/rosidl_adapter/cmake)
[2.949s] -- Found rosidl_generator_cpp: 3.1.7 (/opt/ros/humble/share/rosidl_generator_cpp/cmake)
[2.968s] -- Using all available rosidl_typesupport_c: rosidl_typesupport_fastrtps_c;rosidl_typesupport_introspection_c
[2.992s] -- Using all available rosidl_typesupport_cpp: rosidl_typesupport_fastrtps_cpp;rosidl_typesupport_introspection_cpp
[3.064s] -- Found rmw_implementation_cmake: 6.1.2 (/opt/ros/humble/share/rmw_implementation_cmake/cmake)
[3.069s] -- Found rmw_fastrtps_cpp: 6.2.8 (/opt/ros/humble/share/rmw_fastrtps_cpp/cmake)
[4.536s] -- Found OpenSSL: /usr/lib/x86_64-linux-gnu/libcrypto.so (found version "3.0.2")  
[7.413s] -- Found FastRTPS: /opt/ros/humble/include  
[13.356s] -- Using RMW implementation 'rmw_fastrtps_cpp' as default
[13.367s] -- Looking for pthread.h
[13.629s] -- Looking for pthread.h - found
[13.629s] -- Performing Test CMAKE_HAVE_LIBC_PTHREAD
[13.892s] -- Performing Test CMAKE_HAVE_LIBC_PTHREAD - Success
[13.893s] -- Found Threads: TRUE  
[13.949s] -- Found sensor_msgs: 4.9.0 (/opt/ros/humble/share/sensor_msgs/cmake)
[13.988s] -- Found Boost: /usr/lib/x86_64-linux-gnu/cmake/Boost-1.74.0/BoostConfig.cmake (found version "1.74.0") found components: system 
[14.078s] -- Configuring done
[14.097s] -- Generating done
[14.103s] -- Build files have been written to: /home/jbaghiro/testWS/build/hls_lfcd_lds_driver
[14.116s] Invoked command in '/home/jbaghiro/testWS/build/hls_lfcd_lds_driver' returned '0': CMAKE_PREFIX_PATH=/opt/ros/humble /usr/bin/cmake /home/jbaghiro/testWS/src/utils/hls_lfcd_lds_driver -DCMAKE_INSTALL_PREFIX=/home/jbaghiro/testWS/install/hls_lfcd_lds_driver
[14.118s] Invoking command in '/home/jbaghiro/testWS/build/hls_lfcd_lds_driver': CMAKE_PREFIX_PATH=/opt/ros/humble /usr/bin/cmake --build /home/jbaghiro/testWS/build/hls_lfcd_lds_driver -- -j16 -l16
[14.191s] [ 50%] [32mBuilding CXX object CMakeFiles/hlds_laser_publisher.dir/src/hlds_laser_publisher.cpp.o[0m
[28.958s] [100%] [32m[1mLinking CXX executable hlds_laser_publisher[0m
[30.714s] [100%] Built target hlds_laser_publisher
[30.780s] Invoked command in '/home/jbaghiro/testWS/build/hls_lfcd_lds_driver' returned '0': CMAKE_PREFIX_PATH=/opt/ros/humble /usr/bin/cmake --build /home/jbaghiro/testWS/build/hls_lfcd_lds_driver -- -j16 -l16
[30.784s] Invoking command in '/home/jbaghiro/testWS/build/hls_lfcd_lds_driver': CMAKE_PREFIX_PATH=/opt/ros/humble /usr/bin/cmake --install /home/jbaghiro/testWS/build/hls_lfcd_lds_driver
[30.847s] -- Install configuration: ""
[30.847s] -- Installing: /home/jbaghiro/testWS/install/hls_lfcd_lds_driver/share/hls_lfcd_lds_driver/launch
[30.852s] -- Installing: /home/jbaghiro/testWS/install/hls_lfcd_lds_driver/share/hls_lfcd_lds_driver/launch/hlds_laser.launch.py
[30.852s] -- Installing: /home/jbaghiro/testWS/install/hls_lfcd_lds_driver/share/hls_lfcd_lds_driver/launch/view_hlds_laser.launch.py
[30.852s] -- Installing: /home/jbaghiro/testWS/install/hls_lfcd_lds_driver/share/hls_lfcd_lds_driver/rviz
[30.856s] -- Installing: /home/jbaghiro/testWS/install/hls_lfcd_lds_driver/share/hls_lfcd_lds_driver/rviz/hlds_laser.rviz
[30.857s] -- Installing: /home/jbaghiro/testWS/install/hls_lfcd_lds_driver/lib/hls_lfcd_lds_driver/hlds_laser_publisher
[30.873s] -- Set runtime path of "/home/jbaghiro/testWS/install/hls_lfcd_lds_driver/lib/hls_lfcd_lds_driver/hlds_laser_publisher" to ""
[30.883s] -- Installing: /home/jbaghiro/testWS/install/hls_lfcd_lds_driver/share/ament_index/resource_index/package_run_dependencies/hls_lfcd_lds_driver
[30.903s] -- Installing: /home/jbaghiro/testWS/install/hls_lfcd_lds_driver/share/ament_index/resource_index/parent_prefix_path/hls_lfcd_lds_driver
[30.903s] -- Installing: /home/jbaghiro/testWS/install/hls_lfcd_lds_driver/share/hls_lfcd_lds_driver/environment/ament_prefix_path.sh
[30.903s] -- Installing: /home/jbaghiro/testWS/install/hls_lfcd_lds_driver/share/hls_lfcd_lds_driver/environment/ament_prefix_path.dsv
[30.903s] -- Installing: /home/jbaghiro/testWS/install/hls_lfcd_lds_driver/share/hls_lfcd_lds_driver/environment/path.sh
[30.904s] -- Installing: /home/jbaghiro/testWS/install/hls_lfcd_lds_driver/share/hls_lfcd_lds_driver/environment/path.dsv
[30.910s] -- Installing: /home/jbaghiro/testWS/install/hls_lfcd_lds_driver/share/hls_lfcd_lds_driver/local_setup.bash
[30.910s] -- Installing: /home/jbaghiro/testWS/install/hls_lfcd_lds_driver/share/hls_lfcd_lds_driver/local_setup.sh
[30.912s] -- Installing: /home/jbaghiro/testWS/install/hls_lfcd_lds_driver/share/hls_lfcd_lds_driver/local_setup.zsh
[30.912s] -- Installing: /home/jbaghiro/testWS/install/hls_lfcd_lds_driver/share/hls_lfcd_lds_driver/local_setup.dsv
[30.913s] -- Installing: /home/jbaghiro/testWS/install/hls_lfcd_lds_driver/share/hls_lfcd_lds_driver/package.dsv
[30.913s] -- Installing: /home/jbaghiro/testWS/install/hls_lfcd_lds_driver/share/ament_index/resource_index/packages/hls_lfcd_lds_driver
[30.920s] -- Installing: /home/jbaghiro/testWS/install/hls_lfcd_lds_driver/share/hls_lfcd_lds_driver/cmake/ament_cmake_export_dependencies-extras.cmake
[30.922s] -- Installing: /home/jbaghiro/testWS/install/hls_lfcd_lds_driver/share/hls_lfcd_lds_driver/cmake/ament_cmake_export_include_directories-extras.cmake
[30.922s] -- Installing: /home/jbaghiro/testWS/install/hls_lfcd_lds_driver/share/hls_lfcd_lds_driver/cmake/hls_lfcd_lds_driverConfig.cmake
[30.922s] -- Installing: /home/jbaghiro/testWS/install/hls_lfcd_lds_driver/share/hls_lfcd_lds_driver/cmake/hls_lfcd_lds_driverConfig-version.cmake
[30.922s] -- Installing: /home/jbaghiro/testWS/install/hls_lfcd_lds_driver/share/hls_lfcd_lds_driver/package.xml
[30.923s] Invoked command in '/home/jbaghiro/testWS/build/hls_lfcd_lds_driver' returned '0': CMAKE_PREFIX_PATH=/opt/ros/humble /usr/bin/cmake --install /home/jbaghiro/testWS/build/hls_lfcd_lds_driver
