[0.464s] Invoking command in '/home/jbaghiro/testWS/build/ld08_driver': CMAKE_PREFIX_PATH=/opt/ros/humble /usr/bin/cmake /home/jbaghiro/testWS/src/utils/ld08_driver -DCMAKE_INSTALL_PREFIX=/home/jbaghiro/testWS/install/ld08_driver
[0.718s] -- The C compiler identification is GNU 11.4.0
[1.633s] -- The CXX compiler identification is GNU 11.4.0
[2.385s] -- Detecting C compiler ABI info
[2.717s] -- Detecting C compiler ABI info - done
[2.727s] -- Check for working C compiler: /usr/bin/cc - skipped
[2.727s] -- Detecting C compile features
[2.727s] -- Detecting C compile features - done
[2.732s] -- Detecting CXX compiler ABI info
[3.010s] -- Detecting CXX compiler ABI info - done
[3.018s] -- Check for working CXX compiler: /usr/bin/c++ - skipped
[3.018s] -- Detecting CXX compile features
[3.019s] -- Detecting CXX compile features - done
[3.022s] -- Found ament_cmake: 1.3.12 (/opt/ros/humble/share/ament_cmake/cmake)
[3.308s] -- Found Python3: /usr/bin/python3 (found version "3.10.12") found components: Interpreter 
[3.558s] -- Found rclcpp: 16.0.15 (/opt/ros/humble/share/rclcpp/cmake)
[3.956s] -- Found rosidl_generator_c: 3.1.7 (/opt/ros/humble/share/rosidl_generator_c/cmake)
[3.966s] -- Found rosidl_adapter: 3.1.7 (/opt/ros/humble/share/rosidl_adapter/cmake)
[3.982s] -- Found rosidl_generator_cpp: 3.1.7 (/opt/ros/humble/share/rosidl_generator_cpp/cmake)
[4.004s] -- Using all available rosidl_typesupport_c: rosidl_typesupport_fastrtps_c;rosidl_typesupport_introspection_c
[4.027s] -- Using all available rosidl_typesupport_cpp: rosidl_typesupport_fastrtps_cpp;rosidl_typesupport_introspection_cpp
[4.095s] -- Found rmw_implementation_cmake: 6.1.2 (/opt/ros/humble/share/rmw_implementation_cmake/cmake)
[4.099s] -- Found rmw_fastrtps_cpp: 6.2.8 (/opt/ros/humble/share/rmw_fastrtps_cpp/cmake)
[6.313s] -- Found OpenSSL: /usr/lib/x86_64-linux-gnu/libcrypto.so (found version "3.0.2")  
[10.974s] -- Found FastRTPS: /opt/ros/humble/include  
[15.116s] -- Using RMW implementation 'rmw_fastrtps_cpp' as default
[15.127s] -- Looking for pthread.h
[15.370s] -- Looking for pthread.h - found
[15.371s] -- Performing Test CMAKE_HAVE_LIBC_PTHREAD
[15.598s] -- Performing Test CMAKE_HAVE_LIBC_PTHREAD - Success
[15.599s] -- Found Threads: TRUE  
[15.686s] -- Found sensor_msgs: 4.9.0 (/opt/ros/humble/share/sensor_msgs/cmake)
[15.730s] -- Found Boost: /usr/lib/x86_64-linux-gnu/cmake/Boost-1.74.0/BoostConfig.cmake (found version "1.74.0") found components: system 
[15.832s] -- Configuring done
[15.852s] -- Generating done
[15.858s] -- Build files have been written to: /home/jbaghiro/testWS/build/ld08_driver
[15.874s] Invoked command in '/home/jbaghiro/testWS/build/ld08_driver' returned '0': CMAKE_PREFIX_PATH=/opt/ros/humble /usr/bin/cmake /home/jbaghiro/testWS/src/utils/ld08_driver -DCMAKE_INSTALL_PREFIX=/home/jbaghiro/testWS/install/ld08_driver
[15.876s] Invoking command in '/home/jbaghiro/testWS/build/ld08_driver': CMAKE_PREFIX_PATH=/opt/ros/humble /usr/bin/cmake --build /home/jbaghiro/testWS/build/ld08_driver -- -j16 -l16
[15.950s] [ 33%] [32mBuilding CXX object CMakeFiles/ld08_driver.dir/src/main.cpp.o[0m
[15.950s] [ 33%] [32mBuilding CXX object CMakeFiles/ld08_driver.dir/src/lipkg.cpp.o[0m
[15.951s] [ 50%] [32mBuilding CXX object CMakeFiles/ld08_driver.dir/src/cmd_interface_linux.cpp.o[0m
[15.953s] [ 66%] [32mBuilding CXX object CMakeFiles/ld08_driver.dir/src/slbf.cpp.o[0m
[15.957s] [ 83%] [32mBuilding CXX object CMakeFiles/ld08_driver.dir/src/transform.cpp.o[0m
[24.920s] [100%] [32m[1mLinking CXX executable ld08_driver[0m
[26.223s] [100%] Built target ld08_driver
[26.272s] Invoked command in '/home/jbaghiro/testWS/build/ld08_driver' returned '0': CMAKE_PREFIX_PATH=/opt/ros/humble /usr/bin/cmake --build /home/jbaghiro/testWS/build/ld08_driver -- -j16 -l16
[26.281s] Invoking command in '/home/jbaghiro/testWS/build/ld08_driver': CMAKE_PREFIX_PATH=/opt/ros/humble /usr/bin/cmake --install /home/jbaghiro/testWS/build/ld08_driver
[26.313s] -- Install configuration: ""
[26.313s] -- Installing: /home/jbaghiro/testWS/install/ld08_driver/share/ld08_driver/launch
[26.322s] -- Installing: /home/jbaghiro/testWS/install/ld08_driver/share/ld08_driver/launch/ld08.launch.py
[26.325s] -- Installing: /home/jbaghiro/testWS/install/ld08_driver/lib/ld08_driver/ld08_driver
[26.336s] -- Set runtime path of "/home/jbaghiro/testWS/install/ld08_driver/lib/ld08_driver/ld08_driver" to ""
[26.340s] -- Installing: /home/jbaghiro/testWS/install/ld08_driver/share/ament_index/resource_index/package_run_dependencies/ld08_driver
[26.344s] -- Installing: /home/jbaghiro/testWS/install/ld08_driver/share/ament_index/resource_index/parent_prefix_path/ld08_driver
[26.347s] -- Installing: /home/jbaghiro/testWS/install/ld08_driver/share/ld08_driver/environment/ament_prefix_path.sh
[26.347s] -- Installing: /home/jbaghiro/testWS/install/ld08_driver/share/ld08_driver/environment/ament_prefix_path.dsv
[26.347s] -- Installing: /home/jbaghiro/testWS/install/ld08_driver/share/ld08_driver/environment/path.sh
[26.348s] -- Installing: /home/jbaghiro/testWS/install/ld08_driver/share/ld08_driver/environment/path.dsv
[26.348s] -- Installing: /home/jbaghiro/testWS/install/ld08_driver/share/ld08_driver/local_setup.bash
[26.349s] -- Installing: /home/jbaghiro/testWS/install/ld08_driver/share/ld08_driver/local_setup.sh
[26.349s] -- Installing: /home/jbaghiro/testWS/install/ld08_driver/share/ld08_driver/local_setup.zsh
[26.350s] -- Installing: /home/jbaghiro/testWS/install/ld08_driver/share/ld08_driver/local_setup.dsv
[26.350s] -- Installing: /home/jbaghiro/testWS/install/ld08_driver/share/ld08_driver/package.dsv
[26.356s] -- Installing: /home/jbaghiro/testWS/install/ld08_driver/share/ament_index/resource_index/packages/ld08_driver
[26.360s] -- Installing: /home/jbaghiro/testWS/install/ld08_driver/share/ld08_driver/cmake/ament_cmake_export_dependencies-extras.cmake
[26.361s] -- Installing: /home/jbaghiro/testWS/install/ld08_driver/share/ld08_driver/cmake/ament_cmake_export_include_directories-extras.cmake
[26.361s] -- Installing: /home/jbaghiro/testWS/install/ld08_driver/share/ld08_driver/cmake/ld08_driverConfig.cmake
[26.362s] -- Installing: /home/jbaghiro/testWS/install/ld08_driver/share/ld08_driver/cmake/ld08_driverConfig-version.cmake
[26.362s] -- Installing: /home/jbaghiro/testWS/install/ld08_driver/share/ld08_driver/package.xml
[26.369s] Invoked command in '/home/jbaghiro/testWS/build/ld08_driver' returned '0': CMAKE_PREFIX_PATH=/opt/ros/humble /usr/bin/cmake --install /home/jbaghiro/testWS/build/ld08_driver
