[1.879s] Invoking command in '/home/jbaghiro/testWS/src/braitenberg_tb3': PYTHONPATH=/home/jbaghiro/testWS/build/braitenberg_tb3/prefix_override:/usr/lib/python3/dist-packages/colcon_core/task/python/colcon_distutils_commands:/home/jbaghiro/testWS/install/braitenberg_tb3/lib/python3.10/site-packages:${PYTHONPATH} /usr/bin/python3 -W ignore:setup.py install is deprecated -W ignore:easy_install command is deprecated setup.py egg_info --egg-base ../../build/braitenberg_tb3 build --build-base /home/jbaghiro/testWS/build/braitenberg_tb3/build install --record /home/jbaghiro/testWS/build/braitenberg_tb3/install.log --single-version-externally-managed install_data
[2.191s] running egg_info
[2.192s] creating ../../build/braitenberg_tb3/braitenberg_tb3.egg-info
[2.192s] writing ../../build/braitenberg_tb3/braitenberg_tb3.egg-info/PKG-INFO
[2.193s] writing dependency_links to ../../build/braitenberg_tb3/braitenberg_tb3.egg-info/dependency_links.txt
[2.193s] writing entry points to ../../build/braitenberg_tb3/braitenberg_tb3.egg-info/entry_points.txt
[2.193s] writing requirements to ../../build/braitenberg_tb3/braitenberg_tb3.egg-info/requires.txt
[2.193s] writing top-level names to ../../build/braitenberg_tb3/braitenberg_tb3.egg-info/top_level.txt
[2.194s] writing manifest file '../../build/braitenberg_tb3/braitenberg_tb3.egg-info/SOURCES.txt'
[2.195s] reading manifest file '../../build/braitenberg_tb3/braitenberg_tb3.egg-info/SOURCES.txt'
[2.196s] writing manifest file '../../build/braitenberg_tb3/braitenberg_tb3.egg-info/SOURCES.txt'
[2.196s] running build
[2.196s] running build_py
[2.196s] creating /home/jbaghiro/testWS/build/braitenberg_tb3/build
[2.197s] creating /home/jbaghiro/testWS/build/braitenberg_tb3/build/lib
[2.198s] creating /home/jbaghiro/testWS/build/braitenberg_tb3/build/lib/braitenberg_tb3
[2.198s] copying braitenberg_tb3/braitenberg_node.py -> /home/jbaghiro/testWS/build/braitenberg_tb3/build/lib/braitenberg_tb3
[2.198s] copying braitenberg_tb3/__init__.py -> /home/jbaghiro/testWS/build/braitenberg_tb3/build/lib/braitenberg_tb3
[2.199s] running install
[2.199s] running install_lib
[2.200s] creating /home/jbaghiro/testWS/install/braitenberg_tb3/lib/python3.10/site-packages/braitenberg_tb3
[2.200s] copying /home/jbaghiro/testWS/build/braitenberg_tb3/build/lib/braitenberg_tb3/braitenberg_node.py -> /home/jbaghiro/testWS/install/braitenberg_tb3/lib/python3.10/site-packages/braitenberg_tb3
[2.201s] copying /home/jbaghiro/testWS/build/braitenberg_tb3/build/lib/braitenberg_tb3/__init__.py -> /home/jbaghiro/testWS/install/braitenberg_tb3/lib/python3.10/site-packages/braitenberg_tb3
[2.201s] byte-compiling /home/jbaghiro/testWS/install/braitenberg_tb3/lib/python3.10/site-packages/braitenberg_tb3/braitenberg_node.py to braitenberg_node.cpython-310.pyc
[2.203s] byte-compiling /home/jbaghiro/testWS/install/braitenberg_tb3/lib/python3.10/site-packages/braitenberg_tb3/__init__.py to __init__.cpython-310.pyc
[2.203s] running install_data
[2.203s] creating /home/jbaghiro/testWS/install/braitenberg_tb3/share/ament_index
[2.204s] creating /home/jbaghiro/testWS/install/braitenberg_tb3/share/ament_index/resource_index
[2.204s] creating /home/jbaghiro/testWS/install/braitenberg_tb3/share/ament_index/resource_index/packages
[2.205s] copying resource/braitenberg_tb3 -> /home/jbaghiro/testWS/install/braitenberg_tb3/share/ament_index/resource_index/packages
[2.205s] copying package.xml -> /home/jbaghiro/testWS/install/braitenberg_tb3/share/braitenberg_tb3
[2.205s] creating /home/jbaghiro/testWS/install/braitenberg_tb3/share/braitenberg_tb3/launch
[2.206s] copying launch/braitenberg.launch.py -> /home/jbaghiro/testWS/install/braitenberg_tb3/share/braitenberg_tb3/launch
[2.206s] running install_egg_info
[2.208s] Copying ../../build/braitenberg_tb3/braitenberg_tb3.egg-info to /home/jbaghiro/testWS/install/braitenberg_tb3/lib/python3.10/site-packages/braitenberg_tb3-0.0.0-py3.10.egg-info
[2.210s] running install_scripts
[2.232s] Installing braitenberg_node script to /home/jbaghiro/testWS/install/braitenberg_tb3/lib/braitenberg_tb3
[2.233s] writing list of installed files to '/home/jbaghiro/testWS/build/braitenberg_tb3/install.log'
[2.279s] Invoked command in '/home/jbaghiro/testWS/src/braitenberg_tb3' returned '0': PYTHONPATH=/home/jbaghiro/testWS/build/braitenberg_tb3/prefix_override:/usr/lib/python3/dist-packages/colcon_core/task/python/colcon_distutils_commands:/home/jbaghiro/testWS/install/braitenberg_tb3/lib/python3.10/site-packages:${PYTHONPATH} /usr/bin/python3 -W ignore:setup.py install is deprecated -W ignore:easy_install command is deprecated setup.py egg_info --egg-base ../../build/braitenberg_tb3 build --build-base /home/jbaghiro/testWS/build/braitenberg_tb3/build install --record /home/jbaghiro/testWS/build/braitenberg_tb3/install.log --single-version-externally-managed install_data
