[0.440s] Invoking command in '/home/jbaghiro/testWS/build/turtlebot3_node': AMENT_PREFIX_PATH=/home/jbaghiro/testWS/install/turtlebot3_msgs:/home/jbaghiro/testWS/install/dynamixel_sdk:${AMENT_PREFIX_PATH} CMAKE_PREFIX_PATH=/home/jbaghiro/testWS/install/turtlebot3_msgs:/home/jbaghiro/testWS/install/dynamixel_sdk:/opt/ros/humble LD_LIBRARY_PATH=/home/jbaghiro/testWS/install/turtlebot3_msgs/lib:/home/jbaghiro/testWS/install/dynamixel_sdk/lib:/usr/lib/x86_64-linux-gnu/gazebo-11/plugins:/opt/ros/humble/opt/rviz_ogre_vendor/lib:/opt/ros/humble/lib/x86_64-linux-gnu:/opt/ros/humble/lib:/usr/lib/x86_64-linux-gnu/gazebo-11/plugins:/usr/lib/x86_64-linux-gnu/gazebo-11/plugins:/usr/lib/x86_64-linux-gnu/gazebo-11/plugins:/usr/lib/x86_64-linux-gnu/gazebo-11/plugins:/usr/lib/x86_64-linux-gnu/gazebo-11/plugins:/usr/lib/x86_64-linux-gnu/gazebo-11/plugins PYTHONPATH=/home/jbaghiro/testWS/install/turtlebot3_msgs/local/lib/python3.10/dist-packages:/home/jbaghiro/testWS/install/dynamixel_sdk/local/lib/python3.10/dist-packages:${PYTHONPATH} /usr/bin/cmake --build /home/jbaghiro/testWS/build/turtlebot3_node -- -j16 -l16
[0.515s] [35m[1mConsolidate compiler generated dependencies of target turtlebot3_node_lib[0m
[0.603s] [ 85%] Built target turtlebot3_node_lib
[0.626s] [35m[1mConsolidate compiler generated dependencies of target turtlebot3_ros[0m
[0.664s] [100%] Built target turtlebot3_ros
[0.689s] Invoked command in '/home/jbaghiro/testWS/build/turtlebot3_node' returned '0': AMENT_PREFIX_PATH=/home/jbaghiro/testWS/install/turtlebot3_msgs:/home/jbaghiro/testWS/install/dynamixel_sdk:${AMENT_PREFIX_PATH} CMAKE_PREFIX_PATH=/home/jbaghiro/testWS/install/turtlebot3_msgs:/home/jbaghiro/testWS/install/dynamixel_sdk:/opt/ros/humble LD_LIBRARY_PATH=/home/jbaghiro/testWS/install/turtlebot3_msgs/lib:/home/jbaghiro/testWS/install/dynamixel_sdk/lib:/usr/lib/x86_64-linux-gnu/gazebo-11/plugins:/opt/ros/humble/opt/rviz_ogre_vendor/lib:/opt/ros/humble/lib/x86_64-linux-gnu:/opt/ros/humble/lib:/usr/lib/x86_64-linux-gnu/gazebo-11/plugins:/usr/lib/x86_64-linux-gnu/gazebo-11/plugins:/usr/lib/x86_64-linux-gnu/gazebo-11/plugins:/usr/lib/x86_64-linux-gnu/gazebo-11/plugins:/usr/lib/x86_64-linux-gnu/gazebo-11/plugins:/usr/lib/x86_64-linux-gnu/gazebo-11/plugins PYTHONPATH=/home/jbaghiro/testWS/install/turtlebot3_msgs/local/lib/python3.10/dist-packages:/home/jbaghiro/testWS/install/dynamixel_sdk/local/lib/python3.10/dist-packages:${PYTHONPATH} /usr/bin/cmake --build /home/jbaghiro/testWS/build/turtlebot3_node -- -j16 -l16
[0.692s] Invoking command in '/home/jbaghiro/testWS/build/turtlebot3_node': AMENT_PREFIX_PATH=/home/jbaghiro/testWS/install/turtlebot3_msgs:/home/jbaghiro/testWS/install/dynamixel_sdk:${AMENT_PREFIX_PATH} CMAKE_PREFIX_PATH=/home/jbaghiro/testWS/install/turtlebot3_msgs:/home/jbaghiro/testWS/install/dynamixel_sdk:/opt/ros/humble LD_LIBRARY_PATH=/home/jbaghiro/testWS/install/turtlebot3_msgs/lib:/home/jbaghiro/testWS/install/dynamixel_sdk/lib:/usr/lib/x86_64-linux-gnu/gazebo-11/plugins:/opt/ros/humble/opt/rviz_ogre_vendor/lib:/opt/ros/humble/lib/x86_64-linux-gnu:/opt/ros/humble/lib:/usr/lib/x86_64-linux-gnu/gazebo-11/plugins:/usr/lib/x86_64-linux-gnu/gazebo-11/plugins:/usr/lib/x86_64-linux-gnu/gazebo-11/plugins:/usr/lib/x86_64-linux-gnu/gazebo-11/plugins:/usr/lib/x86_64-linux-gnu/gazebo-11/plugins:/usr/lib/x86_64-linux-gnu/gazebo-11/plugins PYTHONPATH=/home/jbaghiro/testWS/install/turtlebot3_msgs/local/lib/python3.10/dist-packages:/home/jbaghiro/testWS/install/dynamixel_sdk/local/lib/python3.10/dist-packages:${PYTHONPATH} /usr/bin/cmake --install /home/jbaghiro/testWS/build/turtlebot3_node
[0.706s] -- Install configuration: ""
[0.706s] -- Up-to-date: /home/jbaghiro/testWS/install/turtlebot3_node/share/turtlebot3_node/param
[0.706s] -- Up-to-date: /home/jbaghiro/testWS/install/turtlebot3_node/share/turtlebot3_node/param/waffle.yaml
[0.707s] -- Up-to-date: /home/jbaghiro/testWS/install/turtlebot3_node/share/turtlebot3_node/param/waffle_pi.yaml
[0.707s] -- Up-to-date: /home/jbaghiro/testWS/install/turtlebot3_node/share/turtlebot3_node/param/burger.yaml
[0.707s] -- Up-to-date: /home/jbaghiro/testWS/install/turtlebot3_node/lib/turtlebot3_node/turtlebot3_ros
[0.708s] -- Up-to-date: /home/jbaghiro/testWS/install/turtlebot3_node/share/ament_index/resource_index/package_run_dependencies/turtlebot3_node
[0.708s] -- Up-to-date: /home/jbaghiro/testWS/install/turtlebot3_node/share/ament_index/resource_index/parent_prefix_path/turtlebot3_node
[0.708s] -- Up-to-date: /home/jbaghiro/testWS/install/turtlebot3_node/share/turtlebot3_node/environment/ament_prefix_path.sh
[0.708s] -- Up-to-date: /home/jbaghiro/testWS/install/turtlebot3_node/share/turtlebot3_node/environment/ament_prefix_path.dsv
[0.708s] -- Up-to-date: /home/jbaghiro/testWS/install/turtlebot3_node/share/turtlebot3_node/environment/path.sh
[0.709s] -- Up-to-date: /home/jbaghiro/testWS/install/turtlebot3_node/share/turtlebot3_node/environment/path.dsv
[0.709s] -- Up-to-date: /home/jbaghiro/testWS/install/turtlebot3_node/share/turtlebot3_node/local_setup.bash
[0.709s] -- Up-to-date: /home/jbaghiro/testWS/install/turtlebot3_node/share/turtlebot3_node/local_setup.sh
[0.710s] -- Up-to-date: /home/jbaghiro/testWS/install/turtlebot3_node/share/turtlebot3_node/local_setup.zsh
[0.710s] -- Up-to-date: /home/jbaghiro/testWS/install/turtlebot3_node/share/turtlebot3_node/local_setup.dsv
[0.710s] -- Installing: /home/jbaghiro/testWS/install/turtlebot3_node/share/turtlebot3_node/package.dsv
[0.712s] -- Up-to-date: /home/jbaghiro/testWS/install/turtlebot3_node/share/ament_index/resource_index/packages/turtlebot3_node
[0.712s] -- Up-to-date: /home/jbaghiro/testWS/install/turtlebot3_node/share/turtlebot3_node/cmake/ament_cmake_export_dependencies-extras.cmake
[0.712s] -- Up-to-date: /home/jbaghiro/testWS/install/turtlebot3_node/share/turtlebot3_node/cmake/ament_cmake_export_include_directories-extras.cmake
[0.713s] -- Up-to-date: /home/jbaghiro/testWS/install/turtlebot3_node/share/turtlebot3_node/cmake/turtlebot3_nodeConfig.cmake
[0.713s] -- Up-to-date: /home/jbaghiro/testWS/install/turtlebot3_node/share/turtlebot3_node/cmake/turtlebot3_nodeConfig-version.cmake
[0.713s] -- Up-to-date: /home/jbaghiro/testWS/install/turtlebot3_node/share/turtlebot3_node/package.xml
[0.719s] Invoked command in '/home/jbaghiro/testWS/build/turtlebot3_node' returned '0': AMENT_PREFIX_PATH=/home/jbaghiro/testWS/install/turtlebot3_msgs:/home/jbaghiro/testWS/install/dynamixel_sdk:${AMENT_PREFIX_PATH} CMAKE_PREFIX_PATH=/home/jbaghiro/testWS/install/turtlebot3_msgs:/home/jbaghiro/testWS/install/dynamixel_sdk:/opt/ros/humble LD_LIBRARY_PATH=/home/jbaghiro/testWS/install/turtlebot3_msgs/lib:/home/jbaghiro/testWS/install/dynamixel_sdk/lib:/usr/lib/x86_64-linux-gnu/gazebo-11/plugins:/opt/ros/humble/opt/rviz_ogre_vendor/lib:/opt/ros/humble/lib/x86_64-linux-gnu:/opt/ros/humble/lib:/usr/lib/x86_64-linux-gnu/gazebo-11/plugins:/usr/lib/x86_64-linux-gnu/gazebo-11/plugins:/usr/lib/x86_64-linux-gnu/gazebo-11/plugins:/usr/lib/x86_64-linux-gnu/gazebo-11/plugins:/usr/lib/x86_64-linux-gnu/gazebo-11/plugins:/usr/lib/x86_64-linux-gnu/gazebo-11/plugins PYTHONPATH=/home/jbaghiro/testWS/install/turtlebot3_msgs/local/lib/python3.10/dist-packages:/home/jbaghiro/testWS/install/dynamixel_sdk/local/lib/python3.10/dist-packages:${PYTHONPATH} /usr/bin/cmake --install /home/jbaghiro/testWS/build/turtlebot3_node
