[1.352s] Invoking command in '/home/jbaghiro/testWS/src/turtlebot3/turtlebot3/turtlebot3_teleop': PYTHONPATH=/home/jbaghiro/testWS/build/turtlebot3_teleop/prefix_override:/usr/lib/python3/dist-packages/colcon_core/task/python/colcon_distutils_commands:/home/jbaghiro/testWS/install/turtlebot3_teleop/lib/python3.10/site-packages:${PYTHONPATH} /usr/bin/python3 -W ignore:setup.py install is deprecated -W ignore:easy_install command is deprecated setup.py egg_info --egg-base ../../../../build/turtlebot3_teleop build --build-base /home/jbaghiro/testWS/build/turtlebot3_teleop/build install --record /home/jbaghiro/testWS/build/turtlebot3_teleop/install.log --single-version-externally-managed install_data
[2.626s] running egg_info
[2.626s] creating ../../../../build/turtlebot3_teleop/turtlebot3_teleop.egg-info
[2.626s] writing ../../../../build/turtlebot3_teleop/turtlebot3_teleop.egg-info/PKG-INFO
[2.626s] writing dependency_links to ../../../../build/turtlebot3_teleop/turtlebot3_teleop.egg-info/dependency_links.txt
[2.627s] writing entry points to ../../../../build/turtlebot3_teleop/turtlebot3_teleop.egg-info/entry_points.txt
[2.627s] writing requirements to ../../../../build/turtlebot3_teleop/turtlebot3_teleop.egg-info/requires.txt
[2.627s] writing top-level names to ../../../../build/turtlebot3_teleop/turtlebot3_teleop.egg-info/top_level.txt
[2.627s] writing manifest file '../../../../build/turtlebot3_teleop/turtlebot3_teleop.egg-info/SOURCES.txt'
[2.627s] reading manifest file '../../../../build/turtlebot3_teleop/turtlebot3_teleop.egg-info/SOURCES.txt'
[2.627s] writing manifest file '../../../../build/turtlebot3_teleop/turtlebot3_teleop.egg-info/SOURCES.txt'
[2.627s] running build
[2.627s] running build_py
[2.628s] creating /home/jbaghiro/testWS/build/turtlebot3_teleop/build
[2.628s] creating /home/jbaghiro/testWS/build/turtlebot3_teleop/build/lib
[2.629s] creating /home/jbaghiro/testWS/build/turtlebot3_teleop/build/lib/turtlebot3_teleop
[2.629s] copying turtlebot3_teleop/__init__.py -> /home/jbaghiro/testWS/build/turtlebot3_teleop/build/lib/turtlebot3_teleop
[2.629s] creating /home/jbaghiro/testWS/build/turtlebot3_teleop/build/lib/turtlebot3_teleop/script
[2.630s] copying turtlebot3_teleop/script/__init__.py -> /home/jbaghiro/testWS/build/turtlebot3_teleop/build/lib/turtlebot3_teleop/script
[2.630s] copying turtlebot3_teleop/script/teleop_keyboard.py -> /home/jbaghiro/testWS/build/turtlebot3_teleop/build/lib/turtlebot3_teleop/script
[2.631s] running install
[2.631s] running install_lib
[2.632s] creating /home/jbaghiro/testWS/install/turtlebot3_teleop/lib/python3.10/site-packages/turtlebot3_teleop
[2.633s] creating /home/jbaghiro/testWS/install/turtlebot3_teleop/lib/python3.10/site-packages/turtlebot3_teleop/script
[2.634s] copying /home/jbaghiro/testWS/build/turtlebot3_teleop/build/lib/turtlebot3_teleop/script/__init__.py -> /home/jbaghiro/testWS/install/turtlebot3_teleop/lib/python3.10/site-packages/turtlebot3_teleop/script
[2.634s] copying /home/jbaghiro/testWS/build/turtlebot3_teleop/build/lib/turtlebot3_teleop/script/teleop_keyboard.py -> /home/jbaghiro/testWS/install/turtlebot3_teleop/lib/python3.10/site-packages/turtlebot3_teleop/script
[2.634s] copying /home/jbaghiro/testWS/build/turtlebot3_teleop/build/lib/turtlebot3_teleop/__init__.py -> /home/jbaghiro/testWS/install/turtlebot3_teleop/lib/python3.10/site-packages/turtlebot3_teleop
[2.635s] byte-compiling /home/jbaghiro/testWS/install/turtlebot3_teleop/lib/python3.10/site-packages/turtlebot3_teleop/script/__init__.py to __init__.cpython-310.pyc
[2.635s] byte-compiling /home/jbaghiro/testWS/install/turtlebot3_teleop/lib/python3.10/site-packages/turtlebot3_teleop/script/teleop_keyboard.py to teleop_keyboard.cpython-310.pyc
[2.635s] byte-compiling /home/jbaghiro/testWS/install/turtlebot3_teleop/lib/python3.10/site-packages/turtlebot3_teleop/__init__.py to __init__.cpython-310.pyc
[2.636s] running install_data
[2.636s] creating /home/jbaghiro/testWS/install/turtlebot3_teleop/share/ament_index
[2.636s] creating /home/jbaghiro/testWS/install/turtlebot3_teleop/share/ament_index/resource_index
[2.636s] creating /home/jbaghiro/testWS/install/turtlebot3_teleop/share/ament_index/resource_index/packages
[2.636s] copying resource/turtlebot3_teleop -> /home/jbaghiro/testWS/install/turtlebot3_teleop/share/ament_index/resource_index/packages
[2.636s] copying package.xml -> /home/jbaghiro/testWS/install/turtlebot3_teleop/share/turtlebot3_teleop
[2.637s] running install_egg_info
[2.637s] Copying ../../../../build/turtlebot3_teleop/turtlebot3_teleop.egg-info to /home/jbaghiro/testWS/install/turtlebot3_teleop/lib/python3.10/site-packages/turtlebot3_teleop-2.3.3-py3.10.egg-info
[2.637s] running install_scripts
[2.637s] Installing teleop_keyboard script to /home/jbaghiro/testWS/install/turtlebot3_teleop/lib/turtlebot3_teleop
[2.637s] writing list of installed files to '/home/jbaghiro/testWS/build/turtlebot3_teleop/install.log'
[2.668s] Invoked command in '/home/jbaghiro/testWS/src/turtlebot3/turtlebot3/turtlebot3_teleop' returned '0': PYTHONPATH=/home/jbaghiro/testWS/build/turtlebot3_teleop/prefix_override:/usr/lib/python3/dist-packages/colcon_core/task/python/colcon_distutils_commands:/home/jbaghiro/testWS/install/turtlebot3_teleop/lib/python3.10/site-packages:${PYTHONPATH} /usr/bin/python3 -W ignore:setup.py install is deprecated -W ignore:easy_install command is deprecated setup.py egg_info --egg-base ../../../../build/turtlebot3_teleop build --build-base /home/jbaghiro/testWS/build/turtlebot3_teleop/build install --record /home/jbaghiro/testWS/build/turtlebot3_teleop/install.log --single-version-externally-managed install_data
