[0.228s] Invoking command in '/home/jbaghiro/testWS/build/dynamixel_sdk_examples': AMENT_PREFIX_PATH=/home/jbaghiro/testWS/install/dynamixel_sdk_custom_interfaces:/home/jbaghiro/testWS/install/dynamixel_sdk:${AMENT_PREFIX_PATH} CMAKE_PREFIX_PATH=/home/jbaghiro/testWS/install/dynamixel_sdk_custom_interfaces:/home/jbaghiro/testWS/install/dynamixel_sdk:/opt/ros/humble LD_LIBRARY_PATH=/home/jbaghiro/testWS/install/dynamixel_sdk_custom_interfaces/lib:/home/jbaghiro/testWS/install/dynamixel_sdk/lib:/usr/lib/x86_64-linux-gnu/gazebo-11/plugins:/opt/ros/humble/opt/rviz_ogre_vendor/lib:/opt/ros/humble/lib/x86_64-linux-gnu:/opt/ros/humble/lib:/usr/lib/x86_64-linux-gnu/gazebo-11/plugins:/usr/lib/x86_64-linux-gnu/gazebo-11/plugins:/usr/lib/x86_64-linux-gnu/gazebo-11/plugins PYTHONPATH=/home/jbaghiro/testWS/install/dynamixel_sdk_custom_interfaces/local/lib/python3.10/dist-packages:/home/jbaghiro/testWS/install/dynamixel_sdk/local/lib/python3.10/dist-packages:${PYTHONPATH} /usr/bin/cmake /home/jbaghiro/testWS/src/utils/DynamixelSDK/ros/dynamixel_sdk_examples -DCMAKE_INSTALL_PREFIX=/home/jbaghiro/testWS/install/dynamixel_sdk_examples
[0.398s] -- The C compiler identification is GNU 11.4.0
[0.888s] -- The CXX compiler identification is GNU 11.4.0
[1.232s] -- Detecting C compiler ABI info
[1.403s] -- Detecting C compiler ABI info - done
[1.412s] -- Check for working C compiler: /usr/bin/cc - skipped
[1.412s] -- Detecting C compile features
[1.413s] -- Detecting C compile features - done
[1.416s] -- Detecting CXX compiler ABI info
[1.615s] -- Detecting CXX compiler ABI info - done
[1.626s] -- Check for working CXX compiler: /usr/bin/c++ - skipped
[1.626s] -- Detecting CXX compile features
[1.627s] -- Detecting CXX compile features - done
[1.632s] -- Found ament_cmake: 1.3.12 (/opt/ros/humble/share/ament_cmake/cmake)
[1.818s] -- Found Python3: /usr/bin/python3 (found version "3.10.12") found components: Interpreter 
[1.953s] -- Found dynamixel_sdk: 3.8.4 (/home/jbaghiro/testWS/install/dynamixel_sdk/share/dynamixel_sdk/cmake)
[1.955s] -- Found dynamixel_sdk_custom_interfaces: 3.8.4 (/home/jbaghiro/testWS/install/dynamixel_sdk_custom_interfaces/share/dynamixel_sdk_custom_interfaces/cmake)
[2.117s] -- Found rosidl_generator_c: 3.1.7 (/opt/ros/humble/share/rosidl_generator_c/cmake)
[2.125s] -- Found rosidl_adapter: 3.1.7 (/opt/ros/humble/share/rosidl_adapter/cmake)
[2.135s] -- Found rosidl_generator_cpp: 3.1.7 (/opt/ros/humble/share/rosidl_generator_cpp/cmake)
[2.151s] -- Using all available rosidl_typesupport_c: rosidl_typesupport_fastrtps_c;rosidl_typesupport_introspection_c
[2.178s] -- Using all available rosidl_typesupport_cpp: rosidl_typesupport_fastrtps_cpp;rosidl_typesupport_introspection_cpp
[2.225s] -- Found rclcpp: 16.0.15 (/opt/ros/humble/share/rclcpp/cmake)
[2.305s] -- Found rmw_implementation_cmake: 6.1.2 (/opt/ros/humble/share/rmw_implementation_cmake/cmake)
[2.307s] -- Found rmw_fastrtps_cpp: 6.2.8 (/opt/ros/humble/share/rmw_fastrtps_cpp/cmake)
[4.580s] -- Found OpenSSL: /usr/lib/x86_64-linux-gnu/libcrypto.so (found version "3.0.2")  
[6.960s] -- Found FastRTPS: /opt/ros/humble/include  
[9.928s] -- Using RMW implementation 'rmw_fastrtps_cpp' as default
[9.941s] -- Looking for pthread.h
[10.138s] -- Looking for pthread.h - found
[10.139s] -- Performing Test CMAKE_HAVE_LIBC_PTHREAD
[10.327s] -- Performing Test CMAKE_HAVE_LIBC_PTHREAD - Success
[10.328s] -- Found Threads: TRUE  
[10.392s] -- Found rclpy: 3.3.17 (/opt/ros/humble/share/rclpy/cmake)
[10.397s] -- Found ament_lint_auto: 0.12.14 (/opt/ros/humble/share/ament_lint_auto/cmake)
[10.526s] -- Added test 'copyright' to check source files copyright and LICENSE
[10.529s] -- Added test 'cppcheck' to perform static code analysis on C / C++ code
[10.529s] -- Configured cppcheck include dirs: /home/jbaghiro/testWS/src/utils/DynamixelSDK/ros/dynamixel_sdk_examples/include
[10.529s] -- Configured cppcheck exclude dirs and/or files: 
[10.531s] -- Added test 'cpplint' to check C / C++ code against the Google style
[10.531s] -- Configured cpplint exclude dirs and/or files: 
[10.533s] -- Added test 'flake8' to check Python code syntax and style conventions
[10.535s] -- Added test 'lint_cmake' to check CMake code style
[10.538s] -- Added test 'pep257' to check Python code against some of the docstring style conventions in PEP 257
[10.540s] -- Added test 'uncrustify' to check C / C++ code style
[10.540s] -- Configured uncrustify additional arguments: 
[10.541s] -- Added test 'xmllint' to check XML markup files
[10.544s] -- Configuring done
[10.563s] -- Generating done
[10.568s] -- Build files have been written to: /home/jbaghiro/testWS/build/dynamixel_sdk_examples
[10.603s] Invoked command in '/home/jbaghiro/testWS/build/dynamixel_sdk_examples' returned '0': AMENT_PREFIX_PATH=/home/jbaghiro/testWS/install/dynamixel_sdk_custom_interfaces:/home/jbaghiro/testWS/install/dynamixel_sdk:${AMENT_PREFIX_PATH} CMAKE_PREFIX_PATH=/home/jbaghiro/testWS/install/dynamixel_sdk_custom_interfaces:/home/jbaghiro/testWS/install/dynamixel_sdk:/opt/ros/humble LD_LIBRARY_PATH=/home/jbaghiro/testWS/install/dynamixel_sdk_custom_interfaces/lib:/home/jbaghiro/testWS/install/dynamixel_sdk/lib:/usr/lib/x86_64-linux-gnu/gazebo-11/plugins:/opt/ros/humble/opt/rviz_ogre_vendor/lib:/opt/ros/humble/lib/x86_64-linux-gnu:/opt/ros/humble/lib:/usr/lib/x86_64-linux-gnu/gazebo-11/plugins:/usr/lib/x86_64-linux-gnu/gazebo-11/plugins:/usr/lib/x86_64-linux-gnu/gazebo-11/plugins PYTHONPATH=/home/jbaghiro/testWS/install/dynamixel_sdk_custom_interfaces/local/lib/python3.10/dist-packages:/home/jbaghiro/testWS/install/dynamixel_sdk/local/lib/python3.10/dist-packages:${PYTHONPATH} /usr/bin/cmake /home/jbaghiro/testWS/src/utils/DynamixelSDK/ros/dynamixel_sdk_examples -DCMAKE_INSTALL_PREFIX=/home/jbaghiro/testWS/install/dynamixel_sdk_examples
[10.605s] Invoking command in '/home/jbaghiro/testWS/build/dynamixel_sdk_examples': AMENT_PREFIX_PATH=/home/jbaghiro/testWS/install/dynamixel_sdk_custom_interfaces:/home/jbaghiro/testWS/install/dynamixel_sdk:${AMENT_PREFIX_PATH} CMAKE_PREFIX_PATH=/home/jbaghiro/testWS/install/dynamixel_sdk_custom_interfaces:/home/jbaghiro/testWS/install/dynamixel_sdk:/opt/ros/humble LD_LIBRARY_PATH=/home/jbaghiro/testWS/install/dynamixel_sdk_custom_interfaces/lib:/home/jbaghiro/testWS/install/dynamixel_sdk/lib:/usr/lib/x86_64-linux-gnu/gazebo-11/plugins:/opt/ros/humble/opt/rviz_ogre_vendor/lib:/opt/ros/humble/lib/x86_64-linux-gnu:/opt/ros/humble/lib:/usr/lib/x86_64-linux-gnu/gazebo-11/plugins:/usr/lib/x86_64-linux-gnu/gazebo-11/plugins:/usr/lib/x86_64-linux-gnu/gazebo-11/plugins PYTHONPATH=/home/jbaghiro/testWS/install/dynamixel_sdk_custom_interfaces/local/lib/python3.10/dist-packages:/home/jbaghiro/testWS/install/dynamixel_sdk/local/lib/python3.10/dist-packages:${PYTHONPATH} /usr/bin/cmake --build /home/jbaghiro/testWS/build/dynamixel_sdk_examples -- -j16 -l16
[10.675s] [ 50%] [32mBuilding CXX object CMakeFiles/read_write_node.dir/src/read_write_node.cpp.o[0m
[24.347s] [100%] [32m[1mLinking CXX executable read_write_node[0m
[24.924s] [100%] Built target read_write_node
[24.943s] Invoked command in '/home/jbaghiro/testWS/build/dynamixel_sdk_examples' returned '0': AMENT_PREFIX_PATH=/home/jbaghiro/testWS/install/dynamixel_sdk_custom_interfaces:/home/jbaghiro/testWS/install/dynamixel_sdk:${AMENT_PREFIX_PATH} CMAKE_PREFIX_PATH=/home/jbaghiro/testWS/install/dynamixel_sdk_custom_interfaces:/home/jbaghiro/testWS/install/dynamixel_sdk:/opt/ros/humble LD_LIBRARY_PATH=/home/jbaghiro/testWS/install/dynamixel_sdk_custom_interfaces/lib:/home/jbaghiro/testWS/install/dynamixel_sdk/lib:/usr/lib/x86_64-linux-gnu/gazebo-11/plugins:/opt/ros/humble/opt/rviz_ogre_vendor/lib:/opt/ros/humble/lib/x86_64-linux-gnu:/opt/ros/humble/lib:/usr/lib/x86_64-linux-gnu/gazebo-11/plugins:/usr/lib/x86_64-linux-gnu/gazebo-11/plugins:/usr/lib/x86_64-linux-gnu/gazebo-11/plugins PYTHONPATH=/home/jbaghiro/testWS/install/dynamixel_sdk_custom_interfaces/local/lib/python3.10/dist-packages:/home/jbaghiro/testWS/install/dynamixel_sdk/local/lib/python3.10/dist-packages:${PYTHONPATH} /usr/bin/cmake --build /home/jbaghiro/testWS/build/dynamixel_sdk_examples -- -j16 -l16
[24.945s] Invoking command in '/home/jbaghiro/testWS/build/dynamixel_sdk_examples': AMENT_PREFIX_PATH=/home/jbaghiro/testWS/install/dynamixel_sdk_custom_interfaces:/home/jbaghiro/testWS/install/dynamixel_sdk:${AMENT_PREFIX_PATH} CMAKE_PREFIX_PATH=/home/jbaghiro/testWS/install/dynamixel_sdk_custom_interfaces:/home/jbaghiro/testWS/install/dynamixel_sdk:/opt/ros/humble LD_LIBRARY_PATH=/home/jbaghiro/testWS/install/dynamixel_sdk_custom_interfaces/lib:/home/jbaghiro/testWS/install/dynamixel_sdk/lib:/usr/lib/x86_64-linux-gnu/gazebo-11/plugins:/opt/ros/humble/opt/rviz_ogre_vendor/lib:/opt/ros/humble/lib/x86_64-linux-gnu:/opt/ros/humble/lib:/usr/lib/x86_64-linux-gnu/gazebo-11/plugins:/usr/lib/x86_64-linux-gnu/gazebo-11/plugins:/usr/lib/x86_64-linux-gnu/gazebo-11/plugins PYTHONPATH=/home/jbaghiro/testWS/install/dynamixel_sdk_custom_interfaces/local/lib/python3.10/dist-packages:/home/jbaghiro/testWS/install/dynamixel_sdk/local/lib/python3.10/dist-packages:${PYTHONPATH} /usr/bin/cmake --install /home/jbaghiro/testWS/build/dynamixel_sdk_examples
[24.956s] -- Install configuration: ""
[24.958s] -- Installing: /home/jbaghiro/testWS/install/dynamixel_sdk_examples/lib/dynamixel_sdk_examples/read_write_node
[24.966s] -- Set runtime path of "/home/jbaghiro/testWS/install/dynamixel_sdk_examples/lib/dynamixel_sdk_examples/read_write_node" to ""
[24.966s] -- Installing: /home/jbaghiro/testWS/install/dynamixel_sdk_examples/lib/dynamixel_sdk_examples/read_write_node.py
[24.969s] -- Installing: /home/jbaghiro/testWS/install/dynamixel_sdk_examples/share/ament_index/resource_index/package_run_dependencies/dynamixel_sdk_examples
[24.970s] -- Installing: /home/jbaghiro/testWS/install/dynamixel_sdk_examples/share/ament_index/resource_index/parent_prefix_path/dynamixel_sdk_examples
[24.971s] -- Installing: /home/jbaghiro/testWS/install/dynamixel_sdk_examples/share/dynamixel_sdk_examples/environment/ament_prefix_path.sh
[24.972s] -- Installing: /home/jbaghiro/testWS/install/dynamixel_sdk_examples/share/dynamixel_sdk_examples/environment/ament_prefix_path.dsv
[24.972s] -- Installing: /home/jbaghiro/testWS/install/dynamixel_sdk_examples/share/dynamixel_sdk_examples/environment/path.sh
[24.972s] -- Installing: /home/jbaghiro/testWS/install/dynamixel_sdk_examples/share/dynamixel_sdk_examples/environment/path.dsv
[24.973s] -- Installing: /home/jbaghiro/testWS/install/dynamixel_sdk_examples/share/dynamixel_sdk_examples/local_setup.bash
[24.973s] -- Installing: /home/jbaghiro/testWS/install/dynamixel_sdk_examples/share/dynamixel_sdk_examples/local_setup.sh
[24.974s] -- Installing: /home/jbaghiro/testWS/install/dynamixel_sdk_examples/share/dynamixel_sdk_examples/local_setup.zsh
[24.974s] -- Installing: /home/jbaghiro/testWS/install/dynamixel_sdk_examples/share/dynamixel_sdk_examples/local_setup.dsv
[24.974s] -- Installing: /home/jbaghiro/testWS/install/dynamixel_sdk_examples/share/dynamixel_sdk_examples/package.dsv
[24.976s] -- Installing: /home/jbaghiro/testWS/install/dynamixel_sdk_examples/share/ament_index/resource_index/packages/dynamixel_sdk_examples
[24.977s] -- Installing: /home/jbaghiro/testWS/install/dynamixel_sdk_examples/share/dynamixel_sdk_examples/cmake/dynamixel_sdk_examplesConfig.cmake
[24.977s] -- Installing: /home/jbaghiro/testWS/install/dynamixel_sdk_examples/share/dynamixel_sdk_examples/cmake/dynamixel_sdk_examplesConfig-version.cmake
[24.977s] -- Installing: /home/jbaghiro/testWS/install/dynamixel_sdk_examples/share/dynamixel_sdk_examples/package.xml
[24.982s] Invoked command in '/home/jbaghiro/testWS/build/dynamixel_sdk_examples' returned '0': AMENT_PREFIX_PATH=/home/jbaghiro/testWS/install/dynamixel_sdk_custom_interfaces:/home/jbaghiro/testWS/install/dynamixel_sdk:${AMENT_PREFIX_PATH} CMAKE_PREFIX_PATH=/home/jbaghiro/testWS/install/dynamixel_sdk_custom_interfaces:/home/jbaghiro/testWS/install/dynamixel_sdk:/opt/ros/humble LD_LIBRARY_PATH=/home/jbaghiro/testWS/install/dynamixel_sdk_custom_interfaces/lib:/home/jbaghiro/testWS/install/dynamixel_sdk/lib:/usr/lib/x86_64-linux-gnu/gazebo-11/plugins:/opt/ros/humble/opt/rviz_ogre_vendor/lib:/opt/ros/humble/lib/x86_64-linux-gnu:/opt/ros/humble/lib:/usr/lib/x86_64-linux-gnu/gazebo-11/plugins:/usr/lib/x86_64-linux-gnu/gazebo-11/plugins:/usr/lib/x86_64-linux-gnu/gazebo-11/plugins PYTHONPATH=/home/jbaghiro/testWS/install/dynamixel_sdk_custom_interfaces/local/lib/python3.10/dist-packages:/home/jbaghiro/testWS/install/dynamixel_sdk/local/lib/python3.10/dist-packages:${PYTHONPATH} /usr/bin/cmake --install /home/jbaghiro/testWS/build/dynamixel_sdk_examples
