[1.176s] Invoking command in '/home/jbaghiro/testWS/build/ld08_driver': CMAKE_PREFIX_PATH=${CMAKE_PREFIX_PATH}:/home/jbaghiro/testWS/install/braitenberg_tb3:/home/jbaghiro/testWS/install/turtlebot3_teleop:/home/jbaghiro/testWS/install/turtlebot3_example:/opt/ros/humble /usr/bin/cmake --build /home/jbaghiro/testWS/build/ld08_driver -- -j16 -l16
[1.455s] [100%] Built target ld08_driver
[1.629s] Invoked command in '/home/jbaghiro/testWS/build/ld08_driver' returned '0': CMAKE_PREFIX_PATH=${CMAKE_PREFIX_PATH}:/home/jbaghiro/testWS/install/braitenberg_tb3:/home/jbaghiro/testWS/install/turtlebot3_teleop:/home/jbaghiro/testWS/install/turtlebot3_example:/opt/ros/humble /usr/bin/cmake --build /home/jbaghiro/testWS/build/ld08_driver -- -j16 -l16
[1.631s] Invoking command in '/home/jbaghiro/testWS/build/ld08_driver': CMAKE_PREFIX_PATH=${CMAKE_PREFIX_PATH}:/home/jbaghiro/testWS/install/braitenberg_tb3:/home/jbaghiro/testWS/install/turtlebot3_teleop:/home/jbaghiro/testWS/install/turtlebot3_example:/opt/ros/humble /usr/bin/cmake --install /home/jbaghiro/testWS/build/ld08_driver
[1.674s] -- Install configuration: ""
[1.675s] -- Up-to-date: /home/jbaghiro/testWS/install/ld08_driver/share/ld08_driver/launch
[1.675s] -- Up-to-date: /home/jbaghiro/testWS/install/ld08_driver/share/ld08_driver/launch/ld08.launch.py
[1.675s] -- Up-to-date: /home/jbaghiro/testWS/install/ld08_driver/lib/ld08_driver/ld08_driver
[1.676s] -- Up-to-date: /home/jbaghiro/testWS/install/ld08_driver/share/ament_index/resource_index/package_run_dependencies/ld08_driver
[1.676s] -- Up-to-date: /home/jbaghiro/testWS/install/ld08_driver/share/ament_index/resource_index/parent_prefix_path/ld08_driver
[1.676s] -- Up-to-date: /home/jbaghiro/testWS/install/ld08_driver/share/ld08_driver/environment/ament_prefix_path.sh
[1.676s] -- Up-to-date: /home/jbaghiro/testWS/install/ld08_driver/share/ld08_driver/environment/ament_prefix_path.dsv
[1.677s] -- Up-to-date: /home/jbaghiro/testWS/install/ld08_driver/share/ld08_driver/environment/path.sh
[1.677s] -- Up-to-date: /home/jbaghiro/testWS/install/ld08_driver/share/ld08_driver/environment/path.dsv
[1.677s] -- Up-to-date: /home/jbaghiro/testWS/install/ld08_driver/share/ld08_driver/local_setup.bash
[1.678s] -- Up-to-date: /home/jbaghiro/testWS/install/ld08_driver/share/ld08_driver/local_setup.sh
[1.678s] -- Up-to-date: /home/jbaghiro/testWS/install/ld08_driver/share/ld08_driver/local_setup.zsh
[1.679s] -- Up-to-date: /home/jbaghiro/testWS/install/ld08_driver/share/ld08_driver/local_setup.dsv
[1.679s] -- Installing: /home/jbaghiro/testWS/install/ld08_driver/share/ld08_driver/package.dsv
[1.679s] -- Up-to-date: /home/jbaghiro/testWS/install/ld08_driver/share/ament_index/resource_index/packages/ld08_driver
[1.680s] -- Up-to-date: /home/jbaghiro/testWS/install/ld08_driver/share/ld08_driver/cmake/ament_cmake_export_dependencies-extras.cmake
[1.680s] -- Up-to-date: /home/jbaghiro/testWS/install/ld08_driver/share/ld08_driver/cmake/ament_cmake_export_include_directories-extras.cmake
[1.680s] -- Up-to-date: /home/jbaghiro/testWS/install/ld08_driver/share/ld08_driver/cmake/ld08_driverConfig.cmake
[1.680s] -- Up-to-date: /home/jbaghiro/testWS/install/ld08_driver/share/ld08_driver/cmake/ld08_driverConfig-version.cmake
[1.681s] -- Up-to-date: /home/jbaghiro/testWS/install/ld08_driver/share/ld08_driver/package.xml
[1.745s] Invoked command in '/home/jbaghiro/testWS/build/ld08_driver' returned '0': CMAKE_PREFIX_PATH=${CMAKE_PREFIX_PATH}:/home/jbaghiro/testWS/install/braitenberg_tb3:/home/jbaghiro/testWS/install/turtlebot3_teleop:/home/jbaghiro/testWS/install/turtlebot3_example:/opt/ros/humble /usr/bin/cmake --install /home/jbaghiro/testWS/build/ld08_driver
