[0.069s] Invoking command in '/home/jbaghiro/testWS/build/turtlebot3_cartographer': CMAKE_PREFIX_PATH=/opt/ros/humble /usr/bin/cmake --build /home/jbaghiro/testWS/build/turtlebot3_cartographer -- -j16 -l16
[1.021s] Invoked command in '/home/jbaghiro/testWS/build/turtlebot3_cartographer' returned '0': CMAKE_PREFIX_PATH=/opt/ros/humble /usr/bin/cmake --build /home/jbaghiro/testWS/build/turtlebot3_cartographer -- -j16 -l16
[1.023s] Invoking command in '/home/jbaghiro/testWS/build/turtlebot3_cartographer': CMAKE_PREFIX_PATH=/opt/ros/humble /usr/bin/cmake --install /home/jbaghiro/testWS/build/turtlebot3_cartographer
[1.102s] -- Install configuration: ""
[1.102s] -- Up-to-date: /home/jbaghiro/testWS/install/turtlebot3_cartographer/share/turtlebot3_cartographer/config
[1.102s] -- Up-to-date: /home/jbaghiro/testWS/install/turtlebot3_cartographer/share/turtlebot3_cartographer/config/turtlebot3_lds_2d.lua
[1.102s] -- Up-to-date: /home/jbaghiro/testWS/install/turtlebot3_cartographer/share/turtlebot3_cartographer/launch
[1.103s] -- Up-to-date: /home/jbaghiro/testWS/install/turtlebot3_cartographer/share/turtlebot3_cartographer/launch/occupancy_grid.launch.py
[1.103s] -- Up-to-date: /home/jbaghiro/testWS/install/turtlebot3_cartographer/share/turtlebot3_cartographer/launch/cartographer.launch.py
[1.103s] -- Up-to-date: /home/jbaghiro/testWS/install/turtlebot3_cartographer/share/turtlebot3_cartographer/rviz
[1.103s] -- Up-to-date: /home/jbaghiro/testWS/install/turtlebot3_cartographer/share/turtlebot3_cartographer/rviz/tb3_cartographer.rviz
[1.103s] -- Up-to-date: /home/jbaghiro/testWS/install/turtlebot3_cartographer/share/ament_index/resource_index/package_run_dependencies/turtlebot3_cartographer
[1.104s] -- Up-to-date: /home/jbaghiro/testWS/install/turtlebot3_cartographer/share/ament_index/resource_index/parent_prefix_path/turtlebot3_cartographer
[1.104s] -- Up-to-date: /home/jbaghiro/testWS/install/turtlebot3_cartographer/share/turtlebot3_cartographer/environment/ament_prefix_path.sh
[1.104s] -- Up-to-date: /home/jbaghiro/testWS/install/turtlebot3_cartographer/share/turtlebot3_cartographer/environment/ament_prefix_path.dsv
[1.104s] -- Up-to-date: /home/jbaghiro/testWS/install/turtlebot3_cartographer/share/turtlebot3_cartographer/environment/path.sh
[1.104s] -- Up-to-date: /home/jbaghiro/testWS/install/turtlebot3_cartographer/share/turtlebot3_cartographer/environment/path.dsv
[1.104s] -- Up-to-date: /home/jbaghiro/testWS/install/turtlebot3_cartographer/share/turtlebot3_cartographer/local_setup.bash
[1.104s] -- Up-to-date: /home/jbaghiro/testWS/install/turtlebot3_cartographer/share/turtlebot3_cartographer/local_setup.sh
[1.105s] -- Up-to-date: /home/jbaghiro/testWS/install/turtlebot3_cartographer/share/turtlebot3_cartographer/local_setup.zsh
[1.105s] -- Up-to-date: /home/jbaghiro/testWS/install/turtlebot3_cartographer/share/turtlebot3_cartographer/local_setup.dsv
[1.105s] -- Up-to-date: /home/jbaghiro/testWS/install/turtlebot3_cartographer/share/turtlebot3_cartographer/package.dsv
[1.105s] -- Up-to-date: /home/jbaghiro/testWS/install/turtlebot3_cartographer/share/ament_index/resource_index/packages/turtlebot3_cartographer
[1.105s] -- Up-to-date: /home/jbaghiro/testWS/install/turtlebot3_cartographer/share/turtlebot3_cartographer/cmake/turtlebot3_cartographerConfig.cmake
[1.105s] -- Up-to-date: /home/jbaghiro/testWS/install/turtlebot3_cartographer/share/turtlebot3_cartographer/cmake/turtlebot3_cartographerConfig-version.cmake
[1.106s] -- Up-to-date: /home/jbaghiro/testWS/install/turtlebot3_cartographer/share/turtlebot3_cartographer/package.xml
[1.264s] Invoked command in '/home/jbaghiro/testWS/build/turtlebot3_cartographer' returned '0': CMAKE_PREFIX_PATH=/opt/ros/humble /usr/bin/cmake --install /home/jbaghiro/testWS/build/turtlebot3_cartographer
