[0.169s] Invoking command in '/home/jbaghiro/testWS/build/dynamixel_sdk': CMAKE_PREFIX_PATH=${CMAKE_PREFIX_PATH}:/home/jbaghiro/testWS/install/braitenberg_tb3:/home/jbaghiro/testWS/install/turtlebot3_teleop:/home/jbaghiro/testWS/install/turtlebot3_example:/opt/ros/humble /usr/bin/cmake --build /home/jbaghiro/testWS/build/dynamixel_sdk -- -j16 -l16
[1.289s] [100%] Built target dynamixel_sdk
[1.290s] [100%] Built target ament_cmake_python_copy_dynamixel_sdk
[1.290s] running egg_info
[1.290s] writing dynamixel_sdk.egg-info/PKG-INFO
[1.290s] writing dependency_links to dynamixel_sdk.egg-info/dependency_links.txt
[1.290s] writing top-level names to dynamixel_sdk.egg-info/top_level.txt
[1.290s] reading manifest file 'dynamixel_sdk.egg-info/SOURCES.txt'
[1.290s] writing manifest file 'dynamixel_sdk.egg-info/SOURCES.txt'
[1.290s] [100%] Built target ament_cmake_python_build_dynamixel_sdk_egg
[1.348s] Invoked command in '/home/jbaghiro/testWS/build/dynamixel_sdk' returned '0': CMAKE_PREFIX_PATH=${CMAKE_PREFIX_PATH}:/home/jbaghiro/testWS/install/braitenberg_tb3:/home/jbaghiro/testWS/install/turtlebot3_teleop:/home/jbaghiro/testWS/install/turtlebot3_example:/opt/ros/humble /usr/bin/cmake --build /home/jbaghiro/testWS/build/dynamixel_sdk -- -j16 -l16
[1.351s] Invoking command in '/home/jbaghiro/testWS/build/dynamixel_sdk': CMAKE_PREFIX_PATH=${CMAKE_PREFIX_PATH}:/home/jbaghiro/testWS/install/braitenberg_tb3:/home/jbaghiro/testWS/install/turtlebot3_teleop:/home/jbaghiro/testWS/install/turtlebot3_example:/opt/ros/humble /usr/bin/cmake --install /home/jbaghiro/testWS/build/dynamixel_sdk
[1.514s] -- Install configuration: ""
[1.514s] -- Up-to-date: /home/jbaghiro/testWS/install/dynamixel_sdk/include/
[1.514s] -- Up-to-date: /home/jbaghiro/testWS/install/dynamixel_sdk/include//dynamixel_sdk
[1.514s] -- Up-to-date: /home/jbaghiro/testWS/install/dynamixel_sdk/include//dynamixel_sdk/group_sync_write.h
[1.514s] -- Up-to-date: /home/jbaghiro/testWS/install/dynamixel_sdk/include//dynamixel_sdk/port_handler_arduino.h
[1.515s] -- Up-to-date: /home/jbaghiro/testWS/install/dynamixel_sdk/include//dynamixel_sdk/protocol1_packet_handler.h
[1.515s] -- Up-to-date: /home/jbaghiro/testWS/install/dynamixel_sdk/include//dynamixel_sdk/group_bulk_write.h
[1.515s] -- Up-to-date: /home/jbaghiro/testWS/install/dynamixel_sdk/include//dynamixel_sdk/port_handler_linux.h
[1.515s] -- Up-to-date: /home/jbaghiro/testWS/install/dynamixel_sdk/include//dynamixel_sdk/group_bulk_read.h
[1.515s] -- Up-to-date: /home/jbaghiro/testWS/install/dynamixel_sdk/include//dynamixel_sdk/port_handler_windows.h
[1.515s] -- Up-to-date: /home/jbaghiro/testWS/install/dynamixel_sdk/include//dynamixel_sdk/port_handler_mac.h
[1.515s] -- Up-to-date: /home/jbaghiro/testWS/install/dynamixel_sdk/include//dynamixel_sdk/port_handler.h
[1.516s] -- Up-to-date: /home/jbaghiro/testWS/install/dynamixel_sdk/include//dynamixel_sdk/protocol2_packet_handler.h
[1.516s] -- Up-to-date: /home/jbaghiro/testWS/install/dynamixel_sdk/include//dynamixel_sdk/group_fast_sync_read.h
[1.516s] -- Up-to-date: /home/jbaghiro/testWS/install/dynamixel_sdk/include//dynamixel_sdk/packet_handler.h
[1.516s] -- Up-to-date: /home/jbaghiro/testWS/install/dynamixel_sdk/include//dynamixel_sdk/group_fast_bulk_read.h
[1.516s] -- Up-to-date: /home/jbaghiro/testWS/install/dynamixel_sdk/include//dynamixel_sdk/group_sync_read.h
[1.516s] -- Up-to-date: /home/jbaghiro/testWS/install/dynamixel_sdk/include//dynamixel_sdk/group_handler.h
[1.517s] -- Up-to-date: /home/jbaghiro/testWS/install/dynamixel_sdk/include//dynamixel_sdk/dynamixel_sdk.h
[1.517s] -- Up-to-date: /home/jbaghiro/testWS/install/dynamixel_sdk/lib/libdynamixel_sdk.so
[1.517s] -- Up-to-date: /home/jbaghiro/testWS/install/dynamixel_sdk/share/dynamixel_sdk/environment/pythonpath.sh
[1.517s] -- Up-to-date: /home/jbaghiro/testWS/install/dynamixel_sdk/share/dynamixel_sdk/environment/pythonpath.dsv
[1.517s] -- Up-to-date: /home/jbaghiro/testWS/install/dynamixel_sdk/local/lib/python3.10/dist-packages/dynamixel_sdk-3.8.4-py3.10.egg-info
[1.518s] -- Installing: /home/jbaghiro/testWS/install/dynamixel_sdk/local/lib/python3.10/dist-packages/dynamixel_sdk-3.8.4-py3.10.egg-info/top_level.txt
[1.518s] -- Installing: /home/jbaghiro/testWS/install/dynamixel_sdk/local/lib/python3.10/dist-packages/dynamixel_sdk-3.8.4-py3.10.egg-info/dependency_links.txt
[1.518s] -- Installing: /home/jbaghiro/testWS/install/dynamixel_sdk/local/lib/python3.10/dist-packages/dynamixel_sdk-3.8.4-py3.10.egg-info/PKG-INFO
[1.518s] -- Installing: /home/jbaghiro/testWS/install/dynamixel_sdk/local/lib/python3.10/dist-packages/dynamixel_sdk-3.8.4-py3.10.egg-info/SOURCES.txt
[1.518s] -- Up-to-date: /home/jbaghiro/testWS/install/dynamixel_sdk/local/lib/python3.10/dist-packages/dynamixel_sdk
[1.518s] -- Up-to-date: /home/jbaghiro/testWS/install/dynamixel_sdk/local/lib/python3.10/dist-packages/dynamixel_sdk/protocol1_packet_handler.cpp
[1.519s] -- Up-to-date: /home/jbaghiro/testWS/install/dynamixel_sdk/local/lib/python3.10/dist-packages/dynamixel_sdk/robotis_def.py
[1.519s] -- Up-to-date: /home/jbaghiro/testWS/install/dynamixel_sdk/local/lib/python3.10/dist-packages/dynamixel_sdk/port_handler_linux.cpp
[1.519s] -- Up-to-date: /home/jbaghiro/testWS/install/dynamixel_sdk/local/lib/python3.10/dist-packages/dynamixel_sdk/group_bulk_write.py
[1.519s] -- Up-to-date: /home/jbaghiro/testWS/install/dynamixel_sdk/local/lib/python3.10/dist-packages/dynamixel_sdk/port_handler.py
[1.520s] -- Up-to-date: /home/jbaghiro/testWS/install/dynamixel_sdk/local/lib/python3.10/dist-packages/dynamixel_sdk/group_bulk_read.py
[1.520s] -- Up-to-date: /home/jbaghiro/testWS/install/dynamixel_sdk/local/lib/python3.10/dist-packages/dynamixel_sdk/packet_handler.cpp
[1.520s] -- Up-to-date: /home/jbaghiro/testWS/install/dynamixel_sdk/local/lib/python3.10/dist-packages/dynamixel_sdk/protocol1_packet_handler.py
[1.520s] -- Up-to-date: /home/jbaghiro/testWS/install/dynamixel_sdk/local/lib/python3.10/dist-packages/dynamixel_sdk/port_handler_windows.cpp
[1.520s] -- Up-to-date: /home/jbaghiro/testWS/install/dynamixel_sdk/local/lib/python3.10/dist-packages/dynamixel_sdk/port_handler.cpp
[1.520s] -- Up-to-date: /home/jbaghiro/testWS/install/dynamixel_sdk/local/lib/python3.10/dist-packages/dynamixel_sdk/group_sync_read.cpp
[1.521s] -- Up-to-date: /home/jbaghiro/testWS/install/dynamixel_sdk/local/lib/python3.10/dist-packages/dynamixel_sdk/port_handler_mac.cpp
[1.521s] -- Up-to-date: /home/jbaghiro/testWS/install/dynamixel_sdk/local/lib/python3.10/dist-packages/dynamixel_sdk/port_handler_arduino.cpp
[1.521s] -- Up-to-date: /home/jbaghiro/testWS/install/dynamixel_sdk/local/lib/python3.10/dist-packages/dynamixel_sdk/protocol2_packet_handler.py
[1.521s] -- Up-to-date: /home/jbaghiro/testWS/install/dynamixel_sdk/local/lib/python3.10/dist-packages/dynamixel_sdk/__init__.py
[1.522s] -- Up-to-date: /home/jbaghiro/testWS/install/dynamixel_sdk/local/lib/python3.10/dist-packages/dynamixel_sdk/group_handler.cpp
[1.522s] -- Up-to-date: /home/jbaghiro/testWS/install/dynamixel_sdk/local/lib/python3.10/dist-packages/dynamixel_sdk/group_fast_sync_read.cpp
[1.522s] -- Up-to-date: /home/jbaghiro/testWS/install/dynamixel_sdk/local/lib/python3.10/dist-packages/dynamixel_sdk/group_fast_bulk_read.cpp
[1.522s] -- Up-to-date: /home/jbaghiro/testWS/install/dynamixel_sdk/local/lib/python3.10/dist-packages/dynamixel_sdk/protocol2_packet_handler.cpp
[1.522s] -- Up-to-date: /home/jbaghiro/testWS/install/dynamixel_sdk/local/lib/python3.10/dist-packages/dynamixel_sdk/group_bulk_read.cpp
[1.522s] -- Up-to-date: /home/jbaghiro/testWS/install/dynamixel_sdk/local/lib/python3.10/dist-packages/dynamixel_sdk/group_sync_read.py
[1.523s] -- Up-to-date: /home/jbaghiro/testWS/install/dynamixel_sdk/local/lib/python3.10/dist-packages/dynamixel_sdk/group_sync_write.cpp
[1.523s] -- Up-to-date: /home/jbaghiro/testWS/install/dynamixel_sdk/local/lib/python3.10/dist-packages/dynamixel_sdk/packet_handler.py
[1.523s] -- Up-to-date: /home/jbaghiro/testWS/install/dynamixel_sdk/local/lib/python3.10/dist-packages/dynamixel_sdk/group_sync_write.py
[1.523s] -- Up-to-date: /home/jbaghiro/testWS/install/dynamixel_sdk/local/lib/python3.10/dist-packages/dynamixel_sdk/group_bulk_write.cpp
[1.589s] Listing '/home/jbaghiro/testWS/install/dynamixel_sdk/local/lib/python3.10/dist-packages/dynamixel_sdk'...
[1.589s] -- Up-to-date: /home/jbaghiro/testWS/install/dynamixel_sdk/share/dynamixel_sdk/environment/library_path.sh
[1.589s] -- Up-to-date: /home/jbaghiro/testWS/install/dynamixel_sdk/share/dynamixel_sdk/environment/library_path.dsv
[1.589s] -- Up-to-date: /home/jbaghiro/testWS/install/dynamixel_sdk/share/ament_index/resource_index/package_run_dependencies/dynamixel_sdk
[1.589s] -- Up-to-date: /home/jbaghiro/testWS/install/dynamixel_sdk/share/ament_index/resource_index/parent_prefix_path/dynamixel_sdk
[1.590s] -- Up-to-date: /home/jbaghiro/testWS/install/dynamixel_sdk/share/dynamixel_sdk/environment/ament_prefix_path.sh
[1.590s] -- Up-to-date: /home/jbaghiro/testWS/install/dynamixel_sdk/share/dynamixel_sdk/environment/ament_prefix_path.dsv
[1.590s] -- Up-to-date: /home/jbaghiro/testWS/install/dynamixel_sdk/share/dynamixel_sdk/environment/path.sh
[1.590s] -- Up-to-date: /home/jbaghiro/testWS/install/dynamixel_sdk/share/dynamixel_sdk/environment/path.dsv
[1.590s] -- Up-to-date: /home/jbaghiro/testWS/install/dynamixel_sdk/share/dynamixel_sdk/local_setup.bash
[1.590s] -- Up-to-date: /home/jbaghiro/testWS/install/dynamixel_sdk/share/dynamixel_sdk/local_setup.sh
[1.591s] -- Up-to-date: /home/jbaghiro/testWS/install/dynamixel_sdk/share/dynamixel_sdk/local_setup.zsh
[1.591s] -- Up-to-date: /home/jbaghiro/testWS/install/dynamixel_sdk/share/dynamixel_sdk/local_setup.dsv
[1.591s] -- Installing: /home/jbaghiro/testWS/install/dynamixel_sdk/share/dynamixel_sdk/package.dsv
[1.591s] -- Up-to-date: /home/jbaghiro/testWS/install/dynamixel_sdk/share/ament_index/resource_index/packages/dynamixel_sdk
[1.591s] -- Up-to-date: /home/jbaghiro/testWS/install/dynamixel_sdk/share/dynamixel_sdk/cmake/dynamixel_sdkExport.cmake
[1.591s] -- Up-to-date: /home/jbaghiro/testWS/install/dynamixel_sdk/share/dynamixel_sdk/cmake/dynamixel_sdkExport-noconfig.cmake
[1.592s] -- Up-to-date: /home/jbaghiro/testWS/install/dynamixel_sdk/share/dynamixel_sdk/cmake/ament_cmake_export_targets-extras.cmake
[1.592s] -- Up-to-date: /home/jbaghiro/testWS/install/dynamixel_sdk/share/dynamixel_sdk/cmake/ament_cmake_export_include_directories-extras.cmake
[1.592s] -- Up-to-date: /home/jbaghiro/testWS/install/dynamixel_sdk/share/dynamixel_sdk/cmake/ament_cmake_export_libraries-extras.cmake
[1.592s] -- Up-to-date: /home/jbaghiro/testWS/install/dynamixel_sdk/share/dynamixel_sdk/cmake/dynamixel_sdkConfig.cmake
[1.592s] -- Up-to-date: /home/jbaghiro/testWS/install/dynamixel_sdk/share/dynamixel_sdk/cmake/dynamixel_sdkConfig-version.cmake
[1.592s] -- Up-to-date: /home/jbaghiro/testWS/install/dynamixel_sdk/share/dynamixel_sdk/package.xml
[1.735s] Invoked command in '/home/jbaghiro/testWS/build/dynamixel_sdk' returned '0': CMAKE_PREFIX_PATH=${CMAKE_PREFIX_PATH}:/home/jbaghiro/testWS/install/braitenberg_tb3:/home/jbaghiro/testWS/install/turtlebot3_teleop:/home/jbaghiro/testWS/install/turtlebot3_example:/opt/ros/humble /usr/bin/cmake --install /home/jbaghiro/testWS/build/dynamixel_sdk
