[0.081s] Invoking command in '/home/jbaghiro/testWS/build/turtlebot3_navigation2': CMAKE_PREFIX_PATH=/opt/ros/humble /usr/bin/cmake /home/jbaghiro/testWS/src/turtlebot3/turtlebot3/turtlebot3_navigation2 -DCMAKE_INSTALL_PREFIX=/home/jbaghiro/testWS/install/turtlebot3_navigation2
[0.771s] -- The C compiler identification is GNU 11.4.0
[0.906s] -- The CXX compiler identification is GNU 11.4.0
[1.378s] -- Detecting C compiler ABI info
[1.605s] -- Detecting C compiler ABI info - done
[1.615s] -- Check for working C compiler: /usr/bin/cc - skipped
[1.616s] -- Detecting C compile features
[1.616s] -- Detecting C compile features - done
[1.622s] -- Detecting CXX compiler ABI info
[1.965s] -- Detecting CXX compiler ABI info - done
[1.978s] -- Check for working CXX compiler: /usr/bin/c++ - skipped
[1.978s] -- Detecting CXX compile features
[1.979s] -- Detecting CXX compile features - done
[1.986s] -- Found ament_cmake: 1.3.12 (/opt/ros/humble/share/ament_cmake/cmake)
[2.310s] -- Found Python3: /usr/bin/python3 (found version "3.10.12") found components: Interpreter 
[2.645s] -- Configuring done
[2.650s] -- Generating done
[2.657s] -- Build files have been written to: /home/jbaghiro/testWS/build/turtlebot3_navigation2
[2.704s] Invoked command in '/home/jbaghiro/testWS/build/turtlebot3_navigation2' returned '0': CMAKE_PREFIX_PATH=/opt/ros/humble /usr/bin/cmake /home/jbaghiro/testWS/src/turtlebot3/turtlebot3/turtlebot3_navigation2 -DCMAKE_INSTALL_PREFIX=/home/jbaghiro/testWS/install/turtlebot3_navigation2
[2.704s] Invoking command in '/home/jbaghiro/testWS/build/turtlebot3_navigation2': CMAKE_PREFIX_PATH=/opt/ros/humble /usr/bin/cmake --build /home/jbaghiro/testWS/build/turtlebot3_navigation2 -- -j16 -l16
[2.785s] Invoked command in '/home/jbaghiro/testWS/build/turtlebot3_navigation2' returned '0': CMAKE_PREFIX_PATH=/opt/ros/humble /usr/bin/cmake --build /home/jbaghiro/testWS/build/turtlebot3_navigation2 -- -j16 -l16
[2.792s] Invoking command in '/home/jbaghiro/testWS/build/turtlebot3_navigation2': CMAKE_PREFIX_PATH=/opt/ros/humble /usr/bin/cmake --install /home/jbaghiro/testWS/build/turtlebot3_navigation2
[2.808s] -- Install configuration: ""
[2.808s] -- Installing: /home/jbaghiro/testWS/install/turtlebot3_navigation2/share/turtlebot3_navigation2/launch
[2.815s] -- Installing: /home/jbaghiro/testWS/install/turtlebot3_navigation2/share/turtlebot3_navigation2/launch/navigation2.launch.py
[2.816s] -- Installing: /home/jbaghiro/testWS/install/turtlebot3_navigation2/share/turtlebot3_navigation2/map
[2.816s] -- Installing: /home/jbaghiro/testWS/install/turtlebot3_navigation2/share/turtlebot3_navigation2/map/map.yaml
[2.816s] -- Installing: /home/jbaghiro/testWS/install/turtlebot3_navigation2/share/turtlebot3_navigation2/map/map.pgm
[2.816s] -- Installing: /home/jbaghiro/testWS/install/turtlebot3_navigation2/share/turtlebot3_navigation2/param
[2.817s] -- Installing: /home/jbaghiro/testWS/install/turtlebot3_navigation2/share/turtlebot3_navigation2/param/waffle.yaml
[2.817s] -- Installing: /home/jbaghiro/testWS/install/turtlebot3_navigation2/share/turtlebot3_navigation2/param/waffle_pi.yaml
[2.817s] -- Installing: /home/jbaghiro/testWS/install/turtlebot3_navigation2/share/turtlebot3_navigation2/param/burger_cam.yaml
[2.818s] -- Installing: /home/jbaghiro/testWS/install/turtlebot3_navigation2/share/turtlebot3_navigation2/param/humble
[2.820s] -- Installing: /home/jbaghiro/testWS/install/turtlebot3_navigation2/share/turtlebot3_navigation2/param/humble/waffle.yaml
[2.826s] -- Installing: /home/jbaghiro/testWS/install/turtlebot3_navigation2/share/turtlebot3_navigation2/param/humble/waffle_pi.yaml
[2.826s] -- Installing: /home/jbaghiro/testWS/install/turtlebot3_navigation2/share/turtlebot3_navigation2/param/humble/burger_cam.yaml
[2.827s] -- Installing: /home/jbaghiro/testWS/install/turtlebot3_navigation2/share/turtlebot3_navigation2/param/humble/burger.yaml
[2.827s] -- Installing: /home/jbaghiro/testWS/install/turtlebot3_navigation2/share/turtlebot3_navigation2/param/burger.yaml
[2.827s] -- Installing: /home/jbaghiro/testWS/install/turtlebot3_navigation2/share/turtlebot3_navigation2/rviz
[2.827s] -- Installing: /home/jbaghiro/testWS/install/turtlebot3_navigation2/share/turtlebot3_navigation2/rviz/tb3_navigation2.rviz
[2.827s] -- Installing: /home/jbaghiro/testWS/install/turtlebot3_navigation2/share/ament_index/resource_index/package_run_dependencies/turtlebot3_navigation2
[2.847s] -- Installing: /home/jbaghiro/testWS/install/turtlebot3_navigation2/share/ament_index/resource_index/parent_prefix_path/turtlebot3_navigation2
[2.847s] -- Installing: /home/jbaghiro/testWS/install/turtlebot3_navigation2/share/turtlebot3_navigation2/environment/ament_prefix_path.sh
[2.847s] -- Installing: /home/jbaghiro/testWS/install/turtlebot3_navigation2/share/turtlebot3_navigation2/environment/ament_prefix_path.dsv
[2.847s] -- Installing: /home/jbaghiro/testWS/install/turtlebot3_navigation2/share/turtlebot3_navigation2/environment/path.sh
[2.847s] -- Installing: /home/jbaghiro/testWS/install/turtlebot3_navigation2/share/turtlebot3_navigation2/environment/path.dsv
[2.847s] -- Installing: /home/jbaghiro/testWS/install/turtlebot3_navigation2/share/turtlebot3_navigation2/local_setup.bash
[2.847s] -- Installing: /home/jbaghiro/testWS/install/turtlebot3_navigation2/share/turtlebot3_navigation2/local_setup.sh
[2.847s] -- Installing: /home/jbaghiro/testWS/install/turtlebot3_navigation2/share/turtlebot3_navigation2/local_setup.zsh
[2.847s] -- Installing: /home/jbaghiro/testWS/install/turtlebot3_navigation2/share/turtlebot3_navigation2/local_setup.dsv
[2.848s] -- Installing: /home/jbaghiro/testWS/install/turtlebot3_navigation2/share/turtlebot3_navigation2/package.dsv
[2.848s] -- Installing: /home/jbaghiro/testWS/install/turtlebot3_navigation2/share/ament_index/resource_index/packages/turtlebot3_navigation2
[2.848s] -- Installing: /home/jbaghiro/testWS/install/turtlebot3_navigation2/share/turtlebot3_navigation2/cmake/turtlebot3_navigation2Config.cmake
[2.848s] -- Installing: /home/jbaghiro/testWS/install/turtlebot3_navigation2/share/turtlebot3_navigation2/cmake/turtlebot3_navigation2Config-version.cmake
[2.848s] -- Installing: /home/jbaghiro/testWS/install/turtlebot3_navigation2/share/turtlebot3_navigation2/package.xml
[2.868s] Invoked command in '/home/jbaghiro/testWS/build/turtlebot3_navigation2' returned '0': CMAKE_PREFIX_PATH=/opt/ros/humble /usr/bin/cmake --install /home/jbaghiro/testWS/build/turtlebot3_navigation2
