[0.417s] Invoking command in '/home/jbaghiro/testWS/build/turtlebot3_fake_node': CMAKE_PREFIX_PATH=/home/jbaghiro/testWS/install/turtlebot3_msgs:/home/jbaghiro/testWS/install/turtlebot3:/home/jbaghiro/testWS/install/turtlebot3_simulations:/home/jbaghiro/testWS/install/turtlebot3_bringup:/home/jbaghiro/testWS/install/turtlebot3_node:/home/jbaghiro/testWS/install/turtlebot3_navigation2:/home/jbaghiro/testWS/install/turtlebot3_fake_node:/home/jbaghiro/testWS/install/turtlebot3_manipulation_gazebo:/home/jbaghiro/testWS/install/turtlebot3_gazebo:/home/jbaghiro/testWS/install/turtlebot3_description:/home/jbaghiro/testWS/install/turtlebot3_cartographer:/home/jbaghiro/testWS/install/ld08_driver:/home/jbaghiro/testWS/install/hls_lfcd_lds_driver:/home/jbaghiro/testWS/install/dynamixel_sdk_examples:/home/jbaghiro/testWS/install/dynamixel_sdk_custom_interfaces:/home/jbaghiro/testWS/install/dynamixel_sdk:/home/jbaghiro/testWS/install/turtlebot3_teleop:/home/jbaghiro/testWS/install/turtlebot3_example:/opt/ros/humble /usr/bin/cmake --build /home/jbaghiro/testWS/build/turtlebot3_fake_node -- -j16 -l16
[0.479s] [35m[1mConsolidate compiler generated dependencies of target turtlebot3_fake_node[0m
[0.513s] [100%] Built target turtlebot3_fake_node
[0.534s] Invoked command in '/home/jbaghiro/testWS/build/turtlebot3_fake_node' returned '0': CMAKE_PREFIX_PATH=/home/jbaghiro/testWS/install/turtlebot3_msgs:/home/jbaghiro/testWS/install/turtlebot3:/home/jbaghiro/testWS/install/turtlebot3_simulations:/home/jbaghiro/testWS/install/turtlebot3_bringup:/home/jbaghiro/testWS/install/turtlebot3_node:/home/jbaghiro/testWS/install/turtlebot3_navigation2:/home/jbaghiro/testWS/install/turtlebot3_fake_node:/home/jbaghiro/testWS/install/turtlebot3_manipulation_gazebo:/home/jbaghiro/testWS/install/turtlebot3_gazebo:/home/jbaghiro/testWS/install/turtlebot3_description:/home/jbaghiro/testWS/install/turtlebot3_cartographer:/home/jbaghiro/testWS/install/ld08_driver:/home/jbaghiro/testWS/install/hls_lfcd_lds_driver:/home/jbaghiro/testWS/install/dynamixel_sdk_examples:/home/jbaghiro/testWS/install/dynamixel_sdk_custom_interfaces:/home/jbaghiro/testWS/install/dynamixel_sdk:/home/jbaghiro/testWS/install/turtlebot3_teleop:/home/jbaghiro/testWS/install/turtlebot3_example:/opt/ros/humble /usr/bin/cmake --build /home/jbaghiro/testWS/build/turtlebot3_fake_node -- -j16 -l16
[0.537s] Invoking command in '/home/jbaghiro/testWS/build/turtlebot3_fake_node': CMAKE_PREFIX_PATH=/home/jbaghiro/testWS/install/turtlebot3_msgs:/home/jbaghiro/testWS/install/turtlebot3:/home/jbaghiro/testWS/install/turtlebot3_simulations:/home/jbaghiro/testWS/install/turtlebot3_bringup:/home/jbaghiro/testWS/install/turtlebot3_node:/home/jbaghiro/testWS/install/turtlebot3_navigation2:/home/jbaghiro/testWS/install/turtlebot3_fake_node:/home/jbaghiro/testWS/install/turtlebot3_manipulation_gazebo:/home/jbaghiro/testWS/install/turtlebot3_gazebo:/home/jbaghiro/testWS/install/turtlebot3_description:/home/jbaghiro/testWS/install/turtlebot3_cartographer:/home/jbaghiro/testWS/install/ld08_driver:/home/jbaghiro/testWS/install/hls_lfcd_lds_driver:/home/jbaghiro/testWS/install/dynamixel_sdk_examples:/home/jbaghiro/testWS/install/dynamixel_sdk_custom_interfaces:/home/jbaghiro/testWS/install/dynamixel_sdk:/home/jbaghiro/testWS/install/turtlebot3_teleop:/home/jbaghiro/testWS/install/turtlebot3_example:/opt/ros/humble /usr/bin/cmake --install /home/jbaghiro/testWS/build/turtlebot3_fake_node
[0.549s] -- Install configuration: ""
[0.551s] -- Up-to-date: /home/jbaghiro/testWS/install/turtlebot3_fake_node/lib/turtlebot3_fake_node/turtlebot3_fake_node
[0.551s] -- Up-to-date: /home/jbaghiro/testWS/install/turtlebot3_fake_node/share/turtlebot3_fake_node/launch
[0.552s] -- Up-to-date: /home/jbaghiro/testWS/install/turtlebot3_fake_node/share/turtlebot3_fake_node/launch/rviz2.launch.py
[0.552s] -- Up-to-date: /home/jbaghiro/testWS/install/turtlebot3_fake_node/share/turtlebot3_fake_node/launch/turtlebot3_fake_node.launch.py
[0.552s] -- Up-to-date: /home/jbaghiro/testWS/install/turtlebot3_fake_node/share/turtlebot3_fake_node/param
[0.552s] -- Up-to-date: /home/jbaghiro/testWS/install/turtlebot3_fake_node/share/turtlebot3_fake_node/param/waffle.yaml
[0.552s] -- Up-to-date: /home/jbaghiro/testWS/install/turtlebot3_fake_node/share/turtlebot3_fake_node/param/waffle_pi.yaml
[0.552s] -- Up-to-date: /home/jbaghiro/testWS/install/turtlebot3_fake_node/share/turtlebot3_fake_node/param/burger.yaml
[0.553s] -- Up-to-date: /home/jbaghiro/testWS/install/turtlebot3_fake_node/include/
[0.553s] -- Up-to-date: /home/jbaghiro/testWS/install/turtlebot3_fake_node/include//turtlebot3_fake_node
[0.553s] -- Up-to-date: /home/jbaghiro/testWS/install/turtlebot3_fake_node/include//turtlebot3_fake_node/turtlebot3_fake_node.hpp
[0.553s] -- Up-to-date: /home/jbaghiro/testWS/install/turtlebot3_fake_node/share/ament_index/resource_index/package_run_dependencies/turtlebot3_fake_node
[0.553s] -- Up-to-date: /home/jbaghiro/testWS/install/turtlebot3_fake_node/share/ament_index/resource_index/parent_prefix_path/turtlebot3_fake_node
[0.554s] -- Up-to-date: /home/jbaghiro/testWS/install/turtlebot3_fake_node/share/turtlebot3_fake_node/environment/ament_prefix_path.sh
[0.554s] -- Up-to-date: /home/jbaghiro/testWS/install/turtlebot3_fake_node/share/turtlebot3_fake_node/environment/ament_prefix_path.dsv
[0.554s] -- Up-to-date: /home/jbaghiro/testWS/install/turtlebot3_fake_node/share/turtlebot3_fake_node/environment/path.sh
[0.554s] -- Up-to-date: /home/jbaghiro/testWS/install/turtlebot3_fake_node/share/turtlebot3_fake_node/environment/path.dsv
[0.555s] -- Up-to-date: /home/jbaghiro/testWS/install/turtlebot3_fake_node/share/turtlebot3_fake_node/local_setup.bash
[0.555s] -- Up-to-date: /home/jbaghiro/testWS/install/turtlebot3_fake_node/share/turtlebot3_fake_node/local_setup.sh
[0.555s] -- Up-to-date: /home/jbaghiro/testWS/install/turtlebot3_fake_node/share/turtlebot3_fake_node/local_setup.zsh
[0.555s] -- Up-to-date: /home/jbaghiro/testWS/install/turtlebot3_fake_node/share/turtlebot3_fake_node/local_setup.dsv
[0.556s] -- Installing: /home/jbaghiro/testWS/install/turtlebot3_fake_node/share/turtlebot3_fake_node/package.dsv
[0.556s] -- Up-to-date: /home/jbaghiro/testWS/install/turtlebot3_fake_node/share/ament_index/resource_index/packages/turtlebot3_fake_node
[0.556s] -- Up-to-date: /home/jbaghiro/testWS/install/turtlebot3_fake_node/share/turtlebot3_fake_node/cmake/ament_cmake_export_include_directories-extras.cmake
[0.556s] -- Up-to-date: /home/jbaghiro/testWS/install/turtlebot3_fake_node/share/turtlebot3_fake_node/cmake/ament_cmake_export_dependencies-extras.cmake
[0.556s] -- Up-to-date: /home/jbaghiro/testWS/install/turtlebot3_fake_node/share/turtlebot3_fake_node/cmake/turtlebot3_fake_nodeConfig.cmake
[0.556s] -- Up-to-date: /home/jbaghiro/testWS/install/turtlebot3_fake_node/share/turtlebot3_fake_node/cmake/turtlebot3_fake_nodeConfig-version.cmake
[0.556s] -- Up-to-date: /home/jbaghiro/testWS/install/turtlebot3_fake_node/share/turtlebot3_fake_node/package.xml
[0.561s] Invoked command in '/home/jbaghiro/testWS/build/turtlebot3_fake_node' returned '0': CMAKE_PREFIX_PATH=/home/jbaghiro/testWS/install/turtlebot3_msgs:/home/jbaghiro/testWS/install/turtlebot3:/home/jbaghiro/testWS/install/turtlebot3_simulations:/home/jbaghiro/testWS/install/turtlebot3_bringup:/home/jbaghiro/testWS/install/turtlebot3_node:/home/jbaghiro/testWS/install/turtlebot3_navigation2:/home/jbaghiro/testWS/install/turtlebot3_fake_node:/home/jbaghiro/testWS/install/turtlebot3_manipulation_gazebo:/home/jbaghiro/testWS/install/turtlebot3_gazebo:/home/jbaghiro/testWS/install/turtlebot3_description:/home/jbaghiro/testWS/install/turtlebot3_cartographer:/home/jbaghiro/testWS/install/ld08_driver:/home/jbaghiro/testWS/install/hls_lfcd_lds_driver:/home/jbaghiro/testWS/install/dynamixel_sdk_examples:/home/jbaghiro/testWS/install/dynamixel_sdk_custom_interfaces:/home/jbaghiro/testWS/install/dynamixel_sdk:/home/jbaghiro/testWS/install/turtlebot3_teleop:/home/jbaghiro/testWS/install/turtlebot3_example:/opt/ros/humble /usr/bin/cmake --install /home/jbaghiro/testWS/build/turtlebot3_fake_node
