[0.066s] Invoking command in '/home/jbaghiro/testWS/build/dynamixel_sdk': CMAKE_PREFIX_PATH=/opt/ros/humble /usr/bin/cmake /home/jbaghiro/testWS/src/utils/DynamixelSDK/ros/dynamixel_sdk -DCMAKE_INSTALL_PREFIX=/home/jbaghiro/testWS/install/dynamixel_sdk
[0.492s] -- The C compiler identification is GNU 11.4.0
[1.181s] -- The CXX compiler identification is GNU 11.4.0
[1.886s] -- Detecting C compiler ABI info
[2.133s] -- Detecting C compiler ABI info - done
[2.141s] -- Check for working C compiler: /usr/bin/cc - skipped
[2.141s] -- Detecting C compile features
[2.141s] -- Detecting C compile features - done
[2.145s] -- Detecting CXX compiler ABI info
[2.446s] -- Detecting CXX compiler ABI info - done
[2.459s] -- Check for working CXX compiler: /usr/bin/c++ - skipped
[2.459s] -- Detecting CXX compile features
[2.460s] -- Detecting CXX compile features - done
[2.465s] -- Found ament_cmake: 1.3.12 (/opt/ros/humble/share/ament_cmake/cmake)
[2.705s] -- Found Python3: /usr/bin/python3 (found version "3.10.12") found components: Interpreter 
[3.076s] -- Configuring done
[3.100s] -- Generating done
[3.104s] -- Build files have been written to: /home/jbaghiro/testWS/build/dynamixel_sdk
[3.111s] Invoked command in '/home/jbaghiro/testWS/build/dynamixel_sdk' returned '0': CMAKE_PREFIX_PATH=/opt/ros/humble /usr/bin/cmake /home/jbaghiro/testWS/src/utils/DynamixelSDK/ros/dynamixel_sdk -DCMAKE_INSTALL_PREFIX=/home/jbaghiro/testWS/install/dynamixel_sdk
[3.114s] Invoking command in '/home/jbaghiro/testWS/build/dynamixel_sdk': CMAKE_PREFIX_PATH=/opt/ros/humble /usr/bin/cmake --build /home/jbaghiro/testWS/build/dynamixel_sdk -- -j16 -l16
[3.201s] [  7%] [32mBuilding CXX object CMakeFiles/dynamixel_sdk.dir/src/dynamixel_sdk/group_sync_read.cpp.o[0m
[3.201s] [ 15%] [32mBuilding CXX object CMakeFiles/dynamixel_sdk.dir/src/dynamixel_sdk/protocol2_packet_handler.cpp.o[0m
[3.201s] [ 23%] [32mBuilding CXX object CMakeFiles/dynamixel_sdk.dir/src/dynamixel_sdk/packet_handler.cpp.o[0m
[3.202s] [ 38%] [32mBuilding CXX object CMakeFiles/dynamixel_sdk.dir/src/dynamixel_sdk/group_sync_write.cpp.o[0m
[3.203s] [ 38%] [32mBuilding CXX object CMakeFiles/dynamixel_sdk.dir/src/dynamixel_sdk/group_bulk_read.cpp.o[0m
[3.203s] [ 46%] [32mBuilding CXX object CMakeFiles/dynamixel_sdk.dir/src/dynamixel_sdk/group_bulk_write.cpp.o[0m
[3.203s] [ 53%] [32mBuilding CXX object CMakeFiles/dynamixel_sdk.dir/src/dynamixel_sdk/group_fast_sync_read.cpp.o[0m
[3.205s] [ 61%] [32mBuilding CXX object CMakeFiles/dynamixel_sdk.dir/src/dynamixel_sdk/group_handler.cpp.o[0m
[3.205s] [ 69%] [32mBuilding CXX object CMakeFiles/dynamixel_sdk.dir/src/dynamixel_sdk/protocol1_packet_handler.cpp.o[0m
[3.211s] [ 76%] [32mBuilding CXX object CMakeFiles/dynamixel_sdk.dir/src/dynamixel_sdk/port_handler_linux.cpp.o[0m
[3.211s] [ 84%] [32mBuilding CXX object CMakeFiles/dynamixel_sdk.dir/src/dynamixel_sdk/port_handler.cpp.o[0m
[3.216s] [ 92%] [32mBuilding CXX object CMakeFiles/dynamixel_sdk.dir/src/dynamixel_sdk/group_fast_bulk_read.cpp.o[0m
[3.231s] [ 92%] Built target ament_cmake_python_copy_dynamixel_sdk
[3.850s] running egg_info
[3.852s] creating dynamixel_sdk.egg-info
[3.855s] writing dynamixel_sdk.egg-info/PKG-INFO
[3.855s] writing dependency_links to dynamixel_sdk.egg-info/dependency_links.txt
[3.855s] writing top-level names to dynamixel_sdk.egg-info/top_level.txt
[3.856s] writing manifest file 'dynamixel_sdk.egg-info/SOURCES.txt'
[3.860s] reading manifest file 'dynamixel_sdk.egg-info/SOURCES.txt'
[3.861s] writing manifest file 'dynamixel_sdk.egg-info/SOURCES.txt'
[3.931s] [ 92%] Built target ament_cmake_python_build_dynamixel_sdk_egg
[4.220s] [100%] [32m[1mLinking CXX shared library libdynamixel_sdk.so[0m
[4.530s] [100%] Built target dynamixel_sdk
[4.547s] Invoked command in '/home/jbaghiro/testWS/build/dynamixel_sdk' returned '0': CMAKE_PREFIX_PATH=/opt/ros/humble /usr/bin/cmake --build /home/jbaghiro/testWS/build/dynamixel_sdk -- -j16 -l16
[4.550s] Invoking command in '/home/jbaghiro/testWS/build/dynamixel_sdk': CMAKE_PREFIX_PATH=/opt/ros/humble /usr/bin/cmake --install /home/jbaghiro/testWS/build/dynamixel_sdk
[4.561s] -- Install configuration: ""
[4.561s] -- Installing: /home/jbaghiro/testWS/install/dynamixel_sdk/include/
[4.562s] -- Installing: /home/jbaghiro/testWS/install/dynamixel_sdk/include//dynamixel_sdk
[4.562s] -- Installing: /home/jbaghiro/testWS/install/dynamixel_sdk/include//dynamixel_sdk/group_sync_write.h
[4.563s] -- Installing: /home/jbaghiro/testWS/install/dynamixel_sdk/include//dynamixel_sdk/port_handler_arduino.h
[4.563s] -- Installing: /home/jbaghiro/testWS/install/dynamixel_sdk/include//dynamixel_sdk/protocol1_packet_handler.h
[4.563s] -- Installing: /home/jbaghiro/testWS/install/dynamixel_sdk/include//dynamixel_sdk/group_bulk_write.h
[4.563s] -- Installing: /home/jbaghiro/testWS/install/dynamixel_sdk/include//dynamixel_sdk/port_handler_linux.h
[4.564s] -- Installing: /home/jbaghiro/testWS/install/dynamixel_sdk/include//dynamixel_sdk/group_bulk_read.h
[4.564s] -- Installing: /home/jbaghiro/testWS/install/dynamixel_sdk/include//dynamixel_sdk/port_handler_windows.h
[4.564s] -- Installing: /home/jbaghiro/testWS/install/dynamixel_sdk/include//dynamixel_sdk/port_handler_mac.h
[4.564s] -- Installing: /home/jbaghiro/testWS/install/dynamixel_sdk/include//dynamixel_sdk/port_handler.h
[4.565s] -- Installing: /home/jbaghiro/testWS/install/dynamixel_sdk/include//dynamixel_sdk/protocol2_packet_handler.h
[4.565s] -- Installing: /home/jbaghiro/testWS/install/dynamixel_sdk/include//dynamixel_sdk/group_fast_sync_read.h
[4.565s] -- Installing: /home/jbaghiro/testWS/install/dynamixel_sdk/include//dynamixel_sdk/packet_handler.h
[4.565s] -- Installing: /home/jbaghiro/testWS/install/dynamixel_sdk/include//dynamixel_sdk/group_fast_bulk_read.h
[4.566s] -- Installing: /home/jbaghiro/testWS/install/dynamixel_sdk/include//dynamixel_sdk/group_sync_read.h
[4.566s] -- Installing: /home/jbaghiro/testWS/install/dynamixel_sdk/include//dynamixel_sdk/group_handler.h
[4.566s] -- Installing: /home/jbaghiro/testWS/install/dynamixel_sdk/include//dynamixel_sdk/dynamixel_sdk.h
[4.567s] -- Installing: /home/jbaghiro/testWS/install/dynamixel_sdk/lib/libdynamixel_sdk.so
[4.569s] -- Installing: /home/jbaghiro/testWS/install/dynamixel_sdk/share/dynamixel_sdk/environment/pythonpath.sh
[4.569s] -- Installing: /home/jbaghiro/testWS/install/dynamixel_sdk/share/dynamixel_sdk/environment/pythonpath.dsv
[4.570s] -- Installing: /home/jbaghiro/testWS/install/dynamixel_sdk/local/lib/python3.10/dist-packages/dynamixel_sdk-3.8.4-py3.10.egg-info
[4.572s] -- Installing: /home/jbaghiro/testWS/install/dynamixel_sdk/local/lib/python3.10/dist-packages/dynamixel_sdk-3.8.4-py3.10.egg-info/top_level.txt
[4.572s] -- Installing: /home/jbaghiro/testWS/install/dynamixel_sdk/local/lib/python3.10/dist-packages/dynamixel_sdk-3.8.4-py3.10.egg-info/dependency_links.txt
[4.573s] -- Installing: /home/jbaghiro/testWS/install/dynamixel_sdk/local/lib/python3.10/dist-packages/dynamixel_sdk-3.8.4-py3.10.egg-info/PKG-INFO
[4.573s] -- Installing: /home/jbaghiro/testWS/install/dynamixel_sdk/local/lib/python3.10/dist-packages/dynamixel_sdk-3.8.4-py3.10.egg-info/SOURCES.txt
[4.573s] -- Installing: /home/jbaghiro/testWS/install/dynamixel_sdk/local/lib/python3.10/dist-packages/dynamixel_sdk
[4.574s] -- Installing: /home/jbaghiro/testWS/install/dynamixel_sdk/local/lib/python3.10/dist-packages/dynamixel_sdk/protocol1_packet_handler.cpp
[4.574s] -- Installing: /home/jbaghiro/testWS/install/dynamixel_sdk/local/lib/python3.10/dist-packages/dynamixel_sdk/robotis_def.py
[4.574s] -- Installing: /home/jbaghiro/testWS/install/dynamixel_sdk/local/lib/python3.10/dist-packages/dynamixel_sdk/port_handler_linux.cpp
[4.575s] -- Installing: /home/jbaghiro/testWS/install/dynamixel_sdk/local/lib/python3.10/dist-packages/dynamixel_sdk/group_bulk_write.py
[4.575s] -- Installing: /home/jbaghiro/testWS/install/dynamixel_sdk/local/lib/python3.10/dist-packages/dynamixel_sdk/port_handler.py
[4.575s] -- Installing: /home/jbaghiro/testWS/install/dynamixel_sdk/local/lib/python3.10/dist-packages/dynamixel_sdk/group_bulk_read.py
[4.575s] -- Installing: /home/jbaghiro/testWS/install/dynamixel_sdk/local/lib/python3.10/dist-packages/dynamixel_sdk/packet_handler.cpp
[4.576s] -- Installing: /home/jbaghiro/testWS/install/dynamixel_sdk/local/lib/python3.10/dist-packages/dynamixel_sdk/protocol1_packet_handler.py
[4.576s] -- Installing: /home/jbaghiro/testWS/install/dynamixel_sdk/local/lib/python3.10/dist-packages/dynamixel_sdk/port_handler_windows.cpp
[4.576s] -- Installing: /home/jbaghiro/testWS/install/dynamixel_sdk/local/lib/python3.10/dist-packages/dynamixel_sdk/port_handler.cpp
[4.577s] -- Installing: /home/jbaghiro/testWS/install/dynamixel_sdk/local/lib/python3.10/dist-packages/dynamixel_sdk/group_sync_read.cpp
[4.577s] -- Installing: /home/jbaghiro/testWS/install/dynamixel_sdk/local/lib/python3.10/dist-packages/dynamixel_sdk/port_handler_mac.cpp
[4.577s] -- Installing: /home/jbaghiro/testWS/install/dynamixel_sdk/local/lib/python3.10/dist-packages/dynamixel_sdk/port_handler_arduino.cpp
[4.577s] -- Installing: /home/jbaghiro/testWS/install/dynamixel_sdk/local/lib/python3.10/dist-packages/dynamixel_sdk/protocol2_packet_handler.py
[4.578s] -- Installing: /home/jbaghiro/testWS/install/dynamixel_sdk/local/lib/python3.10/dist-packages/dynamixel_sdk/__init__.py
[4.578s] -- Installing: /home/jbaghiro/testWS/install/dynamixel_sdk/local/lib/python3.10/dist-packages/dynamixel_sdk/group_handler.cpp
[4.578s] -- Installing: /home/jbaghiro/testWS/install/dynamixel_sdk/local/lib/python3.10/dist-packages/dynamixel_sdk/group_fast_sync_read.cpp
[4.578s] -- Installing: /home/jbaghiro/testWS/install/dynamixel_sdk/local/lib/python3.10/dist-packages/dynamixel_sdk/group_fast_bulk_read.cpp
[4.579s] -- Installing: /home/jbaghiro/testWS/install/dynamixel_sdk/local/lib/python3.10/dist-packages/dynamixel_sdk/protocol2_packet_handler.cpp
[4.579s] -- Installing: /home/jbaghiro/testWS/install/dynamixel_sdk/local/lib/python3.10/dist-packages/dynamixel_sdk/group_bulk_read.cpp
[4.579s] -- Installing: /home/jbaghiro/testWS/install/dynamixel_sdk/local/lib/python3.10/dist-packages/dynamixel_sdk/group_sync_read.py
[4.580s] -- Installing: /home/jbaghiro/testWS/install/dynamixel_sdk/local/lib/python3.10/dist-packages/dynamixel_sdk/group_sync_write.cpp
[4.580s] -- Installing: /home/jbaghiro/testWS/install/dynamixel_sdk/local/lib/python3.10/dist-packages/dynamixel_sdk/packet_handler.py
[4.580s] -- Installing: /home/jbaghiro/testWS/install/dynamixel_sdk/local/lib/python3.10/dist-packages/dynamixel_sdk/group_sync_write.py
[4.580s] -- Installing: /home/jbaghiro/testWS/install/dynamixel_sdk/local/lib/python3.10/dist-packages/dynamixel_sdk/group_bulk_write.cpp
[4.638s] Listing '/home/jbaghiro/testWS/install/dynamixel_sdk/local/lib/python3.10/dist-packages/dynamixel_sdk'...
[4.638s] Compiling '/home/jbaghiro/testWS/install/dynamixel_sdk/local/lib/python3.10/dist-packages/dynamixel_sdk/__init__.py'...
[4.638s] Compiling '/home/jbaghiro/testWS/install/dynamixel_sdk/local/lib/python3.10/dist-packages/dynamixel_sdk/group_bulk_read.py'...
[4.638s] Compiling '/home/jbaghiro/testWS/install/dynamixel_sdk/local/lib/python3.10/dist-packages/dynamixel_sdk/group_bulk_write.py'...
[4.638s] Compiling '/home/jbaghiro/testWS/install/dynamixel_sdk/local/lib/python3.10/dist-packages/dynamixel_sdk/group_sync_read.py'...
[4.638s] Compiling '/home/jbaghiro/testWS/install/dynamixel_sdk/local/lib/python3.10/dist-packages/dynamixel_sdk/group_sync_write.py'...
[4.639s] Compiling '/home/jbaghiro/testWS/install/dynamixel_sdk/local/lib/python3.10/dist-packages/dynamixel_sdk/packet_handler.py'...
[4.639s] Compiling '/home/jbaghiro/testWS/install/dynamixel_sdk/local/lib/python3.10/dist-packages/dynamixel_sdk/port_handler.py'...
[4.639s] Compiling '/home/jbaghiro/testWS/install/dynamixel_sdk/local/lib/python3.10/dist-packages/dynamixel_sdk/protocol1_packet_handler.py'...
[4.639s] Compiling '/home/jbaghiro/testWS/install/dynamixel_sdk/local/lib/python3.10/dist-packages/dynamixel_sdk/protocol2_packet_handler.py'...
[4.639s] Compiling '/home/jbaghiro/testWS/install/dynamixel_sdk/local/lib/python3.10/dist-packages/dynamixel_sdk/robotis_def.py'...
[4.646s] -- Installing: /home/jbaghiro/testWS/install/dynamixel_sdk/share/dynamixel_sdk/environment/library_path.sh
[4.646s] -- Installing: /home/jbaghiro/testWS/install/dynamixel_sdk/share/dynamixel_sdk/environment/library_path.dsv
[4.649s] -- Installing: /home/jbaghiro/testWS/install/dynamixel_sdk/share/ament_index/resource_index/package_run_dependencies/dynamixel_sdk
[4.649s] -- Installing: /home/jbaghiro/testWS/install/dynamixel_sdk/share/ament_index/resource_index/parent_prefix_path/dynamixel_sdk
[4.650s] -- Installing: /home/jbaghiro/testWS/install/dynamixel_sdk/share/dynamixel_sdk/environment/ament_prefix_path.sh
[4.650s] -- Installing: /home/jbaghiro/testWS/install/dynamixel_sdk/share/dynamixel_sdk/environment/ament_prefix_path.dsv
[4.650s] -- Installing: /home/jbaghiro/testWS/install/dynamixel_sdk/share/dynamixel_sdk/environment/path.sh
[4.651s] -- Installing: /home/jbaghiro/testWS/install/dynamixel_sdk/share/dynamixel_sdk/environment/path.dsv
[4.651s] -- Installing: /home/jbaghiro/testWS/install/dynamixel_sdk/share/dynamixel_sdk/local_setup.bash
[4.651s] -- Installing: /home/jbaghiro/testWS/install/dynamixel_sdk/share/dynamixel_sdk/local_setup.sh
[4.651s] -- Installing: /home/jbaghiro/testWS/install/dynamixel_sdk/share/dynamixel_sdk/local_setup.zsh
[4.652s] -- Installing: /home/jbaghiro/testWS/install/dynamixel_sdk/share/dynamixel_sdk/local_setup.dsv
[4.652s] -- Installing: /home/jbaghiro/testWS/install/dynamixel_sdk/share/dynamixel_sdk/package.dsv
[4.653s] -- Installing: /home/jbaghiro/testWS/install/dynamixel_sdk/share/ament_index/resource_index/packages/dynamixel_sdk
[4.654s] -- Installing: /home/jbaghiro/testWS/install/dynamixel_sdk/share/dynamixel_sdk/cmake/dynamixel_sdkExport.cmake
[4.654s] -- Installing: /home/jbaghiro/testWS/install/dynamixel_sdk/share/dynamixel_sdk/cmake/dynamixel_sdkExport-noconfig.cmake
[4.655s] -- Installing: /home/jbaghiro/testWS/install/dynamixel_sdk/share/dynamixel_sdk/cmake/ament_cmake_export_targets-extras.cmake
[4.655s] -- Installing: /home/jbaghiro/testWS/install/dynamixel_sdk/share/dynamixel_sdk/cmake/ament_cmake_export_include_directories-extras.cmake
[4.655s] -- Installing: /home/jbaghiro/testWS/install/dynamixel_sdk/share/dynamixel_sdk/cmake/ament_cmake_export_libraries-extras.cmake
[4.656s] -- Installing: /home/jbaghiro/testWS/install/dynamixel_sdk/share/dynamixel_sdk/cmake/dynamixel_sdkConfig.cmake
[4.656s] -- Installing: /home/jbaghiro/testWS/install/dynamixel_sdk/share/dynamixel_sdk/cmake/dynamixel_sdkConfig-version.cmake
[4.656s] -- Installing: /home/jbaghiro/testWS/install/dynamixel_sdk/share/dynamixel_sdk/package.xml
[4.661s] Invoked command in '/home/jbaghiro/testWS/build/dynamixel_sdk' returned '0': CMAKE_PREFIX_PATH=/opt/ros/humble /usr/bin/cmake --install /home/jbaghiro/testWS/build/dynamixel_sdk
