[0.068s] Invoking command in '/home/jbaghiro/testWS/build/turtlebot3_msgs': CMAKE_PREFIX_PATH=/opt/ros/humble /usr/bin/cmake /home/jbaghiro/testWS/src/turtlebot3/turtlebot3_msgs -DCMAKE_INSTALL_PREFIX=/home/jbaghiro/testWS/install/turtlebot3_msgs
[0.497s] -- The C compiler identification is GNU 11.4.0
[1.157s] -- The CXX compiler identification is GNU 11.4.0
[1.706s] -- Detecting C compiler ABI info
[2.002s] -- Detecting C compiler ABI info - done
[2.014s] -- Check for working C compiler: /usr/bin/cc - skipped
[2.014s] -- Detecting C compile features
[2.015s] -- Detecting C compile features - done
[2.020s] -- Detecting CXX compiler ABI info
[2.304s] -- Detecting CXX compiler ABI info - done
[2.315s] -- Check for working CXX compiler: /usr/bin/c++ - skipped
[2.315s] -- Detecting CXX compile features
[2.316s] -- Detecting CXX compile features - done
[2.320s] -- Found action_msgs: 1.2.2 (/opt/ros/humble/share/action_msgs/cmake)
[2.570s] -- Found Python3: /usr/bin/python3 (found version "3.10.12") found components: Interpreter 
[3.039s] -- Found rosidl_generator_c: 3.1.7 (/opt/ros/humble/share/rosidl_generator_c/cmake)
[3.049s] -- Found rosidl_adapter: 3.1.7 (/opt/ros/humble/share/rosidl_adapter/cmake)
[3.065s] -- Found rosidl_generator_cpp: 3.1.7 (/opt/ros/humble/share/rosidl_generator_cpp/cmake)
[3.081s] -- Using all available rosidl_typesupport_c: rosidl_typesupport_fastrtps_c;rosidl_typesupport_introspection_c
[3.107s] -- Using all available rosidl_typesupport_cpp: rosidl_typesupport_fastrtps_cpp;rosidl_typesupport_introspection_cpp
[3.168s] -- Found rosidl_default_generators: 1.2.0 (/opt/ros/humble/share/rosidl_default_generators/cmake)
[3.183s] -- Found std_msgs: 4.9.0 (/opt/ros/humble/share/std_msgs/cmake)
[3.208s] -- Found geometry_msgs: 4.9.0 (/opt/ros/humble/share/geometry_msgs/cmake)
[4.043s] -- Found ament_cmake_cppcheck: 0.12.14 (/opt/ros/humble/share/ament_cmake_cppcheck/cmake)
[4.047s] -- Found ament_cmake_cpplint: 0.12.14 (/opt/ros/humble/share/ament_cmake_cpplint/cmake)
[4.051s] -- Found ament_cmake_uncrustify: 0.12.14 (/opt/ros/humble/share/ament_cmake_uncrustify/cmake)
[4.057s] -- Found ament_cmake_ros: 0.10.0 (/opt/ros/humble/share/ament_cmake_ros/cmake)
[4.638s] -- Using all available rosidl_typesupport_c: rosidl_typesupport_fastrtps_c;rosidl_typesupport_introspection_c
[4.859s] -- Using all available rosidl_typesupport_cpp: rosidl_typesupport_fastrtps_cpp;rosidl_typesupport_introspection_cpp
[5.115s] -- Found PythonInterp: /usr/bin/python3 (found suitable version "3.10.12", minimum required is "3.6") 
[5.117s] -- Found python_cmake_module: 0.10.0 (/opt/ros/humble/share/python_cmake_module/cmake)
[5.771s] -- Found PythonLibs: /usr/lib/x86_64-linux-gnu/libpython3.10.so (found suitable version "3.10.12", minimum required is "3.5") 
[5.771s] -- Using PYTHON_EXECUTABLE: /usr/bin/python3
[5.771s] -- Using PYTHON_INCLUDE_DIRS: /usr/include/python3.10
[5.771s] -- Using PYTHON_LIBRARIES: /usr/lib/x86_64-linux-gnu/libpython3.10.so
[5.801s] -- Found PythonExtra: .so  
[5.992s] -- Found ament_cmake_flake8: 0.12.14 (/opt/ros/humble/share/ament_cmake_flake8/cmake)
[5.998s] -- Found ament_cmake_pep257: 0.12.14 (/opt/ros/humble/share/ament_cmake_pep257/cmake)
[6.016s] -- Configuring done
[6.154s] -- Generating done
[6.172s] -- Build files have been written to: /home/jbaghiro/testWS/build/turtlebot3_msgs
[6.188s] Invoked command in '/home/jbaghiro/testWS/build/turtlebot3_msgs' returned '0': CMAKE_PREFIX_PATH=/opt/ros/humble /usr/bin/cmake /home/jbaghiro/testWS/src/turtlebot3/turtlebot3_msgs -DCMAKE_INSTALL_PREFIX=/home/jbaghiro/testWS/install/turtlebot3_msgs
[6.190s] Invoking command in '/home/jbaghiro/testWS/build/turtlebot3_msgs': CMAKE_PREFIX_PATH=/opt/ros/humble /usr/bin/cmake --build /home/jbaghiro/testWS/build/turtlebot3_msgs -- -j16 -l16
[6.252s] [  1%] [34m[1mGenerating C code for ROS interfaces[0m
[6.275s] [  2%] [34m[1mGenerating C++ code for ROS interfaces[0m
[6.292s] [  2%] Built target ament_cmake_python_copy_turtlebot3_msgs
[6.811s] running egg_info
[6.811s] creating turtlebot3_msgs.egg-info
[6.811s] writing turtlebot3_msgs.egg-info/PKG-INFO
[6.811s] writing dependency_links to turtlebot3_msgs.egg-info/dependency_links.txt
[6.811s] writing top-level names to turtlebot3_msgs.egg-info/top_level.txt
[6.812s] writing manifest file 'turtlebot3_msgs.egg-info/SOURCES.txt'
[6.816s] reading manifest file 'turtlebot3_msgs.egg-info/SOURCES.txt'
[6.818s] writing manifest file 'turtlebot3_msgs.egg-info/SOURCES.txt'
[6.917s] [  2%] Built target ament_cmake_python_build_turtlebot3_msgs_egg
[7.945s] [  3%] [32mBuilding C object CMakeFiles/turtlebot3_msgs__rosidl_generator_c.dir/rosidl_generator_c/turtlebot3_msgs/msg/detail/sensor_state__functions.c.o[0m
[7.949s] [  6%] [32mBuilding C object CMakeFiles/turtlebot3_msgs__rosidl_generator_c.dir/rosidl_generator_c/turtlebot3_msgs/msg/detail/sound__functions.c.o[0m
[7.949s] [  6%] [32mBuilding C object CMakeFiles/turtlebot3_msgs__rosidl_generator_c.dir/rosidl_generator_c/turtlebot3_msgs/msg/detail/version_info__functions.c.o[0m
[7.949s] [  7%] [32mBuilding C object CMakeFiles/turtlebot3_msgs__rosidl_generator_c.dir/rosidl_generator_c/turtlebot3_msgs/srv/detail/dqn__functions.c.o[0m
[7.949s] [  8%] [32mBuilding C object CMakeFiles/turtlebot3_msgs__rosidl_generator_c.dir/rosidl_generator_c/turtlebot3_msgs/srv/detail/sound__functions.c.o[0m
[7.958s] [ 10%] [32mBuilding C object CMakeFiles/turtlebot3_msgs__rosidl_generator_c.dir/rosidl_generator_c/turtlebot3_msgs/srv/detail/goal__functions.c.o[0m
[7.970s] [ 11%] [32mBuilding C object CMakeFiles/turtlebot3_msgs__rosidl_generator_c.dir/rosidl_generator_c/turtlebot3_msgs/action/detail/patrol__functions.c.o[0m
[8.001s] [ 11%] Built target turtlebot3_msgs__cpp
[8.023s] [ 15%] [34m[1mGenerating C++ type support for eProsima Fast-RTPS[0m
[8.023s] [ 15%] [34m[1mGenerating C++ type support dispatch for ROS interfaces[0m
[8.023s] [ 15%] [34m[1mGenerating C++ introspection for ROS interfaces[0m
[8.154s] [ 16%] [32m[1mLinking C shared library libturtlebot3_msgs__rosidl_generator_c.so[0m
[8.375s] [ 16%] Built target turtlebot3_msgs__rosidl_generator_c
[8.392s] [ 20%] [34m[1mGenerating C type support for eProsima Fast-RTPS[0m
[8.392s] [ 20%] [34m[1mGenerating C introspection for ROS interfaces[0m
[8.392s] [ 20%] [34m[1mGenerating C type support dispatch for ROS interfaces[0m
[8.976s] [ 21%] [32mBuilding CXX object CMakeFiles/turtlebot3_msgs__rosidl_typesupport_cpp.dir/rosidl_typesupport_cpp/turtlebot3_msgs/msg/sensor_state__type_support.cpp.o[0m
[8.977s] [ 22%] [32mBuilding CXX object CMakeFiles/turtlebot3_msgs__rosidl_typesupport_cpp.dir/rosidl_typesupport_cpp/turtlebot3_msgs/srv/goal__type_support.cpp.o[0m
[8.980s] [ 25%] [32mBuilding CXX object CMakeFiles/turtlebot3_msgs__rosidl_typesupport_cpp.dir/rosidl_typesupport_cpp/turtlebot3_msgs/srv/sound__type_support.cpp.o[0m
[8.980s] [ 25%] [32mBuilding CXX object CMakeFiles/turtlebot3_msgs__rosidl_typesupport_cpp.dir/rosidl_typesupport_cpp/turtlebot3_msgs/msg/sound__type_support.cpp.o[0m
[8.980s] [ 26%] [32mBuilding CXX object CMakeFiles/turtlebot3_msgs__rosidl_typesupport_cpp.dir/rosidl_typesupport_cpp/turtlebot3_msgs/msg/version_info__type_support.cpp.o[0m
[8.981s] [ 27%] [32mBuilding CXX object CMakeFiles/turtlebot3_msgs__rosidl_typesupport_cpp.dir/rosidl_typesupport_cpp/turtlebot3_msgs/srv/dqn__type_support.cpp.o[0m
[8.984s] [ 29%] [32mBuilding CXX object CMakeFiles/turtlebot3_msgs__rosidl_typesupport_cpp.dir/rosidl_typesupport_cpp/turtlebot3_msgs/action/patrol__type_support.cpp.o[0m
[9.260s] [ 32%] [32mBuilding CXX object CMakeFiles/turtlebot3_msgs__rosidl_typesupport_introspection_cpp.dir/rosidl_typesupport_introspection_cpp/turtlebot3_msgs/srv/detail/sound__type_support.cpp.o[0m
[9.260s] [ 32%] [32mBuilding CXX object CMakeFiles/turtlebot3_msgs__rosidl_typesupport_introspection_cpp.dir/rosidl_typesupport_introspection_cpp/turtlebot3_msgs/msg/detail/sensor_state__type_support.cpp.o[0m
[9.261s] [ 32%] [32mBuilding CXX object CMakeFiles/turtlebot3_msgs__rosidl_typesupport_introspection_cpp.dir/rosidl_typesupport_introspection_cpp/turtlebot3_msgs/msg/detail/version_info__type_support.cpp.o[0m
[9.261s] [ 34%] [32mBuilding CXX object CMakeFiles/turtlebot3_msgs__rosidl_typesupport_introspection_cpp.dir/rosidl_typesupport_introspection_cpp/turtlebot3_msgs/msg/detail/sound__type_support.cpp.o[0m
[9.272s] [ 35%] [32mBuilding CXX object CMakeFiles/turtlebot3_msgs__rosidl_typesupport_introspection_cpp.dir/rosidl_typesupport_introspection_cpp/turtlebot3_msgs/srv/detail/dqn__type_support.cpp.o[0m
[9.679s] [ 36%] [32mBuilding CXX object CMakeFiles/turtlebot3_msgs__rosidl_typesupport_introspection_cpp.dir/rosidl_typesupport_introspection_cpp/turtlebot3_msgs/srv/detail/goal__type_support.cpp.o[0m
[9.697s] [ 37%] [32mBuilding CXX object CMakeFiles/turtlebot3_msgs__rosidl_typesupport_introspection_cpp.dir/rosidl_typesupport_introspection_cpp/turtlebot3_msgs/action/detail/patrol__type_support.cpp.o[0m
[9.761s] [ 39%] [32mBuilding CXX object CMakeFiles/turtlebot3_msgs__rosidl_typesupport_c.dir/rosidl_typesupport_c/turtlebot3_msgs/msg/sensor_state__type_support.cpp.o[0m
[9.763s] [ 40%] [32mBuilding CXX object CMakeFiles/turtlebot3_msgs__rosidl_typesupport_c.dir/rosidl_typesupport_c/turtlebot3_msgs/srv/sound__type_support.cpp.o[0m
[9.764s] [ 43%] [32mBuilding CXX object CMakeFiles/turtlebot3_msgs__rosidl_typesupport_c.dir/rosidl_typesupport_c/turtlebot3_msgs/msg/sound__type_support.cpp.o[0m
[9.764s] [ 43%] [32mBuilding CXX object CMakeFiles/turtlebot3_msgs__rosidl_typesupport_c.dir/rosidl_typesupport_c/turtlebot3_msgs/msg/version_info__type_support.cpp.o[0m
[9.793s] [ 44%] [32mBuilding CXX object CMakeFiles/turtlebot3_msgs__rosidl_typesupport_fastrtps_cpp.dir/rosidl_typesupport_fastrtps_cpp/turtlebot3_msgs/msg/detail/dds_fastrtps/sensor_state__type_support.cpp.o[0m
[9.848s] [ 45%] [32mBuilding CXX object CMakeFiles/turtlebot3_msgs__rosidl_typesupport_fastrtps_cpp.dir/rosidl_typesupport_fastrtps_cpp/turtlebot3_msgs/msg/detail/dds_fastrtps/sound__type_support.cpp.o[0m
[9.852s] [ 46%] [32mBuilding CXX object CMakeFiles/turtlebot3_msgs__rosidl_typesupport_c.dir/rosidl_typesupport_c/turtlebot3_msgs/srv/dqn__type_support.cpp.o[0m
[9.854s] [ 48%] [32mBuilding CXX object CMakeFiles/turtlebot3_msgs__rosidl_typesupport_fastrtps_cpp.dir/rosidl_typesupport_fastrtps_cpp/turtlebot3_msgs/msg/detail/dds_fastrtps/version_info__type_support.cpp.o[0m
[9.862s] [ 49%] [32mBuilding CXX object CMakeFiles/turtlebot3_msgs__rosidl_typesupport_fastrtps_cpp.dir/rosidl_typesupport_fastrtps_cpp/turtlebot3_msgs/srv/detail/dds_fastrtps/sound__type_support.cpp.o[0m
[9.872s] [ 50%] [32mBuilding CXX object CMakeFiles/turtlebot3_msgs__rosidl_typesupport_fastrtps_cpp.dir/rosidl_typesupport_fastrtps_cpp/turtlebot3_msgs/srv/detail/dds_fastrtps/dqn__type_support.cpp.o[0m
[9.939s] [ 51%] [32mBuilding CXX object CMakeFiles/turtlebot3_msgs__rosidl_typesupport_c.dir/rosidl_typesupport_c/turtlebot3_msgs/srv/goal__type_support.cpp.o[0m
[10.047s] [ 53%] [32mBuilding CXX object CMakeFiles/turtlebot3_msgs__rosidl_typesupport_c.dir/rosidl_typesupport_c/turtlebot3_msgs/action/patrol__type_support.cpp.o[0m
[10.179s] [ 54%] [32m[1mLinking CXX shared library libturtlebot3_msgs__rosidl_typesupport_cpp.so[0m
[10.200s] [ 55%] [32m[1mLinking CXX shared library libturtlebot3_msgs__rosidl_typesupport_c.so[0m
[10.253s] [ 56%] [32mBuilding CXX object CMakeFiles/turtlebot3_msgs__rosidl_typesupport_fastrtps_cpp.dir/rosidl_typesupport_fastrtps_cpp/turtlebot3_msgs/srv/detail/dds_fastrtps/goal__type_support.cpp.o[0m
[10.254s] [ 58%] [32mBuilding CXX object CMakeFiles/turtlebot3_msgs__rosidl_typesupport_fastrtps_cpp.dir/rosidl_typesupport_fastrtps_cpp/turtlebot3_msgs/action/detail/dds_fastrtps/patrol__type_support.cpp.o[0m
[10.326s] [ 60%] [32mBuilding C object CMakeFiles/turtlebot3_msgs__rosidl_typesupport_introspection_c.dir/rosidl_typesupport_introspection_c/turtlebot3_msgs/msg/detail/sensor_state__type_support.c.o[0m
[10.327s] [ 60%] [32mBuilding C object CMakeFiles/turtlebot3_msgs__rosidl_typesupport_introspection_c.dir/rosidl_typesupport_introspection_c/turtlebot3_msgs/msg/detail/sound__type_support.c.o[0m
[10.328s] [ 62%] [32mBuilding C object CMakeFiles/turtlebot3_msgs__rosidl_typesupport_introspection_c.dir/rosidl_typesupport_introspection_c/turtlebot3_msgs/msg/detail/version_info__type_support.c.o[0m
[10.338s] [ 63%] [32mBuilding CXX object CMakeFiles/turtlebot3_msgs__rosidl_typesupport_fastrtps_c.dir/rosidl_typesupport_fastrtps_c/turtlebot3_msgs/msg/detail/sensor_state__type_support_c.cpp.o[0m
[10.401s] [ 64%] [32mBuilding CXX object CMakeFiles/turtlebot3_msgs__rosidl_typesupport_fastrtps_c.dir/rosidl_typesupport_fastrtps_c/turtlebot3_msgs/msg/detail/sound__type_support_c.cpp.o[0m
[10.406s] [ 65%] [32mBuilding C object CMakeFiles/turtlebot3_msgs__rosidl_typesupport_introspection_c.dir/rosidl_typesupport_introspection_c/turtlebot3_msgs/srv/detail/sound__type_support.c.o[0m
[10.410s] [ 67%] [32mBuilding CXX object CMakeFiles/turtlebot3_msgs__rosidl_typesupport_fastrtps_c.dir/rosidl_typesupport_fastrtps_c/turtlebot3_msgs/msg/detail/version_info__type_support_c.cpp.o[0m
[10.411s] [ 68%] [32mBuilding C object CMakeFiles/turtlebot3_msgs__rosidl_typesupport_introspection_c.dir/rosidl_typesupport_introspection_c/turtlebot3_msgs/srv/detail/dqn__type_support.c.o[0m
[10.499s] [ 69%] [32mBuilding C object CMakeFiles/turtlebot3_msgs__rosidl_typesupport_introspection_c.dir/rosidl_typesupport_introspection_c/turtlebot3_msgs/srv/detail/goal__type_support.c.o[0m
[10.531s] [ 70%] [32mBuilding C object CMakeFiles/turtlebot3_msgs__rosidl_typesupport_introspection_c.dir/rosidl_typesupport_introspection_c/turtlebot3_msgs/action/detail/patrol__type_support.c.o[0m
[10.593s] [ 72%] [32mBuilding CXX object CMakeFiles/turtlebot3_msgs__rosidl_typesupport_fastrtps_c.dir/rosidl_typesupport_fastrtps_c/turtlebot3_msgs/srv/detail/sound__type_support_c.cpp.o[0m
[10.604s] [ 72%] Built target turtlebot3_msgs__rosidl_typesupport_cpp
[10.605s] [ 72%] Built target turtlebot3_msgs__rosidl_typesupport_c
[10.629s] [ 73%] [32mBuilding CXX object CMakeFiles/turtlebot3_msgs__rosidl_typesupport_fastrtps_c.dir/rosidl_typesupport_fastrtps_c/turtlebot3_msgs/srv/detail/dqn__type_support_c.cpp.o[0m
[10.642s] [ 74%] [32mBuilding CXX object CMakeFiles/turtlebot3_msgs__rosidl_typesupport_fastrtps_c.dir/rosidl_typesupport_fastrtps_c/turtlebot3_msgs/srv/detail/goal__type_support_c.cpp.o[0m
[10.642s] [ 75%] [32mBuilding CXX object CMakeFiles/turtlebot3_msgs__rosidl_typesupport_fastrtps_c.dir/rosidl_typesupport_fastrtps_c/turtlebot3_msgs/action/detail/patrol__type_support_c.cpp.o[0m
[10.668s] [ 77%] [32m[1mLinking C shared library libturtlebot3_msgs__rosidl_typesupport_introspection_c.so[0m
[10.990s] [ 77%] Built target turtlebot3_msgs__rosidl_typesupport_introspection_c
[11.083s] [ 78%] [32m[1mLinking CXX shared library libturtlebot3_msgs__rosidl_typesupport_introspection_cpp.so[0m
[11.387s] [ 78%] Built target turtlebot3_msgs__rosidl_typesupport_introspection_cpp
[11.391s] [ 79%] [32m[1mLinking CXX shared library libturtlebot3_msgs__rosidl_typesupport_fastrtps_c.so[0m
[11.402s] [ 81%] [32m[1mLinking CXX shared library libturtlebot3_msgs__rosidl_typesupport_fastrtps_cpp.so[0m
[11.618s] [ 81%] Built target turtlebot3_msgs__rosidl_typesupport_fastrtps_c
[11.625s] [ 81%] Built target turtlebot3_msgs__rosidl_typesupport_fastrtps_cpp
[11.653s] [ 81%] Built target turtlebot3_msgs
[11.682s] [ 82%] [34m[1mGenerating Python code for ROS interfaces[0m
[13.575s] [ 82%] Built target turtlebot3_msgs__py
[13.605s] [ 84%] [32mBuilding C object CMakeFiles/turtlebot3_msgs__rosidl_generator_py.dir/rosidl_generator_py/turtlebot3_msgs/srv/_goal_s.c.o[0m
[13.605s] [ 84%] [32mBuilding C object CMakeFiles/turtlebot3_msgs__rosidl_generator_py.dir/rosidl_generator_py/turtlebot3_msgs/msg/_sensor_state_s.c.o[0m
[13.605s] [ 87%] [32mBuilding C object CMakeFiles/turtlebot3_msgs__rosidl_generator_py.dir/rosidl_generator_py/turtlebot3_msgs/msg/_version_info_s.c.o[0m
[13.606s] [ 87%] [32mBuilding C object CMakeFiles/turtlebot3_msgs__rosidl_generator_py.dir/rosidl_generator_py/turtlebot3_msgs/msg/_sound_s.c.o[0m
[13.606s] [ 88%] [32mBuilding C object CMakeFiles/turtlebot3_msgs__rosidl_generator_py.dir/rosidl_generator_py/turtlebot3_msgs/srv/_sound_s.c.o[0m
[13.606s] [ 89%] [32mBuilding C object CMakeFiles/turtlebot3_msgs__rosidl_generator_py.dir/rosidl_generator_py/turtlebot3_msgs/srv/_dqn_s.c.o[0m
[13.606s] [ 91%] [32mBuilding C object CMakeFiles/turtlebot3_msgs__rosidl_generator_py.dir/rosidl_generator_py/turtlebot3_msgs/action/_patrol_s.c.o[0m
[13.814s] [ 92%] [32m[1mLinking C shared library rosidl_generator_py/turtlebot3_msgs/libturtlebot3_msgs__rosidl_generator_py.so[0m
[13.985s] [ 92%] Built target turtlebot3_msgs__rosidl_generator_py
[14.013s] [ 96%] [32mBuilding C object CMakeFiles/turtlebot3_msgs__rosidl_typesupport_fastrtps_c__pyext.dir/rosidl_generator_py/turtlebot3_msgs/_turtlebot3_msgs_s.ep.rosidl_typesupport_fastrtps_c.c.o[0m
[14.013s] [ 96%] [32mBuilding C object CMakeFiles/turtlebot3_msgs__rosidl_typesupport_introspection_c__pyext.dir/rosidl_generator_py/turtlebot3_msgs/_turtlebot3_msgs_s.ep.rosidl_typesupport_introspection_c.c.o[0m
[14.013s] [ 96%] [32mBuilding C object CMakeFiles/turtlebot3_msgs__rosidl_typesupport_c__pyext.dir/rosidl_generator_py/turtlebot3_msgs/_turtlebot3_msgs_s.ep.rosidl_typesupport_c.c.o[0m
[14.208s] [ 97%] [32m[1mLinking C shared library rosidl_generator_py/turtlebot3_msgs/turtlebot3_msgs_s__rosidl_typesupport_introspection_c.cpython-310-x86_64-linux-gnu.so[0m
[14.209s] [ 98%] [32m[1mLinking C shared library rosidl_generator_py/turtlebot3_msgs/turtlebot3_msgs_s__rosidl_typesupport_fastrtps_c.cpython-310-x86_64-linux-gnu.so[0m
[14.213s] [100%] [32m[1mLinking C shared library rosidl_generator_py/turtlebot3_msgs/turtlebot3_msgs_s__rosidl_typesupport_c.cpython-310-x86_64-linux-gnu.so[0m
[14.355s] [100%] Built target turtlebot3_msgs__rosidl_typesupport_introspection_c__pyext
[14.355s] [100%] Built target turtlebot3_msgs__rosidl_typesupport_fastrtps_c__pyext
[14.408s] [100%] Built target turtlebot3_msgs__rosidl_typesupport_c__pyext
[14.427s] Invoked command in '/home/jbaghiro/testWS/build/turtlebot3_msgs' returned '0': CMAKE_PREFIX_PATH=/opt/ros/humble /usr/bin/cmake --build /home/jbaghiro/testWS/build/turtlebot3_msgs -- -j16 -l16
[14.430s] Invoking command in '/home/jbaghiro/testWS/build/turtlebot3_msgs': CMAKE_PREFIX_PATH=/opt/ros/humble /usr/bin/cmake --install /home/jbaghiro/testWS/build/turtlebot3_msgs
[14.441s] -- Install configuration: ""
[14.444s] -- Installing: /home/jbaghiro/testWS/install/turtlebot3_msgs/share/ament_index/resource_index/rosidl_interfaces/turtlebot3_msgs
[14.444s] -- Installing: /home/jbaghiro/testWS/install/turtlebot3_msgs/include/turtlebot3_msgs/turtlebot3_msgs
[14.446s] -- Installing: /home/jbaghiro/testWS/install/turtlebot3_msgs/include/turtlebot3_msgs/turtlebot3_msgs/action
[14.446s] -- Installing: /home/jbaghiro/testWS/install/turtlebot3_msgs/include/turtlebot3_msgs/turtlebot3_msgs/action/detail
[14.447s] -- Installing: /home/jbaghiro/testWS/install/turtlebot3_msgs/include/turtlebot3_msgs/turtlebot3_msgs/action/detail/patrol__struct.h
[14.447s] -- Installing: /home/jbaghiro/testWS/install/turtlebot3_msgs/include/turtlebot3_msgs/turtlebot3_msgs/action/detail/patrol__type_support.h
[14.447s] -- Installing: /home/jbaghiro/testWS/install/turtlebot3_msgs/include/turtlebot3_msgs/turtlebot3_msgs/action/detail/patrol__functions.c
[14.448s] -- Installing: /home/jbaghiro/testWS/install/turtlebot3_msgs/include/turtlebot3_msgs/turtlebot3_msgs/action/detail/patrol__functions.h
[14.448s] -- Installing: /home/jbaghiro/testWS/install/turtlebot3_msgs/include/turtlebot3_msgs/turtlebot3_msgs/action/patrol.h
[14.448s] -- Installing: /home/jbaghiro/testWS/install/turtlebot3_msgs/include/turtlebot3_msgs/turtlebot3_msgs/msg
[14.449s] -- Installing: /home/jbaghiro/testWS/install/turtlebot3_msgs/include/turtlebot3_msgs/turtlebot3_msgs/msg/rosidl_generator_c__visibility_control.h
[14.449s] -- Installing: /home/jbaghiro/testWS/install/turtlebot3_msgs/include/turtlebot3_msgs/turtlebot3_msgs/msg/detail
[14.450s] -- Installing: /home/jbaghiro/testWS/install/turtlebot3_msgs/include/turtlebot3_msgs/turtlebot3_msgs/msg/detail/sensor_state__type_support.h
[14.450s] -- Installing: /home/jbaghiro/testWS/install/turtlebot3_msgs/include/turtlebot3_msgs/turtlebot3_msgs/msg/detail/sensor_state__functions.h
[14.450s] -- Installing: /home/jbaghiro/testWS/install/turtlebot3_msgs/include/turtlebot3_msgs/turtlebot3_msgs/msg/detail/version_info__type_support.h
[14.450s] -- Installing: /home/jbaghiro/testWS/install/turtlebot3_msgs/include/turtlebot3_msgs/turtlebot3_msgs/msg/detail/sound__functions.c
[14.450s] -- Installing: /home/jbaghiro/testWS/install/turtlebot3_msgs/include/turtlebot3_msgs/turtlebot3_msgs/msg/detail/sound__type_support.h
[14.451s] -- Installing: /home/jbaghiro/testWS/install/turtlebot3_msgs/include/turtlebot3_msgs/turtlebot3_msgs/msg/detail/sensor_state__functions.c
[14.451s] -- Installing: /home/jbaghiro/testWS/install/turtlebot3_msgs/include/turtlebot3_msgs/turtlebot3_msgs/msg/detail/version_info__struct.h
[14.451s] -- Installing: /home/jbaghiro/testWS/install/turtlebot3_msgs/include/turtlebot3_msgs/turtlebot3_msgs/msg/detail/sound__struct.h
[14.451s] -- Installing: /home/jbaghiro/testWS/install/turtlebot3_msgs/include/turtlebot3_msgs/turtlebot3_msgs/msg/detail/version_info__functions.h
[14.452s] -- Installing: /home/jbaghiro/testWS/install/turtlebot3_msgs/include/turtlebot3_msgs/turtlebot3_msgs/msg/detail/version_info__functions.c
[14.452s] -- Installing: /home/jbaghiro/testWS/install/turtlebot3_msgs/include/turtlebot3_msgs/turtlebot3_msgs/msg/detail/sensor_state__struct.h
[14.452s] -- Installing: /home/jbaghiro/testWS/install/turtlebot3_msgs/include/turtlebot3_msgs/turtlebot3_msgs/msg/detail/sound__functions.h
[14.452s] -- Installing: /home/jbaghiro/testWS/install/turtlebot3_msgs/include/turtlebot3_msgs/turtlebot3_msgs/msg/sensor_state.h
[14.452s] -- Installing: /home/jbaghiro/testWS/install/turtlebot3_msgs/include/turtlebot3_msgs/turtlebot3_msgs/msg/sound.h
[14.453s] -- Installing: /home/jbaghiro/testWS/install/turtlebot3_msgs/include/turtlebot3_msgs/turtlebot3_msgs/msg/version_info.h
[14.453s] -- Installing: /home/jbaghiro/testWS/install/turtlebot3_msgs/include/turtlebot3_msgs/turtlebot3_msgs/srv
[14.453s] -- Installing: /home/jbaghiro/testWS/install/turtlebot3_msgs/include/turtlebot3_msgs/turtlebot3_msgs/srv/dqn.h
[14.454s] -- Installing: /home/jbaghiro/testWS/install/turtlebot3_msgs/include/turtlebot3_msgs/turtlebot3_msgs/srv/goal.h
[14.454s] -- Installing: /home/jbaghiro/testWS/install/turtlebot3_msgs/include/turtlebot3_msgs/turtlebot3_msgs/srv/detail
[14.454s] -- Installing: /home/jbaghiro/testWS/install/turtlebot3_msgs/include/turtlebot3_msgs/turtlebot3_msgs/srv/detail/dqn__struct.h
[14.455s] -- Installing: /home/jbaghiro/testWS/install/turtlebot3_msgs/include/turtlebot3_msgs/turtlebot3_msgs/srv/detail/sound__functions.c
[14.455s] -- Installing: /home/jbaghiro/testWS/install/turtlebot3_msgs/include/turtlebot3_msgs/turtlebot3_msgs/srv/detail/sound__type_support.h
[14.455s] -- Installing: /home/jbaghiro/testWS/install/turtlebot3_msgs/include/turtlebot3_msgs/turtlebot3_msgs/srv/detail/dqn__type_support.h
[14.455s] -- Installing: /home/jbaghiro/testWS/install/turtlebot3_msgs/include/turtlebot3_msgs/turtlebot3_msgs/srv/detail/goal__struct.h
[14.456s] -- Installing: /home/jbaghiro/testWS/install/turtlebot3_msgs/include/turtlebot3_msgs/turtlebot3_msgs/srv/detail/goal__type_support.h
[14.456s] -- Installing: /home/jbaghiro/testWS/install/turtlebot3_msgs/include/turtlebot3_msgs/turtlebot3_msgs/srv/detail/sound__struct.h
[14.456s] -- Installing: /home/jbaghiro/testWS/install/turtlebot3_msgs/include/turtlebot3_msgs/turtlebot3_msgs/srv/detail/dqn__functions.c
[14.456s] -- Installing: /home/jbaghiro/testWS/install/turtlebot3_msgs/include/turtlebot3_msgs/turtlebot3_msgs/srv/detail/dqn__functions.h
[14.456s] -- Installing: /home/jbaghiro/testWS/install/turtlebot3_msgs/include/turtlebot3_msgs/turtlebot3_msgs/srv/detail/goal__functions.h
[14.457s] -- Installing: /home/jbaghiro/testWS/install/turtlebot3_msgs/include/turtlebot3_msgs/turtlebot3_msgs/srv/detail/goal__functions.c
[14.457s] -- Installing: /home/jbaghiro/testWS/install/turtlebot3_msgs/include/turtlebot3_msgs/turtlebot3_msgs/srv/detail/sound__functions.h
[14.457s] -- Installing: /home/jbaghiro/testWS/install/turtlebot3_msgs/include/turtlebot3_msgs/turtlebot3_msgs/srv/sound.h
[14.459s] -- Installing: /home/jbaghiro/testWS/install/turtlebot3_msgs/share/turtlebot3_msgs/environment/library_path.sh
[14.459s] -- Installing: /home/jbaghiro/testWS/install/turtlebot3_msgs/share/turtlebot3_msgs/environment/library_path.dsv
[14.459s] -- Installing: /home/jbaghiro/testWS/install/turtlebot3_msgs/lib/libturtlebot3_msgs__rosidl_generator_c.so
[14.460s] -- Set runtime path of "/home/jbaghiro/testWS/install/turtlebot3_msgs/lib/libturtlebot3_msgs__rosidl_generator_c.so" to ""
[14.460s] -- Up-to-date: /home/jbaghiro/testWS/install/turtlebot3_msgs/include/turtlebot3_msgs/turtlebot3_msgs
[14.461s] -- Up-to-date: /home/jbaghiro/testWS/install/turtlebot3_msgs/include/turtlebot3_msgs/turtlebot3_msgs/action
[14.461s] -- Up-to-date: /home/jbaghiro/testWS/install/turtlebot3_msgs/include/turtlebot3_msgs/turtlebot3_msgs/action/detail
[14.461s] -- Installing: /home/jbaghiro/testWS/install/turtlebot3_msgs/include/turtlebot3_msgs/turtlebot3_msgs/action/detail/patrol__rosidl_typesupport_fastrtps_c.h
[14.461s] -- Up-to-date: /home/jbaghiro/testWS/install/turtlebot3_msgs/include/turtlebot3_msgs/turtlebot3_msgs/msg
[14.461s] -- Up-to-date: /home/jbaghiro/testWS/install/turtlebot3_msgs/include/turtlebot3_msgs/turtlebot3_msgs/msg/detail
[14.461s] -- Installing: /home/jbaghiro/testWS/install/turtlebot3_msgs/include/turtlebot3_msgs/turtlebot3_msgs/msg/detail/version_info__rosidl_typesupport_fastrtps_c.h
[14.461s] -- Installing: /home/jbaghiro/testWS/install/turtlebot3_msgs/include/turtlebot3_msgs/turtlebot3_msgs/msg/detail/sound__rosidl_typesupport_fastrtps_c.h
[14.461s] -- Installing: /home/jbaghiro/testWS/install/turtlebot3_msgs/include/turtlebot3_msgs/turtlebot3_msgs/msg/detail/sensor_state__rosidl_typesupport_fastrtps_c.h
[14.461s] -- Installing: /home/jbaghiro/testWS/install/turtlebot3_msgs/include/turtlebot3_msgs/turtlebot3_msgs/msg/rosidl_typesupport_fastrtps_c__visibility_control.h
[14.462s] -- Up-to-date: /home/jbaghiro/testWS/install/turtlebot3_msgs/include/turtlebot3_msgs/turtlebot3_msgs/srv
[14.462s] -- Up-to-date: /home/jbaghiro/testWS/install/turtlebot3_msgs/include/turtlebot3_msgs/turtlebot3_msgs/srv/detail
[14.462s] -- Installing: /home/jbaghiro/testWS/install/turtlebot3_msgs/include/turtlebot3_msgs/turtlebot3_msgs/srv/detail/dqn__rosidl_typesupport_fastrtps_c.h
[14.462s] -- Installing: /home/jbaghiro/testWS/install/turtlebot3_msgs/include/turtlebot3_msgs/turtlebot3_msgs/srv/detail/goal__rosidl_typesupport_fastrtps_c.h
[14.462s] -- Installing: /home/jbaghiro/testWS/install/turtlebot3_msgs/include/turtlebot3_msgs/turtlebot3_msgs/srv/detail/sound__rosidl_typesupport_fastrtps_c.h
[14.463s] -- Installing: /home/jbaghiro/testWS/install/turtlebot3_msgs/lib/libturtlebot3_msgs__rosidl_typesupport_fastrtps_c.so
[14.463s] -- Set runtime path of "/home/jbaghiro/testWS/install/turtlebot3_msgs/lib/libturtlebot3_msgs__rosidl_typesupport_fastrtps_c.so" to ""
[14.464s] -- Up-to-date: /home/jbaghiro/testWS/install/turtlebot3_msgs/include/turtlebot3_msgs/turtlebot3_msgs
[14.464s] -- Up-to-date: /home/jbaghiro/testWS/install/turtlebot3_msgs/include/turtlebot3_msgs/turtlebot3_msgs/action
[14.464s] -- Up-to-date: /home/jbaghiro/testWS/install/turtlebot3_msgs/include/turtlebot3_msgs/turtlebot3_msgs/action/detail
[14.464s] -- Installing: /home/jbaghiro/testWS/install/turtlebot3_msgs/include/turtlebot3_msgs/turtlebot3_msgs/action/detail/patrol__struct.hpp
[14.464s] -- Installing: /home/jbaghiro/testWS/install/turtlebot3_msgs/include/turtlebot3_msgs/turtlebot3_msgs/action/detail/patrol__traits.hpp
[14.464s] -- Installing: /home/jbaghiro/testWS/install/turtlebot3_msgs/include/turtlebot3_msgs/turtlebot3_msgs/action/detail/patrol__type_support.hpp
[14.464s] -- Installing: /home/jbaghiro/testWS/install/turtlebot3_msgs/include/turtlebot3_msgs/turtlebot3_msgs/action/detail/patrol__builder.hpp
[14.465s] -- Installing: /home/jbaghiro/testWS/install/turtlebot3_msgs/include/turtlebot3_msgs/turtlebot3_msgs/action/patrol.hpp
[14.465s] -- Up-to-date: /home/jbaghiro/testWS/install/turtlebot3_msgs/include/turtlebot3_msgs/turtlebot3_msgs/msg
[14.465s] -- Installing: /home/jbaghiro/testWS/install/turtlebot3_msgs/include/turtlebot3_msgs/turtlebot3_msgs/msg/sensor_state.hpp
[14.465s] -- Installing: /home/jbaghiro/testWS/install/turtlebot3_msgs/include/turtlebot3_msgs/turtlebot3_msgs/msg/version_info.hpp
[14.466s] -- Installing: /home/jbaghiro/testWS/install/turtlebot3_msgs/include/turtlebot3_msgs/turtlebot3_msgs/msg/sound.hpp
[14.466s] -- Installing: /home/jbaghiro/testWS/install/turtlebot3_msgs/include/turtlebot3_msgs/turtlebot3_msgs/msg/rosidl_generator_cpp__visibility_control.hpp
[14.466s] -- Up-to-date: /home/jbaghiro/testWS/install/turtlebot3_msgs/include/turtlebot3_msgs/turtlebot3_msgs/msg/detail
[14.466s] -- Installing: /home/jbaghiro/testWS/install/turtlebot3_msgs/include/turtlebot3_msgs/turtlebot3_msgs/msg/detail/sound__type_support.hpp
[14.466s] -- Installing: /home/jbaghiro/testWS/install/turtlebot3_msgs/include/turtlebot3_msgs/turtlebot3_msgs/msg/detail/sound__struct.hpp
[14.466s] -- Installing: /home/jbaghiro/testWS/install/turtlebot3_msgs/include/turtlebot3_msgs/turtlebot3_msgs/msg/detail/version_info__struct.hpp
[14.467s] -- Installing: /home/jbaghiro/testWS/install/turtlebot3_msgs/include/turtlebot3_msgs/turtlebot3_msgs/msg/detail/version_info__traits.hpp
[14.467s] -- Installing: /home/jbaghiro/testWS/install/turtlebot3_msgs/include/turtlebot3_msgs/turtlebot3_msgs/msg/detail/version_info__type_support.hpp
[14.467s] -- Installing: /home/jbaghiro/testWS/install/turtlebot3_msgs/include/turtlebot3_msgs/turtlebot3_msgs/msg/detail/sound__traits.hpp
[14.467s] -- Installing: /home/jbaghiro/testWS/install/turtlebot3_msgs/include/turtlebot3_msgs/turtlebot3_msgs/msg/detail/version_info__builder.hpp
[14.468s] -- Installing: /home/jbaghiro/testWS/install/turtlebot3_msgs/include/turtlebot3_msgs/turtlebot3_msgs/msg/detail/sound__builder.hpp
[14.468s] -- Installing: /home/jbaghiro/testWS/install/turtlebot3_msgs/include/turtlebot3_msgs/turtlebot3_msgs/msg/detail/sensor_state__builder.hpp
[14.468s] -- Installing: /home/jbaghiro/testWS/install/turtlebot3_msgs/include/turtlebot3_msgs/turtlebot3_msgs/msg/detail/sensor_state__struct.hpp
[14.468s] -- Installing: /home/jbaghiro/testWS/install/turtlebot3_msgs/include/turtlebot3_msgs/turtlebot3_msgs/msg/detail/sensor_state__type_support.hpp
[14.469s] -- Installing: /home/jbaghiro/testWS/install/turtlebot3_msgs/include/turtlebot3_msgs/turtlebot3_msgs/msg/detail/sensor_state__traits.hpp
[14.469s] -- Up-to-date: /home/jbaghiro/testWS/install/turtlebot3_msgs/include/turtlebot3_msgs/turtlebot3_msgs/srv
[14.469s] -- Installing: /home/jbaghiro/testWS/install/turtlebot3_msgs/include/turtlebot3_msgs/turtlebot3_msgs/srv/goal.hpp
[14.470s] -- Installing: /home/jbaghiro/testWS/install/turtlebot3_msgs/include/turtlebot3_msgs/turtlebot3_msgs/srv/sound.hpp
[14.470s] -- Up-to-date: /home/jbaghiro/testWS/install/turtlebot3_msgs/include/turtlebot3_msgs/turtlebot3_msgs/srv/detail
[14.470s] -- Installing: /home/jbaghiro/testWS/install/turtlebot3_msgs/include/turtlebot3_msgs/turtlebot3_msgs/srv/detail/sound__type_support.hpp
[14.470s] -- Installing: /home/jbaghiro/testWS/install/turtlebot3_msgs/include/turtlebot3_msgs/turtlebot3_msgs/srv/detail/sound__struct.hpp
[14.470s] -- Installing: /home/jbaghiro/testWS/install/turtlebot3_msgs/include/turtlebot3_msgs/turtlebot3_msgs/srv/detail/dqn__builder.hpp
[14.471s] -- Installing: /home/jbaghiro/testWS/install/turtlebot3_msgs/include/turtlebot3_msgs/turtlebot3_msgs/srv/detail/goal__struct.hpp
[14.471s] -- Installing: /home/jbaghiro/testWS/install/turtlebot3_msgs/include/turtlebot3_msgs/turtlebot3_msgs/srv/detail/goal__type_support.hpp
[14.471s] -- Installing: /home/jbaghiro/testWS/install/turtlebot3_msgs/include/turtlebot3_msgs/turtlebot3_msgs/srv/detail/sound__traits.hpp
[14.471s] -- Installing: /home/jbaghiro/testWS/install/turtlebot3_msgs/include/turtlebot3_msgs/turtlebot3_msgs/srv/detail/goal__traits.hpp
[14.472s] -- Installing: /home/jbaghiro/testWS/install/turtlebot3_msgs/include/turtlebot3_msgs/turtlebot3_msgs/srv/detail/dqn__type_support.hpp
[14.472s] -- Installing: /home/jbaghiro/testWS/install/turtlebot3_msgs/include/turtlebot3_msgs/turtlebot3_msgs/srv/detail/dqn__traits.hpp
[14.472s] -- Installing: /home/jbaghiro/testWS/install/turtlebot3_msgs/include/turtlebot3_msgs/turtlebot3_msgs/srv/detail/sound__builder.hpp
[14.472s] -- Installing: /home/jbaghiro/testWS/install/turtlebot3_msgs/include/turtlebot3_msgs/turtlebot3_msgs/srv/detail/dqn__struct.hpp
[14.473s] -- Installing: /home/jbaghiro/testWS/install/turtlebot3_msgs/include/turtlebot3_msgs/turtlebot3_msgs/srv/detail/goal__builder.hpp
[14.473s] -- Installing: /home/jbaghiro/testWS/install/turtlebot3_msgs/include/turtlebot3_msgs/turtlebot3_msgs/srv/dqn.hpp
[14.473s] -- Up-to-date: /home/jbaghiro/testWS/install/turtlebot3_msgs/include/turtlebot3_msgs/turtlebot3_msgs
[14.473s] -- Up-to-date: /home/jbaghiro/testWS/install/turtlebot3_msgs/include/turtlebot3_msgs/turtlebot3_msgs/action
[14.474s] -- Up-to-date: /home/jbaghiro/testWS/install/turtlebot3_msgs/include/turtlebot3_msgs/turtlebot3_msgs/action/detail
[14.474s] -- Installing: /home/jbaghiro/testWS/install/turtlebot3_msgs/include/turtlebot3_msgs/turtlebot3_msgs/action/detail/patrol__rosidl_typesupport_fastrtps_cpp.hpp
[14.474s] -- Installing: /home/jbaghiro/testWS/install/turtlebot3_msgs/include/turtlebot3_msgs/turtlebot3_msgs/action/detail/dds_fastrtps
[14.475s] -- Up-to-date: /home/jbaghiro/testWS/install/turtlebot3_msgs/include/turtlebot3_msgs/turtlebot3_msgs/msg
[14.475s] -- Installing: /home/jbaghiro/testWS/install/turtlebot3_msgs/include/turtlebot3_msgs/turtlebot3_msgs/msg/rosidl_typesupport_fastrtps_cpp__visibility_control.h
[14.475s] -- Up-to-date: /home/jbaghiro/testWS/install/turtlebot3_msgs/include/turtlebot3_msgs/turtlebot3_msgs/msg/detail
[14.475s] -- Installing: /home/jbaghiro/testWS/install/turtlebot3_msgs/include/turtlebot3_msgs/turtlebot3_msgs/msg/detail/sensor_state__rosidl_typesupport_fastrtps_cpp.hpp
[14.475s] -- Installing: /home/jbaghiro/testWS/install/turtlebot3_msgs/include/turtlebot3_msgs/turtlebot3_msgs/msg/detail/dds_fastrtps
[14.476s] -- Installing: /home/jbaghiro/testWS/install/turtlebot3_msgs/include/turtlebot3_msgs/turtlebot3_msgs/msg/detail/version_info__rosidl_typesupport_fastrtps_cpp.hpp
[14.476s] -- Installing: /home/jbaghiro/testWS/install/turtlebot3_msgs/include/turtlebot3_msgs/turtlebot3_msgs/msg/detail/sound__rosidl_typesupport_fastrtps_cpp.hpp
[14.477s] -- Up-to-date: /home/jbaghiro/testWS/install/turtlebot3_msgs/include/turtlebot3_msgs/turtlebot3_msgs/srv
[14.477s] -- Up-to-date: /home/jbaghiro/testWS/install/turtlebot3_msgs/include/turtlebot3_msgs/turtlebot3_msgs/srv/detail
[14.477s] -- Installing: /home/jbaghiro/testWS/install/turtlebot3_msgs/include/turtlebot3_msgs/turtlebot3_msgs/srv/detail/goal__rosidl_typesupport_fastrtps_cpp.hpp
[14.477s] -- Installing: /home/jbaghiro/testWS/install/turtlebot3_msgs/include/turtlebot3_msgs/turtlebot3_msgs/srv/detail/dqn__rosidl_typesupport_fastrtps_cpp.hpp
[14.477s] -- Installing: /home/jbaghiro/testWS/install/turtlebot3_msgs/include/turtlebot3_msgs/turtlebot3_msgs/srv/detail/dds_fastrtps
[14.478s] -- Installing: /home/jbaghiro/testWS/install/turtlebot3_msgs/include/turtlebot3_msgs/turtlebot3_msgs/srv/detail/sound__rosidl_typesupport_fastrtps_cpp.hpp
[14.478s] -- Installing: /home/jbaghiro/testWS/install/turtlebot3_msgs/lib/libturtlebot3_msgs__rosidl_typesupport_fastrtps_cpp.so
[14.479s] -- Set runtime path of "/home/jbaghiro/testWS/install/turtlebot3_msgs/lib/libturtlebot3_msgs__rosidl_typesupport_fastrtps_cpp.so" to ""
[14.479s] -- Up-to-date: /home/jbaghiro/testWS/install/turtlebot3_msgs/include/turtlebot3_msgs/turtlebot3_msgs
[14.479s] -- Up-to-date: /home/jbaghiro/testWS/install/turtlebot3_msgs/include/turtlebot3_msgs/turtlebot3_msgs/action
[14.479s] -- Up-to-date: /home/jbaghiro/testWS/install/turtlebot3_msgs/include/turtlebot3_msgs/turtlebot3_msgs/action/detail
[14.479s] -- Installing: /home/jbaghiro/testWS/install/turtlebot3_msgs/include/turtlebot3_msgs/turtlebot3_msgs/action/detail/patrol__type_support.c
[14.480s] -- Installing: /home/jbaghiro/testWS/install/turtlebot3_msgs/include/turtlebot3_msgs/turtlebot3_msgs/action/detail/patrol__rosidl_typesupport_introspection_c.h
[14.480s] -- Up-to-date: /home/jbaghiro/testWS/install/turtlebot3_msgs/include/turtlebot3_msgs/turtlebot3_msgs/msg
[14.480s] -- Installing: /home/jbaghiro/testWS/install/turtlebot3_msgs/include/turtlebot3_msgs/turtlebot3_msgs/msg/rosidl_typesupport_introspection_c__visibility_control.h
[14.480s] -- Up-to-date: /home/jbaghiro/testWS/install/turtlebot3_msgs/include/turtlebot3_msgs/turtlebot3_msgs/msg/detail
[14.480s] -- Installing: /home/jbaghiro/testWS/install/turtlebot3_msgs/include/turtlebot3_msgs/turtlebot3_msgs/msg/detail/version_info__rosidl_typesupport_introspection_c.h
[14.481s] -- Installing: /home/jbaghiro/testWS/install/turtlebot3_msgs/include/turtlebot3_msgs/turtlebot3_msgs/msg/detail/version_info__type_support.c
[14.481s] -- Installing: /home/jbaghiro/testWS/install/turtlebot3_msgs/include/turtlebot3_msgs/turtlebot3_msgs/msg/detail/sound__type_support.c
[14.481s] -- Installing: /home/jbaghiro/testWS/install/turtlebot3_msgs/include/turtlebot3_msgs/turtlebot3_msgs/msg/detail/sensor_state__type_support.c
[14.481s] -- Installing: /home/jbaghiro/testWS/install/turtlebot3_msgs/include/turtlebot3_msgs/turtlebot3_msgs/msg/detail/sensor_state__rosidl_typesupport_introspection_c.h
[14.482s] -- Installing: /home/jbaghiro/testWS/install/turtlebot3_msgs/include/turtlebot3_msgs/turtlebot3_msgs/msg/detail/sound__rosidl_typesupport_introspection_c.h
[14.482s] -- Up-to-date: /home/jbaghiro/testWS/install/turtlebot3_msgs/include/turtlebot3_msgs/turtlebot3_msgs/srv
[14.482s] -- Up-to-date: /home/jbaghiro/testWS/install/turtlebot3_msgs/include/turtlebot3_msgs/turtlebot3_msgs/srv/detail
[14.482s] -- Installing: /home/jbaghiro/testWS/install/turtlebot3_msgs/include/turtlebot3_msgs/turtlebot3_msgs/srv/detail/dqn__type_support.c
[14.482s] -- Installing: /home/jbaghiro/testWS/install/turtlebot3_msgs/include/turtlebot3_msgs/turtlebot3_msgs/srv/detail/goal__rosidl_typesupport_introspection_c.h
[14.483s] -- Installing: /home/jbaghiro/testWS/install/turtlebot3_msgs/include/turtlebot3_msgs/turtlebot3_msgs/srv/detail/goal__type_support.c
[14.483s] -- Installing: /home/jbaghiro/testWS/install/turtlebot3_msgs/include/turtlebot3_msgs/turtlebot3_msgs/srv/detail/dqn__rosidl_typesupport_introspection_c.h
[14.483s] -- Installing: /home/jbaghiro/testWS/install/turtlebot3_msgs/include/turtlebot3_msgs/turtlebot3_msgs/srv/detail/sound__type_support.c
[14.483s] -- Installing: /home/jbaghiro/testWS/install/turtlebot3_msgs/include/turtlebot3_msgs/turtlebot3_msgs/srv/detail/sound__rosidl_typesupport_introspection_c.h
[14.484s] -- Installing: /home/jbaghiro/testWS/install/turtlebot3_msgs/lib/libturtlebot3_msgs__rosidl_typesupport_introspection_c.so
[14.484s] -- Set runtime path of "/home/jbaghiro/testWS/install/turtlebot3_msgs/lib/libturtlebot3_msgs__rosidl_typesupport_introspection_c.so" to ""
[14.485s] -- Installing: /home/jbaghiro/testWS/install/turtlebot3_msgs/lib/libturtlebot3_msgs__rosidl_typesupport_c.so
[14.485s] -- Set runtime path of "/home/jbaghiro/testWS/install/turtlebot3_msgs/lib/libturtlebot3_msgs__rosidl_typesupport_c.so" to ""
[14.485s] -- Up-to-date: /home/jbaghiro/testWS/install/turtlebot3_msgs/include/turtlebot3_msgs/turtlebot3_msgs
[14.485s] -- Up-to-date: /home/jbaghiro/testWS/install/turtlebot3_msgs/include/turtlebot3_msgs/turtlebot3_msgs/action
[14.485s] -- Up-to-date: /home/jbaghiro/testWS/install/turtlebot3_msgs/include/turtlebot3_msgs/turtlebot3_msgs/action/detail
[14.485s] -- Installing: /home/jbaghiro/testWS/install/turtlebot3_msgs/include/turtlebot3_msgs/turtlebot3_msgs/action/detail/patrol__type_support.cpp
[14.486s] -- Installing: /home/jbaghiro/testWS/install/turtlebot3_msgs/include/turtlebot3_msgs/turtlebot3_msgs/action/detail/patrol__rosidl_typesupport_introspection_cpp.hpp
[14.486s] -- Up-to-date: /home/jbaghiro/testWS/install/turtlebot3_msgs/include/turtlebot3_msgs/turtlebot3_msgs/msg
[14.486s] -- Up-to-date: /home/jbaghiro/testWS/install/turtlebot3_msgs/include/turtlebot3_msgs/turtlebot3_msgs/msg/detail
[14.486s] -- Installing: /home/jbaghiro/testWS/install/turtlebot3_msgs/include/turtlebot3_msgs/turtlebot3_msgs/msg/detail/sound__rosidl_typesupport_introspection_cpp.hpp
[14.486s] -- Installing: /home/jbaghiro/testWS/install/turtlebot3_msgs/include/turtlebot3_msgs/turtlebot3_msgs/msg/detail/sound__type_support.cpp
[14.487s] -- Installing: /home/jbaghiro/testWS/install/turtlebot3_msgs/include/turtlebot3_msgs/turtlebot3_msgs/msg/detail/sensor_state__type_support.cpp
[14.487s] -- Installing: /home/jbaghiro/testWS/install/turtlebot3_msgs/include/turtlebot3_msgs/turtlebot3_msgs/msg/detail/version_info__rosidl_typesupport_introspection_cpp.hpp
[14.487s] -- Installing: /home/jbaghiro/testWS/install/turtlebot3_msgs/include/turtlebot3_msgs/turtlebot3_msgs/msg/detail/sensor_state__rosidl_typesupport_introspection_cpp.hpp
[14.487s] -- Installing: /home/jbaghiro/testWS/install/turtlebot3_msgs/include/turtlebot3_msgs/turtlebot3_msgs/msg/detail/version_info__type_support.cpp
[14.488s] -- Up-to-date: /home/jbaghiro/testWS/install/turtlebot3_msgs/include/turtlebot3_msgs/turtlebot3_msgs/srv
[14.488s] -- Up-to-date: /home/jbaghiro/testWS/install/turtlebot3_msgs/include/turtlebot3_msgs/turtlebot3_msgs/srv/detail
[14.488s] -- Installing: /home/jbaghiro/testWS/install/turtlebot3_msgs/include/turtlebot3_msgs/turtlebot3_msgs/srv/detail/sound__rosidl_typesupport_introspection_cpp.hpp
[14.488s] -- Installing: /home/jbaghiro/testWS/install/turtlebot3_msgs/include/turtlebot3_msgs/turtlebot3_msgs/srv/detail/sound__type_support.cpp
[14.488s] -- Installing: /home/jbaghiro/testWS/install/turtlebot3_msgs/include/turtlebot3_msgs/turtlebot3_msgs/srv/detail/goal__rosidl_typesupport_introspection_cpp.hpp
[14.489s] -- Installing: /home/jbaghiro/testWS/install/turtlebot3_msgs/include/turtlebot3_msgs/turtlebot3_msgs/srv/detail/goal__type_support.cpp
[14.489s] -- Installing: /home/jbaghiro/testWS/install/turtlebot3_msgs/include/turtlebot3_msgs/turtlebot3_msgs/srv/detail/dqn__type_support.cpp
[14.489s] -- Installing: /home/jbaghiro/testWS/install/turtlebot3_msgs/include/turtlebot3_msgs/turtlebot3_msgs/srv/detail/dqn__rosidl_typesupport_introspection_cpp.hpp
[14.490s] -- Installing: /home/jbaghiro/testWS/install/turtlebot3_msgs/lib/libturtlebot3_msgs__rosidl_typesupport_introspection_cpp.so
[14.490s] -- Set runtime path of "/home/jbaghiro/testWS/install/turtlebot3_msgs/lib/libturtlebot3_msgs__rosidl_typesupport_introspection_cpp.so" to ""
[14.491s] -- Installing: /home/jbaghiro/testWS/install/turtlebot3_msgs/lib/libturtlebot3_msgs__rosidl_typesupport_cpp.so
[14.491s] -- Set runtime path of "/home/jbaghiro/testWS/install/turtlebot3_msgs/lib/libturtlebot3_msgs__rosidl_typesupport_cpp.so" to ""
[14.491s] -- Installing: /home/jbaghiro/testWS/install/turtlebot3_msgs/share/turtlebot3_msgs/environment/pythonpath.sh
[14.491s] -- Installing: /home/jbaghiro/testWS/install/turtlebot3_msgs/share/turtlebot3_msgs/environment/pythonpath.dsv
[14.492s] -- Installing: /home/jbaghiro/testWS/install/turtlebot3_msgs/local/lib/python3.10/dist-packages/turtlebot3_msgs-2.4.0-py3.10.egg-info
[14.494s] -- Installing: /home/jbaghiro/testWS/install/turtlebot3_msgs/local/lib/python3.10/dist-packages/turtlebot3_msgs-2.4.0-py3.10.egg-info/top_level.txt
[14.494s] -- Installing: /home/jbaghiro/testWS/install/turtlebot3_msgs/local/lib/python3.10/dist-packages/turtlebot3_msgs-2.4.0-py3.10.egg-info/dependency_links.txt
[14.495s] -- Installing: /home/jbaghiro/testWS/install/turtlebot3_msgs/local/lib/python3.10/dist-packages/turtlebot3_msgs-2.4.0-py3.10.egg-info/PKG-INFO
[14.495s] -- Installing: /home/jbaghiro/testWS/install/turtlebot3_msgs/local/lib/python3.10/dist-packages/turtlebot3_msgs-2.4.0-py3.10.egg-info/SOURCES.txt
[14.495s] -- Installing: /home/jbaghiro/testWS/install/turtlebot3_msgs/local/lib/python3.10/dist-packages/turtlebot3_msgs
[14.496s] -- Installing: /home/jbaghiro/testWS/install/turtlebot3_msgs/local/lib/python3.10/dist-packages/turtlebot3_msgs/_turtlebot3_msgs_s.ep.rosidl_typesupport_introspection_c.c
[14.496s] -- Installing: /home/jbaghiro/testWS/install/turtlebot3_msgs/local/lib/python3.10/dist-packages/turtlebot3_msgs/turtlebot3_msgs_s__rosidl_typesupport_c.cpython-310-x86_64-linux-gnu.so
[14.496s] -- Installing: /home/jbaghiro/testWS/install/turtlebot3_msgs/local/lib/python3.10/dist-packages/turtlebot3_msgs/turtlebot3_msgs_s__rosidl_typesupport_introspection_c.cpython-310-x86_64-linux-gnu.so
[14.497s] -- Installing: /home/jbaghiro/testWS/install/turtlebot3_msgs/local/lib/python3.10/dist-packages/turtlebot3_msgs/libturtlebot3_msgs__rosidl_generator_py.so
[14.497s] -- Installing: /home/jbaghiro/testWS/install/turtlebot3_msgs/local/lib/python3.10/dist-packages/turtlebot3_msgs/action
[14.498s] -- Installing: /home/jbaghiro/testWS/install/turtlebot3_msgs/local/lib/python3.10/dist-packages/turtlebot3_msgs/action/_patrol_s.c
[14.498s] -- Installing: /home/jbaghiro/testWS/install/turtlebot3_msgs/local/lib/python3.10/dist-packages/turtlebot3_msgs/action/__init__.py
[14.498s] -- Installing: /home/jbaghiro/testWS/install/turtlebot3_msgs/local/lib/python3.10/dist-packages/turtlebot3_msgs/action/_patrol.py
[14.498s] -- Installing: /home/jbaghiro/testWS/install/turtlebot3_msgs/local/lib/python3.10/dist-packages/turtlebot3_msgs/_turtlebot3_msgs_s.ep.rosidl_typesupport_fastrtps_c.c
[14.499s] -- Installing: /home/jbaghiro/testWS/install/turtlebot3_msgs/local/lib/python3.10/dist-packages/turtlebot3_msgs/__init__.py
[14.499s] -- Installing: /home/jbaghiro/testWS/install/turtlebot3_msgs/local/lib/python3.10/dist-packages/turtlebot3_msgs/turtlebot3_msgs_s__rosidl_typesupport_fastrtps_c.cpython-310-x86_64-linux-gnu.so
[14.499s] -- Installing: /home/jbaghiro/testWS/install/turtlebot3_msgs/local/lib/python3.10/dist-packages/turtlebot3_msgs/_turtlebot3_msgs_s.ep.rosidl_typesupport_c.c
[14.500s] -- Installing: /home/jbaghiro/testWS/install/turtlebot3_msgs/local/lib/python3.10/dist-packages/turtlebot3_msgs/msg
[14.500s] -- Installing: /home/jbaghiro/testWS/install/turtlebot3_msgs/local/lib/python3.10/dist-packages/turtlebot3_msgs/msg/_sound.py
[14.501s] -- Installing: /home/jbaghiro/testWS/install/turtlebot3_msgs/local/lib/python3.10/dist-packages/turtlebot3_msgs/msg/_sound_s.c
[14.501s] -- Installing: /home/jbaghiro/testWS/install/turtlebot3_msgs/local/lib/python3.10/dist-packages/turtlebot3_msgs/msg/_version_info_s.c
[14.501s] -- Installing: /home/jbaghiro/testWS/install/turtlebot3_msgs/local/lib/python3.10/dist-packages/turtlebot3_msgs/msg/_sensor_state.py
[14.501s] -- Installing: /home/jbaghiro/testWS/install/turtlebot3_msgs/local/lib/python3.10/dist-packages/turtlebot3_msgs/msg/_sensor_state_s.c
[14.502s] -- Installing: /home/jbaghiro/testWS/install/turtlebot3_msgs/local/lib/python3.10/dist-packages/turtlebot3_msgs/msg/_version_info.py
[14.502s] -- Installing: /home/jbaghiro/testWS/install/turtlebot3_msgs/local/lib/python3.10/dist-packages/turtlebot3_msgs/msg/__init__.py
[14.502s] -- Installing: /home/jbaghiro/testWS/install/turtlebot3_msgs/local/lib/python3.10/dist-packages/turtlebot3_msgs/srv
[14.503s] -- Installing: /home/jbaghiro/testWS/install/turtlebot3_msgs/local/lib/python3.10/dist-packages/turtlebot3_msgs/srv/_sound.py
[14.503s] -- Installing: /home/jbaghiro/testWS/install/turtlebot3_msgs/local/lib/python3.10/dist-packages/turtlebot3_msgs/srv/_sound_s.c
[14.503s] -- Installing: /home/jbaghiro/testWS/install/turtlebot3_msgs/local/lib/python3.10/dist-packages/turtlebot3_msgs/srv/_dqn.py
[14.503s] -- Installing: /home/jbaghiro/testWS/install/turtlebot3_msgs/local/lib/python3.10/dist-packages/turtlebot3_msgs/srv/_dqn_s.c
[14.504s] -- Installing: /home/jbaghiro/testWS/install/turtlebot3_msgs/local/lib/python3.10/dist-packages/turtlebot3_msgs/srv/_goal_s.c
[14.504s] -- Installing: /home/jbaghiro/testWS/install/turtlebot3_msgs/local/lib/python3.10/dist-packages/turtlebot3_msgs/srv/__init__.py
[14.504s] -- Installing: /home/jbaghiro/testWS/install/turtlebot3_msgs/local/lib/python3.10/dist-packages/turtlebot3_msgs/srv/_goal.py
[14.562s] Listing '/home/jbaghiro/testWS/install/turtlebot3_msgs/local/lib/python3.10/dist-packages/turtlebot3_msgs'...
[14.562s] Compiling '/home/jbaghiro/testWS/install/turtlebot3_msgs/local/lib/python3.10/dist-packages/turtlebot3_msgs/__init__.py'...
[14.562s] Listing '/home/jbaghiro/testWS/install/turtlebot3_msgs/local/lib/python3.10/dist-packages/turtlebot3_msgs/action'...
[14.563s] Compiling '/home/jbaghiro/testWS/install/turtlebot3_msgs/local/lib/python3.10/dist-packages/turtlebot3_msgs/action/__init__.py'...
[14.563s] Compiling '/home/jbaghiro/testWS/install/turtlebot3_msgs/local/lib/python3.10/dist-packages/turtlebot3_msgs/action/_patrol.py'...
[14.563s] Listing '/home/jbaghiro/testWS/install/turtlebot3_msgs/local/lib/python3.10/dist-packages/turtlebot3_msgs/msg'...
[14.563s] Compiling '/home/jbaghiro/testWS/install/turtlebot3_msgs/local/lib/python3.10/dist-packages/turtlebot3_msgs/msg/__init__.py'...
[14.563s] Compiling '/home/jbaghiro/testWS/install/turtlebot3_msgs/local/lib/python3.10/dist-packages/turtlebot3_msgs/msg/_sensor_state.py'...
[14.563s] Compiling '/home/jbaghiro/testWS/install/turtlebot3_msgs/local/lib/python3.10/dist-packages/turtlebot3_msgs/msg/_sound.py'...
[14.563s] Compiling '/home/jbaghiro/testWS/install/turtlebot3_msgs/local/lib/python3.10/dist-packages/turtlebot3_msgs/msg/_version_info.py'...
[14.563s] Listing '/home/jbaghiro/testWS/install/turtlebot3_msgs/local/lib/python3.10/dist-packages/turtlebot3_msgs/srv'...
[14.563s] Compiling '/home/jbaghiro/testWS/install/turtlebot3_msgs/local/lib/python3.10/dist-packages/turtlebot3_msgs/srv/__init__.py'...
[14.563s] Compiling '/home/jbaghiro/testWS/install/turtlebot3_msgs/local/lib/python3.10/dist-packages/turtlebot3_msgs/srv/_dqn.py'...
[14.563s] Compiling '/home/jbaghiro/testWS/install/turtlebot3_msgs/local/lib/python3.10/dist-packages/turtlebot3_msgs/srv/_goal.py'...
[14.563s] Compiling '/home/jbaghiro/testWS/install/turtlebot3_msgs/local/lib/python3.10/dist-packages/turtlebot3_msgs/srv/_sound.py'...
[14.569s] -- Installing: /home/jbaghiro/testWS/install/turtlebot3_msgs/local/lib/python3.10/dist-packages/turtlebot3_msgs/turtlebot3_msgs_s__rosidl_typesupport_fastrtps_c.cpython-310-x86_64-linux-gnu.so
[14.570s] -- Set runtime path of "/home/jbaghiro/testWS/install/turtlebot3_msgs/local/lib/python3.10/dist-packages/turtlebot3_msgs/turtlebot3_msgs_s__rosidl_typesupport_fastrtps_c.cpython-310-x86_64-linux-gnu.so" to ""
[14.570s] -- Installing: /home/jbaghiro/testWS/install/turtlebot3_msgs/local/lib/python3.10/dist-packages/turtlebot3_msgs/turtlebot3_msgs_s__rosidl_typesupport_introspection_c.cpython-310-x86_64-linux-gnu.so
[14.571s] -- Set runtime path of "/home/jbaghiro/testWS/install/turtlebot3_msgs/local/lib/python3.10/dist-packages/turtlebot3_msgs/turtlebot3_msgs_s__rosidl_typesupport_introspection_c.cpython-310-x86_64-linux-gnu.so" to ""
[14.571s] -- Installing: /home/jbaghiro/testWS/install/turtlebot3_msgs/local/lib/python3.10/dist-packages/turtlebot3_msgs/turtlebot3_msgs_s__rosidl_typesupport_c.cpython-310-x86_64-linux-gnu.so
[14.571s] -- Set runtime path of "/home/jbaghiro/testWS/install/turtlebot3_msgs/local/lib/python3.10/dist-packages/turtlebot3_msgs/turtlebot3_msgs_s__rosidl_typesupport_c.cpython-310-x86_64-linux-gnu.so" to ""
[14.572s] -- Installing: /home/jbaghiro/testWS/install/turtlebot3_msgs/lib/libturtlebot3_msgs__rosidl_generator_py.so
[14.572s] -- Set runtime path of "/home/jbaghiro/testWS/install/turtlebot3_msgs/lib/libturtlebot3_msgs__rosidl_generator_py.so" to ""
[14.573s] -- Installing: /home/jbaghiro/testWS/install/turtlebot3_msgs/share/turtlebot3_msgs/msg/SensorState.idl
[14.573s] -- Installing: /home/jbaghiro/testWS/install/turtlebot3_msgs/share/turtlebot3_msgs/msg/Sound.idl
[14.573s] -- Installing: /home/jbaghiro/testWS/install/turtlebot3_msgs/share/turtlebot3_msgs/msg/VersionInfo.idl
[14.574s] -- Installing: /home/jbaghiro/testWS/install/turtlebot3_msgs/share/turtlebot3_msgs/srv/Sound.idl
[14.574s] -- Installing: /home/jbaghiro/testWS/install/turtlebot3_msgs/share/turtlebot3_msgs/srv/Dqn.idl
[14.575s] -- Installing: /home/jbaghiro/testWS/install/turtlebot3_msgs/share/turtlebot3_msgs/srv/Goal.idl
[14.575s] -- Installing: /home/jbaghiro/testWS/install/turtlebot3_msgs/share/turtlebot3_msgs/action/Patrol.idl
[14.576s] -- Installing: /home/jbaghiro/testWS/install/turtlebot3_msgs/share/turtlebot3_msgs/msg/SensorState.msg
[14.576s] -- Installing: /home/jbaghiro/testWS/install/turtlebot3_msgs/share/turtlebot3_msgs/msg/Sound.msg
[14.576s] -- Installing: /home/jbaghiro/testWS/install/turtlebot3_msgs/share/turtlebot3_msgs/msg/VersionInfo.msg
[14.576s] -- Installing: /home/jbaghiro/testWS/install/turtlebot3_msgs/share/turtlebot3_msgs/srv/Sound.srv
[14.577s] -- Installing: /home/jbaghiro/testWS/install/turtlebot3_msgs/share/turtlebot3_msgs/srv/Sound_Request.msg
[14.577s] -- Installing: /home/jbaghiro/testWS/install/turtlebot3_msgs/share/turtlebot3_msgs/srv/Sound_Response.msg
[14.577s] -- Installing: /home/jbaghiro/testWS/install/turtlebot3_msgs/share/turtlebot3_msgs/srv/Dqn.srv
[14.577s] -- Installing: /home/jbaghiro/testWS/install/turtlebot3_msgs/share/turtlebot3_msgs/srv/Dqn_Request.msg
[14.578s] -- Installing: /home/jbaghiro/testWS/install/turtlebot3_msgs/share/turtlebot3_msgs/srv/Dqn_Response.msg
[14.578s] -- Installing: /home/jbaghiro/testWS/install/turtlebot3_msgs/share/turtlebot3_msgs/srv/Goal.srv
[14.578s] -- Installing: /home/jbaghiro/testWS/install/turtlebot3_msgs/share/turtlebot3_msgs/srv/Goal_Request.msg
[14.578s] -- Installing: /home/jbaghiro/testWS/install/turtlebot3_msgs/share/turtlebot3_msgs/srv/Goal_Response.msg
[14.579s] -- Installing: /home/jbaghiro/testWS/install/turtlebot3_msgs/share/turtlebot3_msgs/action/Patrol.action
[14.579s] -- Installing: /home/jbaghiro/testWS/install/turtlebot3_msgs/share/ament_index/resource_index/package_run_dependencies/turtlebot3_msgs
[14.580s] -- Installing: /home/jbaghiro/testWS/install/turtlebot3_msgs/share/ament_index/resource_index/parent_prefix_path/turtlebot3_msgs
[14.580s] -- Installing: /home/jbaghiro/testWS/install/turtlebot3_msgs/share/turtlebot3_msgs/environment/ament_prefix_path.sh
[14.580s] -- Installing: /home/jbaghiro/testWS/install/turtlebot3_msgs/share/turtlebot3_msgs/environment/ament_prefix_path.dsv
[14.581s] -- Installing: /home/jbaghiro/testWS/install/turtlebot3_msgs/share/turtlebot3_msgs/environment/path.sh
[14.581s] -- Installing: /home/jbaghiro/testWS/install/turtlebot3_msgs/share/turtlebot3_msgs/environment/path.dsv
[14.581s] -- Installing: /home/jbaghiro/testWS/install/turtlebot3_msgs/share/turtlebot3_msgs/local_setup.bash
[14.581s] -- Installing: /home/jbaghiro/testWS/install/turtlebot3_msgs/share/turtlebot3_msgs/local_setup.sh
[14.582s] -- Installing: /home/jbaghiro/testWS/install/turtlebot3_msgs/share/turtlebot3_msgs/local_setup.zsh
[14.582s] -- Installing: /home/jbaghiro/testWS/install/turtlebot3_msgs/share/turtlebot3_msgs/local_setup.dsv
[14.582s] -- Installing: /home/jbaghiro/testWS/install/turtlebot3_msgs/share/turtlebot3_msgs/package.dsv
[14.583s] -- Installing: /home/jbaghiro/testWS/install/turtlebot3_msgs/share/ament_index/resource_index/packages/turtlebot3_msgs
[14.584s] -- Installing: /home/jbaghiro/testWS/install/turtlebot3_msgs/share/turtlebot3_msgs/cmake/export_turtlebot3_msgs__rosidl_generator_cExport.cmake
[14.584s] -- Installing: /home/jbaghiro/testWS/install/turtlebot3_msgs/share/turtlebot3_msgs/cmake/export_turtlebot3_msgs__rosidl_generator_cExport-noconfig.cmake
[14.584s] -- Installing: /home/jbaghiro/testWS/install/turtlebot3_msgs/share/turtlebot3_msgs/cmake/export_turtlebot3_msgs__rosidl_typesupport_fastrtps_cExport.cmake
[14.584s] -- Installing: /home/jbaghiro/testWS/install/turtlebot3_msgs/share/turtlebot3_msgs/cmake/export_turtlebot3_msgs__rosidl_typesupport_fastrtps_cExport-noconfig.cmake
[14.585s] -- Installing: /home/jbaghiro/testWS/install/turtlebot3_msgs/share/turtlebot3_msgs/cmake/export_turtlebot3_msgs__rosidl_generator_cppExport.cmake
[14.585s] -- Installing: /home/jbaghiro/testWS/install/turtlebot3_msgs/share/turtlebot3_msgs/cmake/export_turtlebot3_msgs__rosidl_typesupport_fastrtps_cppExport.cmake
[14.585s] -- Installing: /home/jbaghiro/testWS/install/turtlebot3_msgs/share/turtlebot3_msgs/cmake/export_turtlebot3_msgs__rosidl_typesupport_fastrtps_cppExport-noconfig.cmake
[14.585s] -- Installing: /home/jbaghiro/testWS/install/turtlebot3_msgs/share/turtlebot3_msgs/cmake/turtlebot3_msgs__rosidl_typesupport_introspection_cExport.cmake
[14.586s] -- Installing: /home/jbaghiro/testWS/install/turtlebot3_msgs/share/turtlebot3_msgs/cmake/turtlebot3_msgs__rosidl_typesupport_introspection_cExport-noconfig.cmake
[14.586s] -- Installing: /home/jbaghiro/testWS/install/turtlebot3_msgs/share/turtlebot3_msgs/cmake/turtlebot3_msgs__rosidl_typesupport_cExport.cmake
[14.586s] -- Installing: /home/jbaghiro/testWS/install/turtlebot3_msgs/share/turtlebot3_msgs/cmake/turtlebot3_msgs__rosidl_typesupport_cExport-noconfig.cmake
[14.586s] -- Installing: /home/jbaghiro/testWS/install/turtlebot3_msgs/share/turtlebot3_msgs/cmake/turtlebot3_msgs__rosidl_typesupport_introspection_cppExport.cmake
[14.587s] -- Installing: /home/jbaghiro/testWS/install/turtlebot3_msgs/share/turtlebot3_msgs/cmake/turtlebot3_msgs__rosidl_typesupport_introspection_cppExport-noconfig.cmake
[14.587s] -- Installing: /home/jbaghiro/testWS/install/turtlebot3_msgs/share/turtlebot3_msgs/cmake/turtlebot3_msgs__rosidl_typesupport_cppExport.cmake
[14.587s] -- Installing: /home/jbaghiro/testWS/install/turtlebot3_msgs/share/turtlebot3_msgs/cmake/turtlebot3_msgs__rosidl_typesupport_cppExport-noconfig.cmake
[14.588s] -- Installing: /home/jbaghiro/testWS/install/turtlebot3_msgs/share/turtlebot3_msgs/cmake/export_turtlebot3_msgs__rosidl_generator_pyExport.cmake
[14.588s] -- Installing: /home/jbaghiro/testWS/install/turtlebot3_msgs/share/turtlebot3_msgs/cmake/export_turtlebot3_msgs__rosidl_generator_pyExport-noconfig.cmake
[14.588s] -- Installing: /home/jbaghiro/testWS/install/turtlebot3_msgs/share/turtlebot3_msgs/cmake/rosidl_cmake-extras.cmake
[14.588s] -- Installing: /home/jbaghiro/testWS/install/turtlebot3_msgs/share/turtlebot3_msgs/cmake/ament_cmake_export_dependencies-extras.cmake
[14.589s] -- Installing: /home/jbaghiro/testWS/install/turtlebot3_msgs/share/turtlebot3_msgs/cmake/ament_cmake_export_include_directories-extras.cmake
[14.589s] -- Installing: /home/jbaghiro/testWS/install/turtlebot3_msgs/share/turtlebot3_msgs/cmake/ament_cmake_export_libraries-extras.cmake
[14.589s] -- Installing: /home/jbaghiro/testWS/install/turtlebot3_msgs/share/turtlebot3_msgs/cmake/ament_cmake_export_targets-extras.cmake
[14.589s] -- Installing: /home/jbaghiro/testWS/install/turtlebot3_msgs/share/turtlebot3_msgs/cmake/rosidl_cmake_export_typesupport_targets-extras.cmake
[14.589s] -- Installing: /home/jbaghiro/testWS/install/turtlebot3_msgs/share/turtlebot3_msgs/cmake/rosidl_cmake_export_typesupport_libraries-extras.cmake
[14.590s] -- Installing: /home/jbaghiro/testWS/install/turtlebot3_msgs/share/turtlebot3_msgs/cmake/turtlebot3_msgsConfig.cmake
[14.590s] -- Installing: /home/jbaghiro/testWS/install/turtlebot3_msgs/share/turtlebot3_msgs/cmake/turtlebot3_msgsConfig-version.cmake
[14.590s] -- Installing: /home/jbaghiro/testWS/install/turtlebot3_msgs/share/turtlebot3_msgs/package.xml
[14.594s] Invoked command in '/home/jbaghiro/testWS/build/turtlebot3_msgs' returned '0': CMAKE_PREFIX_PATH=/opt/ros/humble /usr/bin/cmake --install /home/jbaghiro/testWS/build/turtlebot3_msgs
