[0.090s] Invoking command in '/home/jbaghiro/testWS/build/dynamixel_sdk': CMAKE_PREFIX_PATH=/opt/ros/humble /usr/bin/cmake /home/jbaghiro/testWS/src/utils/DynamixelSDK/ros/dynamixel_sdk -DCMAKE_INSTALL_PREFIX=/home/jbaghiro/testWS/install/dynamixel_sdk
[0.809s] -- The C compiler identification is GNU 11.4.0
[0.840s] -- The CXX compiler identification is GNU 11.4.0
[1.247s] -- Detecting C compiler ABI info
[1.486s] -- Detecting C compiler ABI info - done
[1.497s] -- Check for working C compiler: /usr/bin/cc - skipped
[1.497s] -- Detecting C compile features
[1.498s] -- Detecting C compile features - done
[1.506s] -- Detecting CXX compiler ABI info
[1.796s] -- Detecting CXX compiler ABI info - done
[1.811s] -- Check for working CXX compiler: /usr/bin/c++ - skipped
[1.812s] -- Detecting CXX compile features
[1.812s] -- Detecting CXX compile features - done
[1.818s] -- Found ament_cmake: 1.3.12 (/opt/ros/humble/share/ament_cmake/cmake)
[2.142s] -- Found Python3: /usr/bin/python3 (found version "3.10.12") found components: Interpreter 
[2.658s] -- Configuring done
[2.695s] -- Generating done
[2.697s] -- Build files have been written to: /home/jbaghiro/testWS/build/dynamixel_sdk
[2.742s] Invoked command in '/home/jbaghiro/testWS/build/dynamixel_sdk' returned '0': CMAKE_PREFIX_PATH=/opt/ros/humble /usr/bin/cmake /home/jbaghiro/testWS/src/utils/DynamixelSDK/ros/dynamixel_sdk -DCMAKE_INSTALL_PREFIX=/home/jbaghiro/testWS/install/dynamixel_sdk
[2.748s] Invoking command in '/home/jbaghiro/testWS/build/dynamixel_sdk': CMAKE_PREFIX_PATH=/opt/ros/humble /usr/bin/cmake --build /home/jbaghiro/testWS/build/dynamixel_sdk -- -j16 -l16
[2.860s] [  7%] [32mBuilding CXX object CMakeFiles/dynamixel_sdk.dir/src/dynamixel_sdk/protocol1_packet_handler.cpp.o[0m
[2.860s] [ 15%] [32mBuilding CXX object CMakeFiles/dynamixel_sdk.dir/src/dynamixel_sdk/group_sync_write.cpp.o[0m
[2.860s] [ 23%] [32mBuilding CXX object CMakeFiles/dynamixel_sdk.dir/src/dynamixel_sdk/packet_handler.cpp.o[0m
[2.861s] [ 30%] [32mBuilding CXX object CMakeFiles/dynamixel_sdk.dir/src/dynamixel_sdk/group_sync_read.cpp.o[0m
[2.861s] [ 38%] [32mBuilding CXX object CMakeFiles/dynamixel_sdk.dir/src/dynamixel_sdk/group_bulk_read.cpp.o[0m
[2.861s] [ 46%] [32mBuilding CXX object CMakeFiles/dynamixel_sdk.dir/src/dynamixel_sdk/protocol2_packet_handler.cpp.o[0m
[2.873s] [ 53%] [32mBuilding CXX object CMakeFiles/dynamixel_sdk.dir/src/dynamixel_sdk/group_bulk_write.cpp.o[0m
[2.892s] [ 61%] [32mBuilding CXX object CMakeFiles/dynamixel_sdk.dir/src/dynamixel_sdk/port_handler_linux.cpp.o[0m
[2.892s] [ 69%] [32mBuilding CXX object CMakeFiles/dynamixel_sdk.dir/src/dynamixel_sdk/group_fast_sync_read.cpp.o[0m
[2.893s] [ 76%] [32mBuilding CXX object CMakeFiles/dynamixel_sdk.dir/src/dynamixel_sdk/group_fast_bulk_read.cpp.o[0m
[2.894s] [ 84%] [32mBuilding CXX object CMakeFiles/dynamixel_sdk.dir/src/dynamixel_sdk/port_handler.cpp.o[0m
[2.896s] [ 92%] [32mBuilding CXX object CMakeFiles/dynamixel_sdk.dir/src/dynamixel_sdk/group_handler.cpp.o[0m
[2.896s] [ 92%] Built target ament_cmake_python_copy_dynamixel_sdk
[3.589s] running egg_info
[3.590s] creating dynamixel_sdk.egg-info
[3.592s] writing dynamixel_sdk.egg-info/PKG-INFO
[3.593s] writing dependency_links to dynamixel_sdk.egg-info/dependency_links.txt
[3.593s] writing top-level names to dynamixel_sdk.egg-info/top_level.txt
[3.593s] writing manifest file 'dynamixel_sdk.egg-info/SOURCES.txt'
[3.604s] reading manifest file 'dynamixel_sdk.egg-info/SOURCES.txt'
[3.604s] writing manifest file 'dynamixel_sdk.egg-info/SOURCES.txt'
[3.687s] [ 92%] Built target ament_cmake_python_build_dynamixel_sdk_egg
[3.834s] [100%] [32m[1mLinking CXX shared library libdynamixel_sdk.so[0m
[4.078s] [100%] Built target dynamixel_sdk
[4.099s] Invoked command in '/home/jbaghiro/testWS/build/dynamixel_sdk' returned '0': CMAKE_PREFIX_PATH=/opt/ros/humble /usr/bin/cmake --build /home/jbaghiro/testWS/build/dynamixel_sdk -- -j16 -l16
[4.102s] Invoking command in '/home/jbaghiro/testWS/build/dynamixel_sdk': CMAKE_PREFIX_PATH=/opt/ros/humble /usr/bin/cmake --install /home/jbaghiro/testWS/build/dynamixel_sdk
[4.114s] -- Install configuration: ""
[4.114s] -- Installing: /home/jbaghiro/testWS/install/dynamixel_sdk/include/
[4.116s] -- Installing: /home/jbaghiro/testWS/install/dynamixel_sdk/include//dynamixel_sdk
[4.116s] -- Installing: /home/jbaghiro/testWS/install/dynamixel_sdk/include//dynamixel_sdk/group_sync_write.h
[4.117s] -- Installing: /home/jbaghiro/testWS/install/dynamixel_sdk/include//dynamixel_sdk/port_handler_arduino.h
[4.117s] -- Installing: /home/jbaghiro/testWS/install/dynamixel_sdk/include//dynamixel_sdk/protocol1_packet_handler.h
[4.117s] -- Installing: /home/jbaghiro/testWS/install/dynamixel_sdk/include//dynamixel_sdk/group_bulk_write.h
[4.118s] -- Installing: /home/jbaghiro/testWS/install/dynamixel_sdk/include//dynamixel_sdk/port_handler_linux.h
[4.118s] -- Installing: /home/jbaghiro/testWS/install/dynamixel_sdk/include//dynamixel_sdk/group_bulk_read.h
[4.118s] -- Installing: /home/jbaghiro/testWS/install/dynamixel_sdk/include//dynamixel_sdk/port_handler_windows.h
[4.118s] -- Installing: /home/jbaghiro/testWS/install/dynamixel_sdk/include//dynamixel_sdk/port_handler_mac.h
[4.119s] -- Installing: /home/jbaghiro/testWS/install/dynamixel_sdk/include//dynamixel_sdk/port_handler.h
[4.119s] -- Installing: /home/jbaghiro/testWS/install/dynamixel_sdk/include//dynamixel_sdk/protocol2_packet_handler.h
[4.119s] -- Installing: /home/jbaghiro/testWS/install/dynamixel_sdk/include//dynamixel_sdk/group_fast_sync_read.h
[4.120s] -- Installing: /home/jbaghiro/testWS/install/dynamixel_sdk/include//dynamixel_sdk/packet_handler.h
[4.120s] -- Installing: /home/jbaghiro/testWS/install/dynamixel_sdk/include//dynamixel_sdk/group_fast_bulk_read.h
[4.120s] -- Installing: /home/jbaghiro/testWS/install/dynamixel_sdk/include//dynamixel_sdk/group_sync_read.h
[4.120s] -- Installing: /home/jbaghiro/testWS/install/dynamixel_sdk/include//dynamixel_sdk/group_handler.h
[4.121s] -- Installing: /home/jbaghiro/testWS/install/dynamixel_sdk/include//dynamixel_sdk/dynamixel_sdk.h
[4.122s] -- Installing: /home/jbaghiro/testWS/install/dynamixel_sdk/lib/libdynamixel_sdk.so
[4.125s] -- Installing: /home/jbaghiro/testWS/install/dynamixel_sdk/share/dynamixel_sdk/environment/pythonpath.sh
[4.125s] -- Installing: /home/jbaghiro/testWS/install/dynamixel_sdk/share/dynamixel_sdk/environment/pythonpath.dsv
[4.126s] -- Installing: /home/jbaghiro/testWS/install/dynamixel_sdk/local/lib/python3.10/dist-packages/dynamixel_sdk-3.8.4-py3.10.egg-info
[4.128s] -- Installing: /home/jbaghiro/testWS/install/dynamixel_sdk/local/lib/python3.10/dist-packages/dynamixel_sdk-3.8.4-py3.10.egg-info/top_level.txt
[4.129s] -- Installing: /home/jbaghiro/testWS/install/dynamixel_sdk/local/lib/python3.10/dist-packages/dynamixel_sdk-3.8.4-py3.10.egg-info/dependency_links.txt
[4.129s] -- Installing: /home/jbaghiro/testWS/install/dynamixel_sdk/local/lib/python3.10/dist-packages/dynamixel_sdk-3.8.4-py3.10.egg-info/PKG-INFO
[4.129s] -- Installing: /home/jbaghiro/testWS/install/dynamixel_sdk/local/lib/python3.10/dist-packages/dynamixel_sdk-3.8.4-py3.10.egg-info/SOURCES.txt
[4.130s] -- Installing: /home/jbaghiro/testWS/install/dynamixel_sdk/local/lib/python3.10/dist-packages/dynamixel_sdk
[4.130s] -- Installing: /home/jbaghiro/testWS/install/dynamixel_sdk/local/lib/python3.10/dist-packages/dynamixel_sdk/protocol1_packet_handler.cpp
[4.131s] -- Installing: /home/jbaghiro/testWS/install/dynamixel_sdk/local/lib/python3.10/dist-packages/dynamixel_sdk/robotis_def.py
[4.131s] -- Installing: /home/jbaghiro/testWS/install/dynamixel_sdk/local/lib/python3.10/dist-packages/dynamixel_sdk/port_handler_linux.cpp
[4.131s] -- Installing: /home/jbaghiro/testWS/install/dynamixel_sdk/local/lib/python3.10/dist-packages/dynamixel_sdk/group_bulk_write.py
[4.131s] -- Installing: /home/jbaghiro/testWS/install/dynamixel_sdk/local/lib/python3.10/dist-packages/dynamixel_sdk/port_handler.py
[4.132s] -- Installing: /home/jbaghiro/testWS/install/dynamixel_sdk/local/lib/python3.10/dist-packages/dynamixel_sdk/group_bulk_read.py
[4.132s] -- Installing: /home/jbaghiro/testWS/install/dynamixel_sdk/local/lib/python3.10/dist-packages/dynamixel_sdk/packet_handler.cpp
[4.132s] -- Installing: /home/jbaghiro/testWS/install/dynamixel_sdk/local/lib/python3.10/dist-packages/dynamixel_sdk/protocol1_packet_handler.py
[4.132s] -- Installing: /home/jbaghiro/testWS/install/dynamixel_sdk/local/lib/python3.10/dist-packages/dynamixel_sdk/port_handler_windows.cpp
[4.133s] -- Installing: /home/jbaghiro/testWS/install/dynamixel_sdk/local/lib/python3.10/dist-packages/dynamixel_sdk/port_handler.cpp
[4.133s] -- Installing: /home/jbaghiro/testWS/install/dynamixel_sdk/local/lib/python3.10/dist-packages/dynamixel_sdk/group_sync_read.cpp
[4.133s] -- Installing: /home/jbaghiro/testWS/install/dynamixel_sdk/local/lib/python3.10/dist-packages/dynamixel_sdk/port_handler_mac.cpp
[4.134s] -- Installing: /home/jbaghiro/testWS/install/dynamixel_sdk/local/lib/python3.10/dist-packages/dynamixel_sdk/port_handler_arduino.cpp
[4.134s] -- Installing: /home/jbaghiro/testWS/install/dynamixel_sdk/local/lib/python3.10/dist-packages/dynamixel_sdk/protocol2_packet_handler.py
[4.134s] -- Installing: /home/jbaghiro/testWS/install/dynamixel_sdk/local/lib/python3.10/dist-packages/dynamixel_sdk/__init__.py
[4.134s] -- Installing: /home/jbaghiro/testWS/install/dynamixel_sdk/local/lib/python3.10/dist-packages/dynamixel_sdk/group_handler.cpp
[4.134s] -- Installing: /home/jbaghiro/testWS/install/dynamixel_sdk/local/lib/python3.10/dist-packages/dynamixel_sdk/group_fast_sync_read.cpp
[4.135s] -- Installing: /home/jbaghiro/testWS/install/dynamixel_sdk/local/lib/python3.10/dist-packages/dynamixel_sdk/group_fast_bulk_read.cpp
[4.135s] -- Installing: /home/jbaghiro/testWS/install/dynamixel_sdk/local/lib/python3.10/dist-packages/dynamixel_sdk/protocol2_packet_handler.cpp
[4.135s] -- Installing: /home/jbaghiro/testWS/install/dynamixel_sdk/local/lib/python3.10/dist-packages/dynamixel_sdk/group_bulk_read.cpp
[4.136s] -- Installing: /home/jbaghiro/testWS/install/dynamixel_sdk/local/lib/python3.10/dist-packages/dynamixel_sdk/group_sync_read.py
[4.136s] -- Installing: /home/jbaghiro/testWS/install/dynamixel_sdk/local/lib/python3.10/dist-packages/dynamixel_sdk/group_sync_write.cpp
[4.136s] -- Installing: /home/jbaghiro/testWS/install/dynamixel_sdk/local/lib/python3.10/dist-packages/dynamixel_sdk/packet_handler.py
[4.136s] -- Installing: /home/jbaghiro/testWS/install/dynamixel_sdk/local/lib/python3.10/dist-packages/dynamixel_sdk/group_sync_write.py
[4.137s] -- Installing: /home/jbaghiro/testWS/install/dynamixel_sdk/local/lib/python3.10/dist-packages/dynamixel_sdk/group_bulk_write.cpp
[4.189s] Listing '/home/jbaghiro/testWS/install/dynamixel_sdk/local/lib/python3.10/dist-packages/dynamixel_sdk'...
[4.189s] Compiling '/home/jbaghiro/testWS/install/dynamixel_sdk/local/lib/python3.10/dist-packages/dynamixel_sdk/__init__.py'...
[4.189s] Compiling '/home/jbaghiro/testWS/install/dynamixel_sdk/local/lib/python3.10/dist-packages/dynamixel_sdk/group_bulk_read.py'...
[4.189s] Compiling '/home/jbaghiro/testWS/install/dynamixel_sdk/local/lib/python3.10/dist-packages/dynamixel_sdk/group_bulk_write.py'...
[4.189s] Compiling '/home/jbaghiro/testWS/install/dynamixel_sdk/local/lib/python3.10/dist-packages/dynamixel_sdk/group_sync_read.py'...
[4.190s] Compiling '/home/jbaghiro/testWS/install/dynamixel_sdk/local/lib/python3.10/dist-packages/dynamixel_sdk/group_sync_write.py'...
[4.190s] Compiling '/home/jbaghiro/testWS/install/dynamixel_sdk/local/lib/python3.10/dist-packages/dynamixel_sdk/packet_handler.py'...
[4.190s] Compiling '/home/jbaghiro/testWS/install/dynamixel_sdk/local/lib/python3.10/dist-packages/dynamixel_sdk/port_handler.py'...
[4.190s] Compiling '/home/jbaghiro/testWS/install/dynamixel_sdk/local/lib/python3.10/dist-packages/dynamixel_sdk/protocol1_packet_handler.py'...
[4.190s] Compiling '/home/jbaghiro/testWS/install/dynamixel_sdk/local/lib/python3.10/dist-packages/dynamixel_sdk/protocol2_packet_handler.py'...
[4.190s] Compiling '/home/jbaghiro/testWS/install/dynamixel_sdk/local/lib/python3.10/dist-packages/dynamixel_sdk/robotis_def.py'...
[4.196s] -- Installing: /home/jbaghiro/testWS/install/dynamixel_sdk/share/dynamixel_sdk/environment/library_path.sh
[4.196s] -- Installing: /home/jbaghiro/testWS/install/dynamixel_sdk/share/dynamixel_sdk/environment/library_path.dsv
[4.198s] -- Installing: /home/jbaghiro/testWS/install/dynamixel_sdk/share/ament_index/resource_index/package_run_dependencies/dynamixel_sdk
[4.198s] -- Installing: /home/jbaghiro/testWS/install/dynamixel_sdk/share/ament_index/resource_index/parent_prefix_path/dynamixel_sdk
[4.199s] -- Installing: /home/jbaghiro/testWS/install/dynamixel_sdk/share/dynamixel_sdk/environment/ament_prefix_path.sh
[4.199s] -- Installing: /home/jbaghiro/testWS/install/dynamixel_sdk/share/dynamixel_sdk/environment/ament_prefix_path.dsv
[4.199s] -- Installing: /home/jbaghiro/testWS/install/dynamixel_sdk/share/dynamixel_sdk/environment/path.sh
[4.199s] -- Installing: /home/jbaghiro/testWS/install/dynamixel_sdk/share/dynamixel_sdk/environment/path.dsv
[4.200s] -- Installing: /home/jbaghiro/testWS/install/dynamixel_sdk/share/dynamixel_sdk/local_setup.bash
[4.200s] -- Installing: /home/jbaghiro/testWS/install/dynamixel_sdk/share/dynamixel_sdk/local_setup.sh
[4.200s] -- Installing: /home/jbaghiro/testWS/install/dynamixel_sdk/share/dynamixel_sdk/local_setup.zsh
[4.200s] -- Installing: /home/jbaghiro/testWS/install/dynamixel_sdk/share/dynamixel_sdk/local_setup.dsv
[4.201s] -- Installing: /home/jbaghiro/testWS/install/dynamixel_sdk/share/dynamixel_sdk/package.dsv
[4.201s] -- Installing: /home/jbaghiro/testWS/install/dynamixel_sdk/share/ament_index/resource_index/packages/dynamixel_sdk
[4.202s] -- Installing: /home/jbaghiro/testWS/install/dynamixel_sdk/share/dynamixel_sdk/cmake/dynamixel_sdkExport.cmake
[4.203s] -- Installing: /home/jbaghiro/testWS/install/dynamixel_sdk/share/dynamixel_sdk/cmake/dynamixel_sdkExport-noconfig.cmake
[4.203s] -- Installing: /home/jbaghiro/testWS/install/dynamixel_sdk/share/dynamixel_sdk/cmake/ament_cmake_export_targets-extras.cmake
[4.203s] -- Installing: /home/jbaghiro/testWS/install/dynamixel_sdk/share/dynamixel_sdk/cmake/ament_cmake_export_include_directories-extras.cmake
[4.204s] -- Installing: /home/jbaghiro/testWS/install/dynamixel_sdk/share/dynamixel_sdk/cmake/ament_cmake_export_libraries-extras.cmake
[4.204s] -- Installing: /home/jbaghiro/testWS/install/dynamixel_sdk/share/dynamixel_sdk/cmake/dynamixel_sdkConfig.cmake
[4.204s] -- Installing: /home/jbaghiro/testWS/install/dynamixel_sdk/share/dynamixel_sdk/cmake/dynamixel_sdkConfig-version.cmake
[4.205s] -- Installing: /home/jbaghiro/testWS/install/dynamixel_sdk/share/dynamixel_sdk/package.xml
[4.209s] Invoked command in '/home/jbaghiro/testWS/build/dynamixel_sdk' returned '0': CMAKE_PREFIX_PATH=/opt/ros/humble /usr/bin/cmake --install /home/jbaghiro/testWS/build/dynamixel_sdk
