[0.399s] Invoking command in '/home/jbaghiro/testWS/build/turtlebot3_node': AMENT_PREFIX_PATH=/home/jbaghiro/testWS/install/turtlebot3_msgs:/home/jbaghiro/testWS/install/dynamixel_sdk:${AMENT_PREFIX_PATH} CMAKE_PREFIX_PATH=/home/jbaghiro/testWS/install/turtlebot3_msgs:/home/jbaghiro/testWS/install/dynamixel_sdk:/opt/ros/humble LD_LIBRARY_PATH=/home/jbaghiro/testWS/install/turtlebot3_msgs/lib:/home/jbaghiro/testWS/install/dynamixel_sdk/lib:${LD_LIBRARY_PATH} PYTHONPATH=/home/jbaghiro/testWS/install/turtlebot3_msgs/local/lib/python3.10/dist-packages:/home/jbaghiro/testWS/install/dynamixel_sdk/local/lib/python3.10/dist-packages:${PYTHONPATH} /usr/bin/cmake /home/jbaghiro/testWS/src/turtlebot3/turtlebot3/turtlebot3_node -DCMAKE_INSTALL_PREFIX=/home/jbaghiro/testWS/install/turtlebot3_node
[0.599s] -- The C compiler identification is GNU 11.4.0
[1.266s] -- The CXX compiler identification is GNU 11.4.0
[1.717s] -- Detecting C compiler ABI info
[1.984s] -- Detecting C compiler ABI info - done
[1.992s] -- Check for working C compiler: /usr/bin/cc - skipped
[1.992s] -- Detecting C compile features
[1.992s] -- Detecting C compile features - done
[1.996s] -- Detecting CXX compiler ABI info
[2.349s] -- Detecting CXX compiler ABI info - done
[2.363s] -- Check for working CXX compiler: /usr/bin/c++ - skipped
[2.363s] -- Detecting CXX compile features
[2.364s] -- Detecting CXX compile features - done
[2.370s] -- Found ament_cmake: 1.3.12 (/opt/ros/humble/share/ament_cmake/cmake)
[2.698s] -- Found Python3: /usr/bin/python3 (found version "3.10.12") found components: Interpreter 
[2.861s] -- Found dynamixel_sdk: 3.8.4 (/home/jbaghiro/testWS/install/dynamixel_sdk/share/dynamixel_sdk/cmake)
[2.867s] -- Found geometry_msgs: 4.9.0 (/opt/ros/humble/share/geometry_msgs/cmake)
[3.168s] -- Found rosidl_generator_c: 3.1.7 (/opt/ros/humble/share/rosidl_generator_c/cmake)
[3.180s] -- Found rosidl_adapter: 3.1.7 (/opt/ros/humble/share/rosidl_adapter/cmake)
[3.196s] -- Found rosidl_generator_cpp: 3.1.7 (/opt/ros/humble/share/rosidl_generator_cpp/cmake)
[3.214s] -- Using all available rosidl_typesupport_c: rosidl_typesupport_fastrtps_c;rosidl_typesupport_introspection_c
[3.244s] -- Using all available rosidl_typesupport_cpp: rosidl_typesupport_fastrtps_cpp;rosidl_typesupport_introspection_cpp
[3.321s] -- Found message_filters: 4.3.8 (/opt/ros/humble/share/message_filters/cmake)
[3.397s] -- Found rmw_implementation_cmake: 6.1.2 (/opt/ros/humble/share/rmw_implementation_cmake/cmake)
[3.403s] -- Found rmw_fastrtps_cpp: 6.2.8 (/opt/ros/humble/share/rmw_fastrtps_cpp/cmake)
[4.480s] -- Found OpenSSL: /usr/lib/x86_64-linux-gnu/libcrypto.so (found version "3.0.2")  
[5.636s] -- Found FastRTPS: /opt/ros/humble/include  
[7.727s] -- Using RMW implementation 'rmw_fastrtps_cpp' as default
[7.744s] -- Looking for pthread.h
[8.035s] -- Looking for pthread.h - found
[8.035s] -- Performing Test CMAKE_HAVE_LIBC_PTHREAD
[8.315s] -- Performing Test CMAKE_HAVE_LIBC_PTHREAD - Success
[8.316s] -- Found Threads: TRUE  
[8.372s] -- Found nav_msgs: 4.9.0 (/opt/ros/humble/share/nav_msgs/cmake)
[8.395s] -- Found sensor_msgs: 4.9.0 (/opt/ros/humble/share/sensor_msgs/cmake)
[8.424s] -- Found std_srvs: 4.9.0 (/opt/ros/humble/share/std_srvs/cmake)
[8.443s] -- Found tf2: 0.25.16 (/opt/ros/humble/share/tf2/cmake)
[8.459s] -- Found tf2_ros: 0.25.16 (/opt/ros/humble/share/tf2_ros/cmake)
[8.613s] -- Found turtlebot3_msgs: 2.4.0 (/home/jbaghiro/testWS/install/turtlebot3_msgs/share/turtlebot3_msgs/cmake)
[8.782s] -- Configuring done
[8.834s] -- Generating done
[8.846s] -- Build files have been written to: /home/jbaghiro/testWS/build/turtlebot3_node
[8.873s] Invoked command in '/home/jbaghiro/testWS/build/turtlebot3_node' returned '0': AMENT_PREFIX_PATH=/home/jbaghiro/testWS/install/turtlebot3_msgs:/home/jbaghiro/testWS/install/dynamixel_sdk:${AMENT_PREFIX_PATH} CMAKE_PREFIX_PATH=/home/jbaghiro/testWS/install/turtlebot3_msgs:/home/jbaghiro/testWS/install/dynamixel_sdk:/opt/ros/humble LD_LIBRARY_PATH=/home/jbaghiro/testWS/install/turtlebot3_msgs/lib:/home/jbaghiro/testWS/install/dynamixel_sdk/lib:${LD_LIBRARY_PATH} PYTHONPATH=/home/jbaghiro/testWS/install/turtlebot3_msgs/local/lib/python3.10/dist-packages:/home/jbaghiro/testWS/install/dynamixel_sdk/local/lib/python3.10/dist-packages:${PYTHONPATH} /usr/bin/cmake /home/jbaghiro/testWS/src/turtlebot3/turtlebot3/turtlebot3_node -DCMAKE_INSTALL_PREFIX=/home/jbaghiro/testWS/install/turtlebot3_node
[8.876s] Invoking command in '/home/jbaghiro/testWS/build/turtlebot3_node': AMENT_PREFIX_PATH=/home/jbaghiro/testWS/install/turtlebot3_msgs:/home/jbaghiro/testWS/install/dynamixel_sdk:${AMENT_PREFIX_PATH} CMAKE_PREFIX_PATH=/home/jbaghiro/testWS/install/turtlebot3_msgs:/home/jbaghiro/testWS/install/dynamixel_sdk:/opt/ros/humble LD_LIBRARY_PATH=/home/jbaghiro/testWS/install/turtlebot3_msgs/lib:/home/jbaghiro/testWS/install/dynamixel_sdk/lib:${LD_LIBRARY_PATH} PYTHONPATH=/home/jbaghiro/testWS/install/turtlebot3_msgs/local/lib/python3.10/dist-packages:/home/jbaghiro/testWS/install/dynamixel_sdk/local/lib/python3.10/dist-packages:${PYTHONPATH} /usr/bin/cmake --build /home/jbaghiro/testWS/build/turtlebot3_node -- -j16 -l16
[8.983s] [ 14%] [32mBuilding CXX object CMakeFiles/turtlebot3_node_lib.dir/src/devices/motor_power.cpp.o[0m
[8.983s] [ 14%] [32mBuilding CXX object CMakeFiles/turtlebot3_node_lib.dir/src/devices/reset.cpp.o[0m
[8.983s] [ 28%] [32mBuilding CXX object CMakeFiles/turtlebot3_node_lib.dir/src/dynamixel_sdk_wrapper.cpp.o[0m
[8.983s] [ 28%] [32mBuilding CXX object CMakeFiles/turtlebot3_node_lib.dir/src/diff_drive_controller.cpp.o[0m
[8.984s] [ 35%] [32mBuilding CXX object CMakeFiles/turtlebot3_node_lib.dir/src/odometry.cpp.o[0m
[8.985s] [ 42%] [32mBuilding CXX object CMakeFiles/turtlebot3_node_lib.dir/src/turtlebot3.cpp.o[0m
[8.986s] [ 50%] [32mBuilding CXX object CMakeFiles/turtlebot3_node_lib.dir/src/sensors/imu.cpp.o[0m
[8.991s] [ 64%] [32mBuilding CXX object CMakeFiles/turtlebot3_node_lib.dir/src/sensors/battery_state.cpp.o[0m
[8.992s] [ 64%] [32mBuilding CXX object CMakeFiles/turtlebot3_node_lib.dir/src/devices/sound.cpp.o[0m
[8.992s] [ 71%] [32mBuilding CXX object CMakeFiles/turtlebot3_node_lib.dir/src/sensors/joint_state.cpp.o[0m
[8.994s] [ 78%] [32mBuilding CXX object CMakeFiles/turtlebot3_node_lib.dir/src/sensors/sensor_state.cpp.o[0m
[39.287s] [ 85%] [32m[1mLinking CXX static library libturtlebot3_node_lib.a[0m
[40.307s] [ 85%] Built target turtlebot3_node_lib
[40.343s] [ 92%] [32mBuilding CXX object CMakeFiles/turtlebot3_ros.dir/src/node_main.cpp.o[0m
[45.591s] [100%] [32m[1mLinking CXX executable turtlebot3_ros[0m
[48.401s] [100%] Built target turtlebot3_ros
[48.421s] Invoked command in '/home/jbaghiro/testWS/build/turtlebot3_node' returned '0': AMENT_PREFIX_PATH=/home/jbaghiro/testWS/install/turtlebot3_msgs:/home/jbaghiro/testWS/install/dynamixel_sdk:${AMENT_PREFIX_PATH} CMAKE_PREFIX_PATH=/home/jbaghiro/testWS/install/turtlebot3_msgs:/home/jbaghiro/testWS/install/dynamixel_sdk:/opt/ros/humble LD_LIBRARY_PATH=/home/jbaghiro/testWS/install/turtlebot3_msgs/lib:/home/jbaghiro/testWS/install/dynamixel_sdk/lib:${LD_LIBRARY_PATH} PYTHONPATH=/home/jbaghiro/testWS/install/turtlebot3_msgs/local/lib/python3.10/dist-packages:/home/jbaghiro/testWS/install/dynamixel_sdk/local/lib/python3.10/dist-packages:${PYTHONPATH} /usr/bin/cmake --build /home/jbaghiro/testWS/build/turtlebot3_node -- -j16 -l16
[48.424s] Invoking command in '/home/jbaghiro/testWS/build/turtlebot3_node': AMENT_PREFIX_PATH=/home/jbaghiro/testWS/install/turtlebot3_msgs:/home/jbaghiro/testWS/install/dynamixel_sdk:${AMENT_PREFIX_PATH} CMAKE_PREFIX_PATH=/home/jbaghiro/testWS/install/turtlebot3_msgs:/home/jbaghiro/testWS/install/dynamixel_sdk:/opt/ros/humble LD_LIBRARY_PATH=/home/jbaghiro/testWS/install/turtlebot3_msgs/lib:/home/jbaghiro/testWS/install/dynamixel_sdk/lib:${LD_LIBRARY_PATH} PYTHONPATH=/home/jbaghiro/testWS/install/turtlebot3_msgs/local/lib/python3.10/dist-packages:/home/jbaghiro/testWS/install/dynamixel_sdk/local/lib/python3.10/dist-packages:${PYTHONPATH} /usr/bin/cmake --install /home/jbaghiro/testWS/build/turtlebot3_node
[48.434s] -- Install configuration: ""
[48.435s] -- Installing: /home/jbaghiro/testWS/install/turtlebot3_node/share/turtlebot3_node/param
[48.437s] -- Installing: /home/jbaghiro/testWS/install/turtlebot3_node/share/turtlebot3_node/param/waffle.yaml
[48.437s] -- Installing: /home/jbaghiro/testWS/install/turtlebot3_node/share/turtlebot3_node/param/waffle_pi.yaml
[48.437s] -- Installing: /home/jbaghiro/testWS/install/turtlebot3_node/share/turtlebot3_node/param/burger.yaml
[48.438s] -- Installing: /home/jbaghiro/testWS/install/turtlebot3_node/lib/turtlebot3_node/turtlebot3_ros
[48.464s] -- Set runtime path of "/home/jbaghiro/testWS/install/turtlebot3_node/lib/turtlebot3_node/turtlebot3_ros" to ""
[48.466s] -- Installing: /home/jbaghiro/testWS/install/turtlebot3_node/share/ament_index/resource_index/package_run_dependencies/turtlebot3_node
[48.467s] -- Installing: /home/jbaghiro/testWS/install/turtlebot3_node/share/ament_index/resource_index/parent_prefix_path/turtlebot3_node
[48.467s] -- Installing: /home/jbaghiro/testWS/install/turtlebot3_node/share/turtlebot3_node/environment/ament_prefix_path.sh
[48.468s] -- Installing: /home/jbaghiro/testWS/install/turtlebot3_node/share/turtlebot3_node/environment/ament_prefix_path.dsv
[48.468s] -- Installing: /home/jbaghiro/testWS/install/turtlebot3_node/share/turtlebot3_node/environment/path.sh
[48.468s] -- Installing: /home/jbaghiro/testWS/install/turtlebot3_node/share/turtlebot3_node/environment/path.dsv
[48.468s] -- Installing: /home/jbaghiro/testWS/install/turtlebot3_node/share/turtlebot3_node/local_setup.bash
[48.469s] -- Installing: /home/jbaghiro/testWS/install/turtlebot3_node/share/turtlebot3_node/local_setup.sh
[48.469s] -- Installing: /home/jbaghiro/testWS/install/turtlebot3_node/share/turtlebot3_node/local_setup.zsh
[48.469s] -- Installing: /home/jbaghiro/testWS/install/turtlebot3_node/share/turtlebot3_node/local_setup.dsv
[48.469s] -- Installing: /home/jbaghiro/testWS/install/turtlebot3_node/share/turtlebot3_node/package.dsv
[48.470s] -- Installing: /home/jbaghiro/testWS/install/turtlebot3_node/share/ament_index/resource_index/packages/turtlebot3_node
[48.471s] -- Installing: /home/jbaghiro/testWS/install/turtlebot3_node/share/turtlebot3_node/cmake/ament_cmake_export_dependencies-extras.cmake
[48.471s] -- Installing: /home/jbaghiro/testWS/install/turtlebot3_node/share/turtlebot3_node/cmake/ament_cmake_export_include_directories-extras.cmake
[48.471s] -- Installing: /home/jbaghiro/testWS/install/turtlebot3_node/share/turtlebot3_node/cmake/turtlebot3_nodeConfig.cmake
[48.472s] -- Installing: /home/jbaghiro/testWS/install/turtlebot3_node/share/turtlebot3_node/cmake/turtlebot3_nodeConfig-version.cmake
[48.472s] -- Installing: /home/jbaghiro/testWS/install/turtlebot3_node/share/turtlebot3_node/package.xml
[48.477s] Invoked command in '/home/jbaghiro/testWS/build/turtlebot3_node' returned '0': AMENT_PREFIX_PATH=/home/jbaghiro/testWS/install/turtlebot3_msgs:/home/jbaghiro/testWS/install/dynamixel_sdk:${AMENT_PREFIX_PATH} CMAKE_PREFIX_PATH=/home/jbaghiro/testWS/install/turtlebot3_msgs:/home/jbaghiro/testWS/install/dynamixel_sdk:/opt/ros/humble LD_LIBRARY_PATH=/home/jbaghiro/testWS/install/turtlebot3_msgs/lib:/home/jbaghiro/testWS/install/dynamixel_sdk/lib:${LD_LIBRARY_PATH} PYTHONPATH=/home/jbaghiro/testWS/install/turtlebot3_msgs/local/lib/python3.10/dist-packages:/home/jbaghiro/testWS/install/dynamixel_sdk/local/lib/python3.10/dist-packages:${PYTHONPATH} /usr/bin/cmake --install /home/jbaghiro/testWS/build/turtlebot3_node
