[0.080s] Invoking command in '/home/jbaghiro/testWS/build/turtlebot3_cartographer': CMAKE_PREFIX_PATH=/opt/ros/humble /usr/bin/cmake /home/jbaghiro/testWS/src/turtlebot3/turtlebot3/turtlebot3_cartographer -DCMAKE_INSTALL_PREFIX=/home/jbaghiro/testWS/install/turtlebot3_cartographer
[0.785s] -- The C compiler identification is GNU 11.4.0
[0.928s] -- The CXX compiler identification is GNU 11.4.0
[1.348s] -- Detecting C compiler ABI info
[1.583s] -- Detecting C compiler ABI info - done
[1.596s] -- Check for working C compiler: /usr/bin/cc - skipped
[1.596s] -- Detecting C compile features
[1.596s] -- Detecting C compile features - done
[1.601s] -- Detecting CXX compiler ABI info
[1.925s] -- Detecting CXX compiler ABI info - done
[1.935s] -- Check for working CXX compiler: /usr/bin/c++ - skipped
[1.936s] -- Detecting CXX compile features
[1.936s] -- Detecting CXX compile features - done
[1.943s] -- Found ament_cmake: 1.3.12 (/opt/ros/humble/share/ament_cmake/cmake)
[2.264s] -- Found Python3: /usr/bin/python3 (found version "3.10.12") found components: Interpreter 
[2.593s] -- Configuring done
[2.611s] -- Generating done
[2.618s] -- Build files have been written to: /home/jbaghiro/testWS/build/turtlebot3_cartographer
[2.631s] Invoked command in '/home/jbaghiro/testWS/build/turtlebot3_cartographer' returned '0': CMAKE_PREFIX_PATH=/opt/ros/humble /usr/bin/cmake /home/jbaghiro/testWS/src/turtlebot3/turtlebot3/turtlebot3_cartographer -DCMAKE_INSTALL_PREFIX=/home/jbaghiro/testWS/install/turtlebot3_cartographer
[2.661s] Invoking command in '/home/jbaghiro/testWS/build/turtlebot3_cartographer': CMAKE_PREFIX_PATH=/opt/ros/humble /usr/bin/cmake --build /home/jbaghiro/testWS/build/turtlebot3_cartographer -- -j16 -l16
[2.734s] Invoked command in '/home/jbaghiro/testWS/build/turtlebot3_cartographer' returned '0': CMAKE_PREFIX_PATH=/opt/ros/humble /usr/bin/cmake --build /home/jbaghiro/testWS/build/turtlebot3_cartographer -- -j16 -l16
[2.759s] Invoking command in '/home/jbaghiro/testWS/build/turtlebot3_cartographer': CMAKE_PREFIX_PATH=/opt/ros/humble /usr/bin/cmake --install /home/jbaghiro/testWS/build/turtlebot3_cartographer
[2.772s] -- Install configuration: ""
[2.773s] -- Installing: /home/jbaghiro/testWS/install/turtlebot3_cartographer/share/turtlebot3_cartographer/config
[2.777s] -- Installing: /home/jbaghiro/testWS/install/turtlebot3_cartographer/share/turtlebot3_cartographer/config/turtlebot3_lds_2d.lua
[2.778s] -- Installing: /home/jbaghiro/testWS/install/turtlebot3_cartographer/share/turtlebot3_cartographer/launch
[2.778s] -- Installing: /home/jbaghiro/testWS/install/turtlebot3_cartographer/share/turtlebot3_cartographer/launch/occupancy_grid.launch.py
[2.779s] -- Installing: /home/jbaghiro/testWS/install/turtlebot3_cartographer/share/turtlebot3_cartographer/launch/cartographer.launch.py
[2.781s] -- Installing: /home/jbaghiro/testWS/install/turtlebot3_cartographer/share/turtlebot3_cartographer/rviz
[2.781s] -- Installing: /home/jbaghiro/testWS/install/turtlebot3_cartographer/share/turtlebot3_cartographer/rviz/tb3_cartographer.rviz
[2.784s] -- Installing: /home/jbaghiro/testWS/install/turtlebot3_cartographer/share/ament_index/resource_index/package_run_dependencies/turtlebot3_cartographer
[2.785s] -- Installing: /home/jbaghiro/testWS/install/turtlebot3_cartographer/share/ament_index/resource_index/parent_prefix_path/turtlebot3_cartographer
[2.786s] -- Installing: /home/jbaghiro/testWS/install/turtlebot3_cartographer/share/turtlebot3_cartographer/environment/ament_prefix_path.sh
[2.787s] -- Installing: /home/jbaghiro/testWS/install/turtlebot3_cartographer/share/turtlebot3_cartographer/environment/ament_prefix_path.dsv
[2.787s] -- Installing: /home/jbaghiro/testWS/install/turtlebot3_cartographer/share/turtlebot3_cartographer/environment/path.sh
[2.788s] -- Installing: /home/jbaghiro/testWS/install/turtlebot3_cartographer/share/turtlebot3_cartographer/environment/path.dsv
[2.788s] -- Installing: /home/jbaghiro/testWS/install/turtlebot3_cartographer/share/turtlebot3_cartographer/local_setup.bash
[2.789s] -- Installing: /home/jbaghiro/testWS/install/turtlebot3_cartographer/share/turtlebot3_cartographer/local_setup.sh
[2.789s] -- Installing: /home/jbaghiro/testWS/install/turtlebot3_cartographer/share/turtlebot3_cartographer/local_setup.zsh
[2.790s] -- Installing: /home/jbaghiro/testWS/install/turtlebot3_cartographer/share/turtlebot3_cartographer/local_setup.dsv
[2.791s] -- Installing: /home/jbaghiro/testWS/install/turtlebot3_cartographer/share/turtlebot3_cartographer/package.dsv
[2.793s] -- Installing: /home/jbaghiro/testWS/install/turtlebot3_cartographer/share/ament_index/resource_index/packages/turtlebot3_cartographer
[2.796s] -- Installing: /home/jbaghiro/testWS/install/turtlebot3_cartographer/share/turtlebot3_cartographer/cmake/turtlebot3_cartographerConfig.cmake
[2.796s] -- Installing: /home/jbaghiro/testWS/install/turtlebot3_cartographer/share/turtlebot3_cartographer/cmake/turtlebot3_cartographerConfig-version.cmake
[2.796s] -- Installing: /home/jbaghiro/testWS/install/turtlebot3_cartographer/share/turtlebot3_cartographer/package.xml
[2.809s] Invoked command in '/home/jbaghiro/testWS/build/turtlebot3_cartographer' returned '0': CMAKE_PREFIX_PATH=/opt/ros/humble /usr/bin/cmake --install /home/jbaghiro/testWS/build/turtlebot3_cartographer
