running egg_info
writing ../../build/braitenberg_tb3/braitenberg_tb3.egg-info/PKG-INFO
writing dependency_links to ../../build/braitenberg_tb3/braitenberg_tb3.egg-info/dependency_links.txt
writing entry points to ../../build/braitenberg_tb3/braitenberg_tb3.egg-info/entry_points.txt
writing requirements to ../../build/braitenberg_tb3/braitenberg_tb3.egg-info/requires.txt
writing top-level names to ../../build/braitenberg_tb3/braitenberg_tb3.egg-info/top_level.txt
reading manifest file '../../build/braitenberg_tb3/braitenberg_tb3.egg-info/SOURCES.txt'
writing manifest file '../../build/braitenberg_tb3/braitenberg_tb3.egg-info/SOURCES.txt'
running build
running build_py
copying braitenberg_tb3/braitenberg_node.py -> /home/jbaghiro/testWS/build/braitenberg_tb3/build/lib/braitenberg_tb3
running install
running install_lib
copying /home/jbaghiro/testWS/build/braitenberg_tb3/build/lib/braitenberg_tb3/braitenberg_node.py -> /home/jbaghiro/testWS/install/braitenberg_tb3/lib/python3.10/site-packages/braitenberg_tb3
byte-compiling /home/jbaghiro/testWS/install/braitenberg_tb3/lib/python3.10/site-packages/braitenberg_tb3/braitenberg_node.py to braitenberg_node.cpython-310.pyc
running install_data
running install_egg_info
removing '/home/jbaghiro/testWS/install/braitenberg_tb3/lib/python3.10/site-packages/braitenberg_tb3-0.0.0-py3.10.egg-info' (and everything under it)
Copying ../../build/braitenberg_tb3/braitenberg_tb3.egg-info to /home/jbaghiro/testWS/install/braitenberg_tb3/lib/python3.10/site-packages/braitenberg_tb3-0.0.0-py3.10.egg-info
running install_scripts
Installing braitenberg_node script to /home/jbaghiro/testWS/install/braitenberg_tb3/lib/braitenberg_tb3
writing list of installed files to '/home/jbaghiro/testWS/build/braitenberg_tb3/install.log'
