[0.160s] Invoking command in '/home/jbaghiro/testWS/build/turtlebot3_cartographer': CMAKE_PREFIX_PATH=${CMAKE_PREFIX_PATH}:/home/jbaghiro/testWS/install/braitenberg_tb3:/home/jbaghiro/testWS/install/turtlebot3_teleop:/home/jbaghiro/testWS/install/turtlebot3_example:/opt/ros/humble /usr/bin/cmake --build /home/jbaghiro/testWS/build/turtlebot3_cartographer -- -j16 -l16
[1.281s] Invoked command in '/home/jbaghiro/testWS/build/turtlebot3_cartographer' returned '0': CMAKE_PREFIX_PATH=${CMAKE_PREFIX_PATH}:/home/jbaghiro/testWS/install/braitenberg_tb3:/home/jbaghiro/testWS/install/turtlebot3_teleop:/home/jbaghiro/testWS/install/turtlebot3_example:/opt/ros/humble /usr/bin/cmake --build /home/jbaghiro/testWS/build/turtlebot3_cartographer -- -j16 -l16
[1.284s] Invoking command in '/home/jbaghiro/testWS/build/turtlebot3_cartographer': CMAKE_PREFIX_PATH=${CMAKE_PREFIX_PATH}:/home/jbaghiro/testWS/install/braitenberg_tb3:/home/jbaghiro/testWS/install/turtlebot3_teleop:/home/jbaghiro/testWS/install/turtlebot3_example:/opt/ros/humble /usr/bin/cmake --install /home/jbaghiro/testWS/build/turtlebot3_cartographer
[1.338s] -- Install configuration: ""
[1.339s] -- Up-to-date: /home/jbaghiro/testWS/install/turtlebot3_cartographer/share/turtlebot3_cartographer/config
[1.339s] -- Up-to-date: /home/jbaghiro/testWS/install/turtlebot3_cartographer/share/turtlebot3_cartographer/config/turtlebot3_lds_2d.lua
[1.339s] -- Up-to-date: /home/jbaghiro/testWS/install/turtlebot3_cartographer/share/turtlebot3_cartographer/launch
[1.339s] -- Up-to-date: /home/jbaghiro/testWS/install/turtlebot3_cartographer/share/turtlebot3_cartographer/launch/occupancy_grid.launch.py
[1.340s] -- Up-to-date: /home/jbaghiro/testWS/install/turtlebot3_cartographer/share/turtlebot3_cartographer/launch/cartographer.launch.py
[1.340s] -- Up-to-date: /home/jbaghiro/testWS/install/turtlebot3_cartographer/share/turtlebot3_cartographer/rviz
[1.340s] -- Up-to-date: /home/jbaghiro/testWS/install/turtlebot3_cartographer/share/turtlebot3_cartographer/rviz/tb3_cartographer.rviz
[1.341s] -- Up-to-date: /home/jbaghiro/testWS/install/turtlebot3_cartographer/share/ament_index/resource_index/package_run_dependencies/turtlebot3_cartographer
[1.341s] -- Up-to-date: /home/jbaghiro/testWS/install/turtlebot3_cartographer/share/ament_index/resource_index/parent_prefix_path/turtlebot3_cartographer
[1.341s] -- Up-to-date: /home/jbaghiro/testWS/install/turtlebot3_cartographer/share/turtlebot3_cartographer/environment/ament_prefix_path.sh
[1.341s] -- Up-to-date: /home/jbaghiro/testWS/install/turtlebot3_cartographer/share/turtlebot3_cartographer/environment/ament_prefix_path.dsv
[1.342s] -- Up-to-date: /home/jbaghiro/testWS/install/turtlebot3_cartographer/share/turtlebot3_cartographer/environment/path.sh
[1.343s] -- Up-to-date: /home/jbaghiro/testWS/install/turtlebot3_cartographer/share/turtlebot3_cartographer/environment/path.dsv
[1.343s] -- Up-to-date: /home/jbaghiro/testWS/install/turtlebot3_cartographer/share/turtlebot3_cartographer/local_setup.bash
[1.343s] -- Up-to-date: /home/jbaghiro/testWS/install/turtlebot3_cartographer/share/turtlebot3_cartographer/local_setup.sh
[1.343s] -- Up-to-date: /home/jbaghiro/testWS/install/turtlebot3_cartographer/share/turtlebot3_cartographer/local_setup.zsh
[1.344s] -- Up-to-date: /home/jbaghiro/testWS/install/turtlebot3_cartographer/share/turtlebot3_cartographer/local_setup.dsv
[1.344s] -- Installing: /home/jbaghiro/testWS/install/turtlebot3_cartographer/share/turtlebot3_cartographer/package.dsv
[1.344s] -- Up-to-date: /home/jbaghiro/testWS/install/turtlebot3_cartographer/share/ament_index/resource_index/packages/turtlebot3_cartographer
[1.344s] -- Up-to-date: /home/jbaghiro/testWS/install/turtlebot3_cartographer/share/turtlebot3_cartographer/cmake/turtlebot3_cartographerConfig.cmake
[1.345s] -- Up-to-date: /home/jbaghiro/testWS/install/turtlebot3_cartographer/share/turtlebot3_cartographer/cmake/turtlebot3_cartographerConfig-version.cmake
[1.345s] -- Up-to-date: /home/jbaghiro/testWS/install/turtlebot3_cartographer/share/turtlebot3_cartographer/package.xml
[1.592s] Invoked command in '/home/jbaghiro/testWS/build/turtlebot3_cartographer' returned '0': CMAKE_PREFIX_PATH=${CMAKE_PREFIX_PATH}:/home/jbaghiro/testWS/install/braitenberg_tb3:/home/jbaghiro/testWS/install/turtlebot3_teleop:/home/jbaghiro/testWS/install/turtlebot3_example:/opt/ros/humble /usr/bin/cmake --install /home/jbaghiro/testWS/build/turtlebot3_cartographer
