[1.517s] Invoking command in '/home/jbaghiro/testWS/src/turtlebot3/turtlebot3/turtlebot3_example': CMAKE_PREFIX_PATH=/home/jbaghiro/testWS/install/turtlebot3_msgs:/home/jbaghiro/testWS/install/turtlebot3:/home/jbaghiro/testWS/install/turtlebot3_simulations:/home/jbaghiro/testWS/install/turtlebot3_bringup:/home/jbaghiro/testWS/install/turtlebot3_node:/home/jbaghiro/testWS/install/turtlebot3_navigation2:/home/jbaghiro/testWS/install/turtlebot3_fake_node:/home/jbaghiro/testWS/install/turtlebot3_manipulation_gazebo:/home/jbaghiro/testWS/install/turtlebot3_gazebo:/home/jbaghiro/testWS/install/turtlebot3_description:/home/jbaghiro/testWS/install/turtlebot3_cartographer:/home/jbaghiro/testWS/install/ld08_driver:/home/jbaghiro/testWS/install/hls_lfcd_lds_driver:/home/jbaghiro/testWS/install/dynamixel_sdk_examples:/home/jbaghiro/testWS/install/dynamixel_sdk_custom_interfaces:/home/jbaghiro/testWS/install/dynamixel_sdk LD_LIBRARY_PATH=/home/jbaghiro/testWS/install/turtlebot3_msgs/lib:/home/jbaghiro/testWS/install/dynamixel_sdk_custom_interfaces/lib:/home/jbaghiro/testWS/install/dynamixel_sdk/lib:/usr/lib/x86_64-linux-gnu/gazebo-11/plugins:/opt/ros/humble/opt/rviz_ogre_vendor/lib:/opt/ros/humble/lib/x86_64-linux-gnu:/opt/ros/humble/lib:/usr/lib/x86_64-linux-gnu/gazebo-11/plugins:/usr/lib/x86_64-linux-gnu/gazebo-11/plugins:/usr/lib/x86_64-linux-gnu/gazebo-11/plugins:/opt/ros/humble/lib:/usr/lib/x86_64-linux-gnu/gazebo-11/plugins:/opt/ros/humble/lib:/usr/lib/x86_64-linux-gnu/gazebo-11/plugins:/usr/lib/x86_64-linux-gnu/gazebo-11/plugins:/opt/ros/humble/lib PYTHONPATH=/home/jbaghiro/testWS/build/turtlebot3_example/prefix_override:/usr/lib/python3/dist-packages/colcon_core/task/python/colcon_distutils_commands:/home/jbaghiro/testWS/install/turtlebot3_example/lib/python3.10/site-packages:${PYTHONPATH} /usr/bin/python3 -W ignore:setup.py install is deprecated -W ignore:easy_install command is deprecated setup.py egg_info --egg-base ../../../../build/turtlebot3_example build --build-base /home/jbaghiro/testWS/build/turtlebot3_example/build install --record /home/jbaghiro/testWS/build/turtlebot3_example/install.log --single-version-externally-managed install_data
[1.819s] running egg_info
[1.819s] writing ../../../../build/turtlebot3_example/turtlebot3_example.egg-info/PKG-INFO
[1.820s] writing dependency_links to ../../../../build/turtlebot3_example/turtlebot3_example.egg-info/dependency_links.txt
[1.820s] writing entry points to ../../../../build/turtlebot3_example/turtlebot3_example.egg-info/entry_points.txt
[1.820s] writing requirements to ../../../../build/turtlebot3_example/turtlebot3_example.egg-info/requires.txt
[1.820s] writing top-level names to ../../../../build/turtlebot3_example/turtlebot3_example.egg-info/top_level.txt
[1.823s] reading manifest file '../../../../build/turtlebot3_example/turtlebot3_example.egg-info/SOURCES.txt'
[1.823s] writing manifest file '../../../../build/turtlebot3_example/turtlebot3_example.egg-info/SOURCES.txt'
[1.824s] running build
[1.824s] running build_py
[1.825s] running install
[1.825s] running install_lib
[1.827s] running install_data
[1.828s] running install_egg_info
[1.830s] removing '/home/jbaghiro/testWS/install/turtlebot3_example/lib/python3.10/site-packages/turtlebot3_example-2.3.3-py3.10.egg-info' (and everything under it)
[1.830s] Copying ../../../../build/turtlebot3_example/turtlebot3_example.egg-info to /home/jbaghiro/testWS/install/turtlebot3_example/lib/python3.10/site-packages/turtlebot3_example-2.3.3-py3.10.egg-info
[1.834s] running install_scripts
[1.861s] Installing turtlebot3_absolute_move script to /home/jbaghiro/testWS/install/turtlebot3_example/lib/turtlebot3_example
[1.861s] Installing turtlebot3_interactive_marker script to /home/jbaghiro/testWS/install/turtlebot3_example/lib/turtlebot3_example
[1.861s] Installing turtlebot3_obstacle_detection script to /home/jbaghiro/testWS/install/turtlebot3_example/lib/turtlebot3_example
[1.861s] Installing turtlebot3_patrol_client script to /home/jbaghiro/testWS/install/turtlebot3_example/lib/turtlebot3_example
[1.862s] Installing turtlebot3_patrol_server script to /home/jbaghiro/testWS/install/turtlebot3_example/lib/turtlebot3_example
[1.862s] Installing turtlebot3_relative_move script to /home/jbaghiro/testWS/install/turtlebot3_example/lib/turtlebot3_example
[1.862s] writing list of installed files to '/home/jbaghiro/testWS/build/turtlebot3_example/install.log'
[1.901s] Invoked command in '/home/jbaghiro/testWS/src/turtlebot3/turtlebot3/turtlebot3_example' returned '0': CMAKE_PREFIX_PATH=/home/jbaghiro/testWS/install/turtlebot3_msgs:/home/jbaghiro/testWS/install/turtlebot3:/home/jbaghiro/testWS/install/turtlebot3_simulations:/home/jbaghiro/testWS/install/turtlebot3_bringup:/home/jbaghiro/testWS/install/turtlebot3_node:/home/jbaghiro/testWS/install/turtlebot3_navigation2:/home/jbaghiro/testWS/install/turtlebot3_fake_node:/home/jbaghiro/testWS/install/turtlebot3_manipulation_gazebo:/home/jbaghiro/testWS/install/turtlebot3_gazebo:/home/jbaghiro/testWS/install/turtlebot3_description:/home/jbaghiro/testWS/install/turtlebot3_cartographer:/home/jbaghiro/testWS/install/ld08_driver:/home/jbaghiro/testWS/install/hls_lfcd_lds_driver:/home/jbaghiro/testWS/install/dynamixel_sdk_examples:/home/jbaghiro/testWS/install/dynamixel_sdk_custom_interfaces:/home/jbaghiro/testWS/install/dynamixel_sdk LD_LIBRARY_PATH=/home/jbaghiro/testWS/install/turtlebot3_msgs/lib:/home/jbaghiro/testWS/install/dynamixel_sdk_custom_interfaces/lib:/home/jbaghiro/testWS/install/dynamixel_sdk/lib:/usr/lib/x86_64-linux-gnu/gazebo-11/plugins:/opt/ros/humble/opt/rviz_ogre_vendor/lib:/opt/ros/humble/lib/x86_64-linux-gnu:/opt/ros/humble/lib:/usr/lib/x86_64-linux-gnu/gazebo-11/plugins:/usr/lib/x86_64-linux-gnu/gazebo-11/plugins:/usr/lib/x86_64-linux-gnu/gazebo-11/plugins:/opt/ros/humble/lib:/usr/lib/x86_64-linux-gnu/gazebo-11/plugins:/opt/ros/humble/lib:/usr/lib/x86_64-linux-gnu/gazebo-11/plugins:/usr/lib/x86_64-linux-gnu/gazebo-11/plugins:/opt/ros/humble/lib PYTHONPATH=/home/jbaghiro/testWS/build/turtlebot3_example/prefix_override:/usr/lib/python3/dist-packages/colcon_core/task/python/colcon_distutils_commands:/home/jbaghiro/testWS/install/turtlebot3_example/lib/python3.10/site-packages:${PYTHONPATH} /usr/bin/python3 -W ignore:setup.py install is deprecated -W ignore:easy_install command is deprecated setup.py egg_info --egg-base ../../../../build/turtlebot3_example build --build-base /home/jbaghiro/testWS/build/turtlebot3_example/build install --record /home/jbaghiro/testWS/build/turtlebot3_example/install.log --single-version-externally-managed install_data
