[0.802s] Invoking command in '/home/jbaghiro/testWS/build/turtlebot3_node': AMENT_PREFIX_PATH=/home/jbaghiro/testWS/install/turtlebot3_msgs:/home/jbaghiro/testWS/install/dynamixel_sdk:${AMENT_PREFIX_PATH} CMAKE_PREFIX_PATH=/home/jbaghiro/testWS/install/turtlebot3_msgs:/home/jbaghiro/testWS/install/dynamixel_sdk:/opt/ros/humble LD_LIBRARY_PATH=/home/jbaghiro/testWS/install/turtlebot3_msgs/lib:/home/jbaghiro/testWS/install/dynamixel_sdk/lib:/usr/lib/x86_64-linux-gnu/gazebo-11/plugins:/opt/ros/humble/opt/rviz_ogre_vendor/lib:/opt/ros/humble/lib/x86_64-linux-gnu:/opt/ros/humble/lib:/usr/lib/x86_64-linux-gnu/gazebo-11/plugins:/usr/lib/x86_64-linux-gnu/gazebo-11/plugins:/usr/lib/x86_64-linux-gnu/gazebo-11/plugins PYTHONPATH=/home/jbaghiro/testWS/install/turtlebot3_msgs/local/lib/python3.10/dist-packages:/home/jbaghiro/testWS/install/dynamixel_sdk/local/lib/python3.10/dist-packages:${PYTHONPATH} /usr/bin/cmake /home/jbaghiro/testWS/src/turtlebot3/turtlebot3/turtlebot3_node -DCMAKE_INSTALL_PREFIX=/home/jbaghiro/testWS/install/turtlebot3_node
[1.015s] -- The C compiler identification is GNU 11.4.0
[1.640s] -- The CXX compiler identification is GNU 11.4.0
[2.053s] -- Detecting C compiler ABI info
[2.299s] -- Detecting C compiler ABI info - done
[2.314s] -- Check for working C compiler: /usr/bin/cc - skipped
[2.314s] -- Detecting C compile features
[2.316s] -- Detecting C compile features - done
[2.324s] -- Detecting CXX compiler ABI info
[2.626s] -- Detecting CXX compiler ABI info - done
[2.647s] -- Check for working CXX compiler: /usr/bin/c++ - skipped
[2.647s] -- Detecting CXX compile features
[2.648s] -- Detecting CXX compile features - done
[2.658s] -- Found ament_cmake: 1.3.12 (/opt/ros/humble/share/ament_cmake/cmake)
[2.976s] -- Found Python3: /usr/bin/python3 (found version "3.10.12") found components: Interpreter 
[3.186s] -- Found dynamixel_sdk: 3.8.4 (/home/jbaghiro/testWS/install/dynamixel_sdk/share/dynamixel_sdk/cmake)
[3.193s] -- Found geometry_msgs: 4.9.0 (/opt/ros/humble/share/geometry_msgs/cmake)
[3.481s] -- Found rosidl_generator_c: 3.1.7 (/opt/ros/humble/share/rosidl_generator_c/cmake)
[3.494s] -- Found rosidl_adapter: 3.1.7 (/opt/ros/humble/share/rosidl_adapter/cmake)
[3.513s] -- Found rosidl_generator_cpp: 3.1.7 (/opt/ros/humble/share/rosidl_generator_cpp/cmake)
[3.541s] -- Using all available rosidl_typesupport_c: rosidl_typesupport_fastrtps_c;rosidl_typesupport_introspection_c
[3.577s] -- Using all available rosidl_typesupport_cpp: rosidl_typesupport_fastrtps_cpp;rosidl_typesupport_introspection_cpp
[3.659s] -- Found message_filters: 4.3.8 (/opt/ros/humble/share/message_filters/cmake)
[3.758s] -- Found rmw_implementation_cmake: 6.1.2 (/opt/ros/humble/share/rmw_implementation_cmake/cmake)
[3.764s] -- Found rmw_fastrtps_cpp: 6.2.8 (/opt/ros/humble/share/rmw_fastrtps_cpp/cmake)
[5.672s] -- Found OpenSSL: /usr/lib/x86_64-linux-gnu/libcrypto.so (found version "3.0.2")  
[7.339s] -- Found FastRTPS: /opt/ros/humble/include  
[10.255s] -- Using RMW implementation 'rmw_fastrtps_cpp' as default
[10.269s] -- Looking for pthread.h
[10.467s] -- Looking for pthread.h - found
[10.468s] -- Performing Test CMAKE_HAVE_LIBC_PTHREAD
[10.665s] -- Performing Test CMAKE_HAVE_LIBC_PTHREAD - Success
[10.667s] -- Found Threads: TRUE  
[10.713s] -- Found nav_msgs: 4.9.0 (/opt/ros/humble/share/nav_msgs/cmake)
[10.735s] -- Found sensor_msgs: 4.9.0 (/opt/ros/humble/share/sensor_msgs/cmake)
[10.758s] -- Found std_srvs: 4.9.0 (/opt/ros/humble/share/std_srvs/cmake)
[10.776s] -- Found tf2: 0.25.16 (/opt/ros/humble/share/tf2/cmake)
[10.790s] -- Found tf2_ros: 0.25.16 (/opt/ros/humble/share/tf2_ros/cmake)
[10.905s] -- Found turtlebot3_msgs: 2.4.0 (/home/jbaghiro/testWS/install/turtlebot3_msgs/share/turtlebot3_msgs/cmake)
[11.028s] -- Configuring done
[11.065s] -- Generating done
[11.074s] -- Build files have been written to: /home/jbaghiro/testWS/build/turtlebot3_node
[11.099s] Invoked command in '/home/jbaghiro/testWS/build/turtlebot3_node' returned '0': AMENT_PREFIX_PATH=/home/jbaghiro/testWS/install/turtlebot3_msgs:/home/jbaghiro/testWS/install/dynamixel_sdk:${AMENT_PREFIX_PATH} CMAKE_PREFIX_PATH=/home/jbaghiro/testWS/install/turtlebot3_msgs:/home/jbaghiro/testWS/install/dynamixel_sdk:/opt/ros/humble LD_LIBRARY_PATH=/home/jbaghiro/testWS/install/turtlebot3_msgs/lib:/home/jbaghiro/testWS/install/dynamixel_sdk/lib:/usr/lib/x86_64-linux-gnu/gazebo-11/plugins:/opt/ros/humble/opt/rviz_ogre_vendor/lib:/opt/ros/humble/lib/x86_64-linux-gnu:/opt/ros/humble/lib:/usr/lib/x86_64-linux-gnu/gazebo-11/plugins:/usr/lib/x86_64-linux-gnu/gazebo-11/plugins:/usr/lib/x86_64-linux-gnu/gazebo-11/plugins PYTHONPATH=/home/jbaghiro/testWS/install/turtlebot3_msgs/local/lib/python3.10/dist-packages:/home/jbaghiro/testWS/install/dynamixel_sdk/local/lib/python3.10/dist-packages:${PYTHONPATH} /usr/bin/cmake /home/jbaghiro/testWS/src/turtlebot3/turtlebot3/turtlebot3_node -DCMAKE_INSTALL_PREFIX=/home/jbaghiro/testWS/install/turtlebot3_node
[11.101s] Invoking command in '/home/jbaghiro/testWS/build/turtlebot3_node': AMENT_PREFIX_PATH=/home/jbaghiro/testWS/install/turtlebot3_msgs:/home/jbaghiro/testWS/install/dynamixel_sdk:${AMENT_PREFIX_PATH} CMAKE_PREFIX_PATH=/home/jbaghiro/testWS/install/turtlebot3_msgs:/home/jbaghiro/testWS/install/dynamixel_sdk:/opt/ros/humble LD_LIBRARY_PATH=/home/jbaghiro/testWS/install/turtlebot3_msgs/lib:/home/jbaghiro/testWS/install/dynamixel_sdk/lib:/usr/lib/x86_64-linux-gnu/gazebo-11/plugins:/opt/ros/humble/opt/rviz_ogre_vendor/lib:/opt/ros/humble/lib/x86_64-linux-gnu:/opt/ros/humble/lib:/usr/lib/x86_64-linux-gnu/gazebo-11/plugins:/usr/lib/x86_64-linux-gnu/gazebo-11/plugins:/usr/lib/x86_64-linux-gnu/gazebo-11/plugins PYTHONPATH=/home/jbaghiro/testWS/install/turtlebot3_msgs/local/lib/python3.10/dist-packages:/home/jbaghiro/testWS/install/dynamixel_sdk/local/lib/python3.10/dist-packages:${PYTHONPATH} /usr/bin/cmake --build /home/jbaghiro/testWS/build/turtlebot3_node -- -j16 -l16
[11.194s] [ 21%] [32mBuilding CXX object CMakeFiles/turtlebot3_node_lib.dir/src/devices/sound.cpp.o[0m
[11.194s] [ 21%] [32mBuilding CXX object CMakeFiles/turtlebot3_node_lib.dir/src/devices/motor_power.cpp.o[0m
[11.194s] [ 21%] [32mBuilding CXX object CMakeFiles/turtlebot3_node_lib.dir/src/devices/reset.cpp.o[0m
[11.195s] [ 28%] [32mBuilding CXX object CMakeFiles/turtlebot3_node_lib.dir/src/dynamixel_sdk_wrapper.cpp.o[0m
[11.196s] [ 35%] [32mBuilding CXX object CMakeFiles/turtlebot3_node_lib.dir/src/diff_drive_controller.cpp.o[0m
[11.196s] [ 42%] [32mBuilding CXX object CMakeFiles/turtlebot3_node_lib.dir/src/turtlebot3.cpp.o[0m
[11.196s] [ 64%] [32mBuilding CXX object CMakeFiles/turtlebot3_node_lib.dir/src/sensors/joint_state.cpp.o[0m
[11.196s] [ 64%] [32mBuilding CXX object CMakeFiles/turtlebot3_node_lib.dir/src/sensors/battery_state.cpp.o[0m
[11.196s] [ 64%] [32mBuilding CXX object CMakeFiles/turtlebot3_node_lib.dir/src/sensors/imu.cpp.o[0m
[11.197s] [ 71%] [32mBuilding CXX object CMakeFiles/turtlebot3_node_lib.dir/src/odometry.cpp.o[0m
[11.205s] [ 78%] [32mBuilding CXX object CMakeFiles/turtlebot3_node_lib.dir/src/sensors/sensor_state.cpp.o[0m
[31.715s] [ 85%] [32m[1mLinking CXX static library libturtlebot3_node_lib.a[0m
[32.518s] [ 85%] Built target turtlebot3_node_lib
[32.545s] [ 92%] [32mBuilding CXX object CMakeFiles/turtlebot3_ros.dir/src/node_main.cpp.o[0m
[36.513s] [100%] [32m[1mLinking CXX executable turtlebot3_ros[0m
[39.463s] [100%] Built target turtlebot3_ros
[39.485s] Invoked command in '/home/jbaghiro/testWS/build/turtlebot3_node' returned '0': AMENT_PREFIX_PATH=/home/jbaghiro/testWS/install/turtlebot3_msgs:/home/jbaghiro/testWS/install/dynamixel_sdk:${AMENT_PREFIX_PATH} CMAKE_PREFIX_PATH=/home/jbaghiro/testWS/install/turtlebot3_msgs:/home/jbaghiro/testWS/install/dynamixel_sdk:/opt/ros/humble LD_LIBRARY_PATH=/home/jbaghiro/testWS/install/turtlebot3_msgs/lib:/home/jbaghiro/testWS/install/dynamixel_sdk/lib:/usr/lib/x86_64-linux-gnu/gazebo-11/plugins:/opt/ros/humble/opt/rviz_ogre_vendor/lib:/opt/ros/humble/lib/x86_64-linux-gnu:/opt/ros/humble/lib:/usr/lib/x86_64-linux-gnu/gazebo-11/plugins:/usr/lib/x86_64-linux-gnu/gazebo-11/plugins:/usr/lib/x86_64-linux-gnu/gazebo-11/plugins PYTHONPATH=/home/jbaghiro/testWS/install/turtlebot3_msgs/local/lib/python3.10/dist-packages:/home/jbaghiro/testWS/install/dynamixel_sdk/local/lib/python3.10/dist-packages:${PYTHONPATH} /usr/bin/cmake --build /home/jbaghiro/testWS/build/turtlebot3_node -- -j16 -l16
[39.487s] Invoking command in '/home/jbaghiro/testWS/build/turtlebot3_node': AMENT_PREFIX_PATH=/home/jbaghiro/testWS/install/turtlebot3_msgs:/home/jbaghiro/testWS/install/dynamixel_sdk:${AMENT_PREFIX_PATH} CMAKE_PREFIX_PATH=/home/jbaghiro/testWS/install/turtlebot3_msgs:/home/jbaghiro/testWS/install/dynamixel_sdk:/opt/ros/humble LD_LIBRARY_PATH=/home/jbaghiro/testWS/install/turtlebot3_msgs/lib:/home/jbaghiro/testWS/install/dynamixel_sdk/lib:/usr/lib/x86_64-linux-gnu/gazebo-11/plugins:/opt/ros/humble/opt/rviz_ogre_vendor/lib:/opt/ros/humble/lib/x86_64-linux-gnu:/opt/ros/humble/lib:/usr/lib/x86_64-linux-gnu/gazebo-11/plugins:/usr/lib/x86_64-linux-gnu/gazebo-11/plugins:/usr/lib/x86_64-linux-gnu/gazebo-11/plugins PYTHONPATH=/home/jbaghiro/testWS/install/turtlebot3_msgs/local/lib/python3.10/dist-packages:/home/jbaghiro/testWS/install/dynamixel_sdk/local/lib/python3.10/dist-packages:${PYTHONPATH} /usr/bin/cmake --install /home/jbaghiro/testWS/build/turtlebot3_node
[39.499s] -- Install configuration: ""
[39.499s] -- Installing: /home/jbaghiro/testWS/install/turtlebot3_node/share/turtlebot3_node/param
[39.501s] -- Installing: /home/jbaghiro/testWS/install/turtlebot3_node/share/turtlebot3_node/param/waffle.yaml
[39.501s] -- Installing: /home/jbaghiro/testWS/install/turtlebot3_node/share/turtlebot3_node/param/waffle_pi.yaml
[39.502s] -- Installing: /home/jbaghiro/testWS/install/turtlebot3_node/share/turtlebot3_node/param/burger.yaml
[39.503s] -- Installing: /home/jbaghiro/testWS/install/turtlebot3_node/lib/turtlebot3_node/turtlebot3_ros
[39.534s] -- Set runtime path of "/home/jbaghiro/testWS/install/turtlebot3_node/lib/turtlebot3_node/turtlebot3_ros" to ""
[39.537s] -- Installing: /home/jbaghiro/testWS/install/turtlebot3_node/share/ament_index/resource_index/package_run_dependencies/turtlebot3_node
[39.539s] -- Installing: /home/jbaghiro/testWS/install/turtlebot3_node/share/ament_index/resource_index/parent_prefix_path/turtlebot3_node
[39.540s] -- Installing: /home/jbaghiro/testWS/install/turtlebot3_node/share/turtlebot3_node/environment/ament_prefix_path.sh
[39.540s] -- Installing: /home/jbaghiro/testWS/install/turtlebot3_node/share/turtlebot3_node/environment/ament_prefix_path.dsv
[39.541s] -- Installing: /home/jbaghiro/testWS/install/turtlebot3_node/share/turtlebot3_node/environment/path.sh
[39.541s] -- Installing: /home/jbaghiro/testWS/install/turtlebot3_node/share/turtlebot3_node/environment/path.dsv
[39.541s] -- Installing: /home/jbaghiro/testWS/install/turtlebot3_node/share/turtlebot3_node/local_setup.bash
[39.542s] -- Installing: /home/jbaghiro/testWS/install/turtlebot3_node/share/turtlebot3_node/local_setup.sh
[39.542s] -- Installing: /home/jbaghiro/testWS/install/turtlebot3_node/share/turtlebot3_node/local_setup.zsh
[39.542s] -- Installing: /home/jbaghiro/testWS/install/turtlebot3_node/share/turtlebot3_node/local_setup.dsv
[39.543s] -- Installing: /home/jbaghiro/testWS/install/turtlebot3_node/share/turtlebot3_node/package.dsv
[39.545s] -- Installing: /home/jbaghiro/testWS/install/turtlebot3_node/share/ament_index/resource_index/packages/turtlebot3_node
[39.546s] -- Installing: /home/jbaghiro/testWS/install/turtlebot3_node/share/turtlebot3_node/cmake/ament_cmake_export_dependencies-extras.cmake
[39.547s] -- Installing: /home/jbaghiro/testWS/install/turtlebot3_node/share/turtlebot3_node/cmake/ament_cmake_export_include_directories-extras.cmake
[39.547s] -- Installing: /home/jbaghiro/testWS/install/turtlebot3_node/share/turtlebot3_node/cmake/turtlebot3_nodeConfig.cmake
[39.547s] -- Installing: /home/jbaghiro/testWS/install/turtlebot3_node/share/turtlebot3_node/cmake/turtlebot3_nodeConfig-version.cmake
[39.548s] -- Installing: /home/jbaghiro/testWS/install/turtlebot3_node/share/turtlebot3_node/package.xml
[39.553s] Invoked command in '/home/jbaghiro/testWS/build/turtlebot3_node' returned '0': AMENT_PREFIX_PATH=/home/jbaghiro/testWS/install/turtlebot3_msgs:/home/jbaghiro/testWS/install/dynamixel_sdk:${AMENT_PREFIX_PATH} CMAKE_PREFIX_PATH=/home/jbaghiro/testWS/install/turtlebot3_msgs:/home/jbaghiro/testWS/install/dynamixel_sdk:/opt/ros/humble LD_LIBRARY_PATH=/home/jbaghiro/testWS/install/turtlebot3_msgs/lib:/home/jbaghiro/testWS/install/dynamixel_sdk/lib:/usr/lib/x86_64-linux-gnu/gazebo-11/plugins:/opt/ros/humble/opt/rviz_ogre_vendor/lib:/opt/ros/humble/lib/x86_64-linux-gnu:/opt/ros/humble/lib:/usr/lib/x86_64-linux-gnu/gazebo-11/plugins:/usr/lib/x86_64-linux-gnu/gazebo-11/plugins:/usr/lib/x86_64-linux-gnu/gazebo-11/plugins PYTHONPATH=/home/jbaghiro/testWS/install/turtlebot3_msgs/local/lib/python3.10/dist-packages:/home/jbaghiro/testWS/install/dynamixel_sdk/local/lib/python3.10/dist-packages:${PYTHONPATH} /usr/bin/cmake --install /home/jbaghiro/testWS/build/turtlebot3_node
