[0.082s] Invoking command in '/home/jbaghiro/testWS/build/turtlebot3_navigation2': CMAKE_PREFIX_PATH=${CMAKE_PREFIX_PATH}:/home/jbaghiro/testWS/install/turtlebot3_teleop:/home/jbaghiro/testWS/install/turtlebot3_example:/opt/ros/humble /usr/bin/cmake --build /home/jbaghiro/testWS/build/turtlebot3_navigation2 -- -j16 -l16
[0.980s] Invoked command in '/home/jbaghiro/testWS/build/turtlebot3_navigation2' returned '0': CMAKE_PREFIX_PATH=${CMAKE_PREFIX_PATH}:/home/jbaghiro/testWS/install/turtlebot3_teleop:/home/jbaghiro/testWS/install/turtlebot3_example:/opt/ros/humble /usr/bin/cmake --build /home/jbaghiro/testWS/build/turtlebot3_navigation2 -- -j16 -l16
[0.995s] Invoking command in '/home/jbaghiro/testWS/build/turtlebot3_navigation2': CMAKE_PREFIX_PATH=${CMAKE_PREFIX_PATH}:/home/jbaghiro/testWS/install/turtlebot3_teleop:/home/jbaghiro/testWS/install/turtlebot3_example:/opt/ros/humble /usr/bin/cmake --install /home/jbaghiro/testWS/build/turtlebot3_navigation2
[1.032s] -- Install configuration: ""
[1.033s] -- Up-to-date: /home/jbaghiro/testWS/install/turtlebot3_navigation2/share/turtlebot3_navigation2/launch
[1.033s] -- Up-to-date: /home/jbaghiro/testWS/install/turtlebot3_navigation2/share/turtlebot3_navigation2/launch/navigation2.launch.py
[1.035s] -- Up-to-date: /home/jbaghiro/testWS/install/turtlebot3_navigation2/share/turtlebot3_navigation2/map
[1.035s] -- Up-to-date: /home/jbaghiro/testWS/install/turtlebot3_navigation2/share/turtlebot3_navigation2/map/map.yaml
[1.035s] -- Up-to-date: /home/jbaghiro/testWS/install/turtlebot3_navigation2/share/turtlebot3_navigation2/map/map.pgm
[1.036s] -- Up-to-date: /home/jbaghiro/testWS/install/turtlebot3_navigation2/share/turtlebot3_navigation2/param
[1.036s] -- Up-to-date: /home/jbaghiro/testWS/install/turtlebot3_navigation2/share/turtlebot3_navigation2/param/waffle.yaml
[1.036s] -- Up-to-date: /home/jbaghiro/testWS/install/turtlebot3_navigation2/share/turtlebot3_navigation2/param/waffle_pi.yaml
[1.036s] -- Up-to-date: /home/jbaghiro/testWS/install/turtlebot3_navigation2/share/turtlebot3_navigation2/param/burger_cam.yaml
[1.042s] -- Up-to-date: /home/jbaghiro/testWS/install/turtlebot3_navigation2/share/turtlebot3_navigation2/param/humble
[1.043s] -- Up-to-date: /home/jbaghiro/testWS/install/turtlebot3_navigation2/share/turtlebot3_navigation2/param/humble/waffle.yaml
[1.043s] -- Up-to-date: /home/jbaghiro/testWS/install/turtlebot3_navigation2/share/turtlebot3_navigation2/param/humble/waffle_pi.yaml
[1.045s] -- Up-to-date: /home/jbaghiro/testWS/install/turtlebot3_navigation2/share/turtlebot3_navigation2/param/humble/burger_cam.yaml
[1.045s] -- Up-to-date: /home/jbaghiro/testWS/install/turtlebot3_navigation2/share/turtlebot3_navigation2/param/humble/burger.yaml
[1.045s] -- Up-to-date: /home/jbaghiro/testWS/install/turtlebot3_navigation2/share/turtlebot3_navigation2/param/burger.yaml
[1.045s] -- Up-to-date: /home/jbaghiro/testWS/install/turtlebot3_navigation2/share/turtlebot3_navigation2/rviz
[1.046s] -- Up-to-date: /home/jbaghiro/testWS/install/turtlebot3_navigation2/share/turtlebot3_navigation2/rviz/tb3_navigation2.rviz
[1.046s] -- Up-to-date: /home/jbaghiro/testWS/install/turtlebot3_navigation2/share/ament_index/resource_index/package_run_dependencies/turtlebot3_navigation2
[1.046s] -- Up-to-date: /home/jbaghiro/testWS/install/turtlebot3_navigation2/share/ament_index/resource_index/parent_prefix_path/turtlebot3_navigation2
[1.047s] -- Up-to-date: /home/jbaghiro/testWS/install/turtlebot3_navigation2/share/turtlebot3_navigation2/environment/ament_prefix_path.sh
[1.047s] -- Up-to-date: /home/jbaghiro/testWS/install/turtlebot3_navigation2/share/turtlebot3_navigation2/environment/ament_prefix_path.dsv
[1.048s] -- Up-to-date: /home/jbaghiro/testWS/install/turtlebot3_navigation2/share/turtlebot3_navigation2/environment/path.sh
[1.048s] -- Up-to-date: /home/jbaghiro/testWS/install/turtlebot3_navigation2/share/turtlebot3_navigation2/environment/path.dsv
[1.049s] -- Up-to-date: /home/jbaghiro/testWS/install/turtlebot3_navigation2/share/turtlebot3_navigation2/local_setup.bash
[1.049s] -- Up-to-date: /home/jbaghiro/testWS/install/turtlebot3_navigation2/share/turtlebot3_navigation2/local_setup.sh
[1.049s] -- Up-to-date: /home/jbaghiro/testWS/install/turtlebot3_navigation2/share/turtlebot3_navigation2/local_setup.zsh
[1.049s] -- Up-to-date: /home/jbaghiro/testWS/install/turtlebot3_navigation2/share/turtlebot3_navigation2/local_setup.dsv
[1.049s] -- Up-to-date: /home/jbaghiro/testWS/install/turtlebot3_navigation2/share/turtlebot3_navigation2/package.dsv
[1.050s] -- Up-to-date: /home/jbaghiro/testWS/install/turtlebot3_navigation2/share/ament_index/resource_index/packages/turtlebot3_navigation2
[1.050s] -- Up-to-date: /home/jbaghiro/testWS/install/turtlebot3_navigation2/share/turtlebot3_navigation2/cmake/turtlebot3_navigation2Config.cmake
[1.051s] -- Up-to-date: /home/jbaghiro/testWS/install/turtlebot3_navigation2/share/turtlebot3_navigation2/cmake/turtlebot3_navigation2Config-version.cmake
[1.051s] -- Up-to-date: /home/jbaghiro/testWS/install/turtlebot3_navigation2/share/turtlebot3_navigation2/package.xml
[1.268s] Invoked command in '/home/jbaghiro/testWS/build/turtlebot3_navigation2' returned '0': CMAKE_PREFIX_PATH=${CMAKE_PREFIX_PATH}:/home/jbaghiro/testWS/install/turtlebot3_teleop:/home/jbaghiro/testWS/install/turtlebot3_example:/opt/ros/humble /usr/bin/cmake --install /home/jbaghiro/testWS/build/turtlebot3_navigation2
